[2023-06-15 23:10:55] Namespace(n_hidden=256, lr=0.001, batch=128)
[2023-06-15 23:11:01] epoch=0, train_loss, 54.07981147095799
[2023-06-15 23:11:01] test, acc=0.0007992007992007992
[2023-06-15 23:11:01] epoch:0,test_acc=0.0007408110692950355
[2023-06-15 23:11:01] final_acc=0.0007408110692950355
[2023-06-15 23:11:03] epoch=1, train_loss, 208.35293552288994
[2023-06-15 23:11:04] test, acc=0.0001998001998001998
[2023-06-15 23:11:04] epoch:1,test_acc=0.0002146452557377043
[2023-06-15 23:11:04] final_acc=0.0007408110692950355
[2023-06-15 23:11:05] epoch=2, train_loss, 380.9274049704067
[2023-06-15 23:11:06] test, acc=0.000999000999000999
[2023-06-15 23:11:06] epoch:2,test_acc=0.0005853868099389247
[2023-06-15 23:11:06] final_acc=0.0007408110692950355
[2023-06-15 23:11:07] epoch=3, train_loss, 517.8422484961561
[2023-06-15 23:11:07] test, acc=0.015384615384615385
[2023-06-15 23:11:07] epoch:3,test_acc=0.01392460352148393
[2023-06-15 23:11:07] final_acc=0.01392460352148393
[2023-06-15 23:11:09] epoch=4, train_loss, 616.5560593285119
[2023-06-15 23:11:10] test, acc=0.0017982017982017982
[2023-06-15 23:11:10] epoch:4,test_acc=0.0031119995399597885
[2023-06-15 23:11:10] final_acc=0.01392460352148393
[2023-06-15 23:11:12] epoch=5, train_loss, 670.1875836552142
[2023-06-15 23:11:12] test, acc=0.0023976023976023976
[2023-06-15 23:11:12] epoch:5,test_acc=0.0032702288257413317
[2023-06-15 23:11:12] final_acc=0.01392460352148393
[2023-06-15 23:11:14] epoch=6, train_loss, 743.457758991863
[2023-06-15 23:11:14] test, acc=0.0015984015984015984
[2023-06-15 23:11:14] epoch:6,test_acc=0.001577592413584572
[2023-06-15 23:11:14] final_acc=0.01392460352148393
[2023-06-15 23:11:16] epoch=7, train_loss, 771.5593021868136
[2023-06-15 23:11:16] test, acc=0.007592407592407592
[2023-06-15 23:11:16] epoch:7,test_acc=0.00973738562323273
[2023-06-15 23:11:16] final_acc=0.01392460352148393
[2023-06-15 23:11:18] epoch=8, train_loss, 822.0392142103884
[2023-06-15 23:11:18] test, acc=0.000999000999000999
[2023-06-15 23:11:18] epoch:8,test_acc=0.0015237479792102227
[2023-06-15 23:11:18] final_acc=0.01392460352148393
[2023-06-15 23:11:20] epoch=9, train_loss, 806.3844871642872
[2023-06-15 23:11:20] test, acc=0.009790209790209791
[2023-06-15 23:11:20] epoch:9,test_acc=0.011596295706922223
[2023-06-15 23:11:20] final_acc=0.01392460352148393
[2023-06-15 23:11:22] epoch=10, train_loss, 830.2539419350913
[2023-06-15 23:11:22] test, acc=0.012987012987012988
[2023-06-15 23:11:22] epoch:10,test_acc=0.013575139550312634
[2023-06-15 23:11:22] final_acc=0.01392460352148393
[2023-06-15 23:11:24] epoch=11, train_loss, 851.7641919413313
[2023-06-15 23:11:25] test, acc=0.016183816183816185
[2023-06-15 23:11:25] epoch:11,test_acc=0.020816026957559
[2023-06-15 23:11:25] final_acc=0.020816026957559
[2023-06-15 23:11:27] epoch=12, train_loss, 854.0652734921001
[2023-06-15 23:11:27] test, acc=0.013986013986013986
[2023-06-15 23:11:27] epoch:12,test_acc=0.018101200631250463
[2023-06-15 23:11:27] final_acc=0.020816026957559
[2023-06-15 23:11:29] epoch=13, train_loss, 878.2609172979483
[2023-06-15 23:11:29] test, acc=0.017582417582417582
[2023-06-15 23:11:29] epoch:13,test_acc=0.01956815946275964
[2023-06-15 23:11:29] final_acc=0.020816026957559
[2023-06-15 23:11:31] epoch=14, train_loss, 895.9758298831244
[2023-06-15 23:11:31] test, acc=0.005994005994005994
[2023-06-15 23:11:31] epoch:14,test_acc=0.009332867269124823
[2023-06-15 23:11:31] final_acc=0.020816026957559
[2023-06-15 23:11:32] epoch=15, train_loss, 846.0690196466903
[2023-06-15 23:11:33] test, acc=0.01138861138861139
[2023-06-15 23:11:33] epoch:15,test_acc=0.01409057442057437
[2023-06-15 23:11:33] final_acc=0.020816026957559
[2023-06-15 23:11:34] epoch=16, train_loss, 804.148245717009
[2023-06-15 23:11:34] test, acc=0.014985014985014986
[2023-06-15 23:11:34] epoch:16,test_acc=0.017286196392071233
[2023-06-15 23:11:34] final_acc=0.020816026957559
[2023-06-15 23:11:36] epoch=17, train_loss, 815.6655834063935
[2023-06-15 23:11:36] test, acc=0.005194805194805195
[2023-06-15 23:11:36] epoch:17,test_acc=0.007434895404931782
[2023-06-15 23:11:36] final_acc=0.020816026957559
[2023-06-15 23:11:38] epoch=18, train_loss, 746.8157173132363
[2023-06-15 23:11:38] test, acc=0.015984015984015984
[2023-06-15 23:11:38] epoch:18,test_acc=0.020011476856752006
[2023-06-15 23:11:38] final_acc=0.020816026957559
[2023-06-15 23:11:40] epoch=19, train_loss, 773.4373204045403
[2023-06-15 23:11:40] test, acc=0.006993006993006993
[2023-06-15 23:11:40] epoch:19,test_acc=0.009503501511014947
[2023-06-15 23:11:40] final_acc=0.020816026957559
[2023-06-15 23:11:42] epoch=20, train_loss, 647.730723810653
[2023-06-15 23:11:42] test, acc=0.011788211788211789
[2023-06-15 23:11:42] epoch:20,test_acc=0.01628654475475997
[2023-06-15 23:11:42] final_acc=0.020816026957559
[2023-06-15 23:11:43] epoch=21, train_loss, 635.953549223586
[2023-06-15 23:11:44] test, acc=0.012987012987012988
[2023-06-15 23:11:44] epoch:21,test_acc=0.017048778312104003
[2023-06-15 23:11:44] final_acc=0.020816026957559
[2023-06-15 23:11:46] epoch=22, train_loss, 551.2373524626223
[2023-06-15 23:11:46] test, acc=0.013186813186813187
[2023-06-15 23:11:46] epoch:22,test_acc=0.018408425685202238
[2023-06-15 23:11:46] final_acc=0.020816026957559
[2023-06-15 23:11:48] epoch=23, train_loss, 486.896880859765
[2023-06-15 23:11:48] test, acc=0.01978021978021978
[2023-06-15 23:11:48] epoch:23,test_acc=0.02675814169525868
[2023-06-15 23:11:48] final_acc=0.02675814169525868
[2023-06-15 23:11:50] epoch=24, train_loss, 473.7025193771996
[2023-06-15 23:11:51] test, acc=0.011988011988011988
[2023-06-15 23:11:51] epoch:24,test_acc=0.016652905209506432
[2023-06-15 23:11:51] final_acc=0.02675814169525868
[2023-06-15 23:11:53] epoch=25, train_loss, 419.4065420619977
[2023-06-15 23:11:53] test, acc=0.011588411588411588
[2023-06-15 23:11:53] epoch:25,test_acc=0.017509849624538047
[2023-06-15 23:11:53] final_acc=0.02675814169525868
[2023-06-15 23:11:55] epoch=26, train_loss, 339.1973761171579
[2023-06-15 23:11:55] test, acc=0.017382617382617382
[2023-06-15 23:11:55] epoch:26,test_acc=0.022244950284374083
[2023-06-15 23:11:55] final_acc=0.02675814169525868
[2023-06-15 23:11:57] epoch=27, train_loss, 349.8894755695575
[2023-06-15 23:11:57] test, acc=0.008991008991008992
[2023-06-15 23:11:57] epoch:27,test_acc=0.013954414219749378
[2023-06-15 23:11:57] final_acc=0.02675814169525868
[2023-06-15 23:11:59] epoch=28, train_loss, 289.53801829670186
[2023-06-15 23:11:59] test, acc=0.01058941058941059
[2023-06-15 23:11:59] epoch:28,test_acc=0.014724374563203791
[2023-06-15 23:11:59] final_acc=0.02675814169525868
[2023-06-15 23:12:00] epoch=29, train_loss, 260.3944921889625
[2023-06-15 23:12:01] test, acc=0.015584415584415584
[2023-06-15 23:12:01] epoch:29,test_acc=0.01966546607580568
[2023-06-15 23:12:01] final_acc=0.02675814169525868
[2023-06-15 23:12:02] epoch=30, train_loss, 250.7111309404952
[2023-06-15 23:12:02] test, acc=0.015784215784215783
[2023-06-15 23:12:02] epoch:30,test_acc=0.019993153900595292
[2023-06-15 23:12:02] final_acc=0.02675814169525868
[2023-06-15 23:12:04] epoch=31, train_loss, 204.12937376369683
[2023-06-15 23:12:04] test, acc=0.01038961038961039
[2023-06-15 23:12:04] epoch:31,test_acc=0.012678219284103833
[2023-06-15 23:12:04] final_acc=0.02675814169525868
[2023-06-15 23:12:06] epoch=32, train_loss, 211.5041479287437
[2023-06-15 23:12:06] test, acc=0.012787212787212787
[2023-06-15 23:12:06] epoch:32,test_acc=0.015464920411839838
[2023-06-15 23:12:06] final_acc=0.02675814169525868
[2023-06-15 23:12:08] epoch=33, train_loss, 189.0137182851188
[2023-06-15 23:12:08] test, acc=0.014985014985014986
[2023-06-15 23:12:08] epoch:33,test_acc=0.01901744324890375
[2023-06-15 23:12:08] final_acc=0.02675814169525868
[2023-06-15 23:12:10] epoch=34, train_loss, 181.9117577769124
[2023-06-15 23:12:10] test, acc=0.013986013986013986
[2023-06-15 23:12:10] epoch:34,test_acc=0.01836250368831663
[2023-06-15 23:12:10] final_acc=0.02675814169525868
[2023-06-15 23:12:11] epoch=35, train_loss, 169.65388358362947
[2023-06-15 23:12:12] test, acc=0.012587412587412588
[2023-06-15 23:12:12] epoch:35,test_acc=0.015068541633989616
[2023-06-15 23:12:12] final_acc=0.02675814169525868
[2023-06-15 23:12:13] epoch=36, train_loss, 169.90786973508403
[2023-06-15 23:12:13] test, acc=0.01138861138861139
[2023-06-15 23:12:13] epoch:36,test_acc=0.01408330471596988
[2023-06-15 23:12:13] final_acc=0.02675814169525868
[2023-06-15 23:12:15] epoch=37, train_loss, 173.09157050379548
[2023-06-15 23:12:15] test, acc=0.015384615384615385
[2023-06-15 23:12:15] epoch:37,test_acc=0.01941247747643861
[2023-06-15 23:12:15] final_acc=0.02675814169525868
[2023-06-15 23:12:17] epoch=38, train_loss, 162.3499838551774
[2023-06-15 23:12:17] test, acc=0.014785214785214785
[2023-06-15 23:12:17] epoch:38,test_acc=0.020228658123599648
[2023-06-15 23:12:17] final_acc=0.02675814169525868
[2023-06-15 23:12:19] epoch=39, train_loss, 174.16250916867972
[2023-06-15 23:12:19] test, acc=0.014185814185814187
[2023-06-15 23:12:19] epoch:39,test_acc=0.020635868478655162
[2023-06-15 23:12:19] final_acc=0.02675814169525868
[2023-06-15 23:12:21] epoch=40, train_loss, 162.26039412074957
[2023-06-15 23:12:21] test, acc=0.014785214785214785
[2023-06-15 23:12:21] epoch:40,test_acc=0.020126489973940932
[2023-06-15 23:12:21] final_acc=0.02675814169525868
[2023-06-15 23:12:23] epoch=41, train_loss, 169.9680448781949
[2023-06-15 23:12:23] test, acc=0.015584415584415584
[2023-06-15 23:12:23] epoch:41,test_acc=0.02074035556187453
[2023-06-15 23:12:23] final_acc=0.02675814169525868
[2023-06-15 23:12:25] epoch=42, train_loss, 168.03602575722593
[2023-06-15 23:12:26] test, acc=0.013586413586413586
[2023-06-15 23:12:26] epoch:42,test_acc=0.017442578111315034
[2023-06-15 23:12:26] final_acc=0.02675814169525868
[2023-06-15 23:12:28] epoch=43, train_loss, 166.31875760258197
[2023-06-15 23:12:28] test, acc=0.013586413586413586
[2023-06-15 23:12:28] epoch:43,test_acc=0.017044958433293126
[2023-06-15 23:12:28] final_acc=0.02675814169525868
[2023-06-15 23:12:30] epoch=44, train_loss, 172.90516799707382
[2023-06-15 23:12:30] test, acc=0.014785214785214785
[2023-06-15 23:12:30] epoch:44,test_acc=0.017248164165754983
[2023-06-15 23:12:30] final_acc=0.02675814169525868
[2023-06-15 23:12:32] epoch=45, train_loss, 177.60143102091342
[2023-06-15 23:12:32] test, acc=0.014985014985014986
[2023-06-15 23:12:32] epoch:45,test_acc=0.01690027677171129
[2023-06-15 23:12:32] final_acc=0.02675814169525868
[2023-06-15 23:12:34] epoch=46, train_loss, 178.0827611033528
[2023-06-15 23:12:34] test, acc=0.015184815184815185
[2023-06-15 23:12:34] epoch:46,test_acc=0.01742207656443352
[2023-06-15 23:12:34] final_acc=0.02675814169525868
[2023-06-15 23:12:36] epoch=47, train_loss, 186.0879377785582
[2023-06-15 23:12:36] test, acc=0.013386613386613387
[2023-06-15 23:12:36] epoch:47,test_acc=0.015713794551333583
[2023-06-15 23:12:36] final_acc=0.02675814169525868
[2023-06-15 23:12:37] epoch=48, train_loss, 188.91894477624862
[2023-06-15 23:12:38] test, acc=0.014185814185814187
[2023-06-15 23:12:38] epoch:48,test_acc=0.01744517965070441
[2023-06-15 23:12:38] final_acc=0.02675814169525868
[2023-06-15 23:12:39] epoch=49, train_loss, 191.15402567805575
[2023-06-15 23:12:39] test, acc=0.013986013986013986
[2023-06-15 23:12:39] epoch:49,test_acc=0.017739344496460002
[2023-06-15 23:12:39] final_acc=0.02675814169525868
[2023-06-15 23:12:41] epoch=50, train_loss, 179.5354717821359
[2023-06-15 23:12:41] test, acc=0.014585414585414586
[2023-06-15 23:12:41] epoch:50,test_acc=0.018287316975070144
[2023-06-15 23:12:41] final_acc=0.02675814169525868
[2023-06-15 23:12:43] epoch=51, train_loss, 188.15806510120916
[2023-06-15 23:12:43] test, acc=0.013786213786213787
[2023-06-15 23:12:43] epoch:51,test_acc=0.01814916189913861
[2023-06-15 23:12:43] final_acc=0.02675814169525868
[2023-06-15 23:12:45] epoch=52, train_loss, 191.73409274896494
[2023-06-15 23:12:45] test, acc=0.014585414585414586
[2023-06-15 23:12:45] epoch:52,test_acc=0.020229038900316028
[2023-06-15 23:12:45] final_acc=0.02675814169525868
[2023-06-15 23:12:47] epoch=53, train_loss, 193.84829731414112
[2023-06-15 23:12:47] test, acc=0.016183816183816185
[2023-06-15 23:12:47] epoch:53,test_acc=0.022785757661913243
[2023-06-15 23:12:47] final_acc=0.02675814169525868
[2023-06-15 23:12:49] epoch=54, train_loss, 201.4782635137296
[2023-06-15 23:12:50] test, acc=0.015984015984015984
[2023-06-15 23:12:50] epoch:54,test_acc=0.023106748809872665
[2023-06-15 23:12:50] final_acc=0.02675814169525868
[2023-06-15 23:12:52] epoch=55, train_loss, 210.11130908807627
[2023-06-15 23:12:52] test, acc=0.016183816183816185
[2023-06-15 23:12:52] epoch:55,test_acc=0.022921021485384597
[2023-06-15 23:12:52] final_acc=0.02675814169525868
[2023-06-15 23:12:54] epoch=56, train_loss, 211.70291266883143
[2023-06-15 23:12:54] test, acc=0.014185814185814187
[2023-06-15 23:12:54] epoch:56,test_acc=0.02021669646307713
[2023-06-15 23:12:54] final_acc=0.02675814169525868
[2023-06-15 23:12:57] epoch=57, train_loss, 197.04644291819702
[2023-06-15 23:12:57] test, acc=0.014985014985014986
[2023-06-15 23:12:57] epoch:57,test_acc=0.022617139299358265
[2023-06-15 23:12:57] final_acc=0.02675814169525868
[2023-06-15 23:12:59] epoch=58, train_loss, 199.94154608973298
[2023-06-15 23:12:59] test, acc=0.015784215784215783
[2023-06-15 23:12:59] epoch:58,test_acc=0.024069079209196802
[2023-06-15 23:12:59] final_acc=0.02675814169525868
[2023-06-15 23:13:01] epoch=59, train_loss, 211.59439615852918
[2023-06-15 23:13:01] test, acc=0.014785214785214785
[2023-06-15 23:13:01] epoch:59,test_acc=0.02258871219931275
[2023-06-15 23:13:01] final_acc=0.02675814169525868
[2023-06-15 23:13:02] epoch=60, train_loss, 232.36088537636655
[2023-06-15 23:13:03] test, acc=0.014185814185814187
[2023-06-15 23:13:03] epoch:60,test_acc=0.02104933320800823
[2023-06-15 23:13:03] final_acc=0.02675814169525868
[2023-06-15 23:13:04] epoch=61, train_loss, 221.95306601234898
[2023-06-15 23:13:05] test, acc=0.014185814185814187
[2023-06-15 23:13:05] epoch:61,test_acc=0.021976937484834338
[2023-06-15 23:13:05] final_acc=0.02675814169525868
[2023-06-15 23:13:06] epoch=62, train_loss, 224.1534568372245
[2023-06-15 23:13:06] test, acc=0.014985014985014986
[2023-06-15 23:13:06] epoch:62,test_acc=0.021506981572250297
[2023-06-15 23:13:06] final_acc=0.02675814169525868
[2023-06-15 23:13:08] epoch=63, train_loss, 217.94297565553134
[2023-06-15 23:13:08] test, acc=0.015184815184815185
[2023-06-15 23:13:08] epoch:63,test_acc=0.021387508916204563
[2023-06-15 23:13:08] final_acc=0.02675814169525868
[2023-06-15 23:13:10] epoch=64, train_loss, 223.72126954051254
[2023-06-15 23:13:10] test, acc=0.015184815184815185
[2023-06-15 23:13:10] epoch:64,test_acc=0.022213289064554824
[2023-06-15 23:13:10] final_acc=0.02675814169525868
[2023-06-15 23:13:12] epoch=65, train_loss, 226.76343817299548
[2023-06-15 23:13:12] test, acc=0.015984015984015984
[2023-06-15 23:13:12] epoch:65,test_acc=0.023849456027923484
[2023-06-15 23:13:12] final_acc=0.02675814169525868
[2023-06-15 23:13:14] epoch=66, train_loss, 225.34307252500776
[2023-06-15 23:13:14] test, acc=0.016383616383616385
[2023-06-15 23:13:14] epoch:66,test_acc=0.025741536025524057
[2023-06-15 23:13:14] final_acc=0.02675814169525868
[2023-06-15 23:13:16] epoch=67, train_loss, 233.17547716652624
[2023-06-15 23:13:16] test, acc=0.015784215784215783
[2023-06-15 23:13:16] epoch:67,test_acc=0.025035379379946578
[2023-06-15 23:13:16] final_acc=0.02675814169525868
[2023-06-15 23:13:18] epoch=68, train_loss, 230.67328822955537
[2023-06-15 23:13:18] test, acc=0.014985014985014986
[2023-06-15 23:13:18] epoch:68,test_acc=0.02372232339763798
[2023-06-15 23:13:18] final_acc=0.02675814169525868
[2023-06-15 23:13:20] epoch=69, train_loss, 246.36761682711472
[2023-06-15 23:13:20] test, acc=0.015584415584415584
[2023-06-15 23:13:20] epoch:69,test_acc=0.025192337703098023
[2023-06-15 23:13:20] final_acc=0.02675814169525868
[2023-06-15 23:13:22] epoch=70, train_loss, 237.95896386338498
[2023-06-15 23:13:22] test, acc=0.015784215784215783
[2023-06-15 23:13:22] epoch:70,test_acc=0.025273116257046268
[2023-06-15 23:13:22] final_acc=0.02675814169525868
[2023-06-15 23:13:24] epoch=71, train_loss, 234.79197139557178
[2023-06-15 23:13:24] test, acc=0.015184815184815185
[2023-06-15 23:13:24] epoch:71,test_acc=0.024278965728698303
[2023-06-15 23:13:24] final_acc=0.02675814169525868
[2023-06-15 23:13:25] epoch=72, train_loss, 235.4367560974706
[2023-06-15 23:13:26] test, acc=0.014985014985014986
[2023-06-15 23:13:26] epoch:72,test_acc=0.02228048072548427
[2023-06-15 23:13:26] final_acc=0.02675814169525868
[2023-06-15 23:13:27] epoch=73, train_loss, 249.42511717579998
[2023-06-15 23:13:27] test, acc=0.015784215784215783
[2023-06-15 23:13:27] epoch:73,test_acc=0.024353382209376464
[2023-06-15 23:13:27] final_acc=0.02675814169525868
[2023-06-15 23:13:29] epoch=74, train_loss, 247.8322906799067
[2023-06-15 23:13:29] test, acc=0.015984015984015984
[2023-06-15 23:13:29] epoch:74,test_acc=0.022616428893774708
[2023-06-15 23:13:29] final_acc=0.02675814169525868
[2023-06-15 23:13:31] epoch=75, train_loss, 260.7369189277625
[2023-06-15 23:13:31] test, acc=0.015384615384615385
[2023-06-15 23:13:31] epoch:75,test_acc=0.022402237631443955
[2023-06-15 23:13:31] final_acc=0.02675814169525868
[2023-06-15 23:13:33] epoch=76, train_loss, 266.90293157912384
[2023-06-15 23:13:33] test, acc=0.014985014985014986
[2023-06-15 23:13:33] epoch:76,test_acc=0.022829612122926474
[2023-06-15 23:13:33] final_acc=0.02675814169525868
[2023-06-15 23:13:35] epoch=77, train_loss, 263.63132991120455
[2023-06-15 23:13:35] test, acc=0.015184815184815185
[2023-06-15 23:13:35] epoch:77,test_acc=0.022504691479744512
[2023-06-15 23:13:35] final_acc=0.02675814169525868
[2023-06-15 23:13:36] epoch=78, train_loss, 259.0483571500443
[2023-06-15 23:13:37] test, acc=0.015984015984015984
[2023-06-15 23:13:37] epoch:78,test_acc=0.02310818679542497
[2023-06-15 23:13:37] final_acc=0.02675814169525868
[2023-06-15 23:13:38] epoch=79, train_loss, 254.74564019792706
[2023-06-15 23:13:38] test, acc=0.015184815184815185
[2023-06-15 23:13:38] epoch:79,test_acc=0.022310462211783264
[2023-06-15 23:13:38] final_acc=0.02675814169525868
[2023-06-15 23:13:40] epoch=80, train_loss, 258.6249030360018
[2023-06-15 23:13:40] test, acc=0.016183816183816185
[2023-06-15 23:13:40] epoch:80,test_acc=0.02284214156271055
[2023-06-15 23:13:40] final_acc=0.02675814169525868
[2023-06-15 23:13:42] epoch=81, train_loss, 270.06981978248865
[2023-06-15 23:13:42] test, acc=0.016183816183816185
[2023-06-15 23:13:42] epoch:81,test_acc=0.023314041273753187
[2023-06-15 23:13:42] final_acc=0.02675814169525868
[2023-06-15 23:13:44] epoch=82, train_loss, 275.7169291828387
[2023-06-15 23:13:44] test, acc=0.015784215784215783
[2023-06-15 23:13:44] epoch:82,test_acc=0.021897431300647918
[2023-06-15 23:13:44] final_acc=0.02675814169525868
[2023-06-15 23:13:46] epoch=83, train_loss, 265.34366990354494
[2023-06-15 23:13:46] test, acc=0.015184815184815185
[2023-06-15 23:13:46] epoch:83,test_acc=0.02138117237670644
[2023-06-15 23:13:46] final_acc=0.02675814169525868
[2023-06-15 23:13:48] epoch=84, train_loss, 272.9683417664549
[2023-06-15 23:13:49] test, acc=0.014585414585414586
[2023-06-15 23:13:49] epoch:84,test_acc=0.020547552541599217
[2023-06-15 23:13:49] final_acc=0.02675814169525868
[2023-06-15 23:13:50] epoch=85, train_loss, 286.5999095295184
[2023-06-15 23:13:51] test, acc=0.014785214785214785
[2023-06-15 23:13:51] epoch:85,test_acc=0.021024804947553422
[2023-06-15 23:13:51] final_acc=0.02675814169525868
[2023-06-15 23:13:52] epoch=86, train_loss, 281.2685576125075
[2023-06-15 23:13:52] test, acc=0.014585414585414586
[2023-06-15 23:13:52] epoch:86,test_acc=0.01943093706514361
[2023-06-15 23:13:52] final_acc=0.02675814169525868
[2023-06-15 23:13:54] epoch=87, train_loss, 275.025754189313
[2023-06-15 23:13:54] test, acc=0.015184815184815185
[2023-06-15 23:13:54] epoch:87,test_acc=0.021091179090528354
[2023-06-15 23:13:54] final_acc=0.02675814169525868
[2023-06-15 23:13:56] epoch=88, train_loss, 281.3291723964313
[2023-06-15 23:13:56] test, acc=0.014785214785214785
[2023-06-15 23:13:56] epoch:88,test_acc=0.019728462933684715
[2023-06-15 23:13:56] final_acc=0.02675814169525868
[2023-06-15 23:13:58] epoch=89, train_loss, 281.8642579587504
[2023-06-15 23:13:58] test, acc=0.014985014985014986
[2023-06-15 23:13:58] epoch:89,test_acc=0.02073701109216037
[2023-06-15 23:13:58] final_acc=0.02675814169525868
[2023-06-15 23:14:00] epoch=90, train_loss, 297.33638463615955
[2023-06-15 23:14:00] test, acc=0.014785214785214785
[2023-06-15 23:14:00] epoch:90,test_acc=0.020524978261525016
[2023-06-15 23:14:00] final_acc=0.02675814169525868
[2023-06-15 23:14:02] epoch=91, train_loss, 296.0356811913438
[2023-06-15 23:14:02] test, acc=0.014985014985014986
[2023-06-15 23:14:02] epoch:91,test_acc=0.01958354746886258
[2023-06-15 23:14:02] final_acc=0.02675814169525868
[2023-06-15 23:14:03] epoch=92, train_loss, 294.37858123291795
[2023-06-15 23:14:04] test, acc=0.015184815184815185
[2023-06-15 23:14:04] epoch:92,test_acc=0.01972222994098948
[2023-06-15 23:14:04] final_acc=0.02675814169525868
[2023-06-15 23:14:05] epoch=93, train_loss, 299.3817784001652
[2023-06-15 23:14:05] test, acc=0.015184815184815185
[2023-06-15 23:14:05] epoch:93,test_acc=0.019192730934421066
[2023-06-15 23:14:05] final_acc=0.02675814169525868
[2023-06-15 23:14:07] epoch=94, train_loss, 307.71983664637554
[2023-06-15 23:14:07] test, acc=0.013986013986013986
[2023-06-15 23:14:07] epoch:94,test_acc=0.017683395663792286
[2023-06-15 23:14:07] final_acc=0.02675814169525868
[2023-06-15 23:14:09] epoch=95, train_loss, 300.0456825719474
[2023-06-15 23:14:09] test, acc=0.014585414585414586
[2023-06-15 23:14:09] epoch:95,test_acc=0.01999776447295967
[2023-06-15 23:14:09] final_acc=0.02675814169525868
[2023-06-15 23:14:11] epoch=96, train_loss, 311.5750119145305
[2023-06-15 23:14:11] test, acc=0.014585414585414586
[2023-06-15 23:14:11] epoch:96,test_acc=0.019946662189082254
[2023-06-15 23:14:11] final_acc=0.02675814169525868
[2023-06-15 23:14:13] epoch=97, train_loss, 312.9360483187837
[2023-06-15 23:14:13] test, acc=0.013986013986013986
[2023-06-15 23:14:13] epoch:97,test_acc=0.01791560162494577
[2023-06-15 23:14:13] final_acc=0.02675814169525868
[2023-06-15 23:14:14] epoch=98, train_loss, 291.0476076168755
[2023-06-15 23:14:15] test, acc=0.014585414585414586
[2023-06-15 23:14:15] epoch:98,test_acc=0.01829642266154597
[2023-06-15 23:14:15] final_acc=0.02675814169525868
[2023-06-15 23:14:16] epoch=99, train_loss, 311.2361772921139
[2023-06-15 23:14:16] test, acc=0.013986013986013986
[2023-06-15 23:14:16] epoch:99,test_acc=0.017280326420173273
[2023-06-15 23:14:16] final_acc=0.02675814169525868
