[2023-06-15 23:07:14] Namespace(n_hidden=512, lr=0.001, batch=128)
[2023-06-15 23:07:19] epoch=0, train_loss, 104.81525846487418
[2023-06-15 23:07:19] test, acc=0.0015984015984015984
[2023-06-15 23:07:19] epoch:0,test_acc=0.002085933634450311
[2023-06-15 23:07:19] final_acc=0.002085933634450311
[2023-06-15 23:07:21] epoch=1, train_loss, 431.2510746477511
[2023-06-15 23:07:21] test, acc=0.0005994005994005994
[2023-06-15 23:07:21] epoch:1,test_acc=0.001112407004836435
[2023-06-15 23:07:21] final_acc=0.002085933634450311
[2023-06-15 23:07:23] epoch=2, train_loss, 776.9297915327663
[2023-06-15 23:07:23] test, acc=0.0017982017982017982
[2023-06-15 23:07:23] epoch:2,test_acc=0.002705245812128571
[2023-06-15 23:07:23] final_acc=0.002705245812128571
[2023-06-15 23:07:24] epoch=3, train_loss, 1059.2147780348319
[2023-06-15 23:07:25] test, acc=0.0007992007992007992
[2023-06-15 23:07:25] epoch:3,test_acc=0.001094479870200531
[2023-06-15 23:07:25] final_acc=0.002705245812128571
[2023-06-15 23:07:26] epoch=4, train_loss, 1255.4303134516024
[2023-06-15 23:07:26] test, acc=0.003996003996003996
[2023-06-15 23:07:26] epoch:4,test_acc=0.0033287959340621474
[2023-06-15 23:07:26] final_acc=0.0033287959340621474
[2023-06-15 23:07:28] epoch=5, train_loss, 1370.8615342405276
[2023-06-15 23:07:28] test, acc=0.002197802197802198
[2023-06-15 23:07:28] epoch:5,test_acc=0.004015796422311054
[2023-06-15 23:07:28] final_acc=0.004015796422311054
[2023-06-15 23:07:30] epoch=6, train_loss, 1478.7492133679862
[2023-06-15 23:07:30] test, acc=0.0025974025974025974
[2023-06-15 23:07:30] epoch:6,test_acc=0.003669084693656121
[2023-06-15 23:07:30] final_acc=0.004015796422311054
[2023-06-15 23:07:32] epoch=7, train_loss, 1558.9966627614567
[2023-06-15 23:07:32] test, acc=0.008191808191808193
[2023-06-15 23:07:32] epoch:7,test_acc=0.009561588141775166
[2023-06-15 23:07:32] final_acc=0.009561588141775166
[2023-06-15 23:07:33] epoch=8, train_loss, 1645.153076951877
[2023-06-15 23:07:34] test, acc=0.01898101898101898
[2023-06-15 23:07:34] epoch:8,test_acc=0.024537398053160898
[2023-06-15 23:07:34] final_acc=0.024537398053160898
[2023-06-15 23:07:35] epoch=9, train_loss, 1757.8996913532098
[2023-06-15 23:07:35] test, acc=0.003196803196803197
[2023-06-15 23:07:35] epoch:9,test_acc=0.00487767587065126
[2023-06-15 23:07:35] final_acc=0.024537398053160898
[2023-06-15 23:07:37] epoch=10, train_loss, 1749.4409905089358
[2023-06-15 23:07:37] test, acc=0.014385614385614386
[2023-06-15 23:07:37] epoch:10,test_acc=0.01995327045548597
[2023-06-15 23:07:37] final_acc=0.024537398053160898
[2023-06-15 23:07:39] epoch=11, train_loss, 1817.2605588870308
[2023-06-15 23:07:39] test, acc=0.004395604395604396
[2023-06-15 23:07:39] epoch:11,test_acc=0.008224692268551487
[2023-06-15 23:07:39] final_acc=0.024537398053160898
[2023-06-15 23:07:41] epoch=12, train_loss, 1744.1988377190246
[2023-06-15 23:07:41] test, acc=0.017182817182817185
[2023-06-15 23:07:41] epoch:12,test_acc=0.019172575419779993
[2023-06-15 23:07:41] final_acc=0.024537398053160898
[2023-06-15 23:07:43] epoch=13, train_loss, 1763.3878762729632
[2023-06-15 23:07:43] test, acc=0.011788211788211789
[2023-06-15 23:07:43] epoch:13,test_acc=0.016011799742284172
[2023-06-15 23:07:43] final_acc=0.024537398053160898
[2023-06-15 23:07:46] epoch=14, train_loss, 1665.6585240958216
[2023-06-15 23:07:46] test, acc=0.00959040959040959
[2023-06-15 23:07:46] epoch:14,test_acc=0.012767346279782613
[2023-06-15 23:07:46] final_acc=0.024537398053160898
[2023-06-15 23:07:48] epoch=15, train_loss, 1555.6305637542432
[2023-06-15 23:07:48] test, acc=0.014785214785214785
[2023-06-15 23:07:48] epoch:15,test_acc=0.022434321930561135
[2023-06-15 23:07:48] final_acc=0.024537398053160898
[2023-06-15 23:07:50] epoch=16, train_loss, 1439.619752731567
[2023-06-15 23:07:51] test, acc=0.01038961038961039
[2023-06-15 23:07:51] epoch:16,test_acc=0.013600751384947088
[2023-06-15 23:07:51] final_acc=0.024537398053160898
[2023-06-15 23:07:52] epoch=17, train_loss, 1350.4829095712485
[2023-06-15 23:07:52] test, acc=0.014785214785214785
[2023-06-15 23:07:52] epoch:17,test_acc=0.01451984089173935
[2023-06-15 23:07:52] final_acc=0.024537398053160898
[2023-06-15 23:07:55] epoch=18, train_loss, 1231.8336111440444
[2023-06-15 23:07:55] test, acc=0.016983016983016984
[2023-06-15 23:07:55] epoch:18,test_acc=0.02513235849651152
[2023-06-15 23:07:55] final_acc=0.02513235849651152
[2023-06-15 23:07:57] epoch=19, train_loss, 1086.6911907744484
[2023-06-15 23:07:57] test, acc=0.013386613386613387
[2023-06-15 23:07:57] epoch:19,test_acc=0.01848490313036677
[2023-06-15 23:07:57] final_acc=0.02513235849651152
[2023-06-15 23:07:59] epoch=20, train_loss, 949.8235741758499
[2023-06-15 23:08:00] test, acc=0.015184815184815185
[2023-06-15 23:08:00] epoch:20,test_acc=0.020581009363835237
[2023-06-15 23:08:00] final_acc=0.02513235849651152
[2023-06-15 23:08:01] epoch=21, train_loss, 846.2484085034258
[2023-06-15 23:08:02] test, acc=0.013586413586413586
[2023-06-15 23:08:02] epoch:21,test_acc=0.021486116503643484
[2023-06-15 23:08:02] final_acc=0.02513235849651152
[2023-06-15 23:08:04] epoch=22, train_loss, 764.9483407602523
[2023-06-15 23:08:04] test, acc=0.012387612387612388
[2023-06-15 23:08:04] epoch:22,test_acc=0.019993460187216424
[2023-06-15 23:08:04] final_acc=0.02513235849651152
[2023-06-15 23:08:06] epoch=23, train_loss, 594.8569037099235
[2023-06-15 23:08:06] test, acc=0.01978021978021978
[2023-06-15 23:08:06] epoch:23,test_acc=0.026926998620736796
[2023-06-15 23:08:06] final_acc=0.026926998620736796
[2023-06-15 23:08:08] epoch=24, train_loss, 548.9353374444638
[2023-06-15 23:08:08] test, acc=0.013786213786213787
[2023-06-15 23:08:08] epoch:24,test_acc=0.020633922536902584
[2023-06-15 23:08:08] final_acc=0.026926998620736796
[2023-06-15 23:08:10] epoch=25, train_loss, 482.9325626848605
[2023-06-15 23:08:10] test, acc=0.016383616383616385
[2023-06-15 23:08:10] epoch:25,test_acc=0.024225312032235043
[2023-06-15 23:08:10] final_acc=0.026926998620736796
[2023-06-15 23:08:11] epoch=26, train_loss, 411.2552380059093
[2023-06-15 23:08:11] test, acc=0.017382617382617382
[2023-06-15 23:08:11] epoch:26,test_acc=0.02587940269240955
[2023-06-15 23:08:11] final_acc=0.026926998620736796
[2023-06-15 23:08:13] epoch=27, train_loss, 418.92905270024994
[2023-06-15 23:08:13] test, acc=0.017982017982017984
[2023-06-15 23:08:13] epoch:27,test_acc=0.023372277675928838
[2023-06-15 23:08:13] final_acc=0.026926998620736796
[2023-06-15 23:08:16] epoch=28, train_loss, 298.58648715765713
[2023-06-15 23:08:16] test, acc=0.011788211788211789
[2023-06-15 23:08:16] epoch:28,test_acc=0.018168375546737652
[2023-06-15 23:08:16] final_acc=0.026926998620736796
[2023-06-15 23:08:18] epoch=29, train_loss, 355.7732865939887
[2023-06-15 23:08:18] test, acc=0.015584415584415584
[2023-06-15 23:08:18] epoch:29,test_acc=0.023208076031442072
[2023-06-15 23:08:18] final_acc=0.026926998620736796
[2023-06-15 23:08:20] epoch=30, train_loss, 291.5206220340424
[2023-06-15 23:08:20] test, acc=0.017982017982017984
[2023-06-15 23:08:20] epoch:30,test_acc=0.02427494448535177
[2023-06-15 23:08:20] final_acc=0.026926998620736796
[2023-06-15 23:08:22] epoch=31, train_loss, 304.9447585035818
[2023-06-15 23:08:23] test, acc=0.014985014985014986
[2023-06-15 23:08:23] epoch:31,test_acc=0.020502644746796878
[2023-06-15 23:08:23] final_acc=0.026926998620736796
[2023-06-15 23:08:25] epoch=32, train_loss, 271.0797737718771
[2023-06-15 23:08:25] test, acc=0.012587412587412588
[2023-06-15 23:08:25] epoch:32,test_acc=0.020061954318742706
[2023-06-15 23:08:25] final_acc=0.026926998620736796
[2023-06-15 23:08:27] epoch=33, train_loss, 296.706279017293
[2023-06-15 23:08:27] test, acc=0.01098901098901099
[2023-06-15 23:08:27] epoch:33,test_acc=0.017012025676950142
[2023-06-15 23:08:27] final_acc=0.026926998620736796
[2023-06-15 23:08:29] epoch=34, train_loss, 272.51030544731947
[2023-06-15 23:08:29] test, acc=0.014185814185814187
[2023-06-15 23:08:29] epoch:34,test_acc=0.018623487542593756
[2023-06-15 23:08:29] final_acc=0.026926998620736796
[2023-06-15 23:08:30] epoch=35, train_loss, 313.7398680787498
[2023-06-15 23:08:31] test, acc=0.015184815184815185
[2023-06-15 23:08:31] epoch:35,test_acc=0.018241929528094294
[2023-06-15 23:08:31] final_acc=0.026926998620736796
[2023-06-15 23:08:32] epoch=36, train_loss, 303.2170374324908
[2023-06-15 23:08:32] test, acc=0.012387612387612388
[2023-06-15 23:08:32] epoch:36,test_acc=0.017689374099540772
[2023-06-15 23:08:32] final_acc=0.026926998620736796
[2023-06-15 23:08:34] epoch=37, train_loss, 296.5956356731086
[2023-06-15 23:08:34] test, acc=0.014185814185814187
[2023-06-15 23:08:34] epoch:37,test_acc=0.019369365748795303
[2023-06-15 23:08:34] final_acc=0.026926998620736796
[2023-06-15 23:08:36] epoch=38, train_loss, 318.9990151256037
[2023-06-15 23:08:36] test, acc=0.013986013986013986
[2023-06-15 23:08:36] epoch:38,test_acc=0.01863077666208299
[2023-06-15 23:08:36] final_acc=0.026926998620736796
[2023-06-15 23:08:38] epoch=39, train_loss, 327.0194596970043
[2023-06-15 23:08:38] test, acc=0.013386613386613387
[2023-06-15 23:08:38] epoch:39,test_acc=0.019666327115694042
[2023-06-15 23:08:38] final_acc=0.026926998620736796
[2023-06-15 23:08:40] epoch=40, train_loss, 317.78414674460316
[2023-06-15 23:08:40] test, acc=0.013986013986013986
[2023-06-15 23:08:40] epoch:40,test_acc=0.019594325652990345
[2023-06-15 23:08:40] final_acc=0.026926998620736796
[2023-06-15 23:08:42] epoch=41, train_loss, 317.4008850000156
[2023-06-15 23:08:42] test, acc=0.015184815184815185
[2023-06-15 23:08:42] epoch:41,test_acc=0.021238734796098415
[2023-06-15 23:08:42] final_acc=0.026926998620736796
[2023-06-15 23:08:44] epoch=42, train_loss, 325.7489438772963
[2023-06-15 23:08:45] test, acc=0.015784215784215783
[2023-06-15 23:08:45] epoch:42,test_acc=0.022777894430450855
[2023-06-15 23:08:45] final_acc=0.026926998620736796
[2023-06-15 23:08:47] epoch=43, train_loss, 317.4609062024199
[2023-06-15 23:08:47] test, acc=0.014185814185814187
[2023-06-15 23:08:47] epoch:43,test_acc=0.020159003971222715
[2023-06-15 23:08:47] final_acc=0.026926998620736796
[2023-06-15 23:08:49] epoch=44, train_loss, 331.25088753258456
[2023-06-15 23:08:49] test, acc=0.015784215784215783
[2023-06-15 23:08:49] epoch:44,test_acc=0.02271750582171245
[2023-06-15 23:08:49] final_acc=0.026926998620736796
[2023-06-15 23:08:51] epoch=45, train_loss, 308.9407477333142
[2023-06-15 23:08:52] test, acc=0.014985014985014986
[2023-06-15 23:08:52] epoch:45,test_acc=0.021669188693147094
[2023-06-15 23:08:52] final_acc=0.026926998620736796
[2023-06-15 23:08:54] epoch=46, train_loss, 317.29468975128077
[2023-06-15 23:08:54] test, acc=0.013586413586413586
[2023-06-15 23:08:54] epoch:46,test_acc=0.018664921366313224
[2023-06-15 23:08:54] final_acc=0.026926998620736796
[2023-06-15 23:08:55] epoch=47, train_loss, 342.9504841326144
[2023-06-15 23:08:55] test, acc=0.013986013986013986
[2023-06-15 23:08:55] epoch:47,test_acc=0.018786678606972508
[2023-06-15 23:08:55] final_acc=0.026926998620736796
[2023-06-15 23:08:57] epoch=48, train_loss, 348.95094919661744
[2023-06-15 23:08:57] test, acc=0.013186813186813187
[2023-06-15 23:08:57] epoch:48,test_acc=0.018788574961429785
[2023-06-15 23:08:57] final_acc=0.026926998620736796
[2023-06-15 23:08:59] epoch=49, train_loss, 334.1780383442157
[2023-06-15 23:08:59] test, acc=0.013186813186813187
[2023-06-15 23:08:59] epoch:49,test_acc=0.01939493420528198
[2023-06-15 23:08:59] final_acc=0.026926998620736796
[2023-06-15 23:09:01] epoch=50, train_loss, 359.963760955948
[2023-06-15 23:09:01] test, acc=0.013786213786213787
[2023-06-15 23:09:01] epoch:50,test_acc=0.020242465747379937
[2023-06-15 23:09:01] final_acc=0.026926998620736796
[2023-06-15 23:09:02] epoch=51, train_loss, 353.74253884214943
[2023-06-15 23:09:03] test, acc=0.013186813186813187
[2023-06-15 23:09:03] epoch:51,test_acc=0.01791670099280191
[2023-06-15 23:09:03] final_acc=0.026926998620736796
[2023-06-15 23:09:04] epoch=52, train_loss, 348.9398816812534
[2023-06-15 23:09:04] test, acc=0.013786213786213787
[2023-06-15 23:09:04] epoch:52,test_acc=0.01864642547764119
[2023-06-15 23:09:04] final_acc=0.026926998620736796
[2023-06-15 23:09:06] epoch=53, train_loss, 367.8181555202594
[2023-06-15 23:09:06] test, acc=0.013786213786213787
[2023-06-15 23:09:06] epoch:53,test_acc=0.0179786465559644
[2023-06-15 23:09:06] final_acc=0.026926998620736796
[2023-06-15 23:09:08] epoch=54, train_loss, 384.702669399234
[2023-06-15 23:09:08] test, acc=0.012787212787212787
[2023-06-15 23:09:08] epoch:54,test_acc=0.016117977432701526
[2023-06-15 23:09:08] final_acc=0.026926998620736796
[2023-06-15 23:09:10] epoch=55, train_loss, 365.7279510498047
[2023-06-15 23:09:10] test, acc=0.013386613386613387
[2023-06-15 23:09:10] epoch:55,test_acc=0.01621734849412607
[2023-06-15 23:09:10] final_acc=0.026926998620736796
[2023-06-15 23:09:11] epoch=56, train_loss, 370.06542834687156
[2023-06-15 23:09:11] test, acc=0.012387612387612388
[2023-06-15 23:09:11] epoch:56,test_acc=0.01607671770915925
[2023-06-15 23:09:11] final_acc=0.026926998620736796
[2023-06-15 23:09:13] epoch=57, train_loss, 370.03674677641834
[2023-06-15 23:09:13] test, acc=0.012387612387612388
[2023-06-15 23:09:13] epoch:57,test_acc=0.01582591075168996
[2023-06-15 23:09:13] final_acc=0.026926998620736796
[2023-06-15 23:09:15] epoch=58, train_loss, 393.38693627305685
[2023-06-15 23:09:15] test, acc=0.011988011988011988
[2023-06-15 23:09:15] epoch:58,test_acc=0.01625135861474434
[2023-06-15 23:09:15] final_acc=0.026926998620736796
[2023-06-15 23:09:17] epoch=59, train_loss, 417.03965447276545
[2023-06-15 23:09:17] test, acc=0.012387612387612388
[2023-06-15 23:09:17] epoch:59,test_acc=0.017008346352550305
[2023-06-15 23:09:17] final_acc=0.026926998620736796
[2023-06-15 23:09:18] epoch=60, train_loss, 416.28520899763504
[2023-06-15 23:09:19] test, acc=0.012987012987012988
[2023-06-15 23:09:19] epoch:60,test_acc=0.018301312925593307
[2023-06-15 23:09:19] final_acc=0.026926998620736796
[2023-06-15 23:09:20] epoch=61, train_loss, 415.52137800222766
[2023-06-15 23:09:20] test, acc=0.013786213786213787
[2023-06-15 23:09:20] epoch:61,test_acc=0.01891592619312849
[2023-06-15 23:09:20] final_acc=0.026926998620736796
[2023-06-15 23:09:22] epoch=62, train_loss, 400.0193832446211
[2023-06-15 23:09:22] test, acc=0.013586413586413586
[2023-06-15 23:09:22] epoch:62,test_acc=0.018731124685311063
[2023-06-15 23:09:22] final_acc=0.026926998620736796
[2023-06-15 23:09:24] epoch=63, train_loss, 424.49448782338885
[2023-06-15 23:09:24] test, acc=0.012187812187812189
[2023-06-15 23:09:24] epoch:63,test_acc=0.015994226876430453
[2023-06-15 23:09:24] final_acc=0.026926998620736796
[2023-06-15 23:09:26] epoch=64, train_loss, 417.84469502116923
[2023-06-15 23:09:26] test, acc=0.012587412587412588
[2023-06-15 23:09:26] epoch:64,test_acc=0.017319590299564196
[2023-06-15 23:09:26] final_acc=0.026926998620736796
[2023-06-15 23:09:27] epoch=65, train_loss, 425.1684198105297
[2023-06-15 23:09:27] test, acc=0.012587412587412588
[2023-06-15 23:09:27] epoch:65,test_acc=0.0163127630363117
[2023-06-15 23:09:27] final_acc=0.026926998620736796
[2023-06-15 23:09:29] epoch=66, train_loss, 434.930616019252
[2023-06-15 23:09:29] test, acc=0.012587412587412588
[2023-06-15 23:09:29] epoch:66,test_acc=0.01716266720508943
[2023-06-15 23:09:29] final_acc=0.026926998620736796
[2023-06-15 23:09:31] epoch=67, train_loss, 447.1616802764015
[2023-06-15 23:09:31] test, acc=0.012587412587412588
[2023-06-15 23:09:31] epoch:67,test_acc=0.017587355978892015
[2023-06-15 23:09:31] final_acc=0.026926998620736796
[2023-06-15 23:09:33] epoch=68, train_loss, 464.82830196295305
[2023-06-15 23:09:33] test, acc=0.011988011988011988
[2023-06-15 23:09:33] epoch:68,test_acc=0.016528558601747834
[2023-06-15 23:09:33] final_acc=0.026926998620736796
[2023-06-15 23:09:34] epoch=69, train_loss, 455.1309536652474
[2023-06-15 23:09:35] test, acc=0.012387612387612388
[2023-06-15 23:09:35] epoch:69,test_acc=0.017629244261318826
[2023-06-15 23:09:35] final_acc=0.026926998620736796
[2023-06-15 23:09:36] epoch=70, train_loss, 455.303331661538
[2023-06-15 23:09:36] test, acc=0.012587412587412588
[2023-06-15 23:09:36] epoch:70,test_acc=0.017455469207204855
[2023-06-15 23:09:36] final_acc=0.026926998620736796
[2023-06-15 23:09:38] epoch=71, train_loss, 451.6651106276832
[2023-06-15 23:09:38] test, acc=0.013386613386613387
[2023-06-15 23:09:38] epoch:71,test_acc=0.018656931010909837
[2023-06-15 23:09:38] final_acc=0.026926998620736796
[2023-06-15 23:09:40] epoch=72, train_loss, 476.98777967824725
[2023-06-15 23:09:40] test, acc=0.014385614385614386
[2023-06-15 23:09:40] epoch:72,test_acc=0.020246254439398613
[2023-06-15 23:09:40] final_acc=0.026926998620736796
[2023-06-15 23:09:42] epoch=73, train_loss, 477.82480170399236
[2023-06-15 23:09:42] test, acc=0.014185814185814187
[2023-06-15 23:09:42] epoch:73,test_acc=0.01907709902601998
[2023-06-15 23:09:42] final_acc=0.026926998620736796
[2023-06-15 23:09:43] epoch=74, train_loss, 469.2565957057979
[2023-06-15 23:09:43] test, acc=0.014385614385614386
[2023-06-15 23:09:43] epoch:74,test_acc=0.019453149796305434
[2023-06-15 23:09:43] final_acc=0.026926998620736796
[2023-06-15 23:09:45] epoch=75, train_loss, 502.28773522910217
[2023-06-15 23:09:45] test, acc=0.013986013986013986
[2023-06-15 23:09:45] epoch:75,test_acc=0.018941405930892292
[2023-06-15 23:09:45] final_acc=0.026926998620736796
[2023-06-15 23:09:47] epoch=76, train_loss, 479.71910611966166
[2023-06-15 23:09:47] test, acc=0.012987012987012988
[2023-06-15 23:09:47] epoch:76,test_acc=0.017592359493608427
[2023-06-15 23:09:47] final_acc=0.026926998620736796
[2023-06-15 23:09:49] epoch=77, train_loss, 488.12359911641374
[2023-06-15 23:09:49] test, acc=0.012987012987012988
[2023-06-15 23:09:49] epoch:77,test_acc=0.01733400832717053
[2023-06-15 23:09:49] final_acc=0.026926998620736796
[2023-06-15 23:09:50] epoch=78, train_loss, 478.9406679293599
[2023-06-15 23:09:51] test, acc=0.013186813186813187
[2023-06-15 23:09:51] epoch:78,test_acc=0.01870240191520865
[2023-06-15 23:09:51] final_acc=0.026926998620736796
[2023-06-15 23:09:52] epoch=79, train_loss, 498.60697746886234
[2023-06-15 23:09:52] test, acc=0.012587412587412588
[2023-06-15 23:09:52] epoch:79,test_acc=0.017252766647723246
[2023-06-15 23:09:52] final_acc=0.026926998620736796
[2023-06-15 23:09:54] epoch=80, train_loss, 510.69429498739515
[2023-06-15 23:09:54] test, acc=0.012387612387612388
[2023-06-15 23:09:54] epoch:80,test_acc=0.017593008088240998
[2023-06-15 23:09:54] final_acc=0.026926998620736796
[2023-06-15 23:09:56] epoch=81, train_loss, 507.71345685769955
[2023-06-15 23:09:56] test, acc=0.013786213786213787
[2023-06-15 23:09:56] epoch:81,test_acc=0.01988169856874046
[2023-06-15 23:09:56] final_acc=0.026926998620736796
[2023-06-15 23:09:58] epoch=82, train_loss, 509.0398093580057
[2023-06-15 23:09:58] test, acc=0.013386613386613387
[2023-06-15 23:09:58] epoch:82,test_acc=0.019864203835271765
[2023-06-15 23:09:58] final_acc=0.026926998620736796
[2023-06-15 23:09:59] epoch=83, train_loss, 494.11827150777503
[2023-06-15 23:10:00] test, acc=0.012987012987012988
[2023-06-15 23:10:00] epoch:83,test_acc=0.018610856467024657
[2023-06-15 23:10:00] final_acc=0.026926998620736796
[2023-06-15 23:10:01] epoch=84, train_loss, 505.760125400921
[2023-06-15 23:10:01] test, acc=0.012587412587412588
[2023-06-15 23:10:01] epoch:84,test_acc=0.018066752172479293
[2023-06-15 23:10:01] final_acc=0.026926998620736796
[2023-06-15 23:10:03] epoch=85, train_loss, 526.2268668957793
[2023-06-15 23:10:03] test, acc=0.013186813186813187
[2023-06-15 23:10:03] epoch:85,test_acc=0.018169250659304824
[2023-06-15 23:10:03] final_acc=0.026926998620736796
[2023-06-15 23:10:05] epoch=86, train_loss, 527.3802197733626
[2023-06-15 23:10:05] test, acc=0.012187812187812189
[2023-06-15 23:10:05] epoch:86,test_acc=0.016104092264564482
[2023-06-15 23:10:05] final_acc=0.026926998620736796
[2023-06-15 23:10:07] epoch=87, train_loss, 539.988546499429
[2023-06-15 23:10:07] test, acc=0.012187812187812189
[2023-06-15 23:10:07] epoch:87,test_acc=0.01655862669614237
[2023-06-15 23:10:07] final_acc=0.026926998620736796
[2023-06-15 23:10:08] epoch=88, train_loss, 542.3234297779802
[2023-06-15 23:10:08] test, acc=0.011988011988011988
[2023-06-15 23:10:08] epoch:88,test_acc=0.015323872594939461
[2023-06-15 23:10:08] final_acc=0.026926998620736796
[2023-06-15 23:10:10] epoch=89, train_loss, 529.7458178242937
[2023-06-15 23:10:10] test, acc=0.012187812187812189
[2023-06-15 23:10:10] epoch:89,test_acc=0.016910835390749602
[2023-06-15 23:10:10] final_acc=0.026926998620736796
[2023-06-15 23:10:12] epoch=90, train_loss, 546.7350924068365
[2023-06-15 23:10:12] test, acc=0.013186813186813187
[2023-06-15 23:10:12] epoch:90,test_acc=0.019277105750430505
[2023-06-15 23:10:12] final_acc=0.026926998620736796
[2023-06-15 23:10:14] epoch=91, train_loss, 601.3669991295178
[2023-06-15 23:10:14] test, acc=0.014585414585414586
[2023-06-15 23:10:14] epoch:91,test_acc=0.02107948677935765
[2023-06-15 23:10:14] final_acc=0.026926998620736796
[2023-06-15 23:10:15] epoch=92, train_loss, 604.0126537773937
[2023-06-15 23:10:16] test, acc=0.013186813186813187
[2023-06-15 23:10:16] epoch:92,test_acc=0.019859360221305182
[2023-06-15 23:10:16] final_acc=0.026926998620736796
[2023-06-15 23:10:17] epoch=93, train_loss, 553.8290683149149
[2023-06-15 23:10:17] test, acc=0.013786213786213787
[2023-06-15 23:10:17] epoch:93,test_acc=0.021353009720063498
[2023-06-15 23:10:17] final_acc=0.026926998620736796
[2023-06-15 23:10:19] epoch=94, train_loss, 573.2623223252951
[2023-06-15 23:10:19] test, acc=0.013986013986013986
[2023-06-15 23:10:19] epoch:94,test_acc=0.02002250193000622
[2023-06-15 23:10:19] final_acc=0.026926998620736796
[2023-06-15 23:10:21] epoch=95, train_loss, 583.3717957517971
[2023-06-15 23:10:21] test, acc=0.013786213786213787
[2023-06-15 23:10:21] epoch:95,test_acc=0.02105122148079656
[2023-06-15 23:10:21] final_acc=0.026926998620736796
[2023-06-15 23:10:23] epoch=96, train_loss, 589.3788259097943
[2023-06-15 23:10:23] test, acc=0.013586413586413586
[2023-06-15 23:10:23] epoch:96,test_acc=0.021152278873275258
[2023-06-15 23:10:23] final_acc=0.026926998620736796
[2023-06-15 23:10:24] epoch=97, train_loss, 585.1069370259355
[2023-06-15 23:10:25] test, acc=0.013586413586413586
[2023-06-15 23:10:25] epoch:97,test_acc=0.020807828401871658
[2023-06-15 23:10:25] final_acc=0.026926998620736796
[2023-06-15 23:10:26] epoch=98, train_loss, 595.6917256608177
[2023-06-15 23:10:26] test, acc=0.013386613386613387
[2023-06-15 23:10:26] epoch:98,test_acc=0.020592631077944748
[2023-06-15 23:10:26] final_acc=0.026926998620736796
[2023-06-15 23:10:28] epoch=99, train_loss, 614.4918928542457
[2023-06-15 23:10:28] test, acc=0.013386613386613387
[2023-06-15 23:10:28] epoch:99,test_acc=0.021519758774552027
[2023-06-15 23:10:28] final_acc=0.026926998620736796
