[2023-06-15 23:03:38] Namespace(n_hidden=1024, lr=0.001, batch=128)
[2023-06-15 23:03:43] epoch=0, train_loss, 211.06468383496562
[2023-06-15 23:03:43] test, acc=0.012187812187812189
[2023-06-15 23:03:43] epoch:0,test_acc=0.0143293003808258
[2023-06-15 23:03:43] final_acc=0.0143293003808258
[2023-06-15 23:03:45] epoch=1, train_loss, 911.7675004173011
[2023-06-15 23:03:45] test, acc=0.0005994005994005994
[2023-06-15 23:03:45] epoch:1,test_acc=0.000494361311715494
[2023-06-15 23:03:45] final_acc=0.0143293003808258
[2023-06-15 23:03:46] epoch=2, train_loss, 1546.1474447524586
[2023-06-15 23:03:47] test, acc=0.0013986013986013986
[2023-06-15 23:03:47] epoch:2,test_acc=0.0015807357498327439
[2023-06-15 23:03:47] final_acc=0.0143293003808258
[2023-06-15 23:03:48] epoch=3, train_loss, 2149.906001569364
[2023-06-15 23:03:49] test, acc=0.0001998001998001998
[2023-06-15 23:03:49] epoch:3,test_acc=0.0006404526297872659
[2023-06-15 23:03:49] final_acc=0.0143293003808258
[2023-06-15 23:03:50] epoch=4, train_loss, 2574.5330038344896
[2023-06-15 23:03:50] test, acc=0.0013986013986013986
[2023-06-15 23:03:50] epoch:4,test_acc=0.001804775426343723
[2023-06-15 23:03:50] final_acc=0.0143293003808258
[2023-06-15 23:03:52] epoch=5, train_loss, 2954.7664771521813
[2023-06-15 23:03:52] test, acc=0.0011988011988011988
[2023-06-15 23:03:52] epoch:5,test_acc=0.0015359554196048603
[2023-06-15 23:03:52] final_acc=0.0143293003808258
[2023-06-15 23:03:54] epoch=6, train_loss, 3101.1431444064497
[2023-06-15 23:03:54] test, acc=0.01978021978021978
[2023-06-15 23:03:54] epoch:6,test_acc=0.01832180659071981
[2023-06-15 23:03:54] final_acc=0.01832180659071981
[2023-06-15 23:03:56] epoch=7, train_loss, 3263.8179849740413
[2023-06-15 23:03:56] test, acc=0.004595404595404595
[2023-06-15 23:03:56] epoch:7,test_acc=0.004485087063583755
[2023-06-15 23:03:56] final_acc=0.01832180659071981
[2023-06-15 23:03:58] epoch=8, train_loss, 3515.639876198083
[2023-06-15 23:03:58] test, acc=0.003796203796203796
[2023-06-15 23:03:58] epoch:8,test_acc=0.007032642350691442
[2023-06-15 23:03:58] final_acc=0.01832180659071981
[2023-06-15 23:04:00] epoch=9, train_loss, 3477.820762561152
[2023-06-15 23:04:00] test, acc=0.017582417582417582
[2023-06-15 23:04:00] epoch:9,test_acc=0.021386680947926184
[2023-06-15 23:04:00] final_acc=0.021386680947926184
[2023-06-15 23:04:02] epoch=10, train_loss, 3735.467259416184
[2023-06-15 23:04:03] test, acc=0.004195804195804196
[2023-06-15 23:04:03] epoch:10,test_acc=0.00696188676093379
[2023-06-15 23:04:03] final_acc=0.021386680947926184
[2023-06-15 23:04:04] epoch=11, train_loss, 3607.6815844648563
[2023-06-15 23:04:05] test, acc=0.004795204795204795
[2023-06-15 23:04:05] epoch:11,test_acc=0.006004454707764208
[2023-06-15 23:04:05] final_acc=0.021386680947926184
[2023-06-15 23:04:06] epoch=12, train_loss, 3456.6824104869706
[2023-06-15 23:04:06] test, acc=0.011188811188811189
[2023-06-15 23:04:06] epoch:12,test_acc=0.015945569627829892
[2023-06-15 23:04:06] final_acc=0.021386680947926184
[2023-06-15 23:04:08] epoch=13, train_loss, 3521.563198491788
[2023-06-15 23:04:08] test, acc=0.008191808191808193
[2023-06-15 23:04:08] epoch:13,test_acc=0.013778837115944381
[2023-06-15 23:04:08] final_acc=0.021386680947926184
[2023-06-15 23:04:10] epoch=14, train_loss, 3385.4752914867463
[2023-06-15 23:04:10] test, acc=0.004795204795204795
[2023-06-15 23:04:10] epoch:14,test_acc=0.006755974217310214
[2023-06-15 23:04:10] final_acc=0.021386680947926184
[2023-06-15 23:04:12] epoch=15, train_loss, 3130.167069407698
[2023-06-15 23:04:12] test, acc=0.02177822177822178
[2023-06-15 23:04:12] epoch:15,test_acc=0.02722226624482175
[2023-06-15 23:04:12] final_acc=0.02722226624482175
[2023-06-15 23:04:14] epoch=16, train_loss, 3176.4335504598894
[2023-06-15 23:04:14] test, acc=0.006393606393606394
[2023-06-15 23:04:14] epoch:16,test_acc=0.008556202076988428
[2023-06-15 23:04:14] final_acc=0.02722226624482175
[2023-06-15 23:04:16] epoch=17, train_loss, 2743.59955087485
[2023-06-15 23:04:16] test, acc=0.011988011988011988
[2023-06-15 23:04:16] epoch:17,test_acc=0.01609641382987461
[2023-06-15 23:04:16] final_acc=0.02722226624482175
[2023-06-15 23:04:17] epoch=18, train_loss, 2499.87668363431
[2023-06-15 23:04:18] test, acc=0.006393606393606394
[2023-06-15 23:04:18] epoch:18,test_acc=0.011417456575316268
[2023-06-15 23:04:18] final_acc=0.02722226624482175
[2023-06-15 23:04:19] epoch=19, train_loss, 2042.3605775680785
[2023-06-15 23:04:19] test, acc=0.024375624375624377
[2023-06-15 23:04:19] epoch:19,test_acc=0.03173940785122983
[2023-06-15 23:04:19] final_acc=0.03173940785122983
[2023-06-15 23:04:21] epoch=20, train_loss, 1844.5068852726263
[2023-06-15 23:04:21] test, acc=0.00919080919080919
[2023-06-15 23:04:21] epoch:20,test_acc=0.012327725629574147
[2023-06-15 23:04:21] final_acc=0.03173940785122983
[2023-06-15 23:04:23] epoch=21, train_loss, 1486.9259493404304
[2023-06-15 23:04:23] test, acc=0.01938061938061938
[2023-06-15 23:04:23] epoch:21,test_acc=0.023339901239353096
[2023-06-15 23:04:23] final_acc=0.03173940785122983
[2023-06-15 23:04:25] epoch=22, train_loss, 1362.9889160741252
[2023-06-15 23:04:25] test, acc=0.01818181818181818
[2023-06-15 23:04:25] epoch:22,test_acc=0.02758760466721751
[2023-06-15 23:04:25] final_acc=0.03173940785122983
[2023-06-15 23:04:27] epoch=23, train_loss, 1201.325978142004
[2023-06-15 23:04:27] test, acc=0.013386613386613387
[2023-06-15 23:04:27] epoch:23,test_acc=0.019758425782530196
[2023-06-15 23:04:27] final_acc=0.03173940785122983
[2023-06-15 23:04:28] epoch=24, train_loss, 1006.5049185950916
[2023-06-15 23:04:29] test, acc=0.013586413586413586
[2023-06-15 23:04:29] epoch:24,test_acc=0.0221703892494566
[2023-06-15 23:04:29] final_acc=0.03173940785122983
[2023-06-15 23:04:30] epoch=25, train_loss, 867.5587580379206
[2023-06-15 23:04:31] test, acc=0.018581418581418582
[2023-06-15 23:04:31] epoch:25,test_acc=0.02691224153903272
[2023-06-15 23:04:31] final_acc=0.03173940785122983
[2023-06-15 23:04:32] epoch=26, train_loss, 795.4763548244683
[2023-06-15 23:04:32] test, acc=0.02077922077922078
[2023-06-15 23:04:32] epoch:26,test_acc=0.027475643190881232
[2023-06-15 23:04:32] final_acc=0.03173940785122983
[2023-06-15 23:04:34] epoch=27, train_loss, 649.4383220977296
[2023-06-15 23:04:34] test, acc=0.01078921078921079
[2023-06-15 23:04:34] epoch:27,test_acc=0.017515781824091168
[2023-06-15 23:04:34] final_acc=0.03173940785122983
[2023-06-15 23:04:36] epoch=28, train_loss, 629.6389063143502
[2023-06-15 23:04:36] test, acc=0.014585414585414586
[2023-06-15 23:04:36] epoch:28,test_acc=0.020373423539744702
[2023-06-15 23:04:36] final_acc=0.03173940785122983
[2023-06-15 23:04:38] epoch=29, train_loss, 583.533178896188
[2023-06-15 23:04:38] test, acc=0.017782217782217783
[2023-06-15 23:04:38] epoch:29,test_acc=0.023792681059053418
[2023-06-15 23:04:38] final_acc=0.03173940785122983
[2023-06-15 23:04:40] epoch=30, train_loss, 554.8100583499994
[2023-06-15 23:04:40] test, acc=0.014185814185814187
[2023-06-15 23:04:40] epoch:30,test_acc=0.020704454355791095
[2023-06-15 23:04:40] final_acc=0.03173940785122983
[2023-06-15 23:04:41] epoch=31, train_loss, 517.4475307769288
[2023-06-15 23:04:42] test, acc=0.013586413586413586
[2023-06-15 23:04:42] epoch:31,test_acc=0.020050655860183536
[2023-06-15 23:04:42] final_acc=0.03173940785122983
[2023-06-15 23:04:43] epoch=32, train_loss, 503.93878732017055
[2023-06-15 23:04:43] test, acc=0.015184815184815185
[2023-06-15 23:04:43] epoch:32,test_acc=0.021737142975776082
[2023-06-15 23:04:43] final_acc=0.03173940785122983
[2023-06-15 23:04:45] epoch=33, train_loss, 498.02099743437844
[2023-06-15 23:04:45] test, acc=0.014585414585414586
[2023-06-15 23:04:45] epoch:33,test_acc=0.02012325864955585
[2023-06-15 23:04:45] final_acc=0.03173940785122983
[2023-06-15 23:04:47] epoch=34, train_loss, 543.5556125153367
[2023-06-15 23:04:47] test, acc=0.014185814185814187
[2023-06-15 23:04:47] epoch:34,test_acc=0.019834592425847532
[2023-06-15 23:04:47] final_acc=0.03173940785122983
[2023-06-15 23:04:49] epoch=35, train_loss, 517.4592662482216
[2023-06-15 23:04:49] test, acc=0.014785214785214785
[2023-06-15 23:04:49] epoch:35,test_acc=0.022736263708557296
[2023-06-15 23:04:49] final_acc=0.03173940785122983
[2023-06-15 23:04:51] epoch=36, train_loss, 553.9968576157055
[2023-06-15 23:04:51] test, acc=0.013186813186813187
[2023-06-15 23:04:51] epoch:36,test_acc=0.020088500864846117
[2023-06-15 23:04:51] final_acc=0.03173940785122983
[2023-06-15 23:04:52] epoch=37, train_loss, 534.5805713300126
[2023-06-15 23:04:53] test, acc=0.014385614385614386
[2023-06-15 23:04:53] epoch:37,test_acc=0.022367014048490095
[2023-06-15 23:04:53] final_acc=0.03173940785122983
[2023-06-15 23:04:54] epoch=38, train_loss, 571.1472604038617
[2023-06-15 23:04:55] test, acc=0.015584415584415584
[2023-06-15 23:04:55] epoch:38,test_acc=0.024802758316977994
[2023-06-15 23:04:55] final_acc=0.03173940785122983
[2023-06-15 23:04:56] epoch=39, train_loss, 584.6644024833704
[2023-06-15 23:04:56] test, acc=0.015184815184815185
[2023-06-15 23:04:56] epoch:39,test_acc=0.02366248883470335
[2023-06-15 23:04:56] final_acc=0.03173940785122983
[2023-06-15 23:04:58] epoch=40, train_loss, 565.9767470192223
[2023-06-15 23:04:58] test, acc=0.015184815184815185
[2023-06-15 23:04:58] epoch:40,test_acc=0.023769733886748568
[2023-06-15 23:04:58] final_acc=0.03173940785122983
[2023-06-15 23:05:00] epoch=41, train_loss, 584.6267893245807
[2023-06-15 23:05:00] test, acc=0.014985014985014986
[2023-06-15 23:05:00] epoch:41,test_acc=0.023906637854849325
[2023-06-15 23:05:00] final_acc=0.03173940785122983
[2023-06-15 23:05:02] epoch=42, train_loss, 646.8904469645443
[2023-06-15 23:05:02] test, acc=0.014185814185814187
[2023-06-15 23:05:02] epoch:42,test_acc=0.022773307791961076
[2023-06-15 23:05:02] final_acc=0.03173940785122983
[2023-06-15 23:05:04] epoch=43, train_loss, 636.5970128458529
[2023-06-15 23:05:04] test, acc=0.013786213786213787
[2023-06-15 23:05:04] epoch:43,test_acc=0.022634917999446863
[2023-06-15 23:05:04] final_acc=0.03173940785122983
[2023-06-15 23:05:06] epoch=44, train_loss, 631.9587997095273
[2023-06-15 23:05:06] test, acc=0.014385614385614386
[2023-06-15 23:05:06] epoch:44,test_acc=0.023130959994402834
[2023-06-15 23:05:06] final_acc=0.03173940785122983
[2023-06-15 23:05:08] epoch=45, train_loss, 625.2056042363469
[2023-06-15 23:05:08] test, acc=0.014385614385614386
[2023-06-15 23:05:08] epoch:45,test_acc=0.02291844508598943
[2023-06-15 23:05:08] final_acc=0.03173940785122983
[2023-06-15 23:05:10] epoch=46, train_loss, 676.3686487636627
[2023-06-15 23:05:10] test, acc=0.013986013986013986
[2023-06-15 23:05:10] epoch:46,test_acc=0.021892596380418523
[2023-06-15 23:05:10] final_acc=0.03173940785122983
[2023-06-15 23:05:12] epoch=47, train_loss, 722.2574342965348
[2023-06-15 23:05:12] test, acc=0.013786213786213787
[2023-06-15 23:05:12] epoch:47,test_acc=0.023002752873074135
[2023-06-15 23:05:12] final_acc=0.03173940785122983
[2023-06-15 23:05:14] epoch=48, train_loss, 669.1910726407085
[2023-06-15 23:05:14] test, acc=0.014585414585414586
[2023-06-15 23:05:14] epoch:48,test_acc=0.023157584355464694
[2023-06-15 23:05:14] final_acc=0.03173940785122983
[2023-06-15 23:05:16] epoch=49, train_loss, 677.8262477301942
[2023-06-15 23:05:16] test, acc=0.013986013986013986
[2023-06-15 23:05:16] epoch:49,test_acc=0.022609034315905434
[2023-06-15 23:05:16] final_acc=0.03173940785122983
[2023-06-15 23:05:17] epoch=50, train_loss, 690.1194318094954
[2023-06-15 23:05:18] test, acc=0.015184815184815185
[2023-06-15 23:05:18] epoch:50,test_acc=0.02326214771702417
[2023-06-15 23:05:18] final_acc=0.03173940785122983
[2023-06-15 23:05:19] epoch=51, train_loss, 718.822571897659
[2023-06-15 23:05:19] test, acc=0.015584415584415584
[2023-06-15 23:05:19] epoch:51,test_acc=0.02315729783274244
[2023-06-15 23:05:19] final_acc=0.03173940785122983
[2023-06-15 23:05:21] epoch=52, train_loss, 722.2868971169567
[2023-06-15 23:05:21] test, acc=0.015184815184815185
[2023-06-15 23:05:21] epoch:52,test_acc=0.02297556130767765
[2023-06-15 23:05:21] final_acc=0.03173940785122983
[2023-06-15 23:05:23] epoch=53, train_loss, 759.0615994633197
[2023-06-15 23:05:23] test, acc=0.014785214785214785
[2023-06-15 23:05:23] epoch:53,test_acc=0.023171452318504503
[2023-06-15 23:05:23] final_acc=0.03173940785122983
[2023-06-15 23:05:25] epoch=54, train_loss, 751.4336303125936
[2023-06-15 23:05:25] test, acc=0.015984015984015984
[2023-06-15 23:05:25] epoch:54,test_acc=0.02493242853138921
[2023-06-15 23:05:25] final_acc=0.03173940785122983
[2023-06-15 23:05:27] epoch=55, train_loss, 828.0158131754818
[2023-06-15 23:05:27] test, acc=0.016383616383616385
[2023-06-15 23:05:27] epoch:55,test_acc=0.025119860735751776
[2023-06-15 23:05:27] final_acc=0.03173940785122983
[2023-06-15 23:05:28] epoch=56, train_loss, 818.3322932331707
[2023-06-15 23:05:29] test, acc=0.016383616383616385
[2023-06-15 23:05:29] epoch:56,test_acc=0.025536434992860423
[2023-06-15 23:05:29] final_acc=0.03173940785122983
[2023-06-15 23:05:30] epoch=57, train_loss, 794.9477969038601
[2023-06-15 23:05:30] test, acc=0.016583416583416583
[2023-06-15 23:05:30] epoch:57,test_acc=0.025175454399764974
[2023-06-15 23:05:30] final_acc=0.03173940785122983
[2023-06-15 23:05:32] epoch=58, train_loss, 807.2616894999251
[2023-06-15 23:05:32] test, acc=0.016383616383616385
[2023-06-15 23:05:32] epoch:58,test_acc=0.023489856226161985
[2023-06-15 23:05:32] final_acc=0.03173940785122983
[2023-06-15 23:05:34] epoch=59, train_loss, 783.1163851095084
[2023-06-15 23:05:34] test, acc=0.016183816183816185
[2023-06-15 23:05:34] epoch:59,test_acc=0.022869154875276704
[2023-06-15 23:05:34] final_acc=0.03173940785122983
[2023-06-15 23:05:36] epoch=60, train_loss, 826.9233100086736
[2023-06-15 23:05:36] test, acc=0.015384615384615385
[2023-06-15 23:05:36] epoch:60,test_acc=0.022363060614446057
[2023-06-15 23:05:36] final_acc=0.03173940785122983
[2023-06-15 23:05:38] epoch=61, train_loss, 826.1850094536242
[2023-06-15 23:05:38] test, acc=0.015184815184815185
[2023-06-15 23:05:38] epoch:61,test_acc=0.021170097738687187
[2023-06-15 23:05:38] final_acc=0.03173940785122983
[2023-06-15 23:05:40] epoch=62, train_loss, 844.3578766168098
[2023-06-15 23:05:40] test, acc=0.014385614385614386
[2023-06-15 23:05:40] epoch:62,test_acc=0.02000425654581096
[2023-06-15 23:05:40] final_acc=0.03173940785122983
[2023-06-15 23:05:42] epoch=63, train_loss, 866.5739827993959
[2023-06-15 23:05:42] test, acc=0.014385614385614386
[2023-06-15 23:05:42] epoch:63,test_acc=0.01979479040802295
[2023-06-15 23:05:42] final_acc=0.03173940785122983
[2023-06-15 23:05:44] epoch=64, train_loss, 838.8305713300126
[2023-06-15 23:05:44] test, acc=0.014385614385614386
[2023-06-15 23:05:44] epoch:64,test_acc=0.019978791737587345
[2023-06-15 23:05:44] final_acc=0.03173940785122983
[2023-06-15 23:05:46] epoch=65, train_loss, 853.955627343906
[2023-06-15 23:05:46] test, acc=0.015184815184815185
[2023-06-15 23:05:46] epoch:65,test_acc=0.021554698851794035
[2023-06-15 23:05:46] final_acc=0.03173940785122983
[2023-06-15 23:05:47] epoch=66, train_loss, 851.2984065339207
[2023-06-15 23:05:48] test, acc=0.014185814185814187
[2023-06-15 23:05:48] epoch:66,test_acc=0.019927921386368428
[2023-06-15 23:05:48] final_acc=0.03173940785122983
[2023-06-15 23:05:49] epoch=67, train_loss, 850.4952854729308
[2023-06-15 23:05:49] test, acc=0.014585414585414586
[2023-06-15 23:05:49] epoch:67,test_acc=0.02041581787191209
[2023-06-15 23:05:49] final_acc=0.03173940785122983
[2023-06-15 23:05:51] epoch=68, train_loss, 832.5777287589856
[2023-06-15 23:05:51] test, acc=0.015384615384615385
[2023-06-15 23:05:51] epoch:68,test_acc=0.02135659717888942
[2023-06-15 23:05:51] final_acc=0.03173940785122983
[2023-06-15 23:05:53] epoch=69, train_loss, 896.4103385754668
[2023-06-15 23:05:53] test, acc=0.013586413586413586
[2023-06-15 23:05:53] epoch:69,test_acc=0.018032063659700427
[2023-06-15 23:05:53] final_acc=0.03173940785122983
[2023-06-15 23:05:55] epoch=70, train_loss, 947.3088322356106
[2023-06-15 23:05:55] test, acc=0.014185814185814187
[2023-06-15 23:05:55] epoch:70,test_acc=0.019149758861459996
[2023-06-15 23:05:55] final_acc=0.03173940785122983
[2023-06-15 23:05:57] epoch=71, train_loss, 898.7191025121524
[2023-06-15 23:05:57] test, acc=0.014185814185814187
[2023-06-15 23:05:57] epoch:71,test_acc=0.01934570703646375
[2023-06-15 23:05:57] final_acc=0.03173940785122983
[2023-06-15 23:05:58] epoch=72, train_loss, 951.4103208304214
[2023-06-15 23:05:59] test, acc=0.014385614385614386
[2023-06-15 23:05:59] epoch:72,test_acc=0.01920022774032
[2023-06-15 23:05:59] final_acc=0.03173940785122983
[2023-06-15 23:06:00] epoch=73, train_loss, 992.2208690704248
[2023-06-15 23:06:00] test, acc=0.014585414585414586
[2023-06-15 23:06:00] epoch:73,test_acc=0.020212982010903546
[2023-06-15 23:06:00] final_acc=0.03173940785122983
[2023-06-15 23:06:02] epoch=74, train_loss, 899.5142453714682
[2023-06-15 23:06:02] test, acc=0.014185814185814187
[2023-06-15 23:06:02] epoch:74,test_acc=0.019550603872755378
[2023-06-15 23:06:02] final_acc=0.03173940785122983
[2023-06-15 23:06:04] epoch=75, train_loss, 951.1797097300569
[2023-06-15 23:06:04] test, acc=0.013386613386613387
[2023-06-15 23:06:04] epoch:75,test_acc=0.018685260568691443
[2023-06-15 23:06:04] final_acc=0.03173940785122983
[2023-06-15 23:06:06] epoch=76, train_loss, 918.6331036357453
[2023-06-15 23:06:06] test, acc=0.012187812187812189
[2023-06-15 23:06:06] epoch:76,test_acc=0.017635134716487626
[2023-06-15 23:06:06] final_acc=0.03173940785122983
[2023-06-15 23:06:08] epoch=77, train_loss, 926.5896065318927
[2023-06-15 23:06:08] test, acc=0.013786213786213787
[2023-06-15 23:06:08] epoch:77,test_acc=0.019969038896921226
[2023-06-15 23:06:08] final_acc=0.03173940785122983
[2023-06-15 23:06:09] epoch=78, train_loss, 940.7711269243207
[2023-06-15 23:06:10] test, acc=0.012387612387612388
[2023-06-15 23:06:10] epoch:78,test_acc=0.019337408479504787
[2023-06-15 23:06:10] final_acc=0.03173940785122983
[2023-06-15 23:06:11] epoch=79, train_loss, 952.800701153545
[2023-06-15 23:06:11] test, acc=0.012787212787212787
[2023-06-15 23:06:11] epoch:79,test_acc=0.018705759886256564
[2023-06-15 23:06:11] final_acc=0.03173940785122983
[2023-06-15 23:06:13] epoch=80, train_loss, 999.9026976759061
[2023-06-15 23:06:13] test, acc=0.012587412587412588
[2023-06-15 23:06:13] epoch:80,test_acc=0.018774000217893848
[2023-06-15 23:06:13] final_acc=0.03173940785122983
[2023-06-15 23:06:15] epoch=81, train_loss, 922.7023451930037
[2023-06-15 23:06:15] test, acc=0.012387612387612388
[2023-06-15 23:06:15] epoch:81,test_acc=0.018397302139896918
[2023-06-15 23:06:15] final_acc=0.03173940785122983
[2023-06-15 23:06:17] epoch=82, train_loss, 966.9620193140195
[2023-06-15 23:06:17] test, acc=0.012387612387612388
[2023-06-15 23:06:17] epoch:82,test_acc=0.01958235601009706
[2023-06-15 23:06:17] final_acc=0.03173940785122983
[2023-06-15 23:06:19] epoch=83, train_loss, 1013.466679289699
[2023-06-15 23:06:19] test, acc=0.01138861138861139
[2023-06-15 23:06:19] epoch:83,test_acc=0.017656761613415426
[2023-06-15 23:06:19] final_acc=0.03173940785122983
[2023-06-15 23:06:20] epoch=84, train_loss, 1042.9546619939347
[2023-06-15 23:06:21] test, acc=0.011588411588411588
[2023-06-15 23:06:21] epoch:84,test_acc=0.018183658364044543
[2023-06-15 23:06:21] final_acc=0.03173940785122983
[2023-06-15 23:06:22] epoch=85, train_loss, 1077.3660479170826
[2023-06-15 23:06:22] test, acc=0.012787212787212787
[2023-06-15 23:06:22] epoch:85,test_acc=0.01886275992005587
[2023-06-15 23:06:22] final_acc=0.03173940785122983
[2023-06-15 23:06:24] epoch=86, train_loss, 1023.8442924913887
[2023-06-15 23:06:24] test, acc=0.013186813186813187
[2023-06-15 23:06:24] epoch:86,test_acc=0.020364429811088637
[2023-06-15 23:06:24] final_acc=0.03173940785122983
[2023-06-15 23:06:26] epoch=87, train_loss, 1072.158343330359
[2023-06-15 23:06:26] test, acc=0.012387612387612388
[2023-06-15 23:06:26] epoch:87,test_acc=0.019132736197688398
[2023-06-15 23:06:26] final_acc=0.03173940785122983
[2023-06-15 23:06:28] epoch=88, train_loss, 1068.139405466878
[2023-06-15 23:06:28] test, acc=0.012387612387612388
[2023-06-15 23:06:28] epoch:88,test_acc=0.019238063177906262
[2023-06-15 23:06:28] final_acc=0.03173940785122983
[2023-06-15 23:06:30] epoch=89, train_loss, 1045.7575410593051
[2023-06-15 23:06:30] test, acc=0.014385614385614386
[2023-06-15 23:06:30] epoch:89,test_acc=0.021294060818917614
[2023-06-15 23:06:30] final_acc=0.03173940785122983
[2023-06-15 23:06:31] epoch=90, train_loss, 1082.6163548478685
[2023-06-15 23:06:32] test, acc=0.014585414585414586
[2023-06-15 23:06:32] epoch:90,test_acc=0.02176510250232619
[2023-06-15 23:06:32] final_acc=0.03173940785122983
[2023-06-15 23:06:33] epoch=91, train_loss, 1054.775530830359
[2023-06-15 23:06:33] test, acc=0.014385614385614386
[2023-06-15 23:06:33] epoch:91,test_acc=0.021102159163155495
[2023-06-15 23:06:33] final_acc=0.03173940785122983
[2023-06-15 23:06:35] epoch=92, train_loss, 1129.8571243042381
[2023-06-15 23:06:35] test, acc=0.013786213786213787
[2023-06-15 23:06:35] epoch:92,test_acc=0.020918649357263223
[2023-06-15 23:06:35] final_acc=0.03173940785122983
[2023-06-15 23:06:37] epoch=93, train_loss, 1079.355796058338
[2023-06-15 23:06:37] test, acc=0.014585414585414586
[2023-06-15 23:06:37] epoch:93,test_acc=0.021601255436784445
[2023-06-15 23:06:37] final_acc=0.03173940785122983
[2023-06-15 23:06:39] epoch=94, train_loss, 1071.7285364656784
[2023-06-15 23:06:39] test, acc=0.014585414585414586
[2023-06-15 23:06:39] epoch:94,test_acc=0.020980905734403494
[2023-06-15 23:06:39] final_acc=0.03173940785122983
[2023-06-15 23:06:41] epoch=95, train_loss, 1108.4997048667444
[2023-06-15 23:06:41] test, acc=0.014385614385614386
[2023-06-15 23:06:41] epoch:95,test_acc=0.0208922179630217
[2023-06-15 23:06:41] final_acc=0.03173940785122983
[2023-06-15 23:06:43] epoch=96, train_loss, 1144.3752690519389
[2023-06-15 23:06:43] test, acc=0.014385614385614386
[2023-06-15 23:06:43] epoch:96,test_acc=0.020834603343023485
[2023-06-15 23:06:43] final_acc=0.03173940785122983
[2023-06-15 23:06:44] epoch=97, train_loss, 1097.7564111289125
[2023-06-15 23:06:45] test, acc=0.013986013986013986
[2023-06-15 23:06:45] epoch:97,test_acc=0.019960381705906784
[2023-06-15 23:06:45] final_acc=0.03173940785122983
[2023-06-15 23:06:46] epoch=98, train_loss, 1156.9874911079773
[2023-06-15 23:06:46] test, acc=0.013986013986013986
[2023-06-15 23:06:46] epoch:98,test_acc=0.01928585399683307
[2023-06-15 23:06:46] final_acc=0.03173940785122983
[2023-06-15 23:06:48] epoch=99, train_loss, 1212.5621419790834
[2023-06-15 23:06:48] test, acc=0.013586413586413586
[2023-06-15 23:06:48] epoch:99,test_acc=0.018290238494414683
[2023-06-15 23:06:48] final_acc=0.03173940785122983
