[2023-06-15 20:56:07] Namespace(n_hidden=4096, lr=0.0005, batch=128)
[2023-06-15 20:56:19] epoch=0, train_loss, 250.90709045519844
[2023-06-15 20:56:19] test, acc=0.013386613386613387
[2023-06-15 20:56:19] epoch:0,test_acc=0.013462708636101581
[2023-06-15 20:56:19] final_acc=0.013462708636101581
[2023-06-15 20:56:24] epoch=1, train_loss, 839.6183736880366
[2023-06-15 20:56:25] test, acc=0.05174825174825175
[2023-06-15 20:56:25] epoch:1,test_acc=0.05524224238089811
[2023-06-15 20:56:25] final_acc=0.05524224238089811
[2023-06-15 20:56:30] epoch=2, train_loss, 1044.6579702944039
[2023-06-15 20:56:30] test, acc=0.07152847152847153
[2023-06-15 20:56:30] epoch:2,test_acc=0.07305842745894622
[2023-06-15 20:56:30] final_acc=0.07305842745894622
[2023-06-15 20:56:35] epoch=3, train_loss, 1417.6815733498279
[2023-06-15 20:56:35] test, acc=0.07652347652347652
[2023-06-15 20:56:35] epoch:3,test_acc=0.0717947459645093
[2023-06-15 20:56:35] final_acc=0.07305842745894622
[2023-06-15 20:56:41] epoch=4, train_loss, 1821.009322583866
[2023-06-15 20:56:41] test, acc=0.08711288711288712
[2023-06-15 20:56:41] epoch:4,test_acc=0.07748096439330804
[2023-06-15 20:56:41] final_acc=0.07748096439330804
[2023-06-15 20:56:46] epoch=5, train_loss, 2075.568567245532
[2023-06-15 20:56:46] test, acc=0.11108891108891109
[2023-06-15 20:56:46] epoch:5,test_acc=0.11030669772516136
[2023-06-15 20:56:46] final_acc=0.11030669772516136
[2023-06-15 20:56:51] epoch=6, train_loss, 2251.5447179044777
[2023-06-15 20:56:52] test, acc=0.1012987012987013
[2023-06-15 20:56:52] epoch:6,test_acc=0.08876704588390535
[2023-06-15 20:56:52] final_acc=0.11030669772516136
[2023-06-15 20:56:57] epoch=7, train_loss, 2298.453685041434
[2023-06-15 20:56:57] test, acc=0.12707292707292708
[2023-06-15 20:56:57] epoch:7,test_acc=0.12798040259355334
[2023-06-15 20:56:57] final_acc=0.12798040259355334
[2023-06-15 20:57:02] epoch=8, train_loss, 2223.0142209964056
[2023-06-15 20:57:02] test, acc=0.12267732267732268
[2023-06-15 20:57:02] epoch:8,test_acc=0.113075585506803
[2023-06-15 20:57:02] final_acc=0.12798040259355334
[2023-06-15 20:57:08] epoch=9, train_loss, 2193.84840622192
[2023-06-15 20:57:08] test, acc=0.14085914085914086
[2023-06-15 20:57:08] epoch:9,test_acc=0.13375751749483808
[2023-06-15 20:57:08] final_acc=0.13375751749483808
[2023-06-15 20:57:13] epoch=10, train_loss, 2150.541834237096
[2023-06-15 20:57:13] test, acc=0.13986013986013987
[2023-06-15 20:57:13] epoch:10,test_acc=0.13979856498422813
[2023-06-15 20:57:13] final_acc=0.13979856498422813
[2023-06-15 20:57:18] epoch=11, train_loss, 1959.5173681094623
[2023-06-15 20:57:19] test, acc=0.13666333666333666
[2023-06-15 20:57:19] epoch:11,test_acc=0.13100427785354687
[2023-06-15 20:57:19] final_acc=0.13979856498422813
[2023-06-15 20:57:24] epoch=12, train_loss, 1725.0437249619358
[2023-06-15 20:57:24] test, acc=0.15304695304695304
[2023-06-15 20:57:24] epoch:12,test_acc=0.1511573770970169
[2023-06-15 20:57:24] final_acc=0.1511573770970169
[2023-06-15 20:57:29] epoch=13, train_loss, 1732.709262055711
[2023-06-15 20:57:29] test, acc=0.17262737262737263
[2023-06-15 20:57:29] epoch:13,test_acc=0.17160170292815588
[2023-06-15 20:57:29] final_acc=0.17160170292815588
[2023-06-15 20:57:35] epoch=14, train_loss, 1638.033068769656
[2023-06-15 20:57:35] test, acc=0.16763236763236763
[2023-06-15 20:57:35] epoch:14,test_acc=0.15677330129838302
[2023-06-15 20:57:35] final_acc=0.17160170292815588
[2023-06-15 20:57:40] epoch=15, train_loss, 1554.0738080789488
[2023-06-15 20:57:40] test, acc=0.16463536463536463
[2023-06-15 20:57:40] epoch:15,test_acc=0.16397272862410722
[2023-06-15 20:57:40] final_acc=0.17160170292815588
[2023-06-15 20:57:45] epoch=16, train_loss, 1492.5030176327252
[2023-06-15 20:57:46] test, acc=0.16763236763236763
[2023-06-15 20:57:46] epoch:16,test_acc=0.16246021734143123
[2023-06-15 20:57:46] final_acc=0.17160170292815588
[2023-06-15 20:57:51] epoch=17, train_loss, 1372.7484060659194
[2023-06-15 20:57:51] test, acc=0.17962037962037963
[2023-06-15 20:57:51] epoch:17,test_acc=0.17596250217409712
[2023-06-15 20:57:51] final_acc=0.17596250217409712
[2023-06-15 20:57:56] epoch=18, train_loss, 1249.7431584074855
[2023-06-15 20:57:56] test, acc=0.18221778221778223
[2023-06-15 20:57:56] epoch:18,test_acc=0.18278891753376653
[2023-06-15 20:57:56] final_acc=0.18278891753376653
[2023-06-15 20:58:02] epoch=19, train_loss, 1098.7511604479707
[2023-06-15 20:58:02] test, acc=0.18841158841158842
[2023-06-15 20:58:02] epoch:19,test_acc=0.18089170239275398
[2023-06-15 20:58:02] final_acc=0.18278891753376653
[2023-06-15 20:58:07] epoch=20, train_loss, 1095.9597457544492
[2023-06-15 20:58:07] test, acc=0.1944055944055944
[2023-06-15 20:58:07] epoch:20,test_acc=0.1875898394047616
[2023-06-15 20:58:07] final_acc=0.1875898394047616
[2023-06-15 20:58:12] epoch=21, train_loss, 1005.6698505048173
[2023-06-15 20:58:13] test, acc=0.1914085914085914
[2023-06-15 20:58:13] epoch:21,test_acc=0.19349118356012338
[2023-06-15 20:58:13] final_acc=0.19349118356012338
[2023-06-15 20:58:18] epoch=22, train_loss, 908.8524046096558
[2023-06-15 20:58:18] test, acc=0.2047952047952048
[2023-06-15 20:58:18] epoch:22,test_acc=0.19868861337745142
[2023-06-15 20:58:18] final_acc=0.19868861337745142
[2023-06-15 20:58:23] epoch=23, train_loss, 901.4494616231218
[2023-06-15 20:58:23] test, acc=0.1928071928071928
[2023-06-15 20:58:23] epoch:23,test_acc=0.19043849423708442
[2023-06-15 20:58:23] final_acc=0.19868861337745142
[2023-06-15 20:58:29] epoch=24, train_loss, 849.9091206023487
[2023-06-15 20:58:29] test, acc=0.1978021978021978
[2023-06-15 20:58:29] epoch:24,test_acc=0.1972463732896459
[2023-06-15 20:58:29] final_acc=0.19868861337745142
[2023-06-15 20:58:34] epoch=25, train_loss, 834.2398180001841
[2023-06-15 20:58:34] test, acc=0.17542457542457543
[2023-06-15 20:58:34] epoch:25,test_acc=0.17514709212206253
[2023-06-15 20:58:34] final_acc=0.19868861337745142
[2023-06-15 20:58:39] epoch=26, train_loss, 772.8692183326989
[2023-06-15 20:58:40] test, acc=0.2077922077922078
[2023-06-15 20:58:40] epoch:26,test_acc=0.1986096307952509
[2023-06-15 20:58:40] final_acc=0.19868861337745142
[2023-06-15 20:58:45] epoch=27, train_loss, 753.666328893302
[2023-06-15 20:58:45] test, acc=0.196003996003996
[2023-06-15 20:58:45] epoch:27,test_acc=0.19064177693195863
[2023-06-15 20:58:45] final_acc=0.19868861337745142
[2023-06-15 20:58:50] epoch=28, train_loss, 714.7974238776551
[2023-06-15 20:58:51] test, acc=0.18581418581418582
[2023-06-15 20:58:51] epoch:28,test_acc=0.18075123729502113
[2023-06-15 20:58:51] final_acc=0.19868861337745142
[2023-06-15 20:58:56] epoch=29, train_loss, 781.0392784143028
[2023-06-15 20:58:56] test, acc=0.2111888111888112
[2023-06-15 20:58:56] epoch:29,test_acc=0.20699473953219383
[2023-06-15 20:58:56] final_acc=0.20699473953219383
[2023-06-15 20:59:01] epoch=30, train_loss, 603.049809757513
[2023-06-15 20:59:01] test, acc=0.1968031968031968
[2023-06-15 20:59:01] epoch:30,test_acc=0.20024217226563615
[2023-06-15 20:59:01] final_acc=0.20699473953219383
[2023-06-15 20:59:07] epoch=31, train_loss, 620.5341833437593
[2023-06-15 20:59:07] test, acc=0.2035964035964036
[2023-06-15 20:59:07] epoch:31,test_acc=0.20457246472272494
[2023-06-15 20:59:07] final_acc=0.20699473953219383
[2023-06-15 20:59:12] epoch=32, train_loss, 552.6610213697147
[2023-06-15 20:59:12] test, acc=0.2017982017982018
[2023-06-15 20:59:12] epoch:32,test_acc=0.19806271655309038
[2023-06-15 20:59:12] final_acc=0.20699473953219383
[2023-06-15 20:59:17] epoch=33, train_loss, 524.6960725144456
[2023-06-15 20:59:18] test, acc=0.2033966033966034
[2023-06-15 20:59:18] epoch:33,test_acc=0.197542812191086
[2023-06-15 20:59:18] final_acc=0.20699473953219383
[2023-06-15 20:59:23] epoch=34, train_loss, 489.18322666156024
[2023-06-15 20:59:23] test, acc=0.2037962037962038
[2023-06-15 20:59:23] epoch:34,test_acc=0.20349478232197518
[2023-06-15 20:59:23] final_acc=0.20699473953219383
[2023-06-15 20:59:28] epoch=35, train_loss, 485.30191205789487
[2023-06-15 20:59:29] test, acc=0.21298701298701297
[2023-06-15 20:59:29] epoch:35,test_acc=0.21023173550384558
[2023-06-15 20:59:29] final_acc=0.21023173550384558
[2023-06-15 20:59:34] epoch=36, train_loss, 489.2543681330574
[2023-06-15 20:59:34] test, acc=0.21218781218781219
[2023-06-15 20:59:34] epoch:36,test_acc=0.20985916393318454
[2023-06-15 20:59:34] final_acc=0.21023173550384558
[2023-06-15 20:59:39] epoch=37, train_loss, 455.30356473587574
[2023-06-15 20:59:39] test, acc=0.20659340659340658
[2023-06-15 20:59:39] epoch:37,test_acc=0.20284905191175323
[2023-06-15 20:59:39] final_acc=0.21023173550384558
[2023-06-15 20:59:45] epoch=38, train_loss, 451.78044806044704
[2023-06-15 20:59:45] test, acc=0.206993006993007
[2023-06-15 20:59:45] epoch:38,test_acc=0.20413520517175393
[2023-06-15 20:59:45] final_acc=0.21023173550384558
[2023-06-15 20:59:50] epoch=39, train_loss, 459.85415013224934
[2023-06-15 20:59:50] test, acc=0.2015984015984016
[2023-06-15 20:59:50] epoch:39,test_acc=0.2007414883116238
[2023-06-15 20:59:50] final_acc=0.21023173550384558
[2023-06-15 20:59:55] epoch=40, train_loss, 368.59160850451775
[2023-06-15 20:59:56] test, acc=0.21878121878121878
[2023-06-15 20:59:56] epoch:40,test_acc=0.21572299760913777
[2023-06-15 20:59:56] final_acc=0.21572299760913777
[2023-06-15 21:00:01] epoch=41, train_loss, 425.7297560109879
[2023-06-15 21:00:01] test, acc=0.2153846153846154
[2023-06-15 21:00:01] epoch:41,test_acc=0.21524102272925458
[2023-06-15 21:00:01] final_acc=0.21572299760913777
[2023-06-15 21:00:06] epoch=42, train_loss, 410.8147593245339
[2023-06-15 21:00:06] test, acc=0.2
[2023-06-15 21:00:06] epoch:42,test_acc=0.19407912148297737
[2023-06-15 21:00:06] final_acc=0.21572299760913777
[2023-06-15 21:00:12] epoch=43, train_loss, 301.9184172267731
[2023-06-15 21:00:12] test, acc=0.21738261738261738
[2023-06-15 21:00:12] epoch:43,test_acc=0.20838544911457305
[2023-06-15 21:00:12] final_acc=0.21572299760913777
[2023-06-15 21:00:17] epoch=44, train_loss, 353.28213681352025
[2023-06-15 21:00:17] test, acc=0.21038961038961038
[2023-06-15 21:00:17] epoch:44,test_acc=0.20679411134932466
[2023-06-15 21:00:17] final_acc=0.21572299760913777
[2023-06-15 21:00:22] epoch=45, train_loss, 355.7001010571806
[2023-06-15 21:00:23] test, acc=0.2095904095904096
[2023-06-15 21:00:23] epoch:45,test_acc=0.20482141533185122
[2023-06-15 21:00:23] final_acc=0.21572299760913777
[2023-06-15 21:00:28] epoch=46, train_loss, 277.66408919069335
[2023-06-15 21:00:28] test, acc=0.2127872127872128
[2023-06-15 21:00:28] epoch:46,test_acc=0.20961850961707634
[2023-06-15 21:00:28] final_acc=0.21572299760913777
[2023-06-15 21:00:33] epoch=47, train_loss, 303.54217134420867
[2023-06-15 21:00:34] test, acc=0.2043956043956044
[2023-06-15 21:00:34] epoch:47,test_acc=0.20300243551592428
[2023-06-15 21:00:34] final_acc=0.21572299760913777
[2023-06-15 21:00:39] epoch=48, train_loss, 268.49560700437894
[2023-06-15 21:00:39] test, acc=0.2111888111888112
[2023-06-15 21:00:39] epoch:48,test_acc=0.20946925749419268
[2023-06-15 21:00:39] final_acc=0.21572299760913777
[2023-06-15 21:00:44] epoch=49, train_loss, 260.3991866919179
[2023-06-15 21:00:44] test, acc=0.2071928071928072
[2023-06-15 21:00:44] epoch:49,test_acc=0.20605706971046703
[2023-06-15 21:00:44] final_acc=0.21572299760913777
[2023-06-15 21:00:50] epoch=50, train_loss, 202.19725817841842
[2023-06-15 21:00:50] test, acc=0.2077922077922078
[2023-06-15 21:00:50] epoch:50,test_acc=0.20751962392202322
[2023-06-15 21:00:50] final_acc=0.21572299760913777
[2023-06-15 21:00:55] epoch=51, train_loss, 200.49577385168107
[2023-06-15 21:00:55] test, acc=0.21578421578421578
[2023-06-15 21:00:55] epoch:51,test_acc=0.2152992965187425
[2023-06-15 21:00:55] final_acc=0.21572299760913777
[2023-06-15 21:01:00] epoch=52, train_loss, 230.79921509130313
[2023-06-15 21:01:01] test, acc=0.21218781218781219
[2023-06-15 21:01:01] epoch:52,test_acc=0.21286807347700903
[2023-06-15 21:01:01] final_acc=0.21572299760913777
[2023-06-15 21:01:06] epoch=53, train_loss, 200.5377453935032
[2023-06-15 21:01:06] test, acc=0.204995004995005
[2023-06-15 21:01:06] epoch:53,test_acc=0.20672262314263298
[2023-06-15 21:01:06] final_acc=0.21572299760913777
[2023-06-15 21:01:11] epoch=54, train_loss, 195.03606881044163
[2023-06-15 21:01:12] test, acc=0.2035964035964036
[2023-06-15 21:01:12] epoch:54,test_acc=0.19756190004880317
[2023-06-15 21:01:12] final_acc=0.21572299760913777
[2023-06-15 21:01:17] epoch=55, train_loss, 252.12783800679654
[2023-06-15 21:01:17] test, acc=0.214985014985015
[2023-06-15 21:01:17] epoch:55,test_acc=0.2131252616928065
[2023-06-15 21:01:17] final_acc=0.21572299760913777
[2023-06-15 21:01:22] epoch=56, train_loss, 229.09366322325442
[2023-06-15 21:01:22] test, acc=0.2033966033966034
[2023-06-15 21:01:22] epoch:56,test_acc=0.20478956544656732
[2023-06-15 21:01:22] final_acc=0.21572299760913777
[2023-06-15 21:01:27] epoch=57, train_loss, 168.4043638694614
[2023-06-15 21:01:28] test, acc=0.2153846153846154
[2023-06-15 21:01:28] epoch:57,test_acc=0.21403861001660482
[2023-06-15 21:01:28] final_acc=0.21572299760913777
[2023-06-15 21:01:33] epoch=58, train_loss, 202.58750490791883
[2023-06-15 21:01:33] test, acc=0.21318681318681318
[2023-06-15 21:01:33] epoch:58,test_acc=0.21335462995194981
[2023-06-15 21:01:33] final_acc=0.21572299760913777
[2023-06-15 21:01:38] epoch=59, train_loss, 240.26371319073075
[2023-06-15 21:01:39] test, acc=0.2123876123876124
[2023-06-15 21:01:39] epoch:59,test_acc=0.21392143651433293
[2023-06-15 21:01:39] final_acc=0.21572299760913777
[2023-06-15 21:01:44] epoch=60, train_loss, 151.97520778278192
[2023-06-15 21:01:44] test, acc=0.2141858141858142
[2023-06-15 21:01:44] epoch:60,test_acc=0.21280173635694663
[2023-06-15 21:01:44] final_acc=0.21572299760913777
[2023-06-15 21:01:49] epoch=61, train_loss, 183.9164099647595
[2023-06-15 21:01:49] test, acc=0.21718281718281718
[2023-06-15 21:01:49] epoch:61,test_acc=0.21690637058683943
[2023-06-15 21:01:49] final_acc=0.21690637058683943
[2023-06-15 21:01:55] epoch=62, train_loss, 155.3556256933283
[2023-06-15 21:01:55] test, acc=0.2077922077922078
[2023-06-15 21:01:55] epoch:62,test_acc=0.21263569450480505
[2023-06-15 21:01:55] final_acc=0.21690637058683943
[2023-06-15 21:02:00] epoch=63, train_loss, 163.9045342855846
[2023-06-15 21:02:00] test, acc=0.21298701298701297
[2023-06-15 21:02:00] epoch:63,test_acc=0.21634382916057468
[2023-06-15 21:02:00] final_acc=0.21690637058683943
[2023-06-15 21:02:05] epoch=64, train_loss, 159.23287631147585
[2023-06-15 21:02:06] test, acc=0.208991008991009
[2023-06-15 21:02:06] epoch:64,test_acc=0.21294924582708807
[2023-06-15 21:02:06] final_acc=0.21690637058683943
[2023-06-15 21:02:11] epoch=65, train_loss, 164.61775033298758
[2023-06-15 21:02:11] test, acc=0.2057942057942058
[2023-06-15 21:02:11] epoch:65,test_acc=0.2075023044277978
[2023-06-15 21:02:11] final_acc=0.21690637058683943
[2023-06-15 21:02:16] epoch=66, train_loss, 222.81078029669132
[2023-06-15 21:02:17] test, acc=0.2061938061938062
[2023-06-15 21:02:17] epoch:66,test_acc=0.2060809889688655
[2023-06-15 21:02:17] final_acc=0.21690637058683943
[2023-06-15 21:02:22] epoch=67, train_loss, 174.40073353337783
[2023-06-15 21:02:22] test, acc=0.2085914085914086
[2023-06-15 21:02:22] epoch:67,test_acc=0.20368236028722236
[2023-06-15 21:02:22] final_acc=0.21690637058683943
[2023-06-15 21:02:27] epoch=68, train_loss, 141.98940754839194
[2023-06-15 21:02:27] test, acc=0.2113886113886114
[2023-06-15 21:02:27] epoch:68,test_acc=0.2098369841056503
[2023-06-15 21:02:27] final_acc=0.21690637058683943
[2023-06-15 21:02:33] epoch=69, train_loss, 230.55061194081657
[2023-06-15 21:02:33] test, acc=0.2081918081918082
[2023-06-15 21:02:33] epoch:69,test_acc=0.20713640506464795
[2023-06-15 21:02:33] final_acc=0.21690637058683943
[2023-06-15 21:02:38] epoch=70, train_loss, 188.13459861621308
[2023-06-15 21:02:38] test, acc=0.21438561438561438
[2023-06-15 21:02:38] epoch:70,test_acc=0.20745796086901996
[2023-06-15 21:02:38] final_acc=0.21690637058683943
[2023-06-15 21:02:43] epoch=71, train_loss, 242.61286477769275
[2023-06-15 21:02:44] test, acc=0.2113886113886114
[2023-06-15 21:02:44] epoch:71,test_acc=0.20932337786597932
[2023-06-15 21:02:44] final_acc=0.21690637058683943
[2023-06-15 21:02:49] epoch=72, train_loss, 195.79033587763485
[2023-06-15 21:02:49] test, acc=0.21218781218781219
[2023-06-15 21:02:49] epoch:72,test_acc=0.2109247098258274
[2023-06-15 21:02:49] final_acc=0.21690637058683943
[2023-06-15 21:02:54] epoch=73, train_loss, 146.14789110860124
[2023-06-15 21:02:54] test, acc=0.21338661338661338
[2023-06-15 21:02:54] epoch:73,test_acc=0.21467035434227824
[2023-06-15 21:02:54] final_acc=0.21690637058683943
[2023-06-15 21:03:00] epoch=74, train_loss, 187.31331856334552
[2023-06-15 21:03:00] test, acc=0.21058941058941058
[2023-06-15 21:03:00] epoch:74,test_acc=0.20974483591454257
[2023-06-15 21:03:00] final_acc=0.21690637058683943
[2023-06-15 21:03:05] epoch=75, train_loss, 178.67226573225028
[2023-06-15 21:03:05] test, acc=0.21598401598401598
[2023-06-15 21:03:05] epoch:75,test_acc=0.21425737843396106
[2023-06-15 21:03:05] final_acc=0.21690637058683943
[2023-06-15 21:03:10] epoch=76, train_loss, 164.0159443395968
[2023-06-15 21:03:11] test, acc=0.2097902097902098
[2023-06-15 21:03:11] epoch:76,test_acc=0.20949006889163205
[2023-06-15 21:03:11] final_acc=0.21690637058683943
[2023-06-15 21:03:16] epoch=77, train_loss, 173.5946944957486
[2023-06-15 21:03:16] test, acc=0.21578421578421578
[2023-06-15 21:03:16] epoch:77,test_acc=0.21775727143528564
[2023-06-15 21:03:16] final_acc=0.21775727143528564
[2023-06-15 21:03:21] epoch=78, train_loss, 171.6724346514327
[2023-06-15 21:03:22] test, acc=0.2125874125874126
[2023-06-15 21:03:22] epoch:78,test_acc=0.21252124774875178
[2023-06-15 21:03:22] final_acc=0.21775727143528564
[2023-06-15 21:03:27] epoch=79, train_loss, 161.4225528217382
[2023-06-15 21:03:27] test, acc=0.2135864135864136
[2023-06-15 21:03:27] epoch:79,test_acc=0.2125498307118865
[2023-06-15 21:03:27] final_acc=0.21775727143528564
[2023-06-15 21:03:32] epoch=80, train_loss, 362.50526152255765
[2023-06-15 21:03:32] test, acc=0.2125874125874126
[2023-06-15 21:03:32] epoch:80,test_acc=0.20878632029003433
[2023-06-15 21:03:32] final_acc=0.21775727143528564
[2023-06-15 21:03:38] epoch=81, train_loss, 160.899659373128
[2023-06-15 21:03:38] test, acc=0.2095904095904096
[2023-06-15 21:03:38] epoch:81,test_acc=0.21007643982084537
[2023-06-15 21:03:38] final_acc=0.21775727143528564
[2023-06-15 21:03:43] epoch=82, train_loss, 157.4501053928948
[2023-06-15 21:03:43] test, acc=0.2101898101898102
[2023-06-15 21:03:43] epoch:82,test_acc=0.2085815594134266
[2023-06-15 21:03:43] final_acc=0.21775727143528564
[2023-06-15 21:03:48] epoch=83, train_loss, 180.15156540550743
[2023-06-15 21:03:49] test, acc=0.21078921078921078
[2023-06-15 21:03:49] epoch:83,test_acc=0.20369321670614499
[2023-06-15 21:03:49] final_acc=0.21775727143528564
[2023-06-15 21:03:54] epoch=84, train_loss, 178.58803087510935
[2023-06-15 21:03:54] test, acc=0.2137862137862138
[2023-06-15 21:03:54] epoch:84,test_acc=0.21043787522941027
[2023-06-15 21:03:54] final_acc=0.21775727143528564
[2023-06-15 21:03:59] epoch=85, train_loss, 276.66855041901715
[2023-06-15 21:04:00] test, acc=0.21318681318681318
[2023-06-15 21:04:00] epoch:85,test_acc=0.21178510619703395
[2023-06-15 21:04:00] final_acc=0.21775727143528564
[2023-06-15 21:04:05] epoch=86, train_loss, 178.62899400022465
[2023-06-15 21:04:05] test, acc=0.2163836163836164
[2023-06-15 21:04:05] epoch:86,test_acc=0.21294097319716104
[2023-06-15 21:04:05] final_acc=0.21775727143528564
[2023-06-15 21:04:10] epoch=87, train_loss, 174.17293036707673
[2023-06-15 21:04:10] test, acc=0.2151848151848152
[2023-06-15 21:04:10] epoch:87,test_acc=0.2110522855511122
[2023-06-15 21:04:10] final_acc=0.21775727143528564
[2023-06-15 21:04:15] epoch=88, train_loss, 277.25705572743766
[2023-06-15 21:04:16] test, acc=0.2165834165834166
[2023-06-15 21:04:16] epoch:88,test_acc=0.21258814246532026
[2023-06-15 21:04:16] final_acc=0.21775727143528564
[2023-06-15 21:04:21] epoch=89, train_loss, 173.63891212023847
[2023-06-15 21:04:21] test, acc=0.21858141858141858
[2023-06-15 21:04:21] epoch:89,test_acc=0.21355736272749964
[2023-06-15 21:04:21] final_acc=0.21775727143528564
[2023-06-15 21:04:26] epoch=90, train_loss, 159.71635071385782
[2023-06-15 21:04:27] test, acc=0.2175824175824176
[2023-06-15 21:04:27] epoch:90,test_acc=0.21128719150686023
[2023-06-15 21:04:27] final_acc=0.21775727143528564
[2023-06-15 21:04:32] epoch=91, train_loss, 180.6478952328197
[2023-06-15 21:04:32] test, acc=0.21978021978021978
[2023-06-15 21:04:32] epoch:91,test_acc=0.21480102965689202
[2023-06-15 21:04:32] final_acc=0.21775727143528564
[2023-06-15 21:04:37] epoch=92, train_loss, 201.90015929171665
[2023-06-15 21:04:37] test, acc=0.2141858141858142
[2023-06-15 21:04:37] epoch:92,test_acc=0.20792228884480304
[2023-06-15 21:04:37] final_acc=0.21775727143528564
[2023-06-15 21:04:43] epoch=93, train_loss, 187.45391592203666
[2023-06-15 21:04:43] test, acc=0.2153846153846154
[2023-06-15 21:04:43] epoch:93,test_acc=0.20885802796312994
[2023-06-15 21:04:43] final_acc=0.21775727143528564
[2023-06-15 21:04:48] epoch=94, train_loss, 228.57870635742577
[2023-06-15 21:04:48] test, acc=0.210989010989011
[2023-06-15 21:04:48] epoch:94,test_acc=0.2053516412707807
[2023-06-15 21:04:48] final_acc=0.21775727143528564
[2023-06-15 21:04:53] epoch=95, train_loss, 186.7381733476925
[2023-06-15 21:04:54] test, acc=0.2163836163836164
[2023-06-15 21:04:54] epoch:95,test_acc=0.2106282730437695
[2023-06-15 21:04:54] final_acc=0.21775727143528564
[2023-06-15 21:04:59] epoch=96, train_loss, 164.38349392605474
[2023-06-15 21:04:59] test, acc=0.21718281718281718
[2023-06-15 21:04:59] epoch:96,test_acc=0.2141928750843029
[2023-06-15 21:04:59] final_acc=0.21775727143528564
[2023-06-15 21:05:04] epoch=97, train_loss, 313.230414832362
[2023-06-15 21:05:04] test, acc=0.2125874125874126
[2023-06-15 21:05:04] epoch:97,test_acc=0.21008749076499939
[2023-06-15 21:05:04] final_acc=0.21775727143528564
[2023-06-15 21:05:10] epoch=98, train_loss, 203.1478526569403
[2023-06-15 21:05:10] test, acc=0.2135864135864136
[2023-06-15 21:05:10] epoch:98,test_acc=0.20939643629814791
[2023-06-15 21:05:10] final_acc=0.21775727143528564
[2023-06-15 21:05:15] epoch=99, train_loss, 244.88088979507788
[2023-06-15 21:05:15] test, acc=0.2151848151848152
[2023-06-15 21:05:15] epoch:99,test_acc=0.2094548376144573
[2023-06-15 21:05:15] final_acc=0.21775727143528564
