[2023-06-15 21:31:26] Namespace(n_hidden=8192, lr=0.0005, batch=128)
[2023-06-15 21:31:43] epoch=0, train_loss, 524.5960051533514
[2023-06-15 21:31:44] test, acc=0.030969030969030968
[2023-06-15 21:31:44] epoch:0,test_acc=0.027711220185280556
[2023-06-15 21:31:44] final_acc=0.027711220185280556
[2023-06-15 21:31:54] epoch=1, train_loss, 1824.0886675069887
[2023-06-15 21:31:54] test, acc=0.03876123876123876
[2023-06-15 21:31:54] epoch:1,test_acc=0.03613594646590755
[2023-06-15 21:31:54] final_acc=0.03613594646590755
[2023-06-15 21:32:05] epoch=2, train_loss, 2268.9820178339655
[2023-06-15 21:32:05] test, acc=0.07272727272727272
[2023-06-15 21:32:05] epoch:2,test_acc=0.07497683496119165
[2023-06-15 21:32:05] final_acc=0.07497683496119165
[2023-06-15 21:32:15] epoch=3, train_loss, 2685.077134397464
[2023-06-15 21:32:16] test, acc=0.04295704295704296
[2023-06-15 21:32:16] epoch:3,test_acc=0.03970995256817837
[2023-06-15 21:32:16] final_acc=0.07497683496119165
[2023-06-15 21:32:26] epoch=4, train_loss, 3607.6954638203874
[2023-06-15 21:32:26] test, acc=0.07572427572427573
[2023-06-15 21:32:26] epoch:4,test_acc=0.07603113094370503
[2023-06-15 21:32:26] final_acc=0.07603113094370503
[2023-06-15 21:32:37] epoch=5, train_loss, 4130.12534788089
[2023-06-15 21:32:37] test, acc=0.07332667332667332
[2023-06-15 21:32:37] epoch:5,test_acc=0.06733528024532234
[2023-06-15 21:32:37] final_acc=0.07603113094370503
[2023-06-15 21:32:47] epoch=6, train_loss, 4551.362536348093
[2023-06-15 21:32:47] test, acc=0.0967032967032967
[2023-06-15 21:32:47] epoch:6,test_acc=0.09111791921807252
[2023-06-15 21:32:47] final_acc=0.09111791921807252
[2023-06-15 21:32:58] epoch=7, train_loss, 4530.357329054762
[2023-06-15 21:32:58] test, acc=0.10929070929070929
[2023-06-15 21:32:58] epoch:7,test_acc=0.10866641623663806
[2023-06-15 21:32:58] final_acc=0.10866641623663806
[2023-06-15 21:33:08] epoch=8, train_loss, 4691.045910917532
[2023-06-15 21:33:09] test, acc=0.11708291708291708
[2023-06-15 21:33:09] epoch:8,test_acc=0.11210630630958263
[2023-06-15 21:33:09] final_acc=0.11210630630958263
[2023-06-15 21:33:19] epoch=9, train_loss, 4719.069431877746
[2023-06-15 21:33:19] test, acc=0.13346653346653348
[2023-06-15 21:33:19] epoch:9,test_acc=0.12942972998139485
[2023-06-15 21:33:19] final_acc=0.12942972998139485
[2023-06-15 21:33:30] epoch=10, train_loss, 4562.658114204773
[2023-06-15 21:33:30] test, acc=0.13506493506493505
[2023-06-15 21:33:30] epoch:10,test_acc=0.12861428428591057
[2023-06-15 21:33:30] final_acc=0.12942972998139485
[2023-06-15 21:33:40] epoch=11, train_loss, 4515.022028816394
[2023-06-15 21:33:41] test, acc=0.14505494505494507
[2023-06-15 21:33:41] epoch:11,test_acc=0.13632792961093151
[2023-06-15 21:33:41] final_acc=0.13632792961093151
[2023-06-15 21:33:51] epoch=12, train_loss, 3772.648913691219
[2023-06-15 21:33:51] test, acc=0.15764235764235765
[2023-06-15 21:33:51] epoch:12,test_acc=0.15548539586944313
[2023-06-15 21:33:51] final_acc=0.15548539586944313
[2023-06-15 21:34:02] epoch=13, train_loss, 3847.2552096333366
[2023-06-15 21:34:02] test, acc=0.15764235764235765
[2023-06-15 21:34:02] epoch:13,test_acc=0.15320221020926164
[2023-06-15 21:34:02] final_acc=0.15548539586944313
[2023-06-15 21:34:12] epoch=14, train_loss, 3341.795907407523
[2023-06-15 21:34:13] test, acc=0.17782217782217782
[2023-06-15 21:34:13] epoch:14,test_acc=0.1700266839781554
[2023-06-15 21:34:13] final_acc=0.1700266839781554
[2023-06-15 21:34:23] epoch=15, train_loss, 2886.197438395442
[2023-06-15 21:34:23] test, acc=0.16183816183816183
[2023-06-15 21:34:23] epoch:15,test_acc=0.1579152852724286
[2023-06-15 21:34:23] final_acc=0.1700266839781554
[2023-06-15 21:34:34] epoch=16, train_loss, 2970.1518823788188
[2023-06-15 21:34:34] test, acc=0.17222777222777222
[2023-06-15 21:34:34] epoch:16,test_acc=0.1660195870935671
[2023-06-15 21:34:34] final_acc=0.1700266839781554
[2023-06-15 21:34:44] epoch=17, train_loss, 2711.2241944139378
[2023-06-15 21:34:45] test, acc=0.17622377622377622
[2023-06-15 21:34:45] epoch:17,test_acc=0.17088653183233937
[2023-06-15 21:34:45] final_acc=0.17088653183233937
[2023-06-15 21:34:55] epoch=18, train_loss, 2347.971407856804
[2023-06-15 21:34:56] test, acc=0.1824175824175824
[2023-06-15 21:34:56] epoch:18,test_acc=0.17579375885577214
[2023-06-15 21:34:56] final_acc=0.17579375885577214
[2023-06-15 21:35:06] epoch=19, train_loss, 2247.0307348086812
[2023-06-15 21:35:06] test, acc=0.18321678321678322
[2023-06-15 21:35:06] epoch:19,test_acc=0.1810621020406977
[2023-06-15 21:35:06] final_acc=0.1810621020406977
[2023-06-15 21:35:17] epoch=20, train_loss, 2201.767815635608
[2023-06-15 21:35:17] test, acc=0.17742257742257742
[2023-06-15 21:35:17] epoch:20,test_acc=0.1788522804879245
[2023-06-15 21:35:17] final_acc=0.1810621020406977
[2023-06-15 21:35:27] epoch=21, train_loss, 2016.2251464063747
[2023-06-15 21:35:28] test, acc=0.18181818181818182
[2023-06-15 21:35:28] epoch:21,test_acc=0.17621467499713986
[2023-06-15 21:35:28] final_acc=0.1810621020406977
[2023-06-15 21:35:38] epoch=22, train_loss, 1965.090448056547
[2023-06-15 21:35:38] test, acc=0.2051948051948052
[2023-06-15 21:35:38] epoch:22,test_acc=0.19414187671406988
[2023-06-15 21:35:38] final_acc=0.19414187671406988
[2023-06-15 21:35:49] epoch=23, train_loss, 1993.2462240103334
[2023-06-15 21:35:49] test, acc=0.1906093906093906
[2023-06-15 21:35:49] epoch:23,test_acc=0.1904050897641243
[2023-06-15 21:35:49] final_acc=0.19414187671406988
[2023-06-15 21:35:59] epoch=24, train_loss, 1752.9224241214058
[2023-06-15 21:36:00] test, acc=0.19360639360639362
[2023-06-15 21:36:00] epoch:24,test_acc=0.1955603032594291
[2023-06-15 21:36:00] final_acc=0.1955603032594291
[2023-06-15 21:36:10] epoch=25, train_loss, 1649.478136349029
[2023-06-15 21:36:10] test, acc=0.1954045954045954
[2023-06-15 21:36:10] epoch:25,test_acc=0.19548839449951788
[2023-06-15 21:36:10] final_acc=0.1955603032594291
[2023-06-15 21:36:21] epoch=26, train_loss, 1598.7452843029278
[2023-06-15 21:36:21] test, acc=0.1904095904095904
[2023-06-15 21:36:21] epoch:26,test_acc=0.1884217735731513
[2023-06-15 21:36:21] final_acc=0.1955603032594291
[2023-06-15 21:36:31] epoch=27, train_loss, 1591.845436364317
[2023-06-15 21:36:32] test, acc=0.2031968031968032
[2023-06-15 21:36:32] epoch:27,test_acc=0.1984189539343461
[2023-06-15 21:36:32] final_acc=0.1984189539343461
[2023-06-15 21:36:42] epoch=28, train_loss, 1481.1511653619834
[2023-06-15 21:36:42] test, acc=0.200999000999001
[2023-06-15 21:36:42] epoch:28,test_acc=0.19967659780447355
[2023-06-15 21:36:42] final_acc=0.19967659780447355
[2023-06-15 21:36:53] epoch=29, train_loss, 1427.4529805046302
[2023-06-15 21:36:53] test, acc=0.1998001998001998
[2023-06-15 21:36:53] epoch:29,test_acc=0.19386375180878296
[2023-06-15 21:36:53] final_acc=0.19967659780447355
[2023-06-15 21:37:03] epoch=30, train_loss, 1401.0851243479183
[2023-06-15 21:37:04] test, acc=0.19480519480519481
[2023-06-15 21:37:04] epoch:30,test_acc=0.19389084082020522
[2023-06-15 21:37:04] final_acc=0.19967659780447355
[2023-06-15 21:37:14] epoch=31, train_loss, 1356.9569298497404
[2023-06-15 21:37:15] test, acc=0.2083916083916084
[2023-06-15 21:37:15] epoch:31,test_acc=0.20475512980228777
[2023-06-15 21:37:15] final_acc=0.20475512980228777
[2023-06-15 21:37:25] epoch=32, train_loss, 1338.9321083336974
[2023-06-15 21:37:25] test, acc=0.21218781218781219
[2023-06-15 21:37:25] epoch:32,test_acc=0.20441693246848763
[2023-06-15 21:37:25] final_acc=0.20475512980228777
[2023-06-15 21:37:36] epoch=33, train_loss, 1281.2726775830547
[2023-06-15 21:37:36] test, acc=0.208991008991009
[2023-06-15 21:37:36] epoch:33,test_acc=0.20865655302940606
[2023-06-15 21:37:36] final_acc=0.20865655302940606
[2023-06-15 21:37:46] epoch=34, train_loss, 1124.204349993136
[2023-06-15 21:37:47] test, acc=0.2087912087912088
[2023-06-15 21:37:47] epoch:34,test_acc=0.20770004623017568
[2023-06-15 21:37:47] final_acc=0.20865655302940606
[2023-06-15 21:37:57] epoch=35, train_loss, 1057.6799807807508
[2023-06-15 21:37:57] test, acc=0.2083916083916084
[2023-06-15 21:37:57] epoch:35,test_acc=0.20446031897630296
[2023-06-15 21:37:57] final_acc=0.20865655302940606
[2023-06-15 21:38:08] epoch=36, train_loss, 1015.8438628077888
[2023-06-15 21:38:08] test, acc=0.210989010989011
[2023-06-15 21:38:08] epoch:36,test_acc=0.20523562730935807
[2023-06-15 21:38:08] final_acc=0.20865655302940606
[2023-06-15 21:38:18] epoch=37, train_loss, 924.3738738721171
[2023-06-15 21:38:19] test, acc=0.2047952047952048
[2023-06-15 21:38:19] epoch:37,test_acc=0.19702705677447435
[2023-06-15 21:38:19] final_acc=0.20865655302940606
[2023-06-15 21:38:29] epoch=38, train_loss, 1072.9585474763815
[2023-06-15 21:38:30] test, acc=0.2075924075924076
[2023-06-15 21:38:30] epoch:38,test_acc=0.19896391066692326
[2023-06-15 21:38:30] final_acc=0.20865655302940606
[2023-06-15 21:38:40] epoch=39, train_loss, 850.0390217448956
[2023-06-15 21:38:40] test, acc=0.2077922077922078
[2023-06-15 21:38:40] epoch:39,test_acc=0.20629509648184938
[2023-06-15 21:38:40] final_acc=0.20865655302940606
[2023-06-15 21:38:51] epoch=40, train_loss, 837.0922434261432
[2023-06-15 21:38:51] test, acc=0.21038961038961038
[2023-06-15 21:38:51] epoch:40,test_acc=0.19817421561152265
[2023-06-15 21:38:51] final_acc=0.20865655302940606
[2023-06-15 21:39:01] epoch=41, train_loss, 851.3707255890575
[2023-06-15 21:39:02] test, acc=0.2025974025974026
[2023-06-15 21:39:02] epoch:41,test_acc=0.1913461904429365
[2023-06-15 21:39:02] final_acc=0.20865655302940606
[2023-06-15 21:39:12] epoch=42, train_loss, 748.4750765961961
[2023-06-15 21:39:12] test, acc=0.2125874125874126
[2023-06-15 21:39:12] epoch:42,test_acc=0.2052579451954967
[2023-06-15 21:39:12] final_acc=0.20865655302940606
[2023-06-15 21:39:23] epoch=43, train_loss, 703.6028440432807
[2023-06-15 21:39:23] test, acc=0.2051948051948052
[2023-06-15 21:39:23] epoch:43,test_acc=0.20155279347447705
[2023-06-15 21:39:23] final_acc=0.20865655302940606
[2023-06-15 21:39:33] epoch=44, train_loss, 691.6125312049548
[2023-06-15 21:39:34] test, acc=0.213986013986014
[2023-06-15 21:39:34] epoch:44,test_acc=0.2049121442788709
[2023-06-15 21:39:34] final_acc=0.20865655302940606
[2023-06-15 21:39:44] epoch=45, train_loss, 768.4305544722195
[2023-06-15 21:39:45] test, acc=0.2077922077922078
[2023-06-15 21:39:45] epoch:45,test_acc=0.19906469070304933
[2023-06-15 21:39:45] final_acc=0.20865655302940606
[2023-06-15 21:39:55] epoch=46, train_loss, 621.5898727075742
[2023-06-15 21:39:55] test, acc=0.2135864135864136
[2023-06-15 21:39:55] epoch:46,test_acc=0.20807094654849428
[2023-06-15 21:39:55] final_acc=0.20865655302940606
[2023-06-15 21:40:06] epoch=47, train_loss, 745.8768715416661
[2023-06-15 21:40:06] test, acc=0.21858141858141858
[2023-06-15 21:40:06] epoch:47,test_acc=0.21163729761685376
[2023-06-15 21:40:06] final_acc=0.21163729761685376
[2023-06-15 21:40:16] epoch=48, train_loss, 1007.0725624157598
[2023-06-15 21:40:17] test, acc=0.2127872127872128
[2023-06-15 21:40:17] epoch:48,test_acc=0.2078743429357305
[2023-06-15 21:40:17] final_acc=0.21163729761685376
[2023-06-15 21:40:27] epoch=49, train_loss, 693.3017204455293
[2023-06-15 21:40:27] test, acc=0.2153846153846154
[2023-06-15 21:40:27] epoch:49,test_acc=0.20654135495735546
[2023-06-15 21:40:27] final_acc=0.21163729761685376
[2023-06-15 21:40:38] epoch=50, train_loss, 553.0302928400497
[2023-06-15 21:40:38] test, acc=0.208991008991009
[2023-06-15 21:40:38] epoch:50,test_acc=0.2010820887642713
[2023-06-15 21:40:38] final_acc=0.21163729761685376
[2023-06-15 21:40:48] epoch=51, train_loss, 507.92561201394176
[2023-06-15 21:40:49] test, acc=0.21998001998001998
[2023-06-15 21:40:49] epoch:51,test_acc=0.21314538026553514
[2023-06-15 21:40:49] final_acc=0.21314538026553514
[2023-06-15 21:40:59] epoch=52, train_loss, 991.4656896621656
[2023-06-15 21:41:00] test, acc=0.21298701298701297
[2023-06-15 21:41:00] epoch:52,test_acc=0.2071096103207351
[2023-06-15 21:41:00] final_acc=0.21314538026553514
[2023-06-15 21:41:10] epoch=53, train_loss, 921.632597036636
[2023-06-15 21:41:10] test, acc=0.2115884115884116
[2023-06-15 21:41:10] epoch:53,test_acc=0.2057891625249812
[2023-06-15 21:41:10] final_acc=0.21314538026553514
[2023-06-15 21:41:21] epoch=54, train_loss, 491.28630763044754
[2023-06-15 21:41:21] test, acc=0.21858141858141858
[2023-06-15 21:41:21] epoch:54,test_acc=0.2158750584262481
[2023-06-15 21:41:21] final_acc=0.2158750584262481
[2023-06-15 21:41:31] epoch=55, train_loss, 468.3450939434405
[2023-06-15 21:41:32] test, acc=0.2055944055944056
[2023-06-15 21:41:32] epoch:55,test_acc=0.1975870364962438
[2023-06-15 21:41:32] final_acc=0.2158750584262481
[2023-06-15 21:41:42] epoch=56, train_loss, 556.7874325883274
[2023-06-15 21:41:42] test, acc=0.21318681318681318
[2023-06-15 21:41:42] epoch:56,test_acc=0.20470826397242212
[2023-06-15 21:41:42] final_acc=0.2158750584262481
[2023-06-15 21:41:53] epoch=57, train_loss, 473.6220250723842
[2023-06-15 21:41:53] test, acc=0.21618381618381619
[2023-06-15 21:41:53] epoch:57,test_acc=0.20988222064007306
[2023-06-15 21:41:53] final_acc=0.2158750584262481
[2023-06-15 21:42:03] epoch=58, train_loss, 522.8631410385473
[2023-06-15 21:42:04] test, acc=0.21318681318681318
[2023-06-15 21:42:04] epoch:58,test_acc=0.21023267993675
[2023-06-15 21:42:04] final_acc=0.2158750584262481
[2023-06-15 21:42:14] epoch=59, train_loss, 442.4626262043231
[2023-06-15 21:42:14] test, acc=0.21458541458541458
[2023-06-15 21:42:14] epoch:59,test_acc=0.20748953564378042
[2023-06-15 21:42:14] final_acc=0.2158750584262481
[2023-06-15 21:42:25] epoch=60, train_loss, 1518.41749212003
[2023-06-15 21:42:25] test, acc=0.213986013986014
[2023-06-15 21:42:25] epoch:60,test_acc=0.20775625611860188
[2023-06-15 21:42:25] final_acc=0.2158750584262481
[2023-06-15 21:42:35] epoch=61, train_loss, 1082.898319914699
[2023-06-15 21:42:36] test, acc=0.21198801198801198
[2023-06-15 21:42:36] epoch:61,test_acc=0.2052854872994677
[2023-06-15 21:42:36] final_acc=0.2158750584262481
[2023-06-15 21:42:46] epoch=62, train_loss, 342.0404653373909
[2023-06-15 21:42:46] test, acc=0.21738261738261738
[2023-06-15 21:42:46] epoch:62,test_acc=0.20936737526945035
[2023-06-15 21:42:46] final_acc=0.2158750584262481
[2023-06-15 21:42:57] epoch=63, train_loss, 410.41685939216006
[2023-06-15 21:42:57] test, acc=0.218981018981019
[2023-06-15 21:42:57] epoch:63,test_acc=0.21254284931765116
[2023-06-15 21:42:57] final_acc=0.2158750584262481
[2023-06-15 21:43:07] epoch=64, train_loss, 436.06157875670414
[2023-06-15 21:43:08] test, acc=0.2051948051948052
[2023-06-15 21:43:08] epoch:64,test_acc=0.20047231064636914
[2023-06-15 21:43:08] final_acc=0.2158750584262481
[2023-06-15 21:43:18] epoch=65, train_loss, 332.4743708162643
[2023-06-15 21:43:18] test, acc=0.21478521478521478
[2023-06-15 21:43:18] epoch:65,test_acc=0.2099047279118822
[2023-06-15 21:43:18] final_acc=0.2158750584262481
[2023-06-15 21:43:29] epoch=66, train_loss, 382.39195880398285
[2023-06-15 21:43:29] test, acc=0.21458541458541458
[2023-06-15 21:43:29] epoch:66,test_acc=0.2081042736475675
[2023-06-15 21:43:29] final_acc=0.2158750584262481
[2023-06-15 21:43:40] epoch=67, train_loss, 506.45344392331646
[2023-06-15 21:43:40] test, acc=0.21478521478521478
[2023-06-15 21:43:40] epoch:67,test_acc=0.20821603682996176
[2023-06-15 21:43:40] final_acc=0.2158750584262481
[2023-06-15 21:43:50] epoch=68, train_loss, 320.5094873592876
[2023-06-15 21:43:51] test, acc=0.21338661338661338
[2023-06-15 21:43:51] epoch:68,test_acc=0.206960735462227
[2023-06-15 21:43:51] final_acc=0.2158750584262481
[2023-06-15 21:44:01] epoch=69, train_loss, 355.80497006181713
[2023-06-15 21:44:01] test, acc=0.21718281718281718
[2023-06-15 21:44:01] epoch:69,test_acc=0.2108050217823995
[2023-06-15 21:44:01] final_acc=0.2158750584262481
[2023-06-15 21:44:12] epoch=70, train_loss, 419.88241898899264
[2023-06-15 21:44:12] test, acc=0.213986013986014
[2023-06-15 21:44:12] epoch:70,test_acc=0.20764672803870154
[2023-06-15 21:44:12] final_acc=0.2158750584262481
[2023-06-15 21:44:22] epoch=71, train_loss, 456.09071657223444
[2023-06-15 21:44:23] test, acc=0.2113886113886114
[2023-06-15 21:44:23] epoch:71,test_acc=0.20822680285000444
[2023-06-15 21:44:23] final_acc=0.2158750584262481
[2023-06-15 21:44:33] epoch=72, train_loss, 443.0779453577658
[2023-06-15 21:44:33] test, acc=0.21178821178821178
[2023-06-15 21:44:33] epoch:72,test_acc=0.2060140240205909
[2023-06-15 21:44:33] final_acc=0.2158750584262481
[2023-06-15 21:44:44] epoch=73, train_loss, 420.3672584801817
[2023-06-15 21:44:44] test, acc=0.21078921078921078
[2023-06-15 21:44:44] epoch:73,test_acc=0.20438557458435605
[2023-06-15 21:44:44] final_acc=0.2158750584262481
[2023-06-15 21:44:55] epoch=74, train_loss, 329.55794481271374
[2023-06-15 21:44:55] test, acc=0.217982017982018
[2023-06-15 21:44:55] epoch:74,test_acc=0.21151617508004592
[2023-06-15 21:44:55] final_acc=0.2158750584262481
[2023-06-15 21:45:05] epoch=75, train_loss, 346.50917667474226
[2023-06-15 21:45:06] test, acc=0.21198801198801198
[2023-06-15 21:45:06] epoch:75,test_acc=0.20515156937535442
[2023-06-15 21:45:06] final_acc=0.2158750584262481
[2023-06-15 21:45:16] epoch=76, train_loss, 691.7906143139727
[2023-06-15 21:45:16] test, acc=0.21818181818181817
[2023-06-15 21:45:16] epoch:76,test_acc=0.21614439040816597
[2023-06-15 21:45:16] final_acc=0.21614439040816597
[2023-06-15 21:45:27] epoch=77, train_loss, 402.85355306585757
[2023-06-15 21:45:27] test, acc=0.21318681318681318
[2023-06-15 21:45:27] epoch:77,test_acc=0.2088029073366992
[2023-06-15 21:45:27] final_acc=0.21614439040816597
[2023-06-15 21:45:37] epoch=78, train_loss, 353.20718315538886
[2023-06-15 21:45:38] test, acc=0.21558441558441557
[2023-06-15 21:45:38] epoch:78,test_acc=0.20874037219725539
[2023-06-15 21:45:38] final_acc=0.21614439040816597
[2023-06-15 21:45:48] epoch=79, train_loss, 445.59835649679263
[2023-06-15 21:45:48] test, acc=0.2101898101898102
[2023-06-15 21:45:48] epoch:79,test_acc=0.2017509634584615
[2023-06-15 21:45:48] final_acc=0.21614439040816597
[2023-06-15 21:45:59] epoch=80, train_loss, 420.2892614005092
[2023-06-15 21:45:59] test, acc=0.21678321678321677
[2023-06-15 21:45:59] epoch:80,test_acc=0.21171162018894782
[2023-06-15 21:45:59] final_acc=0.21614439040816597
[2023-06-15 21:46:09] epoch=81, train_loss, 421.3093542519469
[2023-06-15 21:46:10] test, acc=0.21578421578421578
[2023-06-15 21:46:10] epoch:81,test_acc=0.21043202177500536
[2023-06-15 21:46:10] final_acc=0.21614439040816597
[2023-06-15 21:46:20] epoch=82, train_loss, 450.37912075054913
[2023-06-15 21:46:21] test, acc=0.213986013986014
[2023-06-15 21:46:21] epoch:82,test_acc=0.20732007876584158
[2023-06-15 21:46:21] final_acc=0.21614439040816597
[2023-06-15 21:46:31] epoch=83, train_loss, 400.7707856882114
[2023-06-15 21:46:31] test, acc=0.214985014985015
[2023-06-15 21:46:31] epoch:83,test_acc=0.20772199998204416
[2023-06-15 21:46:31] final_acc=0.21614439040816597
[2023-06-15 21:46:42] epoch=84, train_loss, 376.36342993788065
[2023-06-15 21:46:42] test, acc=0.21218781218781219
[2023-06-15 21:46:42] epoch:84,test_acc=0.2043115044464825
[2023-06-15 21:46:42] final_acc=0.21614439040816597
[2023-06-15 21:46:52] epoch=85, train_loss, 368.4264200717306
[2023-06-15 21:46:53] test, acc=0.2175824175824176
[2023-06-15 21:46:53] epoch:85,test_acc=0.21288927811273325
[2023-06-15 21:46:53] final_acc=0.21614439040816597
[2023-06-15 21:47:03] epoch=86, train_loss, 496.33271687175517
[2023-06-15 21:47:03] test, acc=0.21578421578421578
[2023-06-15 21:47:03] epoch:86,test_acc=0.20985186046200344
[2023-06-15 21:47:03] final_acc=0.21614439040816597
[2023-06-15 21:47:14] epoch=87, train_loss, 407.27208780404476
[2023-06-15 21:47:14] test, acc=0.21818181818181817
[2023-06-15 21:47:14] epoch:87,test_acc=0.21402670162009657
[2023-06-15 21:47:14] final_acc=0.21614439040816597
[2023-06-15 21:47:24] epoch=88, train_loss, 411.06583372853436
[2023-06-15 21:47:25] test, acc=0.21818181818181817
[2023-06-15 21:47:25] epoch:88,test_acc=0.21548407500489883
[2023-06-15 21:47:25] final_acc=0.21614439040816597
[2023-06-15 21:47:35] epoch=89, train_loss, 331.04184874164906
[2023-06-15 21:47:35] test, acc=0.21618381618381619
[2023-06-15 21:47:35] epoch:89,test_acc=0.21237136799098405
[2023-06-15 21:47:35] final_acc=0.21614439040816597
[2023-06-15 21:47:46] epoch=90, train_loss, 385.25975080496204
[2023-06-15 21:47:46] test, acc=0.21478521478521478
[2023-06-15 21:47:46] epoch:90,test_acc=0.20990926170441343
[2023-06-15 21:47:46] final_acc=0.21614439040816597
[2023-06-15 21:47:56] epoch=91, train_loss, 360.01844548722045
[2023-06-15 21:47:57] test, acc=0.2175824175824176
[2023-06-15 21:47:57] epoch:91,test_acc=0.21491003523388236
[2023-06-15 21:47:57] final_acc=0.21614439040816597
[2023-06-15 21:48:07] epoch=92, train_loss, 330.5982615315495
[2023-06-15 21:48:07] test, acc=0.2165834165834166
[2023-06-15 21:48:07] epoch:92,test_acc=0.21435830894886937
[2023-06-15 21:48:07] final_acc=0.21614439040816597
[2023-06-15 21:48:18] epoch=93, train_loss, 369.6972955088265
[2023-06-15 21:48:18] test, acc=0.22117882117882118
[2023-06-15 21:48:18] epoch:93,test_acc=0.22410051150707982
[2023-06-15 21:48:18] final_acc=0.22410051150707982
[2023-06-15 21:48:29] epoch=94, train_loss, 498.70546406315873
[2023-06-15 21:48:29] test, acc=0.2175824175824176
[2023-06-15 21:48:29] epoch:94,test_acc=0.2161081651431742
[2023-06-15 21:48:29] final_acc=0.22410051150707982
[2023-06-15 21:48:39] epoch=95, train_loss, 599.9432421797
[2023-06-15 21:48:40] test, acc=0.21818181818181817
[2023-06-15 21:48:40] epoch:95,test_acc=0.21695289785375063
[2023-06-15 21:48:40] final_acc=0.22410051150707982
[2023-06-15 21:48:50] epoch=96, train_loss, 385.3442690182037
[2023-06-15 21:48:50] test, acc=0.22117882117882118
[2023-06-15 21:48:50] epoch:96,test_acc=0.22060250251455482
[2023-06-15 21:48:50] final_acc=0.22410051150707982
[2023-06-15 21:49:01] epoch=97, train_loss, 323.8253573579148
[2023-06-15 21:49:01] test, acc=0.21998001998001998
[2023-06-15 21:49:01] epoch:97,test_acc=0.21739236026622613
[2023-06-15 21:49:01] final_acc=0.22410051150707982
[2023-06-15 21:49:11] epoch=98, train_loss, 346.20047669822037
[2023-06-15 21:49:12] test, acc=0.2175824175824176
[2023-06-15 21:49:12] epoch:98,test_acc=0.21582591815631652
[2023-06-15 21:49:12] final_acc=0.22410051150707982
[2023-06-15 21:49:22] epoch=99, train_loss, 445.87843668879793
[2023-06-15 21:49:22] test, acc=0.21618381618381619
[2023-06-15 21:49:22] epoch:99,test_acc=0.21503447713033016
[2023-06-15 21:49:22] final_acc=0.22410051150707982
