[2023-06-15 20:26:22] Namespace(n_hidden=4096, lr=0.0005, batch=128)
[2023-06-15 20:26:33] epoch=0, train_loss, 259.17027251027264
[2023-06-15 20:26:34] test, acc=0.028171828171828173
[2023-06-15 20:26:34] epoch:0,test_acc=0.02906763156549503
[2023-06-15 20:26:34] final_acc=0.02906763156549503
[2023-06-15 20:26:39] epoch=1, train_loss, 916.3244686431398
[2023-06-15 20:26:39] test, acc=0.03976023976023976
[2023-06-15 20:26:39] epoch:1,test_acc=0.03716532867566017
[2023-06-15 20:26:39] final_acc=0.03716532867566017
[2023-06-15 20:26:44] epoch=2, train_loss, 1093.8717419316592
[2023-06-15 20:26:44] test, acc=0.07492507492507493
[2023-06-15 20:26:44] epoch:2,test_acc=0.07710961696394567
[2023-06-15 20:26:44] final_acc=0.07710961696394567
[2023-06-15 20:26:49] epoch=3, train_loss, 1299.6323014036916
[2023-06-15 20:26:50] test, acc=0.04995004995004995
[2023-06-15 20:26:50] epoch:3,test_acc=0.04567246122033085
[2023-06-15 20:26:50] final_acc=0.07710961696394567
[2023-06-15 20:26:55] epoch=4, train_loss, 1841.86851954841
[2023-06-15 20:26:55] test, acc=0.08971028971028971
[2023-06-15 20:26:55] epoch:4,test_acc=0.08910036105422593
[2023-06-15 20:26:55] final_acc=0.08910036105422593
[2023-06-15 20:27:00] epoch=5, train_loss, 2252.984610170602
[2023-06-15 20:27:00] test, acc=0.1082917082917083
[2023-06-15 20:27:00] epoch:5,test_acc=0.10572909942168662
[2023-06-15 20:27:00] final_acc=0.10572909942168662
[2023-06-15 20:27:05] epoch=6, train_loss, 2251.945612410768
[2023-06-15 20:27:06] test, acc=0.10729270729270729
[2023-06-15 20:27:06] epoch:6,test_acc=0.10393093348100439
[2023-06-15 20:27:06] final_acc=0.10572909942168662
[2023-06-15 20:27:11] epoch=7, train_loss, 2288.5562868940942
[2023-06-15 20:27:11] test, acc=0.10989010989010989
[2023-06-15 20:27:11] epoch:7,test_acc=0.1059285639734576
[2023-06-15 20:27:11] final_acc=0.1059285639734576
[2023-06-15 20:27:16] epoch=8, train_loss, 2352.774877773687
[2023-06-15 20:27:16] test, acc=0.11128871128871129
[2023-06-15 20:27:16] epoch:8,test_acc=0.10936339378226931
[2023-06-15 20:27:16] final_acc=0.10936339378226931
[2023-06-15 20:27:21] epoch=9, train_loss, 2277.9173490384137
[2023-06-15 20:27:22] test, acc=0.10969030969030968
[2023-06-15 20:27:22] epoch:9,test_acc=0.10732479077456207
[2023-06-15 20:27:22] final_acc=0.10936339378226931
[2023-06-15 20:27:27] epoch=10, train_loss, 2407.171391788763
[2023-06-15 20:27:27] test, acc=0.13906093906093905
[2023-06-15 20:27:27] epoch:10,test_acc=0.12938188871889494
[2023-06-15 20:27:27] final_acc=0.12938188871889494
[2023-06-15 20:27:32] epoch=11, train_loss, 2330.4749389258436
[2023-06-15 20:27:32] test, acc=0.14645354645354644
[2023-06-15 20:27:32] epoch:11,test_acc=0.14384050192506254
[2023-06-15 20:27:32] final_acc=0.14384050192506254
[2023-06-15 20:27:38] epoch=12, train_loss, 2070.772337112183
[2023-06-15 20:27:38] test, acc=0.15384615384615385
[2023-06-15 20:27:38] epoch:12,test_acc=0.1522010488623766
[2023-06-15 20:27:38] final_acc=0.1522010488623766
[2023-06-15 20:27:43] epoch=13, train_loss, 2081.6597432389426
[2023-06-15 20:27:43] test, acc=0.16143856143856145
[2023-06-15 20:27:43] epoch:13,test_acc=0.16127823637314648
[2023-06-15 20:27:43] final_acc=0.16127823637314648
[2023-06-15 20:27:48] epoch=14, train_loss, 1865.600559027431
[2023-06-15 20:27:49] test, acc=0.15704295704295704
[2023-06-15 20:27:49] epoch:14,test_acc=0.15571585434414276
[2023-06-15 20:27:49] final_acc=0.16127823637314648
[2023-06-15 20:27:54] epoch=15, train_loss, 1617.04845313904
[2023-06-15 20:27:54] test, acc=0.16383616383616384
[2023-06-15 20:27:54] epoch:15,test_acc=0.1625302658545831
[2023-06-15 20:27:54] final_acc=0.1625302658545831
[2023-06-15 20:27:59] epoch=16, train_loss, 1729.9278517653006
[2023-06-15 20:27:59] test, acc=0.17302697302697304
[2023-06-15 20:27:59] epoch:16,test_acc=0.1700293582791905
[2023-06-15 20:27:59] final_acc=0.1700293582791905
[2023-06-15 20:28:05] epoch=17, train_loss, 1456.0638154733676
[2023-06-15 20:28:05] test, acc=0.16763236763236763
[2023-06-15 20:28:05] epoch:17,test_acc=0.16336652783053446
[2023-06-15 20:28:05] final_acc=0.1700293582791905
[2023-06-15 20:28:10] epoch=18, train_loss, 1328.4602260406787
[2023-06-15 20:28:10] test, acc=0.17902097902097902
[2023-06-15 20:28:10] epoch:18,test_acc=0.1743247903738103
[2023-06-15 20:28:10] final_acc=0.1743247903738103
[2023-06-15 20:28:15] epoch=19, train_loss, 1190.9809576162515
[2023-06-15 20:28:16] test, acc=0.1902097902097902
[2023-06-15 20:28:16] epoch:19,test_acc=0.18926161038003372
[2023-06-15 20:28:16] final_acc=0.18926161038003372
[2023-06-15 20:28:21] epoch=20, train_loss, 1105.5821074951953
[2023-06-15 20:28:21] test, acc=0.17962037962037963
[2023-06-15 20:28:21] epoch:20,test_acc=0.17908716099414526
[2023-06-15 20:28:21] final_acc=0.18926161038003372
[2023-06-15 20:28:26] epoch=21, train_loss, 1061.3551616242137
[2023-06-15 20:28:26] test, acc=0.1976023976023976
[2023-06-15 20:28:26] epoch:21,test_acc=0.1948010207782443
[2023-06-15 20:28:26] final_acc=0.1948010207782443
[2023-06-15 20:28:32] epoch=22, train_loss, 1002.733933226369
[2023-06-15 20:28:32] test, acc=0.1888111888111888
[2023-06-15 20:28:32] epoch:22,test_acc=0.18897732908363038
[2023-06-15 20:28:32] final_acc=0.1948010207782443
[2023-06-15 20:28:37] epoch=23, train_loss, 941.5503213413226
[2023-06-15 20:28:37] test, acc=0.1952047952047952
[2023-06-15 20:28:37] epoch:23,test_acc=0.19334646847960063
[2023-06-15 20:28:37] final_acc=0.1948010207782443
[2023-06-15 20:28:42] epoch=24, train_loss, 1017.9240997606954
[2023-06-15 20:28:43] test, acc=0.18961038961038962
[2023-06-15 20:28:43] epoch:24,test_acc=0.18400145640985127
[2023-06-15 20:28:43] final_acc=0.1948010207782443
[2023-06-15 20:28:48] epoch=25, train_loss, 934.4841200368473
[2023-06-15 20:28:48] test, acc=0.1952047952047952
[2023-06-15 20:28:48] epoch:25,test_acc=0.19406725346304682
[2023-06-15 20:28:48] final_acc=0.1948010207782443
[2023-06-15 20:28:53] epoch=26, train_loss, 796.0866165892385
[2023-06-15 20:28:54] test, acc=0.1972027972027972
[2023-06-15 20:28:54] epoch:26,test_acc=0.20179542493190997
[2023-06-15 20:28:54] final_acc=0.20179542493190997
[2023-06-15 20:28:59] epoch=27, train_loss, 731.9192578008
[2023-06-15 20:28:59] test, acc=0.20279720279720279
[2023-06-15 20:28:59] epoch:27,test_acc=0.20072186287157887
[2023-06-15 20:28:59] final_acc=0.20179542493190997
[2023-06-15 20:29:04] epoch=28, train_loss, 695.4742831391649
[2023-06-15 20:29:04] test, acc=0.2003996003996004
[2023-06-15 20:29:04] epoch:28,test_acc=0.20726324200517326
[2023-06-15 20:29:04] final_acc=0.20726324200517326
[2023-06-15 20:29:09] epoch=29, train_loss, 648.3478206354208
[2023-06-15 20:29:10] test, acc=0.21038961038961038
[2023-06-15 20:29:10] epoch:29,test_acc=0.20186336371478192
[2023-06-15 20:29:10] final_acc=0.20726324200517326
[2023-06-15 20:29:15] epoch=30, train_loss, 557.8417101972781
[2023-06-15 20:29:15] test, acc=0.2055944055944056
[2023-06-15 20:29:15] epoch:30,test_acc=0.20468911717848845
[2023-06-15 20:29:15] final_acc=0.20726324200517326
[2023-06-15 20:29:20] epoch=31, train_loss, 578.7306614104932
[2023-06-15 20:29:21] test, acc=0.20399600399600398
[2023-06-15 20:29:21] epoch:31,test_acc=0.19967216640912727
[2023-06-15 20:29:21] final_acc=0.20726324200517326
[2023-06-15 20:29:26] epoch=32, train_loss, 580.5424584336936
[2023-06-15 20:29:26] test, acc=0.1974025974025974
[2023-06-15 20:29:26] epoch:32,test_acc=0.19707425569074646
[2023-06-15 20:29:26] final_acc=0.20726324200517326
[2023-06-15 20:29:31] epoch=33, train_loss, 556.6418492618841
[2023-06-15 20:29:31] test, acc=0.2151848151848152
[2023-06-15 20:29:31] epoch:33,test_acc=0.21373589420322178
[2023-06-15 20:29:31] final_acc=0.21373589420322178
[2023-06-15 20:29:37] epoch=34, train_loss, 587.0140516872223
[2023-06-15 20:29:37] test, acc=0.1974025974025974
[2023-06-15 20:29:37] epoch:34,test_acc=0.1993680329823673
[2023-06-15 20:29:37] final_acc=0.21373589420322178
[2023-06-15 20:29:42] epoch=35, train_loss, 613.3874401543468
[2023-06-15 20:29:42] test, acc=0.200999000999001
[2023-06-15 20:29:42] epoch:35,test_acc=0.20418169577321174
[2023-06-15 20:29:42] final_acc=0.21373589420322178
[2023-06-15 20:29:47] epoch=36, train_loss, 495.87403591753196
[2023-06-15 20:29:48] test, acc=0.2141858141858142
[2023-06-15 20:29:48] epoch:36,test_acc=0.2111579628562322
[2023-06-15 20:29:48] final_acc=0.21373589420322178
[2023-06-15 20:29:53] epoch=37, train_loss, 459.53338876547525
[2023-06-15 20:29:53] test, acc=0.1994005994005994
[2023-06-15 20:29:53] epoch:37,test_acc=0.19854517455093085
[2023-06-15 20:29:53] final_acc=0.21373589420322178
[2023-06-15 20:29:58] epoch=38, train_loss, 457.88504764447197
[2023-06-15 20:29:59] test, acc=0.21818181818181817
[2023-06-15 20:29:59] epoch:38,test_acc=0.21906335009561656
[2023-06-15 20:29:59] final_acc=0.21906335009561656
[2023-06-15 20:30:04] epoch=39, train_loss, 476.3135110044632
[2023-06-15 20:30:04] test, acc=0.21298701298701297
[2023-06-15 20:30:04] epoch:39,test_acc=0.2133784413809363
[2023-06-15 20:30:04] final_acc=0.21906335009561656
[2023-06-15 20:30:09] epoch=40, train_loss, 420.31210395398614
[2023-06-15 20:30:09] test, acc=0.1998001998001998
[2023-06-15 20:30:09] epoch:40,test_acc=0.2003130989452105
[2023-06-15 20:30:09] final_acc=0.21906335009561656
[2023-06-15 20:30:15] epoch=41, train_loss, 355.58786069242336
[2023-06-15 20:30:15] test, acc=0.21078921078921078
[2023-06-15 20:30:15] epoch:41,test_acc=0.20749293359100304
[2023-06-15 20:30:15] final_acc=0.21906335009561656
[2023-06-15 20:30:20] epoch=42, train_loss, 332.3032521500755
[2023-06-15 20:30:20] test, acc=0.20279720279720279
[2023-06-15 20:30:20] epoch:42,test_acc=0.20364461982203044
[2023-06-15 20:30:20] final_acc=0.21906335009561656
[2023-06-15 20:30:25] epoch=43, train_loss, 420.2205391295802
[2023-06-15 20:30:26] test, acc=0.2087912087912088
[2023-06-15 20:30:26] epoch:43,test_acc=0.2022912419939437
[2023-06-15 20:30:26] final_acc=0.21906335009561656
[2023-06-15 20:30:31] epoch=44, train_loss, 343.7198830991507
[2023-06-15 20:30:31] test, acc=0.2165834165834166
[2023-06-15 20:30:31] epoch:44,test_acc=0.21684413221444693
[2023-06-15 20:30:31] final_acc=0.21906335009561656
[2023-06-15 20:30:36] epoch=45, train_loss, 315.0727132486459
[2023-06-15 20:30:36] test, acc=0.1986013986013986
[2023-06-15 20:30:36] epoch:45,test_acc=0.19423407150843042
[2023-06-15 20:30:36] final_acc=0.21906335009561656
[2023-06-15 20:30:42] epoch=46, train_loss, 346.70890543298725
[2023-06-15 20:30:42] test, acc=0.21878121878121878
[2023-06-15 20:30:42] epoch:46,test_acc=0.21445301013748858
[2023-06-15 20:30:42] final_acc=0.21906335009561656
[2023-06-15 20:30:47] epoch=47, train_loss, 329.31443495339096
[2023-06-15 20:30:47] test, acc=0.21338661338661338
[2023-06-15 20:30:47] epoch:47,test_acc=0.20917929589682727
[2023-06-15 20:30:47] final_acc=0.21906335009561656
[2023-06-15 20:30:52] epoch=48, train_loss, 286.76969102853406
[2023-06-15 20:30:53] test, acc=0.20799200799200798
[2023-06-15 20:30:53] epoch:48,test_acc=0.20759468864608044
[2023-06-15 20:30:53] final_acc=0.21906335009561656
[2023-06-15 20:30:58] epoch=49, train_loss, 250.03468707879892
[2023-06-15 20:30:58] test, acc=0.2113886113886114
[2023-06-15 20:30:58] epoch:49,test_acc=0.20962710522832237
[2023-06-15 20:30:58] final_acc=0.21906335009561656
[2023-06-15 20:31:03] epoch=50, train_loss, 363.0018986680637
[2023-06-15 20:31:04] test, acc=0.20999000999001
[2023-06-15 20:31:04] epoch:50,test_acc=0.2097421584300571
[2023-06-15 20:31:04] final_acc=0.21906335009561656
[2023-06-15 20:31:09] epoch=51, train_loss, 223.03043031540162
[2023-06-15 20:31:09] test, acc=0.2217782217782218
[2023-06-15 20:31:09] epoch:51,test_acc=0.22290196206604942
[2023-06-15 20:31:09] final_acc=0.22290196206604942
[2023-06-15 20:31:14] epoch=52, train_loss, 253.90060327304437
[2023-06-15 20:31:14] test, acc=0.2205794205794206
[2023-06-15 20:31:14] epoch:52,test_acc=0.21516828757701978
[2023-06-15 20:31:14] final_acc=0.22290196206604942
[2023-06-15 20:31:20] epoch=53, train_loss, 226.6107818311015
[2023-06-15 20:31:20] test, acc=0.208991008991009
[2023-06-15 20:31:20] epoch:53,test_acc=0.20775854812411193
[2023-06-15 20:31:20] final_acc=0.22290196206604942
[2023-06-15 20:31:25] epoch=54, train_loss, 212.7556776101597
[2023-06-15 20:31:25] test, acc=0.218981018981019
[2023-06-15 20:31:25] epoch:54,test_acc=0.21206896702004752
[2023-06-15 20:31:25] final_acc=0.22290196206604942
[2023-06-15 20:31:30] epoch=55, train_loss, 274.14760450661754
[2023-06-15 20:31:31] test, acc=0.22097902097902097
[2023-06-15 20:31:31] epoch:55,test_acc=0.21474660911848562
[2023-06-15 20:31:31] final_acc=0.22290196206604942
[2023-06-15 20:31:36] epoch=56, train_loss, 190.75394974729886
[2023-06-15 20:31:36] test, acc=0.213986013986014
[2023-06-15 20:31:36] epoch:56,test_acc=0.21192265367012136
[2023-06-15 20:31:36] final_acc=0.22290196206604942
[2023-06-15 20:31:41] epoch=57, train_loss, 289.5179098695993
[2023-06-15 20:31:42] test, acc=0.21818181818181817
[2023-06-15 20:31:42] epoch:57,test_acc=0.2159538560280816
[2023-06-15 20:31:42] final_acc=0.22290196206604942
[2023-06-15 20:31:47] epoch=58, train_loss, 205.90213275945987
[2023-06-15 20:31:47] test, acc=0.2165834165834166
[2023-06-15 20:31:47] epoch:58,test_acc=0.21323076070128683
[2023-06-15 20:31:47] final_acc=0.22290196206604942
[2023-06-15 20:31:52] epoch=59, train_loss, 250.04545051630694
[2023-06-15 20:31:52] test, acc=0.21078921078921078
[2023-06-15 20:31:52] epoch:59,test_acc=0.2083604302217447
[2023-06-15 20:31:52] final_acc=0.22290196206604942
[2023-06-15 20:31:58] epoch=60, train_loss, 240.84826708906374
[2023-06-15 20:31:58] test, acc=0.2135864135864136
[2023-06-15 20:31:58] epoch:60,test_acc=0.21229917751642025
[2023-06-15 20:31:58] final_acc=0.22290196206604942
[2023-06-15 20:32:03] epoch=61, train_loss, 188.95519610032582
[2023-06-15 20:32:03] test, acc=0.21618381618381619
[2023-06-15 20:32:03] epoch:61,test_acc=0.21396682300246733
[2023-06-15 20:32:03] final_acc=0.22290196206604942
[2023-06-15 20:32:08] epoch=62, train_loss, 207.16078821844616
[2023-06-15 20:32:09] test, acc=0.21618381618381619
[2023-06-15 20:32:09] epoch:62,test_acc=0.21293110593714407
[2023-06-15 20:32:09] final_acc=0.22290196206604942
[2023-06-15 20:32:14] epoch=63, train_loss, 175.61386711219737
[2023-06-15 20:32:14] test, acc=0.2123876123876124
[2023-06-15 20:32:14] epoch:63,test_acc=0.20946592768658928
[2023-06-15 20:32:14] final_acc=0.22290196206604942
[2023-06-15 20:32:19] epoch=64, train_loss, 237.777591010633
[2023-06-15 20:32:20] test, acc=0.2151848151848152
[2023-06-15 20:32:20] epoch:64,test_acc=0.21612382605182381
[2023-06-15 20:32:20] final_acc=0.22290196206604942
[2023-06-15 20:32:25] epoch=65, train_loss, 198.40294112184176
[2023-06-15 20:32:25] test, acc=0.218981018981019
[2023-06-15 20:32:25] epoch:65,test_acc=0.219201524625693
[2023-06-15 20:32:25] final_acc=0.22290196206604942
[2023-06-15 20:32:30] epoch=66, train_loss, 166.6203841066208
[2023-06-15 20:32:30] test, acc=0.21858141858141858
[2023-06-15 20:32:30] epoch:66,test_acc=0.2203427459024374
[2023-06-15 20:32:30] final_acc=0.22290196206604942
[2023-06-15 20:32:36] epoch=67, train_loss, 418.54003271109764
[2023-06-15 20:32:36] test, acc=0.21858141858141858
[2023-06-15 20:32:36] epoch:67,test_acc=0.2195430916844992
[2023-06-15 20:32:36] final_acc=0.22290196206604942
[2023-06-15 20:32:41] epoch=68, train_loss, 260.2267258647151
[2023-06-15 20:32:41] test, acc=0.21978021978021978
[2023-06-15 20:32:41] epoch:68,test_acc=0.22001518571911416
[2023-06-15 20:32:41] final_acc=0.22290196206604942
[2023-06-15 20:32:46] epoch=69, train_loss, 186.83231326842758
[2023-06-15 20:32:47] test, acc=0.21698301698301697
[2023-06-15 20:32:47] epoch:69,test_acc=0.21650776000974994
[2023-06-15 20:32:47] final_acc=0.22290196206604942
[2023-06-15 20:32:52] epoch=70, train_loss, 235.04417624184117
[2023-06-15 20:32:52] test, acc=0.22237762237762237
[2023-06-15 20:32:52] epoch:70,test_acc=0.22149223006977597
[2023-06-15 20:32:52] final_acc=0.22290196206604942
[2023-06-15 20:32:57] epoch=71, train_loss, 186.0654053124376
[2023-06-15 20:32:58] test, acc=0.2165834165834166
[2023-06-15 20:32:58] epoch:71,test_acc=0.2150168890642306
[2023-06-15 20:32:58] final_acc=0.22290196206604942
[2023-06-15 20:33:03] epoch=72, train_loss, 266.11038003257585
[2023-06-15 20:33:03] test, acc=0.21458541458541458
[2023-06-15 20:33:03] epoch:72,test_acc=0.21279576065141487
[2023-06-15 20:33:03] final_acc=0.22290196206604942
[2023-06-15 20:33:08] epoch=73, train_loss, 191.8716399466363
[2023-06-15 20:33:08] test, acc=0.21738261738261738
[2023-06-15 20:33:08] epoch:73,test_acc=0.218067306678136
[2023-06-15 20:33:08] final_acc=0.22290196206604942
[2023-06-15 20:33:13] epoch=74, train_loss, 170.257925998241
[2023-06-15 20:33:14] test, acc=0.2125874125874126
[2023-06-15 20:33:14] epoch:74,test_acc=0.2115290682881193
[2023-06-15 20:33:14] final_acc=0.22290196206604942
[2023-06-15 20:33:19] epoch=75, train_loss, 155.21996531014244
[2023-06-15 20:33:19] test, acc=0.22357642357642357
[2023-06-15 20:33:19] epoch:75,test_acc=0.22784760252384775
[2023-06-15 20:33:19] final_acc=0.22784760252384775
[2023-06-15 20:33:24] epoch=76, train_loss, 164.39364585023338
[2023-06-15 20:33:25] test, acc=0.217982017982018
[2023-06-15 20:33:25] epoch:76,test_acc=0.2249766747728364
[2023-06-15 20:33:25] final_acc=0.22784760252384775
[2023-06-15 20:33:30] epoch=77, train_loss, 219.89379102810503
[2023-06-15 20:33:30] test, acc=0.21998001998001998
[2023-06-15 20:33:30] epoch:77,test_acc=0.22629561001766013
[2023-06-15 20:33:30] final_acc=0.22784760252384775
[2023-06-15 20:33:35] epoch=78, train_loss, 248.53309513128605
[2023-06-15 20:33:36] test, acc=0.22197802197802197
[2023-06-15 20:33:36] epoch:78,test_acc=0.22752643261003488
[2023-06-15 20:33:36] final_acc=0.22784760252384775
[2023-06-15 20:33:41] epoch=79, train_loss, 180.6238783571286
[2023-06-15 20:33:41] test, acc=0.214985014985015
[2023-06-15 20:33:41] epoch:79,test_acc=0.214280036184549
[2023-06-15 20:33:41] final_acc=0.22784760252384775
[2023-06-15 20:33:46] epoch=80, train_loss, 237.10151818184082
[2023-06-15 20:33:46] test, acc=0.21938061938061937
[2023-06-15 20:33:46] epoch:80,test_acc=0.22331288154688353
[2023-06-15 20:33:46] final_acc=0.22784760252384775
[2023-06-15 20:33:52] epoch=81, train_loss, 204.6336159020567
[2023-06-15 20:33:52] test, acc=0.21878121878121878
[2023-06-15 20:33:52] epoch:81,test_acc=0.2230013643677891
[2023-06-15 20:33:52] final_acc=0.22784760252384775
[2023-06-15 20:33:57] epoch=82, train_loss, 185.73500206069158
[2023-06-15 20:33:57] test, acc=0.20999000999001
[2023-06-15 20:33:57] epoch:82,test_acc=0.2116297629509319
[2023-06-15 20:33:57] final_acc=0.22784760252384775
[2023-06-15 20:34:02] epoch=83, train_loss, 175.30879357371467
[2023-06-15 20:34:03] test, acc=0.2137862137862138
[2023-06-15 20:34:03] epoch:83,test_acc=0.2144670412048321
[2023-06-15 20:34:03] final_acc=0.22784760252384775
[2023-06-15 20:34:08] epoch=84, train_loss, 185.08934977451136
[2023-06-15 20:34:08] test, acc=0.2127872127872128
[2023-06-15 20:34:08] epoch:84,test_acc=0.2124510567591388
[2023-06-15 20:34:08] final_acc=0.22784760252384775
[2023-06-15 20:34:13] epoch=85, train_loss, 152.59653421712758
[2023-06-15 20:34:13] test, acc=0.2175824175824176
[2023-06-15 20:34:13] epoch:85,test_acc=0.21799748295129578
[2023-06-15 20:34:13] final_acc=0.22784760252384775
[2023-06-15 20:34:19] epoch=86, train_loss, 156.54496638386394
[2023-06-15 20:34:19] test, acc=0.2175824175824176
[2023-06-15 20:34:19] epoch:86,test_acc=0.218376605439846
[2023-06-15 20:34:19] final_acc=0.22784760252384775
[2023-06-15 20:34:24] epoch=87, train_loss, 157.95313319002096
[2023-06-15 20:34:24] test, acc=0.2123876123876124
[2023-06-15 20:34:24] epoch:87,test_acc=0.2095304932089091
[2023-06-15 20:34:24] final_acc=0.22784760252384775
[2023-06-15 20:34:29] epoch=88, train_loss, 176.6162852326902
[2023-06-15 20:34:30] test, acc=0.21858141858141858
[2023-06-15 20:34:30] epoch:88,test_acc=0.21542928134875844
[2023-06-15 20:34:30] final_acc=0.22784760252384775
[2023-06-15 20:34:35] epoch=89, train_loss, 165.06812322939547
[2023-06-15 20:34:35] test, acc=0.217982017982018
[2023-06-15 20:34:35] epoch:89,test_acc=0.21570894894074186
[2023-06-15 20:34:35] final_acc=0.22784760252384775
[2023-06-15 20:34:40] epoch=90, train_loss, 180.35900361370594
[2023-06-15 20:34:41] test, acc=0.21698301698301697
[2023-06-15 20:34:41] epoch:90,test_acc=0.2150683569873162
[2023-06-15 20:34:41] final_acc=0.22784760252384775
[2023-06-15 20:34:46] epoch=91, train_loss, 179.00586741334928
[2023-06-15 20:34:46] test, acc=0.217982017982018
[2023-06-15 20:34:46] epoch:91,test_acc=0.21581899369656526
[2023-06-15 20:34:46] final_acc=0.22784760252384775
[2023-06-15 20:34:51] epoch=92, train_loss, 192.59811514070907
[2023-06-15 20:34:51] test, acc=0.2141858141858142
[2023-06-15 20:34:51] epoch:92,test_acc=0.2155872825712648
[2023-06-15 20:34:51] final_acc=0.22784760252384775
[2023-06-15 20:34:57] epoch=93, train_loss, 180.0401311037116
[2023-06-15 20:34:57] test, acc=0.21818181818181817
[2023-06-15 20:34:57] epoch:93,test_acc=0.21840681064263232
[2023-06-15 20:34:57] final_acc=0.22784760252384775
[2023-06-15 20:35:02] epoch=94, train_loss, 218.9889750618952
[2023-06-15 20:35:02] test, acc=0.21878121878121878
[2023-06-15 20:35:02] epoch:94,test_acc=0.22169426913699758
[2023-06-15 20:35:02] final_acc=0.22784760252384775
[2023-06-15 20:35:07] epoch=95, train_loss, 184.20340073070588
[2023-06-15 20:35:08] test, acc=0.2153846153846154
[2023-06-15 20:35:08] epoch:95,test_acc=0.21717080924470772
[2023-06-15 20:35:08] final_acc=0.22784760252384775
[2023-06-15 20:35:13] epoch=96, train_loss, 231.1554543846748
[2023-06-15 20:35:13] test, acc=0.2153846153846154
[2023-06-15 20:35:13] epoch:96,test_acc=0.21519931516787802
[2023-06-15 20:35:13] final_acc=0.22784760252384775
[2023-06-15 20:35:18] epoch=97, train_loss, 150.15220447089345
[2023-06-15 20:35:19] test, acc=0.21698301698301697
[2023-06-15 20:35:19] epoch:97,test_acc=0.21789455093920398
[2023-06-15 20:35:19] final_acc=0.22784760252384775
[2023-06-15 20:35:24] epoch=98, train_loss, 191.8582978172424
[2023-06-15 20:35:24] test, acc=0.214985014985015
[2023-06-15 20:35:24] epoch:98,test_acc=0.2137805439689922
[2023-06-15 20:35:24] final_acc=0.22784760252384775
[2023-06-15 20:35:29] epoch=99, train_loss, 206.77159357527955
[2023-06-15 20:35:29] test, acc=0.2163836163836164
[2023-06-15 20:35:29] epoch:99,test_acc=0.2155749393013618
[2023-06-15 20:35:29] final_acc=0.22784760252384775
