[2023-06-15 22:12:23] Namespace(n_hidden=512, lr=0.0005, batch=128)
[2023-06-15 22:12:31] epoch=0, train_loss, 33.27821495738654
[2023-06-15 22:12:31] test, acc=0.022977022977022976
[2023-06-15 22:12:31] epoch:0,test_acc=0.024529772538073265
[2023-06-15 22:12:31] final_acc=0.024529772538073265
[2023-06-15 22:12:32] epoch=1, train_loss, 96.41057779232915
[2023-06-15 22:12:32] test, acc=0.03776223776223776
[2023-06-15 22:12:32] epoch:1,test_acc=0.03312236942848887
[2023-06-15 22:12:32] final_acc=0.03312236942848887
[2023-06-15 22:12:34] epoch=2, train_loss, 122.59419494238905
[2023-06-15 22:12:34] test, acc=0.07912087912087912
[2023-06-15 22:12:34] epoch:2,test_acc=0.08290143765323306
[2023-06-15 22:12:34] final_acc=0.08290143765323306
[2023-06-15 22:12:35] epoch=3, train_loss, 163.52964002712847
[2023-06-15 22:12:36] test, acc=0.05754245754245754
[2023-06-15 22:12:36] epoch:3,test_acc=0.051747036707681826
[2023-06-15 22:12:36] final_acc=0.08290143765323306
[2023-06-15 22:12:37] epoch=4, train_loss, 235.41333651314147
[2023-06-15 22:12:37] test, acc=0.06953046953046953
[2023-06-15 22:12:37] epoch:4,test_acc=0.06913109106561482
[2023-06-15 22:12:37] final_acc=0.08290143765323306
[2023-06-15 22:12:38] epoch=5, train_loss, 253.09601522329896
[2023-06-15 22:12:39] test, acc=0.08551448551448551
[2023-06-15 22:12:39] epoch:5,test_acc=0.08209001460818649
[2023-06-15 22:12:39] final_acc=0.08290143765323306
[2023-06-15 22:12:40] epoch=6, train_loss, 267.1784237992649
[2023-06-15 22:12:40] test, acc=0.09750249750249751
[2023-06-15 22:12:40] epoch:6,test_acc=0.09278132515421757
[2023-06-15 22:12:40] final_acc=0.09278132515421757
[2023-06-15 22:12:42] epoch=7, train_loss, 258.19330111860086
[2023-06-15 22:12:42] test, acc=0.11248751248751249
[2023-06-15 22:12:42] epoch:7,test_acc=0.1136296405732087
[2023-06-15 22:12:42] final_acc=0.1136296405732087
[2023-06-15 22:12:44] epoch=8, train_loss, 248.1718392174084
[2023-06-15 22:12:44] test, acc=0.1108891108891109
[2023-06-15 22:12:44] epoch:8,test_acc=0.10756447113532622
[2023-06-15 22:12:44] final_acc=0.1136296405732087
[2023-06-15 22:12:45] epoch=9, train_loss, 244.38514153721235
[2023-06-15 22:12:46] test, acc=0.12187812187812187
[2023-06-15 22:12:46] epoch:9,test_acc=0.1204696463716222
[2023-06-15 22:12:46] final_acc=0.1204696463716222
[2023-06-15 22:12:47] epoch=10, train_loss, 242.07032303002697
[2023-06-15 22:12:47] test, acc=0.12947052947052948
[2023-06-15 22:12:47] epoch:10,test_acc=0.12454959154329877
[2023-06-15 22:12:47] final_acc=0.12454959154329877
[2023-06-15 22:12:49] epoch=11, train_loss, 232.17379534054106
[2023-06-15 22:12:49] test, acc=0.13286713286713286
[2023-06-15 22:12:49] epoch:11,test_acc=0.12817610075829153
[2023-06-15 22:12:49] final_acc=0.12817610075829153
[2023-06-15 22:12:50] epoch=12, train_loss, 255.8521301952033
[2023-06-15 22:12:50] test, acc=0.12827172827172828
[2023-06-15 22:12:50] epoch:12,test_acc=0.1240109426371615
[2023-06-15 22:12:50] final_acc=0.12817610075829153
[2023-06-15 22:12:52] epoch=13, train_loss, 234.23572513470634
[2023-06-15 22:12:52] test, acc=0.13646353646353646
[2023-06-15 22:12:52] epoch:13,test_acc=0.12930472374076823
[2023-06-15 22:12:52] final_acc=0.12930472374076823
[2023-06-15 22:12:54] epoch=14, train_loss, 204.66570528170553
[2023-06-15 22:12:54] test, acc=0.14885114885114886
[2023-06-15 22:12:54] epoch:14,test_acc=0.1436301220302754
[2023-06-15 22:12:54] final_acc=0.1436301220302754
[2023-06-15 22:12:56] epoch=15, train_loss, 202.2266518346037
[2023-06-15 22:12:56] test, acc=0.15764235764235765
[2023-06-15 22:12:56] epoch:15,test_acc=0.159454261664455
[2023-06-15 22:12:56] final_acc=0.159454261664455
[2023-06-15 22:12:58] epoch=16, train_loss, 198.2204986669766
[2023-06-15 22:12:58] test, acc=0.15464535464535464
[2023-06-15 22:12:58] epoch:16,test_acc=0.1497294672394127
[2023-06-15 22:12:58] final_acc=0.159454261664455
[2023-06-15 22:12:59] epoch=17, train_loss, 180.3410610162412
[2023-06-15 22:12:59] test, acc=0.17142857142857143
[2023-06-15 22:12:59] epoch:17,test_acc=0.16382163325608204
[2023-06-15 22:12:59] final_acc=0.16382163325608204
[2023-06-15 22:13:01] epoch=18, train_loss, 170.72247524078662
[2023-06-15 22:13:01] test, acc=0.17262737262737263
[2023-06-15 22:13:01] epoch:18,test_acc=0.16647383327163606
[2023-06-15 22:13:01] final_acc=0.16647383327163606
[2023-06-15 22:13:02] epoch=19, train_loss, 162.95030541465687
[2023-06-15 22:13:02] test, acc=0.16323676323676323
[2023-06-15 22:13:02] epoch:19,test_acc=0.1569799964719221
[2023-06-15 22:13:02] final_acc=0.16647383327163606
[2023-06-15 22:13:04] epoch=20, train_loss, 149.53617897886818
[2023-06-15 22:13:04] test, acc=0.1746253746253746
[2023-06-15 22:13:04] epoch:20,test_acc=0.17774142008253246
[2023-06-15 22:13:04] final_acc=0.17774142008253246
[2023-06-15 22:13:05] epoch=21, train_loss, 140.2612461297276
[2023-06-15 22:13:05] test, acc=0.17242757242757242
[2023-06-15 22:13:05] epoch:21,test_acc=0.1703209162420995
[2023-06-15 22:13:05] final_acc=0.17774142008253246
[2023-06-15 22:13:07] epoch=22, train_loss, 134.5381021469165
[2023-06-15 22:13:07] test, acc=0.17402597402597403
[2023-06-15 22:13:07] epoch:22,test_acc=0.17058956637846423
[2023-06-15 22:13:07] final_acc=0.17774142008253246
[2023-06-15 22:13:09] epoch=23, train_loss, 129.46652411805175
[2023-06-15 22:13:09] test, acc=0.17342657342657342
[2023-06-15 22:13:09] epoch:23,test_acc=0.16857519059163364
[2023-06-15 22:13:09] final_acc=0.17774142008253246
[2023-06-15 22:13:11] epoch=24, train_loss, 119.87159661972484
[2023-06-15 22:13:11] test, acc=0.16743256743256743
[2023-06-15 22:13:11] epoch:24,test_acc=0.1691683482578321
[2023-06-15 22:13:11] final_acc=0.17774142008253246
[2023-06-15 22:13:13] epoch=25, train_loss, 112.85898070899061
[2023-06-15 22:13:13] test, acc=0.18461538461538463
[2023-06-15 22:13:13] epoch:25,test_acc=0.1812607683875263
[2023-06-15 22:13:13] final_acc=0.1812607683875263
[2023-06-15 22:13:15] epoch=26, train_loss, 102.06128922971293
[2023-06-15 22:13:15] test, acc=0.17762237762237762
[2023-06-15 22:13:15] epoch:26,test_acc=0.17900007971110782
[2023-06-15 22:13:15] final_acc=0.1812607683875263
[2023-06-15 22:13:17] epoch=27, train_loss, 100.345015626365
[2023-06-15 22:13:17] test, acc=0.1876123876123876
[2023-06-15 22:13:17] epoch:27,test_acc=0.17856826943404583
[2023-06-15 22:13:17] final_acc=0.1812607683875263
[2023-06-15 22:13:19] epoch=28, train_loss, 91.42598519005334
[2023-06-15 22:13:19] test, acc=0.17242757242757242
[2023-06-15 22:13:19] epoch:28,test_acc=0.1703758218947775
[2023-06-15 22:13:19] final_acc=0.1812607683875263
[2023-06-15 22:13:21] epoch=29, train_loss, 88.69454085255583
[2023-06-15 22:13:21] test, acc=0.1874125874125874
[2023-06-15 22:13:21] epoch:29,test_acc=0.18716457027427089
[2023-06-15 22:13:21] final_acc=0.18716457027427089
[2023-06-15 22:13:23] epoch=30, train_loss, 77.52279107334515
[2023-06-15 22:13:23] test, acc=0.1852147852147852
[2023-06-15 22:13:23] epoch:30,test_acc=0.1844683344940836
[2023-06-15 22:13:23] final_acc=0.18716457027427089
[2023-06-15 22:13:25] epoch=31, train_loss, 78.35267185783995
[2023-06-15 22:13:25] test, acc=0.1928071928071928
[2023-06-15 22:13:25] epoch:31,test_acc=0.18690354105528723
[2023-06-15 22:13:25] final_acc=0.18716457027427089
[2023-06-15 22:13:27] epoch=32, train_loss, 69.87844575022737
[2023-06-15 22:13:27] test, acc=0.1874125874125874
[2023-06-15 22:13:27] epoch:32,test_acc=0.18060020143988395
[2023-06-15 22:13:27] final_acc=0.18716457027427089
[2023-06-15 22:13:28] epoch=33, train_loss, 72.65339337674955
[2023-06-15 22:13:29] test, acc=0.1862137862137862
[2023-06-15 22:13:29] epoch:33,test_acc=0.18659239016897672
[2023-06-15 22:13:29] final_acc=0.18716457027427089
[2023-06-15 22:13:30] epoch=34, train_loss, 64.44031277860697
[2023-06-15 22:13:31] test, acc=0.1946053946053946
[2023-06-15 22:13:31] epoch:34,test_acc=0.19287463405863575
[2023-06-15 22:13:31] final_acc=0.19287463405863575
[2023-06-15 22:13:32] epoch=35, train_loss, 63.02936206001063
[2023-06-15 22:13:32] test, acc=0.18341658341658343
[2023-06-15 22:13:32] epoch:35,test_acc=0.18379786332450734
[2023-06-15 22:13:32] final_acc=0.19287463405863575
[2023-06-15 22:13:34] epoch=36, train_loss, 69.48958016660647
[2023-06-15 22:13:34] test, acc=0.198001998001998
[2023-06-15 22:13:34] epoch:36,test_acc=0.19572411577636184
[2023-06-15 22:13:34] final_acc=0.19572411577636184
[2023-06-15 22:13:36] epoch=37, train_loss, 60.27451047805933
[2023-06-15 22:13:36] test, acc=0.184015984015984
[2023-06-15 22:13:36] epoch:37,test_acc=0.18205990920865578
[2023-06-15 22:13:36] final_acc=0.19572411577636184
[2023-06-15 22:13:38] epoch=38, train_loss, 56.10502006603887
[2023-06-15 22:13:39] test, acc=0.19000999000999
[2023-06-15 22:13:39] epoch:38,test_acc=0.1896506742876982
[2023-06-15 22:13:39] final_acc=0.19572411577636184
[2023-06-15 22:13:40] epoch=39, train_loss, 59.72035108206752
[2023-06-15 22:13:41] test, acc=0.1918081918081918
[2023-06-15 22:13:41] epoch:39,test_acc=0.18670524978190087
[2023-06-15 22:13:41] final_acc=0.19572411577636184
[2023-06-15 22:13:42] epoch=40, train_loss, 58.71203951789929
[2023-06-15 22:13:43] test, acc=0.1906093906093906
[2023-06-15 22:13:43] epoch:40,test_acc=0.19058964448021198
[2023-06-15 22:13:43] final_acc=0.19572411577636184
[2023-06-15 22:13:44] epoch=41, train_loss, 51.664443025192895
[2023-06-15 22:13:44] test, acc=0.19500499500499502
[2023-06-15 22:13:44] epoch:41,test_acc=0.19391114830142647
[2023-06-15 22:13:44] final_acc=0.19572411577636184
[2023-06-15 22:13:45] epoch=42, train_loss, 51.01549449439247
[2023-06-15 22:13:46] test, acc=0.193006993006993
[2023-06-15 22:13:46] epoch:42,test_acc=0.1909437178913017
[2023-06-15 22:13:46] final_acc=0.19572411577636184
[2023-06-15 22:13:47] epoch=43, train_loss, 45.642611762586114
[2023-06-15 22:13:47] test, acc=0.18861138861138863
[2023-06-15 22:13:47] epoch:43,test_acc=0.19113494854454663
[2023-06-15 22:13:47] final_acc=0.19572411577636184
[2023-06-15 22:13:48] epoch=44, train_loss, 47.606327015751845
[2023-06-15 22:13:49] test, acc=0.204995004995005
[2023-06-15 22:13:49] epoch:44,test_acc=0.20625980034711017
[2023-06-15 22:13:49] final_acc=0.20625980034711017
[2023-06-15 22:13:50] epoch=45, train_loss, 49.62158695958293
[2023-06-15 22:13:50] test, acc=0.18421578421578422
[2023-06-15 22:13:50] epoch:45,test_acc=0.18287069885571575
[2023-06-15 22:13:50] final_acc=0.20625980034711017
[2023-06-15 22:13:51] epoch=46, train_loss, 46.7353786127255
[2023-06-15 22:13:52] test, acc=0.20539460539460538
[2023-06-15 22:13:52] epoch:46,test_acc=0.2028331134117003
[2023-06-15 22:13:52] final_acc=0.20625980034711017
[2023-06-15 22:13:53] epoch=47, train_loss, 37.33600185092646
[2023-06-15 22:13:53] test, acc=0.18821178821178822
[2023-06-15 22:13:53] epoch:47,test_acc=0.18877491763530635
[2023-06-15 22:13:53] final_acc=0.20625980034711017
[2023-06-15 22:13:54] epoch=48, train_loss, 47.94104411122136
[2023-06-15 22:13:55] test, acc=0.2023976023976024
[2023-06-15 22:13:55] epoch:48,test_acc=0.20096395233756742
[2023-06-15 22:13:55] final_acc=0.20625980034711017
[2023-06-15 22:13:56] epoch=49, train_loss, 48.10927116832794
[2023-06-15 22:13:56] test, acc=0.2037962037962038
[2023-06-15 22:13:56] epoch:49,test_acc=0.20231578252244803
[2023-06-15 22:13:56] final_acc=0.20625980034711017
[2023-06-15 22:13:58] epoch=50, train_loss, 41.21953259641751
[2023-06-15 22:13:58] test, acc=0.1946053946053946
[2023-06-15 22:13:58] epoch:50,test_acc=0.19647361907818717
[2023-06-15 22:13:58] final_acc=0.20625980034711017
[2023-06-15 22:13:59] epoch=51, train_loss, 37.874575549421216
[2023-06-15 22:13:59] test, acc=0.2023976023976024
[2023-06-15 22:13:59] epoch:51,test_acc=0.20471683024997364
[2023-06-15 22:13:59] final_acc=0.20625980034711017
[2023-06-15 22:14:00] epoch=52, train_loss, 40.62458524612573
[2023-06-15 22:14:01] test, acc=0.2043956043956044
[2023-06-15 22:14:01] epoch:52,test_acc=0.20759162203543155
[2023-06-15 22:14:01] final_acc=0.20759162203543155
[2023-06-15 22:14:02] epoch=53, train_loss, 33.87384739851419
[2023-06-15 22:14:02] test, acc=0.1968031968031968
[2023-06-15 22:14:02] epoch:53,test_acc=0.1972014365571357
[2023-06-15 22:14:02] final_acc=0.20759162203543155
[2023-06-15 22:14:03] epoch=54, train_loss, 29.0838605862456
[2023-06-15 22:14:04] test, acc=0.2033966033966034
[2023-06-15 22:14:04] epoch:54,test_acc=0.19963430678429056
[2023-06-15 22:14:04] final_acc=0.20759162203543155
[2023-06-15 22:14:05] epoch=55, train_loss, 38.19907087563707
[2023-06-15 22:14:05] test, acc=0.199000999000999
[2023-06-15 22:14:05] epoch:55,test_acc=0.1959253079293168
[2023-06-15 22:14:05] final_acc=0.20759162203543155
[2023-06-15 22:14:07] epoch=56, train_loss, 29.611572432060974
[2023-06-15 22:14:07] test, acc=0.1972027972027972
[2023-06-15 22:14:07] epoch:56,test_acc=0.1979697894881685
[2023-06-15 22:14:07] final_acc=0.20759162203543155
[2023-06-15 22:14:08] epoch=57, train_loss, 25.121215247522336
[2023-06-15 22:14:08] test, acc=0.1982017982017982
[2023-06-15 22:14:08] epoch:57,test_acc=0.1976149276998706
[2023-06-15 22:14:08] final_acc=0.20759162203543155
[2023-06-15 22:14:09] epoch=58, train_loss, 30.4496602607339
[2023-06-15 22:14:10] test, acc=0.1998001998001998
[2023-06-15 22:14:10] epoch:58,test_acc=0.19971313687252107
[2023-06-15 22:14:10] final_acc=0.20759162203543155
[2023-06-15 22:14:11] epoch=59, train_loss, 29.19717095914288
[2023-06-15 22:14:11] test, acc=0.1944055944055944
[2023-06-15 22:14:11] epoch:59,test_acc=0.1938130207383733
[2023-06-15 22:14:11] final_acc=0.20759162203543155
[2023-06-15 22:14:13] epoch=60, train_loss, 28.87546863952003
[2023-06-15 22:14:13] test, acc=0.2007992007992008
[2023-06-15 22:14:13] epoch:60,test_acc=0.2004461426673822
[2023-06-15 22:14:13] final_acc=0.20759162203543155
[2023-06-15 22:14:14] epoch=61, train_loss, 35.30583437106099
[2023-06-15 22:14:14] test, acc=0.1964035964035964
[2023-06-15 22:14:14] epoch:61,test_acc=0.1953555613900111
[2023-06-15 22:14:14] final_acc=0.20759162203543155
[2023-06-15 22:14:16] epoch=62, train_loss, 30.25363321359546
[2023-06-15 22:14:16] test, acc=0.197002997002997
[2023-06-15 22:14:16] epoch:62,test_acc=0.19494178590905456
[2023-06-15 22:14:16] final_acc=0.20759162203543155
[2023-06-15 22:14:18] epoch=63, train_loss, 22.3624140941497
[2023-06-15 22:14:18] test, acc=0.1974025974025974
[2023-06-15 22:14:18] epoch:63,test_acc=0.19799402932620333
[2023-06-15 22:14:18] final_acc=0.20759162203543155
[2023-06-15 22:14:20] epoch=64, train_loss, 30.13426146949061
[2023-06-15 22:14:20] test, acc=0.1986013986013986
[2023-06-15 22:14:20] epoch:64,test_acc=0.19940370579552244
[2023-06-15 22:14:20] final_acc=0.20759162203543155
[2023-06-15 22:14:22] epoch=65, train_loss, 33.78800371041694
[2023-06-15 22:14:22] test, acc=0.193006993006993
[2023-06-15 22:14:22] epoch:65,test_acc=0.19245281242081755
[2023-06-15 22:14:22] final_acc=0.20759162203543155
[2023-06-15 22:14:24] epoch=66, train_loss, 26.375382087957846
[2023-06-15 22:14:24] test, acc=0.197002997002997
[2023-06-15 22:14:24] epoch:66,test_acc=0.19688897775986966
[2023-06-15 22:14:24] final_acc=0.20759162203543155
[2023-06-15 22:14:25] epoch=67, train_loss, 23.423504636819818
[2023-06-15 22:14:25] test, acc=0.1972027972027972
[2023-06-15 22:14:25] epoch:67,test_acc=0.19262775832970602
[2023-06-15 22:14:25] final_acc=0.20759162203543155
[2023-06-15 22:14:27] epoch=68, train_loss, 21.645717648113855
[2023-06-15 22:14:27] test, acc=0.19360639360639362
[2023-06-15 22:14:27] epoch:68,test_acc=0.18954265435235101
[2023-06-15 22:14:27] final_acc=0.20759162203543155
[2023-06-15 22:14:28] epoch=69, train_loss, 37.64919759794332
[2023-06-15 22:14:28] test, acc=0.1944055944055944
[2023-06-15 22:14:28] epoch:69,test_acc=0.19055544212111178
[2023-06-15 22:14:28] final_acc=0.20759162203543155
[2023-06-15 22:14:29] epoch=70, train_loss, 28.51879882455955
[2023-06-15 22:14:30] test, acc=0.1958041958041958
[2023-06-15 22:14:30] epoch:70,test_acc=0.19431670617515834
[2023-06-15 22:14:30] final_acc=0.20759162203543155
[2023-06-15 22:14:31] epoch=71, train_loss, 22.6028793970236
[2023-06-15 22:14:31] test, acc=0.1968031968031968
[2023-06-15 22:14:31] epoch:71,test_acc=0.19686895315360148
[2023-06-15 22:14:31] final_acc=0.20759162203543155
[2023-06-15 22:14:32] epoch=72, train_loss, 19.14233793787206
[2023-06-15 22:14:33] test, acc=0.200999000999001
[2023-06-15 22:14:33] epoch:72,test_acc=0.1985416937052779
[2023-06-15 22:14:33] final_acc=0.20759162203543155
[2023-06-15 22:14:34] epoch=73, train_loss, 24.78167404245418
[2023-06-15 22:14:34] test, acc=0.202997002997003
[2023-06-15 22:14:34] epoch:73,test_acc=0.2036739176711999
[2023-06-15 22:14:34] final_acc=0.20759162203543155
[2023-06-15 22:14:36] epoch=74, train_loss, 23.499818216094564
[2023-06-15 22:14:36] test, acc=0.2041958041958042
[2023-06-15 22:14:36] epoch:74,test_acc=0.20121293976460683
[2023-06-15 22:14:36] final_acc=0.20759162203543155
[2023-06-15 22:14:37] epoch=75, train_loss, 30.449824854913064
[2023-06-15 22:14:37] test, acc=0.2011988011988012
[2023-06-15 22:14:37] epoch:75,test_acc=0.19724749428988478
[2023-06-15 22:14:37] final_acc=0.20759162203543155
[2023-06-15 22:14:39] epoch=76, train_loss, 24.463604163809887
[2023-06-15 22:14:39] test, acc=0.1994005994005994
[2023-06-15 22:14:39] epoch:76,test_acc=0.19945007025794276
[2023-06-15 22:14:39] final_acc=0.20759162203543155
[2023-06-15 22:14:40] epoch=77, train_loss, 28.42227070819735
[2023-06-15 22:14:41] test, acc=0.1984015984015984
[2023-06-15 22:14:41] epoch:77,test_acc=0.19711127541786502
[2023-06-15 22:14:41] final_acc=0.20759162203543155
[2023-06-15 22:14:42] epoch=78, train_loss, 22.853620651050118
[2023-06-15 22:14:42] test, acc=0.1984015984015984
[2023-06-15 22:14:42] epoch:78,test_acc=0.19517100598642187
[2023-06-15 22:14:42] final_acc=0.20759162203543155
[2023-06-15 22:14:44] epoch=79, train_loss, 32.23762026947846
[2023-06-15 22:14:44] test, acc=0.19480519480519481
[2023-06-15 22:14:44] epoch:79,test_acc=0.19220551747689235
[2023-06-15 22:14:44] final_acc=0.20759162203543155
[2023-06-15 22:14:45] epoch=80, train_loss, 22.178858127837746
[2023-06-15 22:14:45] test, acc=0.19360639360639362
[2023-06-15 22:14:45] epoch:80,test_acc=0.19465178493669538
[2023-06-15 22:14:45] final_acc=0.20759162203543155
[2023-06-15 22:14:47] epoch=81, train_loss, 25.728937752081066
[2023-06-15 22:14:47] test, acc=0.19480519480519481
[2023-06-15 22:14:47] epoch:81,test_acc=0.19439936086095183
[2023-06-15 22:14:47] final_acc=0.20759162203543155
[2023-06-15 22:14:48] epoch=82, train_loss, 22.17694766161749
[2023-06-15 22:14:48] test, acc=0.1952047952047952
[2023-06-15 22:14:48] epoch:82,test_acc=0.19398871299611573
[2023-06-15 22:14:48] final_acc=0.20759162203543155
[2023-06-15 22:14:49] epoch=83, train_loss, 21.887983644348516
[2023-06-15 22:14:50] test, acc=0.1946053946053946
[2023-06-15 22:14:50] epoch:83,test_acc=0.1919795354061369
[2023-06-15 22:14:50] final_acc=0.20759162203543155
[2023-06-15 22:14:51] epoch=84, train_loss, 18.242737966836593
[2023-06-15 22:14:51] test, acc=0.193006993006993
[2023-06-15 22:14:51] epoch:84,test_acc=0.18817881482934268
[2023-06-15 22:14:51] final_acc=0.20759162203543155
[2023-06-15 22:14:52] epoch=85, train_loss, 19.73180742199922
[2023-06-15 22:14:53] test, acc=0.1958041958041958
[2023-06-15 22:14:53] epoch:85,test_acc=0.19602007878689312
[2023-06-15 22:14:53] final_acc=0.20759162203543155
[2023-06-15 22:14:54] epoch=86, train_loss, 35.455046754764815
[2023-06-15 22:14:54] test, acc=0.1968031968031968
[2023-06-15 22:14:54] epoch:86,test_acc=0.19402408376546137
[2023-06-15 22:14:54] final_acc=0.20759162203543155
[2023-06-15 22:14:55] epoch=87, train_loss, 24.827557652156216
[2023-06-15 22:14:56] test, acc=0.1994005994005994
[2023-06-15 22:14:56] epoch:87,test_acc=0.19834018334743742
[2023-06-15 22:14:56] final_acc=0.20759162203543155
[2023-06-15 22:14:57] epoch=88, train_loss, 27.47576163904652
[2023-06-15 22:14:57] test, acc=0.1968031968031968
[2023-06-15 22:14:57] epoch:88,test_acc=0.19517914778252035
[2023-06-15 22:14:57] final_acc=0.20759162203543155
[2023-06-15 22:14:58] epoch=89, train_loss, 23.25183438763064
[2023-06-15 22:14:59] test, acc=0.2003996003996004
[2023-06-15 22:14:59] epoch:89,test_acc=0.1996922460714321
[2023-06-15 22:14:59] final_acc=0.20759162203543155
[2023-06-15 22:15:00] epoch=90, train_loss, 21.73305712408496
[2023-06-15 22:15:00] test, acc=0.1944055944055944
[2023-06-15 22:15:00] epoch:90,test_acc=0.19283601387804444
[2023-06-15 22:15:00] final_acc=0.20759162203543155
[2023-06-15 22:15:01] epoch=91, train_loss, 25.299134897085622
[2023-06-15 22:15:01] test, acc=0.1964035964035964
[2023-06-15 22:15:01] epoch:91,test_acc=0.19480559382619242
[2023-06-15 22:15:01] final_acc=0.20759162203543155
[2023-06-15 22:15:03] epoch=92, train_loss, 24.41294607553144
[2023-06-15 22:15:03] test, acc=0.1966033966033966
[2023-06-15 22:15:03] epoch:92,test_acc=0.19642865673811993
[2023-06-15 22:15:03] final_acc=0.20759162203543155
[2023-06-15 22:15:04] epoch=93, train_loss, 22.46739356967802
[2023-06-15 22:15:04] test, acc=0.1944055944055944
[2023-06-15 22:15:04] epoch:93,test_acc=0.19401672406986548
[2023-06-15 22:15:04] final_acc=0.20759162203543155
[2023-06-15 22:15:06] epoch=94, train_loss, 24.349734485547074
[2023-06-15 22:15:06] test, acc=0.1986013986013986
[2023-06-15 22:15:06] epoch:94,test_acc=0.19644974468601822
[2023-06-15 22:15:06] final_acc=0.20759162203543155
[2023-06-15 22:15:07] epoch=95, train_loss, 23.87053636115718
[2023-06-15 22:15:07] test, acc=0.1926073926073926
[2023-06-15 22:15:07] epoch:95,test_acc=0.19117317510326864
[2023-06-15 22:15:07] final_acc=0.20759162203543155
[2023-06-15 22:15:09] epoch=96, train_loss, 21.969827228570644
[2023-06-15 22:15:09] test, acc=0.19880119880119881
[2023-06-15 22:15:09] epoch:96,test_acc=0.1999010103668619
[2023-06-15 22:15:09] final_acc=0.20759162203543155
[2023-06-15 22:15:10] epoch=97, train_loss, 26.34334021342829
[2023-06-15 22:15:10] test, acc=0.2001998001998002
[2023-06-15 22:15:10] epoch:97,test_acc=0.20150471124581584
[2023-06-15 22:15:10] final_acc=0.20759162203543155
[2023-06-15 22:15:12] epoch=98, train_loss, 22.75392133825884
[2023-06-15 22:15:12] test, acc=0.19620379620379622
[2023-06-15 22:15:12] epoch:98,test_acc=0.19490532476870298
[2023-06-15 22:15:12] final_acc=0.20759162203543155
[2023-06-15 22:15:13] epoch=99, train_loss, 19.891964012697418
[2023-06-15 22:15:13] test, acc=0.19620379620379622
[2023-06-15 22:15:13] epoch:99,test_acc=0.19521315929133992
[2023-06-15 22:15:13] final_acc=0.20759162203543155
