[2023-06-15 21:16:22] Namespace(n_hidden=4096, lr=0.0005, batch=128)
[2023-06-15 21:16:34] epoch=0, train_loss, 54.6210902064753
[2023-06-15 21:16:34] test, acc=0.023576423576423578
[2023-06-15 21:16:34] epoch:0,test_acc=0.026103602379162927
[2023-06-15 21:16:34] final_acc=0.026103602379162927
[2023-06-15 21:16:39] epoch=1, train_loss, 55.58186288535023
[2023-06-15 21:16:39] test, acc=0.03996003996003996
[2023-06-15 21:16:39] epoch:1,test_acc=0.03839093021326826
[2023-06-15 21:16:39] final_acc=0.03839093021326826
[2023-06-15 21:16:45] epoch=2, train_loss, 65.39369685809834
[2023-06-15 21:16:45] test, acc=0.06433566433566433
[2023-06-15 21:16:45] epoch:2,test_acc=0.06654759737604897
[2023-06-15 21:16:45] final_acc=0.06654759737604897
[2023-06-15 21:16:50] epoch=3, train_loss, 77.42775912787587
[2023-06-15 21:16:50] test, acc=0.06733266733266734
[2023-06-15 21:16:50] epoch:3,test_acc=0.06885137635340563
[2023-06-15 21:16:50] final_acc=0.06885137635340563
[2023-06-15 21:16:55] epoch=4, train_loss, 86.93796194704196
[2023-06-15 21:16:56] test, acc=0.07072927072927072
[2023-06-15 21:16:56] epoch:4,test_acc=0.07106009646954649
[2023-06-15 21:16:56] final_acc=0.07106009646954649
[2023-06-15 21:17:01] epoch=5, train_loss, 91.48885036809757
[2023-06-15 21:17:01] test, acc=0.07512487512487513
[2023-06-15 21:17:01] epoch:5,test_acc=0.08010002748864649
[2023-06-15 21:17:01] final_acc=0.08010002748864649
[2023-06-15 21:17:06] epoch=6, train_loss, 95.77450615148575
[2023-06-15 21:17:07] test, acc=0.07412587412587412
[2023-06-15 21:17:07] epoch:6,test_acc=0.07269944427670963
[2023-06-15 21:17:07] final_acc=0.08010002748864649
[2023-06-15 21:17:12] epoch=7, train_loss, 99.8445072204541
[2023-06-15 21:17:12] test, acc=0.07832167832167833
[2023-06-15 21:17:12] epoch:7,test_acc=0.08213833612404331
[2023-06-15 21:17:12] final_acc=0.08213833612404331
[2023-06-15 21:17:17] epoch=8, train_loss, 102.67982611183922
[2023-06-15 21:17:17] test, acc=0.07872127872127872
[2023-06-15 21:17:17] epoch:8,test_acc=0.07886582307364479
[2023-06-15 21:17:17] final_acc=0.08213833612404331
[2023-06-15 21:17:23] epoch=9, train_loss, 103.35060594180902
[2023-06-15 21:17:23] test, acc=0.07832167832167833
[2023-06-15 21:17:23] epoch:9,test_acc=0.07713973793550673
[2023-06-15 21:17:23] final_acc=0.08213833612404331
[2023-06-15 21:17:28] epoch=10, train_loss, 103.67032970026278
[2023-06-15 21:17:28] test, acc=0.07972027972027972
[2023-06-15 21:17:28] epoch:10,test_acc=0.07466366618290145
[2023-06-15 21:17:28] final_acc=0.08213833612404331
[2023-06-15 21:17:33] epoch=11, train_loss, 102.27915588811564
[2023-06-15 21:17:34] test, acc=0.08891108891108891
[2023-06-15 21:17:34] epoch:11,test_acc=0.08720270568394291
[2023-06-15 21:17:34] final_acc=0.08720270568394291
[2023-06-15 21:17:39] epoch=12, train_loss, 101.11863264260582
[2023-06-15 21:17:39] test, acc=0.09070929070929071
[2023-06-15 21:17:39] epoch:12,test_acc=0.09201306942022285
[2023-06-15 21:17:39] final_acc=0.09201306942022285
[2023-06-15 21:17:44] epoch=13, train_loss, 100.98666344359279
[2023-06-15 21:17:45] test, acc=0.0905094905094905
[2023-06-15 21:17:45] epoch:13,test_acc=0.09280721124978453
[2023-06-15 21:17:45] final_acc=0.09280721124978453
[2023-06-15 21:17:50] epoch=14, train_loss, 101.49347692861343
[2023-06-15 21:17:50] test, acc=0.09810189810189811
[2023-06-15 21:17:50] epoch:14,test_acc=0.09664651970524463
[2023-06-15 21:17:50] final_acc=0.09664651970524463
[2023-06-15 21:17:55] epoch=15, train_loss, 100.46324761302327
[2023-06-15 21:17:55] test, acc=0.0951048951048951
[2023-06-15 21:17:55] epoch:15,test_acc=0.09477913981250172
[2023-06-15 21:17:55] final_acc=0.09664651970524463
[2023-06-15 21:18:01] epoch=16, train_loss, 99.46391837208415
[2023-06-15 21:18:01] test, acc=0.0959040959040959
[2023-06-15 21:18:01] epoch:16,test_acc=0.09294237841153055
[2023-06-15 21:18:01] final_acc=0.09664651970524463
[2023-06-15 21:18:06] epoch=17, train_loss, 100.23608303374756
[2023-06-15 21:18:06] test, acc=0.09090909090909091
[2023-06-15 21:18:06] epoch:17,test_acc=0.09808023697779868
[2023-06-15 21:18:06] final_acc=0.09808023697779868
[2023-06-15 21:18:11] epoch=18, train_loss, 100.10092422528008
[2023-06-15 21:18:12] test, acc=0.09170829170829171
[2023-06-15 21:18:12] epoch:18,test_acc=0.09581507033266773
[2023-06-15 21:18:12] final_acc=0.09808023697779868
[2023-06-15 21:18:17] epoch=19, train_loss, 99.90115786360475
[2023-06-15 21:18:17] test, acc=0.0925074925074925
[2023-06-15 21:18:17] epoch:19,test_acc=0.09269891706466812
[2023-06-15 21:18:17] final_acc=0.09808023697779868
[2023-06-15 21:18:22] epoch=20, train_loss, 99.46091108200268
[2023-06-15 21:18:23] test, acc=0.0931068931068931
[2023-06-15 21:18:23] epoch:20,test_acc=0.09350257496013001
[2023-06-15 21:18:23] final_acc=0.09808023697779868
[2023-06-15 21:18:28] epoch=21, train_loss, 97.32615970270321
[2023-06-15 21:18:28] test, acc=0.0933066933066933
[2023-06-15 21:18:28] epoch:21,test_acc=0.09584473487593018
[2023-06-15 21:18:28] final_acc=0.09808023697779868
[2023-06-15 21:18:33] epoch=22, train_loss, 96.12459865241004
[2023-06-15 21:18:33] test, acc=0.09810189810189811
[2023-06-15 21:18:33] epoch:22,test_acc=0.09924504145681531
[2023-06-15 21:18:33] final_acc=0.09924504145681531
[2023-06-15 21:18:39] epoch=23, train_loss, 95.81401612888129
[2023-06-15 21:18:39] test, acc=0.0983016983016983
[2023-06-15 21:18:39] epoch:23,test_acc=0.10012171039723408
[2023-06-15 21:18:39] final_acc=0.10012171039723408
[2023-06-15 21:18:44] epoch=24, train_loss, 96.01937407045699
[2023-06-15 21:18:44] test, acc=0.0989010989010989
[2023-06-15 21:18:44] epoch:24,test_acc=0.09815068196929584
[2023-06-15 21:18:44] final_acc=0.10012171039723408
[2023-06-15 21:18:49] epoch=25, train_loss, 96.8164842212543
[2023-06-15 21:18:50] test, acc=0.0973026973026973
[2023-06-15 21:18:50] epoch:25,test_acc=0.09725821351179517
[2023-06-15 21:18:50] final_acc=0.10012171039723408
[2023-06-15 21:18:55] epoch=26, train_loss, 96.69119289203194
[2023-06-15 21:18:55] test, acc=0.0933066933066933
[2023-06-15 21:18:55] epoch:26,test_acc=0.09227325619854758
[2023-06-15 21:18:55] final_acc=0.10012171039723408
[2023-06-15 21:19:00] epoch=27, train_loss, 97.29669453313176
[2023-06-15 21:19:01] test, acc=0.0931068931068931
[2023-06-15 21:19:01] epoch:27,test_acc=0.09267930946792606
[2023-06-15 21:19:01] final_acc=0.10012171039723408
[2023-06-15 21:19:06] epoch=28, train_loss, 98.04599619825808
[2023-06-15 21:19:06] test, acc=0.0959040959040959
[2023-06-15 21:19:06] epoch:28,test_acc=0.10050252451591217
[2023-06-15 21:19:06] final_acc=0.10050252451591217
[2023-06-15 21:19:11] epoch=29, train_loss, 99.45923796705544
[2023-06-15 21:19:11] test, acc=0.0987012987012987
[2023-06-15 21:19:11] epoch:29,test_acc=0.10069338957565988
[2023-06-15 21:19:11] final_acc=0.10069338957565988
[2023-06-15 21:19:17] epoch=30, train_loss, 100.3119371950436
[2023-06-15 21:19:17] test, acc=0.10669330669330669
[2023-06-15 21:19:17] epoch:30,test_acc=0.1072759735578978
[2023-06-15 21:19:17] final_acc=0.1072759735578978
[2023-06-15 21:19:22] epoch=31, train_loss, 100.56516178423604
[2023-06-15 21:19:22] test, acc=0.1010989010989011
[2023-06-15 21:19:22] epoch:31,test_acc=0.10424136368202672
[2023-06-15 21:19:22] final_acc=0.1072759735578978
[2023-06-15 21:19:27] epoch=32, train_loss, 101.65148036091472
[2023-06-15 21:19:28] test, acc=0.0993006993006993
[2023-06-15 21:19:28] epoch:32,test_acc=0.10026943175733857
[2023-06-15 21:19:28] final_acc=0.1072759735578978
[2023-06-15 21:19:33] epoch=33, train_loss, 101.62449844805197
[2023-06-15 21:19:33] test, acc=0.1006993006993007
[2023-06-15 21:19:33] epoch:33,test_acc=0.10185026939853359
[2023-06-15 21:19:33] final_acc=0.1072759735578978
[2023-06-15 21:19:38] epoch=34, train_loss, 103.83482454074458
[2023-06-15 21:19:38] test, acc=0.1028971028971029
[2023-06-15 21:19:38] epoch:34,test_acc=0.10276185408928958
[2023-06-15 21:19:38] final_acc=0.1072759735578978
[2023-06-15 21:19:43] epoch=35, train_loss, 104.62169078668467
[2023-06-15 21:19:44] test, acc=0.1040959040959041
[2023-06-15 21:19:44] epoch:35,test_acc=0.10176330644329398
[2023-06-15 21:19:44] final_acc=0.1072759735578978
[2023-06-15 21:19:49] epoch=36, train_loss, 106.73518602840436
[2023-06-15 21:19:49] test, acc=0.1006993006993007
[2023-06-15 21:19:49] epoch:36,test_acc=0.0949259466057304
[2023-06-15 21:19:49] final_acc=0.1072759735578978
[2023-06-15 21:19:54] epoch=37, train_loss, 108.57509406001424
[2023-06-15 21:19:55] test, acc=0.10649350649350649
[2023-06-15 21:19:55] epoch:37,test_acc=0.10479237788200287
[2023-06-15 21:19:55] final_acc=0.1072759735578978
[2023-06-15 21:20:00] epoch=38, train_loss, 106.79234384347836
[2023-06-15 21:20:00] test, acc=0.1044955044955045
[2023-06-15 21:20:00] epoch:38,test_acc=0.10248050066041203
[2023-06-15 21:20:00] final_acc=0.1072759735578978
[2023-06-15 21:20:05] epoch=39, train_loss, 105.47867652174003
[2023-06-15 21:20:05] test, acc=0.1094905094905095
[2023-06-15 21:20:05] epoch:39,test_acc=0.10763591318123107
[2023-06-15 21:20:05] final_acc=0.10763591318123107
[2023-06-15 21:20:11] epoch=40, train_loss, 106.24491288639105
[2023-06-15 21:20:11] test, acc=0.1006993006993007
[2023-06-15 21:20:11] epoch:40,test_acc=0.09920177439855012
[2023-06-15 21:20:11] final_acc=0.10763591318123107
[2023-06-15 21:20:16] epoch=41, train_loss, 105.29269859965997
[2023-06-15 21:20:16] test, acc=0.10609390609390609
[2023-06-15 21:20:16] epoch:41,test_acc=0.10413849225770491
[2023-06-15 21:20:16] final_acc=0.10763591318123107
[2023-06-15 21:20:21] epoch=42, train_loss, 104.7768200136983
[2023-06-15 21:20:22] test, acc=0.10909090909090909
[2023-06-15 21:20:22] epoch:42,test_acc=0.10231325061414376
[2023-06-15 21:20:22] final_acc=0.10763591318123107
[2023-06-15 21:20:27] epoch=43, train_loss, 105.1508868144343
[2023-06-15 21:20:27] test, acc=0.11188811188811189
[2023-06-15 21:20:27] epoch:43,test_acc=0.09984353939742027
[2023-06-15 21:20:27] final_acc=0.10763591318123107
[2023-06-15 21:20:32] epoch=44, train_loss, 104.97689086560624
[2023-06-15 21:20:33] test, acc=0.1102897102897103
[2023-06-15 21:20:33] epoch:44,test_acc=0.10677071380272381
[2023-06-15 21:20:33] final_acc=0.10763591318123107
[2023-06-15 21:20:38] epoch=45, train_loss, 106.17755144929734
[2023-06-15 21:20:38] test, acc=0.10869130869130869
[2023-06-15 21:20:38] epoch:45,test_acc=0.10266516302994363
[2023-06-15 21:20:38] final_acc=0.10763591318123107
[2023-06-15 21:20:43] epoch=46, train_loss, 104.3515794345746
[2023-06-15 21:20:44] test, acc=0.11048951048951049
[2023-06-15 21:20:44] epoch:46,test_acc=0.10980335499542333
[2023-06-15 21:20:44] final_acc=0.10980335499542333
[2023-06-15 21:20:49] epoch=47, train_loss, 104.69041543113538
[2023-06-15 21:20:49] test, acc=0.11008991008991009
[2023-06-15 21:20:49] epoch:47,test_acc=0.10736964332972068
[2023-06-15 21:20:49] final_acc=0.10980335499542333
[2023-06-15 21:20:54] epoch=48, train_loss, 104.06696207150102
[2023-06-15 21:20:54] test, acc=0.11568431568431568
[2023-06-15 21:20:54] epoch:48,test_acc=0.11214342221891722
[2023-06-15 21:20:54] final_acc=0.11214342221891722
[2023-06-15 21:21:00] epoch=49, train_loss, 102.2587902545929
[2023-06-15 21:21:00] test, acc=0.10869130869130869
[2023-06-15 21:21:00] epoch:49,test_acc=0.10785920622800986
[2023-06-15 21:21:00] final_acc=0.11214342221891722
[2023-06-15 21:21:05] epoch=50, train_loss, 100.6576942879552
[2023-06-15 21:21:05] test, acc=0.11728271728271729
[2023-06-15 21:21:05] epoch:50,test_acc=0.11353424979777933
[2023-06-15 21:21:05] final_acc=0.11353424979777933
[2023-06-15 21:21:11] epoch=51, train_loss, 100.98963050111033
[2023-06-15 21:21:11] test, acc=0.10729270729270729
[2023-06-15 21:21:11] epoch:51,test_acc=0.10603376619109142
[2023-06-15 21:21:11] final_acc=0.11353424979777933
[2023-06-15 21:21:16] epoch=52, train_loss, 101.66213221138659
[2023-06-15 21:21:16] test, acc=0.11308691308691309
[2023-06-15 21:21:16] epoch:52,test_acc=0.10842722913092613
[2023-06-15 21:21:16] final_acc=0.11353424979777933
[2023-06-15 21:21:21] epoch=53, train_loss, 102.23611403044801
[2023-06-15 21:21:22] test, acc=0.11188811188811189
[2023-06-15 21:21:22] epoch:53,test_acc=0.11246758490002846
[2023-06-15 21:21:22] final_acc=0.11353424979777933
[2023-06-15 21:21:27] epoch=54, train_loss, 102.06974278623684
[2023-06-15 21:21:27] test, acc=0.11628371628371628
[2023-06-15 21:21:27] epoch:54,test_acc=0.11399729214783169
[2023-06-15 21:21:27] final_acc=0.11399729214783169
[2023-06-15 21:21:32] epoch=55, train_loss, 102.86883439347386
[2023-06-15 21:21:32] test, acc=0.11188811188811189
[2023-06-15 21:21:32] epoch:55,test_acc=0.10640381550048757
[2023-06-15 21:21:32] final_acc=0.11399729214783169
[2023-06-15 21:21:38] epoch=56, train_loss, 102.19294677984219
[2023-06-15 21:21:38] test, acc=0.1076923076923077
[2023-06-15 21:21:38] epoch:56,test_acc=0.0990099399932023
[2023-06-15 21:21:38] final_acc=0.11399729214783169
[2023-06-15 21:21:43] epoch=57, train_loss, 100.68432688027525
[2023-06-15 21:21:43] test, acc=0.10609390609390609
[2023-06-15 21:21:43] epoch:57,test_acc=0.09935882951545146
[2023-06-15 21:21:43] final_acc=0.11399729214783169
[2023-06-15 21:21:48] epoch=58, train_loss, 100.88332902585356
[2023-06-15 21:21:49] test, acc=0.10529470529470529
[2023-06-15 21:21:49] epoch:58,test_acc=0.09678980936421297
[2023-06-15 21:21:49] final_acc=0.11399729214783169
[2023-06-15 21:21:54] epoch=59, train_loss, 101.77749969555548
[2023-06-15 21:21:54] test, acc=0.11228771228771228
[2023-06-15 21:21:54] epoch:59,test_acc=0.10612557694692822
[2023-06-15 21:21:54] final_acc=0.11399729214783169
[2023-06-15 21:21:59] epoch=60, train_loss, 102.01866151578129
[2023-06-15 21:22:00] test, acc=0.11208791208791209
[2023-06-15 21:22:00] epoch:60,test_acc=0.11511143863144528
[2023-06-15 21:22:00] final_acc=0.11511143863144528
[2023-06-15 21:22:05] epoch=61, train_loss, 102.25431414000904
[2023-06-15 21:22:05] test, acc=0.11828171828171828
[2023-06-15 21:22:05] epoch:61,test_acc=0.11543550225364904
[2023-06-15 21:22:05] final_acc=0.11543550225364904
[2023-06-15 21:22:10] epoch=62, train_loss, 103.42471564387361
[2023-06-15 21:22:11] test, acc=0.11648351648351649
[2023-06-15 21:22:11] epoch:62,test_acc=0.11536321333228158
[2023-06-15 21:22:11] final_acc=0.11543550225364904
[2023-06-15 21:22:16] epoch=63, train_loss, 103.36287867680144
[2023-06-15 21:22:16] test, acc=0.11868131868131868
[2023-06-15 21:22:16] epoch:63,test_acc=0.11935356449077321
[2023-06-15 21:22:16] final_acc=0.11935356449077321
[2023-06-15 21:22:21] epoch=64, train_loss, 101.80323446215912
[2023-06-15 21:22:21] test, acc=0.11628371628371628
[2023-06-15 21:22:21] epoch:64,test_acc=0.1118842933107824
[2023-06-15 21:22:21] final_acc=0.11935356449077321
[2023-06-15 21:22:27] epoch=65, train_loss, 100.7631643374507
[2023-06-15 21:22:27] test, acc=0.11388611388611389
[2023-06-15 21:22:27] epoch:65,test_acc=0.10911197392262513
[2023-06-15 21:22:27] final_acc=0.11935356449077321
[2023-06-15 21:22:32] epoch=66, train_loss, 100.53576562046624
[2023-06-15 21:22:32] test, acc=0.12267732267732268
[2023-06-15 21:22:32] epoch:66,test_acc=0.11735520040423779
[2023-06-15 21:22:32] final_acc=0.11935356449077321
[2023-06-15 21:22:37] epoch=67, train_loss, 98.70143737503516
[2023-06-15 21:22:38] test, acc=0.12627372627372627
[2023-06-15 21:22:38] epoch:67,test_acc=0.12389409561028535
[2023-06-15 21:22:38] final_acc=0.12389409561028535
[2023-06-15 21:22:43] epoch=68, train_loss, 99.44219704405569
[2023-06-15 21:22:43] test, acc=0.11768231768231768
[2023-06-15 21:22:43] epoch:68,test_acc=0.11441319800872851
[2023-06-15 21:22:43] final_acc=0.12389409561028535
[2023-06-15 21:22:48] epoch=69, train_loss, 97.51298506039019
[2023-06-15 21:22:49] test, acc=0.11728271728271729
[2023-06-15 21:22:49] epoch:69,test_acc=0.11457980602734878
[2023-06-15 21:22:49] final_acc=0.12389409561028535
[2023-06-15 21:22:54] epoch=70, train_loss, 97.10672561200663
[2023-06-15 21:22:54] test, acc=0.12427572427572428
[2023-06-15 21:22:54] epoch:70,test_acc=0.11778055144852624
[2023-06-15 21:22:54] final_acc=0.12389409561028535
[2023-06-15 21:22:59] epoch=71, train_loss, 95.61545120336758
[2023-06-15 21:23:00] test, acc=0.12527472527472527
[2023-06-15 21:23:00] epoch:71,test_acc=0.12035155974168825
[2023-06-15 21:23:00] final_acc=0.12389409561028535
[2023-06-15 21:23:05] epoch=72, train_loss, 96.25718204510478
[2023-06-15 21:23:05] test, acc=0.11648351648351649
[2023-06-15 21:23:05] epoch:72,test_acc=0.10943048654573
[2023-06-15 21:23:05] final_acc=0.12389409561028535
[2023-06-15 21:23:10] epoch=73, train_loss, 96.11979340059689
[2023-06-15 21:23:11] test, acc=0.12227772227772228
[2023-06-15 21:23:11] epoch:73,test_acc=0.1169571236874642
[2023-06-15 21:23:11] final_acc=0.12389409561028535
[2023-06-15 21:23:16] epoch=74, train_loss, 96.05339600560002
[2023-06-15 21:23:16] test, acc=0.1134865134865135
[2023-06-15 21:23:16] epoch:74,test_acc=0.11223817379479735
[2023-06-15 21:23:16] final_acc=0.12389409561028535
[2023-06-15 21:23:21] epoch=75, train_loss, 95.24673490859449
[2023-06-15 21:23:21] test, acc=0.11908091908091908
[2023-06-15 21:23:21] epoch:75,test_acc=0.11330025749863641
[2023-06-15 21:23:21] final_acc=0.12389409561028535
[2023-06-15 21:23:27] epoch=76, train_loss, 95.61891248965034
[2023-06-15 21:23:27] test, acc=0.11788211788211789
[2023-06-15 21:23:27] epoch:76,test_acc=0.10691789764858321
[2023-06-15 21:23:27] final_acc=0.12389409561028535
[2023-06-15 21:23:32] epoch=77, train_loss, 95.12570355723079
[2023-06-15 21:23:32] test, acc=0.11848151848151849
[2023-06-15 21:23:32] epoch:77,test_acc=0.10916062501676005
[2023-06-15 21:23:32] final_acc=0.12389409561028535
[2023-06-15 21:23:37] epoch=78, train_loss, 95.07586252194243
[2023-06-15 21:23:38] test, acc=0.11428571428571428
[2023-06-15 21:23:38] epoch:78,test_acc=0.1080340222091983
[2023-06-15 21:23:38] final_acc=0.12389409561028535
[2023-06-15 21:23:43] epoch=79, train_loss, 93.58018295224102
[2023-06-15 21:23:43] test, acc=0.11668331668331669
[2023-06-15 21:23:43] epoch:79,test_acc=0.11259249970247412
[2023-06-15 21:23:43] final_acc=0.12389409561028535
[2023-06-15 21:23:48] epoch=80, train_loss, 93.87998764811994
[2023-06-15 21:23:48] test, acc=0.11168831168831168
[2023-06-15 21:23:48] epoch:80,test_acc=0.10776877877630986
[2023-06-15 21:23:48] final_acc=0.12389409561028535
[2023-06-15 21:23:54] epoch=81, train_loss, 94.07930544770944
[2023-06-15 21:23:54] test, acc=0.11628371628371628
[2023-06-15 21:23:54] epoch:81,test_acc=0.11184999096620696
[2023-06-15 21:23:54] final_acc=0.12389409561028535
[2023-06-15 21:23:59] epoch=82, train_loss, 94.7215493487093
[2023-06-15 21:23:59] test, acc=0.11988011988011989
[2023-06-15 21:23:59] epoch:82,test_acc=0.11415025334189181
[2023-06-15 21:23:59] final_acc=0.12389409561028535
[2023-06-15 21:24:04] epoch=83, train_loss, 95.21218838554601
[2023-06-15 21:24:05] test, acc=0.11788211788211789
[2023-06-15 21:24:05] epoch:83,test_acc=0.11231275009529754
[2023-06-15 21:24:05] final_acc=0.12389409561028535
[2023-06-15 21:24:10] epoch=84, train_loss, 94.29259325368717
[2023-06-15 21:24:10] test, acc=0.10969030969030968
[2023-06-15 21:24:10] epoch:84,test_acc=0.10334983361743669
[2023-06-15 21:24:10] final_acc=0.12389409561028535
[2023-06-15 21:24:15] epoch=85, train_loss, 93.58617398761713
[2023-06-15 21:24:16] test, acc=0.11548451548451548
[2023-06-15 21:24:16] epoch:85,test_acc=0.10830552828012885
[2023-06-15 21:24:16] final_acc=0.12389409561028535
[2023-06-15 21:24:21] epoch=86, train_loss, 94.20247879424416
[2023-06-15 21:24:21] test, acc=0.11748251748251748
[2023-06-15 21:24:21] epoch:86,test_acc=0.11080616884192795
[2023-06-15 21:24:21] final_acc=0.12389409561028535
[2023-06-15 21:24:26] epoch=87, train_loss, 94.68708436405316
[2023-06-15 21:24:26] test, acc=0.11208791208791209
[2023-06-15 21:24:26] epoch:87,test_acc=0.106472963359092
[2023-06-15 21:24:26] final_acc=0.12389409561028535
[2023-06-15 21:24:32] epoch=88, train_loss, 93.79255631632698
[2023-06-15 21:24:32] test, acc=0.12407592407592408
[2023-06-15 21:24:32] epoch:88,test_acc=0.11585837912012512
[2023-06-15 21:24:32] final_acc=0.12389409561028535
[2023-06-15 21:24:37] epoch=89, train_loss, 93.0197025632706
[2023-06-15 21:24:37] test, acc=0.11388611388611389
[2023-06-15 21:24:37] epoch:89,test_acc=0.10583306403337615
[2023-06-15 21:24:37] final_acc=0.12389409561028535
[2023-06-15 21:24:43] epoch=90, train_loss, 92.57353355937873
[2023-06-15 21:24:43] test, acc=0.11788211788211789
[2023-06-15 21:24:43] epoch:90,test_acc=0.10871329664902474
[2023-06-15 21:24:43] final_acc=0.12389409561028535
[2023-06-15 21:24:48] epoch=91, train_loss, 92.71114801370298
[2023-06-15 21:24:48] test, acc=0.12247752247752247
[2023-06-15 21:24:48] epoch:91,test_acc=0.11553876006392112
[2023-06-15 21:24:48] final_acc=0.12389409561028535
[2023-06-15 21:24:53] epoch=92, train_loss, 92.43393932668546
[2023-06-15 21:24:54] test, acc=0.12347652347652348
[2023-06-15 21:24:54] epoch:92,test_acc=0.11943481908642561
[2023-06-15 21:24:54] final_acc=0.12389409561028535
[2023-06-15 21:24:59] epoch=93, train_loss, 93.12075235439947
[2023-06-15 21:24:59] test, acc=0.12507492507492507
[2023-06-15 21:24:59] epoch:93,test_acc=0.11882217946922694
[2023-06-15 21:24:59] final_acc=0.12389409561028535
[2023-06-15 21:25:04] epoch=94, train_loss, 93.92878241889393
[2023-06-15 21:25:05] test, acc=0.11808191808191808
[2023-06-15 21:25:05] epoch:94,test_acc=0.10979283153655332
[2023-06-15 21:25:05] final_acc=0.12389409561028535
[2023-06-15 21:25:10] epoch=95, train_loss, 94.34299348489925
[2023-06-15 21:25:10] test, acc=0.11908091908091908
[2023-06-15 21:25:10] epoch:95,test_acc=0.11112155998554955
[2023-06-15 21:25:10] final_acc=0.12389409561028535
[2023-06-15 21:25:15] epoch=96, train_loss, 95.58386254310608
[2023-06-15 21:25:16] test, acc=0.12027972027972028
[2023-06-15 21:25:16] epoch:96,test_acc=0.11335065816128147
[2023-06-15 21:25:16] final_acc=0.12389409561028535
[2023-06-15 21:25:21] epoch=97, train_loss, 95.17751783989489
[2023-06-15 21:25:21] test, acc=0.11828171828171828
[2023-06-15 21:25:21] epoch:97,test_acc=0.11601510977253512
[2023-06-15 21:25:21] final_acc=0.12389409561028535
[2023-06-15 21:25:26] epoch=98, train_loss, 95.46085861696602
[2023-06-15 21:25:26] test, acc=0.11688311688311688
[2023-06-15 21:25:26] epoch:98,test_acc=0.10832578852583989
[2023-06-15 21:25:26] final_acc=0.12389409561028535
[2023-06-15 21:25:32] epoch=99, train_loss, 95.05562751209393
[2023-06-15 21:25:32] test, acc=0.11788211788211789
[2023-06-15 21:25:32] epoch:99,test_acc=0.11051308173328298
[2023-06-15 21:25:32] final_acc=0.12389409561028535
