[2023-06-15 20:45:39] Namespace(n_hidden=4096, lr=0.0005, batch=128)
[2023-06-15 20:45:51] epoch=0, train_loss, 84.8701202343828
[2023-06-15 20:45:51] test, acc=0.011788211788211789
[2023-06-15 20:45:51] epoch:0,test_acc=0.011626815940028169
[2023-06-15 20:45:51] final_acc=0.011626815940028169
[2023-06-15 20:45:56] epoch=1, train_loss, 252.28253315203486
[2023-06-15 20:45:56] test, acc=0.013186813186813187
[2023-06-15 20:45:56] epoch:1,test_acc=0.010448538382737045
[2023-06-15 20:45:56] final_acc=0.011626815940028169
[2023-06-15 20:46:02] epoch=2, train_loss, 347.34619208875176
[2023-06-15 20:46:02] test, acc=0.03736263736263736
[2023-06-15 20:46:02] epoch:2,test_acc=0.03752082575989302
[2023-06-15 20:46:02] final_acc=0.03752082575989302
[2023-06-15 20:46:07] epoch=3, train_loss, 419.4073886079148
[2023-06-15 20:46:07] test, acc=0.03796203796203796
[2023-06-15 20:46:07] epoch:3,test_acc=0.03460529911509889
[2023-06-15 20:46:07] final_acc=0.03752082575989302
[2023-06-15 20:46:12] epoch=4, train_loss, 463.22953313760485
[2023-06-15 20:46:13] test, acc=0.033566433566433566
[2023-06-15 20:46:13] epoch:4,test_acc=0.032735207257548596
[2023-06-15 20:46:13] final_acc=0.03752082575989302
[2023-06-15 20:46:18] epoch=5, train_loss, 501.3052467614317
[2023-06-15 20:46:18] test, acc=0.05214785214785215
[2023-06-15 20:46:18] epoch:5,test_acc=0.05163400506020074
[2023-06-15 20:46:18] final_acc=0.05163400506020074
[2023-06-15 20:46:23] epoch=6, train_loss, 526.5974904995757
[2023-06-15 20:46:24] test, acc=0.04695304695304695
[2023-06-15 20:46:24] epoch:6,test_acc=0.044926932313535936
[2023-06-15 20:46:24] final_acc=0.05163400506020074
[2023-06-15 20:46:29] epoch=7, train_loss, 549.6691522080297
[2023-06-15 20:46:29] test, acc=0.05654345654345654
[2023-06-15 20:46:29] epoch:7,test_acc=0.053462108981905385
[2023-06-15 20:46:29] final_acc=0.053462108981905385
[2023-06-15 20:46:34] epoch=8, train_loss, 566.0905329792645
[2023-06-15 20:46:34] test, acc=0.04115884115884116
[2023-06-15 20:46:34] epoch:8,test_acc=0.04129967159472632
[2023-06-15 20:46:34] final_acc=0.053462108981905385
[2023-06-15 20:46:40] epoch=9, train_loss, 574.4196347367649
[2023-06-15 20:46:40] test, acc=0.05374625374625375
[2023-06-15 20:46:40] epoch:9,test_acc=0.04897904261771162
[2023-06-15 20:46:40] final_acc=0.053462108981905385
[2023-06-15 20:46:45] epoch=10, train_loss, 585.2564279964557
[2023-06-15 20:46:45] test, acc=0.06693306693306693
[2023-06-15 20:46:45] epoch:10,test_acc=0.06397227594147359
[2023-06-15 20:46:45] final_acc=0.06397227594147359
[2023-06-15 20:46:50] epoch=11, train_loss, 587.9244959042095
[2023-06-15 20:46:51] test, acc=0.057942057942057944
[2023-06-15 20:46:51] epoch:11,test_acc=0.058125004295844926
[2023-06-15 20:46:51] final_acc=0.06397227594147359
[2023-06-15 20:46:56] epoch=12, train_loss, 585.9772703518121
[2023-06-15 20:46:56] test, acc=0.054945054945054944
[2023-06-15 20:46:56] epoch:12,test_acc=0.05650275835660655
[2023-06-15 20:46:56] final_acc=0.06397227594147359
[2023-06-15 20:47:01] epoch=13, train_loss, 584.1606181086823
[2023-06-15 20:47:02] test, acc=0.06893106893106893
[2023-06-15 20:47:02] epoch:13,test_acc=0.06518303841212837
[2023-06-15 20:47:02] final_acc=0.06518303841212837
[2023-06-15 20:47:07] epoch=14, train_loss, 579.6753742839581
[2023-06-15 20:47:07] test, acc=0.06793206793206794
[2023-06-15 20:47:07] epoch:14,test_acc=0.06796333718334155
[2023-06-15 20:47:07] final_acc=0.06796333718334155
[2023-06-15 20:47:12] epoch=15, train_loss, 570.7974537614816
[2023-06-15 20:47:12] test, acc=0.06353646353646354
[2023-06-15 20:47:12] epoch:15,test_acc=0.05820787399531911
[2023-06-15 20:47:12] final_acc=0.06796333718334155
[2023-06-15 20:47:18] epoch=16, train_loss, 557.3059243881664
[2023-06-15 20:47:18] test, acc=0.06113886113886114
[2023-06-15 20:47:18] epoch:16,test_acc=0.062219814942599594
[2023-06-15 20:47:18] final_acc=0.06796333718334155
[2023-06-15 20:47:23] epoch=17, train_loss, 549.221425406849
[2023-06-15 20:47:23] test, acc=0.06773226773226773
[2023-06-15 20:47:23] epoch:17,test_acc=0.06720461822046321
[2023-06-15 20:47:23] final_acc=0.06796333718334155
[2023-06-15 20:47:28] epoch=18, train_loss, 539.2332535521291
[2023-06-15 20:47:29] test, acc=0.07212787212787213
[2023-06-15 20:47:29] epoch:18,test_acc=0.07031714122360569
[2023-06-15 20:47:29] final_acc=0.07031714122360569
[2023-06-15 20:47:34] epoch=19, train_loss, 524.8772458207493
[2023-06-15 20:47:34] test, acc=0.07752247752247753
[2023-06-15 20:47:34] epoch:19,test_acc=0.07506770618866405
[2023-06-15 20:47:34] final_acc=0.07506770618866405
[2023-06-15 20:47:39] epoch=20, train_loss, 511.6964107428115
[2023-06-15 20:47:40] test, acc=0.07172827172827173
[2023-06-15 20:47:40] epoch:20,test_acc=0.07129616687679242
[2023-06-15 20:47:40] final_acc=0.07506770618866405
[2023-06-15 20:47:45] epoch=21, train_loss, 500.25922830112444
[2023-06-15 20:47:45] test, acc=0.07852147852147852
[2023-06-15 20:47:45] epoch:21,test_acc=0.08124613136832776
[2023-06-15 20:47:45] final_acc=0.08124613136832776
[2023-06-15 20:47:50] epoch=22, train_loss, 486.8242302550295
[2023-06-15 20:47:50] test, acc=0.07652347652347652
[2023-06-15 20:47:50] epoch:22,test_acc=0.07188334056863117
[2023-06-15 20:47:50] final_acc=0.08124613136832776
[2023-06-15 20:47:56] epoch=23, train_loss, 474.34966963015427
[2023-06-15 20:47:56] test, acc=0.07552447552447553
[2023-06-15 20:47:56] epoch:23,test_acc=0.07879241032700576
[2023-06-15 20:47:56] final_acc=0.08124613136832776
[2023-06-15 20:48:01] epoch=24, train_loss, 460.6871797116801
[2023-06-15 20:48:01] test, acc=0.08711288711288712
[2023-06-15 20:48:01] epoch:24,test_acc=0.08700753085080856
[2023-06-15 20:48:01] final_acc=0.08700753085080856
[2023-06-15 20:48:06] epoch=25, train_loss, 444.5275850631178
[2023-06-15 20:48:07] test, acc=0.07552447552447553
[2023-06-15 20:48:07] epoch:25,test_acc=0.07888788940936045
[2023-06-15 20:48:07] final_acc=0.08700753085080856
[2023-06-15 20:48:12] epoch=26, train_loss, 428.75024462812627
[2023-06-15 20:48:12] test, acc=0.08151848151848153
[2023-06-15 20:48:12] epoch:26,test_acc=0.08117405057868401
[2023-06-15 20:48:12] final_acc=0.08700753085080856
[2023-06-15 20:48:17] epoch=27, train_loss, 416.9786911254493
[2023-06-15 20:48:18] test, acc=0.09230769230769231
[2023-06-15 20:48:18] epoch:27,test_acc=0.09404899533595923
[2023-06-15 20:48:18] final_acc=0.09404899533595923
[2023-06-15 20:48:23] epoch=28, train_loss, 406.68608780638476
[2023-06-15 20:48:23] test, acc=0.08691308691308691
[2023-06-15 20:48:23] epoch:28,test_acc=0.08255163393981077
[2023-06-15 20:48:23] final_acc=0.09404899533595923
[2023-06-15 20:48:28] epoch=29, train_loss, 394.70048371823833
[2023-06-15 20:48:28] test, acc=0.0951048951048951
[2023-06-15 20:48:28] epoch:29,test_acc=0.09658813933073304
[2023-06-15 20:48:28] final_acc=0.09658813933073304
[2023-06-15 20:48:34] epoch=30, train_loss, 385.3372686709078
[2023-06-15 20:48:34] test, acc=0.0967032967032967
[2023-06-15 20:48:34] epoch:30,test_acc=0.09223958305071742
[2023-06-15 20:48:34] final_acc=0.09658813933073304
[2023-06-15 20:48:39] epoch=31, train_loss, 369.40845136063547
[2023-06-15 20:48:39] test, acc=0.09030969030969031
[2023-06-15 20:48:39] epoch:31,test_acc=0.08806506188355198
[2023-06-15 20:48:39] final_acc=0.09658813933073304
[2023-06-15 20:48:44] epoch=32, train_loss, 357.8625392243504
[2023-06-15 20:48:45] test, acc=0.1004995004995005
[2023-06-15 20:48:45] epoch:32,test_acc=0.09997144112590557
[2023-06-15 20:48:45] final_acc=0.09997144112590557
[2023-06-15 20:48:50] epoch=33, train_loss, 343.09249853554627
[2023-06-15 20:48:50] test, acc=0.1034965034965035
[2023-06-15 20:48:50] epoch:33,test_acc=0.09845757494236225
[2023-06-15 20:48:50] final_acc=0.09997144112590557
[2023-06-15 20:48:55] epoch=34, train_loss, 330.1134545079435
[2023-06-15 20:48:56] test, acc=0.09210789210789211
[2023-06-15 20:48:56] epoch:34,test_acc=0.09184512905413258
[2023-06-15 20:48:56] final_acc=0.09997144112590557
[2023-06-15 20:49:01] epoch=35, train_loss, 318.06108454012644
[2023-06-15 20:49:01] test, acc=0.1014985014985015
[2023-06-15 20:49:01] epoch:35,test_acc=0.10160021907920602
[2023-06-15 20:49:01] final_acc=0.10160021907920602
[2023-06-15 20:49:06] epoch=36, train_loss, 305.0411323815489
[2023-06-15 20:49:06] test, acc=0.10849150849150849
[2023-06-15 20:49:06] epoch:36,test_acc=0.10675707600154434
[2023-06-15 20:49:06] final_acc=0.10675707600154434
[2023-06-15 20:49:12] epoch=37, train_loss, 298.2035962187063
[2023-06-15 20:49:12] test, acc=0.0969030969030969
[2023-06-15 20:49:12] epoch:37,test_acc=0.09945142625315968
[2023-06-15 20:49:12] final_acc=0.10675707600154434
[2023-06-15 20:49:17] epoch=38, train_loss, 285.67170408206243
[2023-06-15 20:49:17] test, acc=0.10869130869130869
[2023-06-15 20:49:17] epoch:38,test_acc=0.10194114034731183
[2023-06-15 20:49:17] final_acc=0.10675707600154434
[2023-06-15 20:49:22] epoch=39, train_loss, 277.5764815845429
[2023-06-15 20:49:23] test, acc=0.09430569430569431
[2023-06-15 20:49:23] epoch:39,test_acc=0.08954462910577535
[2023-06-15 20:49:23] final_acc=0.10675707600154434
[2023-06-15 20:49:28] epoch=40, train_loss, 269.7398915153723
[2023-06-15 20:49:28] test, acc=0.1050949050949051
[2023-06-15 20:49:28] epoch:40,test_acc=0.10169997711095662
[2023-06-15 20:49:28] final_acc=0.10675707600154434
[2023-06-15 20:49:33] epoch=41, train_loss, 260.4059263235464
[2023-06-15 20:49:34] test, acc=0.11368631368631368
[2023-06-15 20:49:34] epoch:41,test_acc=0.11189567848874675
[2023-06-15 20:49:34] final_acc=0.11189567848874675
[2023-06-15 20:49:39] epoch=42, train_loss, 251.0027208663404
[2023-06-15 20:49:39] test, acc=0.10669330669330669
[2023-06-15 20:49:39] epoch:42,test_acc=0.104715645883248
[2023-06-15 20:49:39] final_acc=0.11189567848874675
[2023-06-15 20:49:44] epoch=43, train_loss, 243.03440315807208
[2023-06-15 20:49:44] test, acc=0.10909090909090909
[2023-06-15 20:49:44] epoch:43,test_acc=0.10349917420418704
[2023-06-15 20:49:44] final_acc=0.11189567848874675
[2023-06-15 20:49:50] epoch=44, train_loss, 233.7704691780261
[2023-06-15 20:49:50] test, acc=0.11768231768231768
[2023-06-15 20:49:50] epoch:44,test_acc=0.1134900378248765
[2023-06-15 20:49:50] final_acc=0.1134900378248765
[2023-06-15 20:49:55] epoch=45, train_loss, 226.3092156553421
[2023-06-15 20:49:55] test, acc=0.11908091908091908
[2023-06-15 20:49:55] epoch:45,test_acc=0.12232633952178167
[2023-06-15 20:49:55] final_acc=0.12232633952178167
[2023-06-15 20:50:00] epoch=46, train_loss, 218.41534884516804
[2023-06-15 20:50:01] test, acc=0.1094905094905095
[2023-06-15 20:50:01] epoch:46,test_acc=0.11195715552684667
[2023-06-15 20:50:01] final_acc=0.12232633952178167
[2023-06-15 20:50:06] epoch=47, train_loss, 210.371933982776
[2023-06-15 20:50:06] test, acc=0.11728271728271729
[2023-06-15 20:50:06] epoch:47,test_acc=0.1214655445270526
[2023-06-15 20:50:06] final_acc=0.12232633952178167
[2023-06-15 20:50:11] epoch=48, train_loss, 201.90608454207643
[2023-06-15 20:50:12] test, acc=0.11188811188811189
[2023-06-15 20:50:12] epoch:48,test_acc=0.11481792621266018
[2023-06-15 20:50:12] final_acc=0.12232633952178167
[2023-06-15 20:50:17] epoch=49, train_loss, 195.58051787550076
[2023-06-15 20:50:17] test, acc=0.12007992007992008
[2023-06-15 20:50:17] epoch:49,test_acc=0.11980491734796325
[2023-06-15 20:50:17] final_acc=0.12232633952178167
[2023-06-15 20:50:22] epoch=50, train_loss, 188.63477732502994
[2023-06-15 20:50:22] test, acc=0.11828171828171828
[2023-06-15 20:50:22] epoch:50,test_acc=0.1190093995113416
[2023-06-15 20:50:22] final_acc=0.12232633952178167
[2023-06-15 20:50:28] epoch=51, train_loss, 182.02052268128807
[2023-06-15 20:50:28] test, acc=0.12067932067932068
[2023-06-15 20:50:28] epoch:51,test_acc=0.12134542081883286
[2023-06-15 20:50:28] final_acc=0.12232633952178167
[2023-06-15 20:50:33] epoch=52, train_loss, 178.35023869036104
[2023-06-15 20:50:33] test, acc=0.11528471528471529
[2023-06-15 20:50:33] epoch:52,test_acc=0.1150937797868982
[2023-06-15 20:50:33] final_acc=0.12232633952178167
[2023-06-15 20:50:39] epoch=53, train_loss, 170.56431462589543
[2023-06-15 20:50:39] test, acc=0.11568431568431568
[2023-06-15 20:50:39] epoch:53,test_acc=0.11333780846851271
[2023-06-15 20:50:39] final_acc=0.12232633952178167
[2023-06-15 20:50:44] epoch=54, train_loss, 165.77214236762197
[2023-06-15 20:50:44] test, acc=0.12827172827172828
[2023-06-15 20:50:44] epoch:54,test_acc=0.12598808342806606
[2023-06-15 20:50:44] final_acc=0.12598808342806606
[2023-06-15 20:50:49] epoch=55, train_loss, 160.1692603845566
[2023-06-15 20:50:50] test, acc=0.11888111888111888
[2023-06-15 20:50:50] epoch:55,test_acc=0.11954739870588513
[2023-06-15 20:50:50] final_acc=0.12598808342806606
[2023-06-15 20:50:55] epoch=56, train_loss, 153.29215185634627
[2023-06-15 20:50:55] test, acc=0.12627372627372627
[2023-06-15 20:50:55] epoch:56,test_acc=0.12225169207252581
[2023-06-15 20:50:55] final_acc=0.12598808342806606
[2023-06-15 20:51:00] epoch=57, train_loss, 148.79502590776633
[2023-06-15 20:51:01] test, acc=0.12667332667332667
[2023-06-15 20:51:01] epoch:57,test_acc=0.12544737203045447
[2023-06-15 20:51:01] final_acc=0.12598808342806606
[2023-06-15 20:51:06] epoch=58, train_loss, 145.43282971366907
[2023-06-15 20:51:06] test, acc=0.12767232767232767
[2023-06-15 20:51:06] epoch:58,test_acc=0.12395720210490882
[2023-06-15 20:51:06] final_acc=0.12598808342806606
[2023-06-15 20:51:11] epoch=59, train_loss, 141.45532845689084
[2023-06-15 20:51:11] test, acc=0.13066933066933067
[2023-06-15 20:51:11] epoch:59,test_acc=0.12624430908995965
[2023-06-15 20:51:11] final_acc=0.12624430908995965
[2023-06-15 20:51:17] epoch=60, train_loss, 136.81342383924002
[2023-06-15 20:51:17] test, acc=0.12307692307692308
[2023-06-15 20:51:17] epoch:60,test_acc=0.12022861430662557
[2023-06-15 20:51:17] final_acc=0.12624430908995965
[2023-06-15 20:51:22] epoch=61, train_loss, 134.20974493788455
[2023-06-15 20:51:22] test, acc=0.12287712287712288
[2023-06-15 20:51:22] epoch:61,test_acc=0.12077854542698652
[2023-06-15 20:51:22] final_acc=0.12624430908995965
[2023-06-15 20:51:28] epoch=62, train_loss, 129.2810499660504
[2023-06-15 20:51:28] test, acc=0.13266733266733266
[2023-06-15 20:51:28] epoch:62,test_acc=0.13238168578986792
[2023-06-15 20:51:28] final_acc=0.13238168578986792
[2023-06-15 20:51:33] epoch=63, train_loss, 127.05454735557873
[2023-06-15 20:51:33] test, acc=0.13226773226773228
[2023-06-15 20:51:33] epoch:63,test_acc=0.1294810213169685
[2023-06-15 20:51:33] final_acc=0.13238168578986792
[2023-06-15 20:51:38] epoch=64, train_loss, 123.82798602558172
[2023-06-15 20:51:39] test, acc=0.13266733266733266
[2023-06-15 20:51:39] epoch:64,test_acc=0.13149759626084884
[2023-06-15 20:51:39] final_acc=0.13238168578986792
[2023-06-15 20:51:44] epoch=65, train_loss, 120.11040858795849
[2023-06-15 20:51:44] test, acc=0.13326673326673327
[2023-06-15 20:51:44] epoch:65,test_acc=0.1318920727221141
[2023-06-15 20:51:44] final_acc=0.13238168578986792
[2023-06-15 20:51:49] epoch=66, train_loss, 117.84503331656654
[2023-06-15 20:51:49] test, acc=0.12927072927072927
[2023-06-15 20:51:49] epoch:66,test_acc=0.125915342553032
[2023-06-15 20:51:49] final_acc=0.13238168578986792
[2023-06-15 20:51:55] epoch=67, train_loss, 115.47778348343822
[2023-06-15 20:51:55] test, acc=0.12547452547452548
[2023-06-15 20:51:55] epoch:67,test_acc=0.12223574842546758
[2023-06-15 20:51:55] final_acc=0.13238168578986792
[2023-06-15 20:52:00] epoch=68, train_loss, 113.12336093549149
[2023-06-15 20:52:00] test, acc=0.13186813186813187
[2023-06-15 20:52:00] epoch:68,test_acc=0.1292359239575784
[2023-06-15 20:52:00] final_acc=0.13238168578986792
[2023-06-15 20:52:06] epoch=69, train_loss, 110.17136446431803
[2023-06-15 20:52:06] test, acc=0.13206793206793208
[2023-06-15 20:52:06] epoch:69,test_acc=0.1283504134714539
[2023-06-15 20:52:06] final_acc=0.13238168578986792
[2023-06-15 20:52:11] epoch=70, train_loss, 106.48639014734627
[2023-06-15 20:52:11] test, acc=0.12747252747252746
[2023-06-15 20:52:11] epoch:70,test_acc=0.12361931809840324
[2023-06-15 20:52:11] final_acc=0.13238168578986792
[2023-06-15 20:52:16] epoch=71, train_loss, 104.08123183326599
[2023-06-15 20:52:17] test, acc=0.13566433566433567
[2023-06-15 20:52:17] epoch:71,test_acc=0.13582272260234524
[2023-06-15 20:52:17] final_acc=0.13582272260234524
[2023-06-15 20:52:22] epoch=72, train_loss, 100.79839087294313
[2023-06-15 20:52:22] test, acc=0.13446553446553447
[2023-06-15 20:52:22] epoch:72,test_acc=0.13027728242849046
[2023-06-15 20:52:22] final_acc=0.13582272260234524
[2023-06-15 20:52:27] epoch=73, train_loss, 97.32801091252044
[2023-06-15 20:52:28] test, acc=0.13126873126873126
[2023-06-15 20:52:28] epoch:73,test_acc=0.12976917053091958
[2023-06-15 20:52:28] final_acc=0.13582272260234524
[2023-06-15 20:52:33] epoch=74, train_loss, 95.21969584382761
[2023-06-15 20:52:33] test, acc=0.13626373626373625
[2023-06-15 20:52:33] epoch:74,test_acc=0.13247985717858676
[2023-06-15 20:52:33] final_acc=0.13582272260234524
[2023-06-15 20:52:38] epoch=75, train_loss, 91.96030262712472
[2023-06-15 20:52:38] test, acc=0.12987012987012986
[2023-06-15 20:52:38] epoch:75,test_acc=0.1272638758257344
[2023-06-15 20:52:38] final_acc=0.13582272260234524
[2023-06-15 20:52:44] epoch=76, train_loss, 89.91086541806547
[2023-06-15 20:52:44] test, acc=0.12927072927072927
[2023-06-15 20:52:44] epoch:76,test_acc=0.12524561147412838
[2023-06-15 20:52:44] final_acc=0.13582272260234524
[2023-06-15 20:52:49] epoch=77, train_loss, 88.02504751552789
[2023-06-15 20:52:49] test, acc=0.13846153846153847
[2023-06-15 20:52:49] epoch:77,test_acc=0.13302200059703193
[2023-06-15 20:52:49] final_acc=0.13582272260234524
[2023-06-15 20:52:54] epoch=78, train_loss, 85.07842946890445
[2023-06-15 20:52:55] test, acc=0.14205794205794206
[2023-06-15 20:52:55] epoch:78,test_acc=0.13546184786930784
[2023-06-15 20:52:55] final_acc=0.13582272260234524
[2023-06-15 20:53:00] epoch=79, train_loss, 84.51686030988114
[2023-06-15 20:53:00] test, acc=0.14105894105894107
[2023-06-15 20:53:00] epoch:79,test_acc=0.1346880759433537
[2023-06-15 20:53:00] final_acc=0.13582272260234524
[2023-06-15 20:53:05] epoch=80, train_loss, 82.43048383328862
[2023-06-15 20:53:06] test, acc=0.14185814185814186
[2023-06-15 20:53:06] epoch:80,test_acc=0.14121770831194785
[2023-06-15 20:53:06] final_acc=0.14121770831194785
[2023-06-15 20:53:11] epoch=81, train_loss, 80.19055858892374
[2023-06-15 20:53:11] test, acc=0.14005994005994005
[2023-06-15 20:53:11] epoch:81,test_acc=0.13711608580400886
[2023-06-15 20:53:11] final_acc=0.14121770831194785
[2023-06-15 20:53:16] epoch=82, train_loss, 79.56410333371392
[2023-06-15 20:53:16] test, acc=0.14605394605394606
[2023-06-15 20:53:16] epoch:82,test_acc=0.14427229521529267
[2023-06-15 20:53:16] final_acc=0.14427229521529267
[2023-06-15 20:53:22] epoch=83, train_loss, 76.99556528645964
[2023-06-15 20:53:22] test, acc=0.13566433566433567
[2023-06-15 20:53:22] epoch:83,test_acc=0.12897101826568097
[2023-06-15 20:53:22] final_acc=0.14427229521529267
[2023-06-15 20:53:27] epoch=84, train_loss, 74.8227725775478
[2023-06-15 20:53:27] test, acc=0.14045954045954046
[2023-06-15 20:53:27] epoch:84,test_acc=0.13488587275396424
[2023-06-15 20:53:27] final_acc=0.14427229521529267
[2023-06-15 20:53:33] epoch=85, train_loss, 73.87726631408302
[2023-06-15 20:53:33] test, acc=0.14385614385614387
[2023-06-15 20:53:33] epoch:85,test_acc=0.1375273586195244
[2023-06-15 20:53:33] final_acc=0.14427229521529267
[2023-06-15 20:53:38] epoch=86, train_loss, 71.8939187717133
[2023-06-15 20:53:38] test, acc=0.13646353646353646
[2023-06-15 20:53:38] epoch:86,test_acc=0.12991214521882033
[2023-06-15 20:53:38] final_acc=0.14427229521529267
[2023-06-15 20:53:43] epoch=87, train_loss, 70.36953861797198
[2023-06-15 20:53:44] test, acc=0.14765234765234767
[2023-06-15 20:53:44] epoch:87,test_acc=0.14243608335352084
[2023-06-15 20:53:44] final_acc=0.14427229521529267
[2023-06-15 20:53:49] epoch=88, train_loss, 68.67957673971645
[2023-06-15 20:53:49] test, acc=0.13346653346653348
[2023-06-15 20:53:49] epoch:88,test_acc=0.12653910312086739
[2023-06-15 20:53:49] final_acc=0.14427229521529267
[2023-06-15 20:53:54] epoch=89, train_loss, 68.52637459751897
[2023-06-15 20:53:55] test, acc=0.14545454545454545
[2023-06-15 20:53:55] epoch:89,test_acc=0.1448561845426199
[2023-06-15 20:53:55] final_acc=0.1448561845426199
[2023-06-15 20:54:00] epoch=90, train_loss, 66.78414838077923
[2023-06-15 20:54:00] test, acc=0.13326673326673327
[2023-06-15 20:54:00] epoch:90,test_acc=0.13150692303661432
[2023-06-15 20:54:00] final_acc=0.1448561845426199
[2023-06-15 20:54:05] epoch=91, train_loss, 65.95142317579958
[2023-06-15 20:54:06] test, acc=0.14305694305694305
[2023-06-15 20:54:06] epoch:91,test_acc=0.14037053542406197
[2023-06-15 20:54:06] final_acc=0.1448561845426199
[2023-06-15 20:54:11] epoch=92, train_loss, 65.15864920692322
[2023-06-15 20:54:11] test, acc=0.13826173826173827
[2023-06-15 20:54:11] epoch:92,test_acc=0.1359442977964655
[2023-06-15 20:54:11] final_acc=0.1448561845426199
[2023-06-15 20:54:16] epoch=93, train_loss, 63.501245809439276
[2023-06-15 20:54:16] test, acc=0.13906093906093905
[2023-06-15 20:54:16] epoch:93,test_acc=0.1346932615618986
[2023-06-15 20:54:16] final_acc=0.1448561845426199
[2023-06-15 20:54:22] epoch=94, train_loss, 62.95072530557553
[2023-06-15 20:54:22] test, acc=0.13906093906093905
[2023-06-15 20:54:22] epoch:94,test_acc=0.1380419292120164
[2023-06-15 20:54:22] final_acc=0.1448561845426199
[2023-06-15 20:54:27] epoch=95, train_loss, 60.377686174532855
[2023-06-15 20:54:27] test, acc=0.14505494505494507
[2023-06-15 20:54:27] epoch:95,test_acc=0.1421401311591284
[2023-06-15 20:54:27] final_acc=0.1448561845426199
[2023-06-15 20:54:33] epoch=96, train_loss, 60.58719680713008
[2023-06-15 20:54:33] test, acc=0.14045954045954046
[2023-06-15 20:54:33] epoch:96,test_acc=0.13639473339335878
[2023-06-15 20:54:33] final_acc=0.1448561845426199
[2023-06-15 20:54:38] epoch=97, train_loss, 60.04699661937384
[2023-06-15 20:54:38] test, acc=0.14045954045954046
[2023-06-15 20:54:38] epoch:97,test_acc=0.13837762826836617
[2023-06-15 20:54:38] final_acc=0.1448561845426199
[2023-06-15 20:54:43] epoch=98, train_loss, 59.68097625829922
[2023-06-15 20:54:44] test, acc=0.14665334665334664
[2023-06-15 20:54:44] epoch:98,test_acc=0.14452779253224224
[2023-06-15 20:54:44] final_acc=0.1448561845426199
[2023-06-15 20:54:49] epoch=99, train_loss, 58.753869431468246
[2023-06-15 20:54:49] test, acc=0.14445554445554445
[2023-06-15 20:54:49] epoch:99,test_acc=0.13711718986095411
[2023-06-15 20:54:49] final_acc=0.1448561845426199
