[2023-06-16 15:47:36] Namespace(n_hidden=4096, lr=0.001, batch=128)
[2023-06-16 15:47:45] epoch=0, train_loss, 13.881399940758849
[2023-06-16 15:47:45] test, acc=0.08010387534958051
[2023-06-16 15:47:45] epoch:0,test_acc=0.07680091706888739
[2023-06-16 15:47:45] final_acc=0.07680091706888739
[2023-06-16 15:47:50] epoch=1, train_loss, 21.193803037698277
[2023-06-16 15:47:50] test, acc=0.11166600079904115
[2023-06-16 15:47:50] epoch:1,test_acc=0.11201082351966604
[2023-06-16 15:47:50] final_acc=0.11201082351966604
[2023-06-16 15:47:55] epoch=2, train_loss, 28.456150006181517
[2023-06-16 15:47:56] test, acc=0.09208949260886935
[2023-06-16 15:47:56] epoch:2,test_acc=0.08858139145591472
[2023-06-16 15:47:56] final_acc=0.11201082351966604
[2023-06-16 15:48:01] epoch=3, train_loss, 36.65129328840457
[2023-06-16 15:48:01] test, acc=0.10866959648421894
[2023-06-16 15:48:01] epoch:3,test_acc=0.10397313341507752
[2023-06-16 15:48:01] final_acc=0.11201082351966604
[2023-06-16 15:48:06] epoch=4, train_loss, 43.888273044135246
[2023-06-16 15:48:07] test, acc=0.11606072712744707
[2023-06-16 15:48:07] epoch:4,test_acc=0.12092769274031949
[2023-06-16 15:48:07] final_acc=0.12092769274031949
[2023-06-16 15:48:12] epoch=5, train_loss, 46.853241795548996
[2023-06-16 15:48:12] test, acc=0.1488214143028366
[2023-06-16 15:48:12] epoch:5,test_acc=0.14330905255252696
[2023-06-16 15:48:12] final_acc=0.14330905255252696
[2023-06-16 15:48:17] epoch=6, train_loss, 46.254977424304705
[2023-06-16 15:48:17] test, acc=0.16320415501398322
[2023-06-16 15:48:17] epoch:6,test_acc=0.15462321295708312
[2023-06-16 15:48:17] final_acc=0.15462321295708312
[2023-06-16 15:48:22] epoch=7, train_loss, 48.02321334692617
[2023-06-16 15:48:23] test, acc=0.1574111066719936
[2023-06-16 15:48:23] epoch:7,test_acc=0.156762451358247
[2023-06-16 15:48:23] final_acc=0.156762451358247
[2023-06-16 15:48:28] epoch=8, train_loss, 50.559947388621566
[2023-06-16 15:48:28] test, acc=0.15661206552137436
[2023-06-16 15:48:28] epoch:8,test_acc=0.14379026162865652
[2023-06-16 15:48:28] final_acc=0.156762451358247
[2023-06-16 15:48:33] epoch=9, train_loss, 50.95742732648271
[2023-06-16 15:48:34] test, acc=0.16799840191769877
[2023-06-16 15:48:34] epoch:9,test_acc=0.17072660128800038
[2023-06-16 15:48:34] final_acc=0.17072660128800038
[2023-06-16 15:48:39] epoch=10, train_loss, 50.71408708712544
[2023-06-16 15:48:39] test, acc=0.1626048741510188
[2023-06-16 15:48:39] epoch:10,test_acc=0.16667163176597705
[2023-06-16 15:48:39] final_acc=0.17072660128800038
[2023-06-16 15:48:44] epoch=11, train_loss, 48.7440168362456
[2023-06-16 15:48:44] test, acc=0.17998401917698761
[2023-06-16 15:48:44] epoch:11,test_acc=0.17364130783443407
[2023-06-16 15:48:44] final_acc=0.17364130783443407
[2023-06-16 15:48:50] epoch=12, train_loss, 45.17094589574649
[2023-06-16 15:48:50] test, acc=0.17518977227327207
[2023-06-16 15:48:50] epoch:12,test_acc=0.1687271780880058
[2023-06-16 15:48:50] final_acc=0.17364130783443407
[2023-06-16 15:48:55] epoch=13, train_loss, 44.18918453618741
[2023-06-16 15:48:55] test, acc=0.17479025169796245
[2023-06-16 15:48:55] epoch:13,test_acc=0.1728546417654508
[2023-06-16 15:48:55] final_acc=0.17364130783443407
[2023-06-16 15:49:00] epoch=14, train_loss, 42.01628596637958
[2023-06-16 15:49:01] test, acc=0.19176987614862165
[2023-06-16 15:49:01] epoch:14,test_acc=0.1858034816377221
[2023-06-16 15:49:01] final_acc=0.1858034816377221
[2023-06-16 15:49:06] epoch=15, train_loss, 39.621152853432555
[2023-06-16 15:49:06] test, acc=0.1841789852177387
[2023-06-16 15:49:06] epoch:15,test_acc=0.1800985363561375
[2023-06-16 15:49:06] final_acc=0.1858034816377221
[2023-06-16 15:49:11] epoch=16, train_loss, 38.47454983281632
[2023-06-16 15:49:12] test, acc=0.17099480623252097
[2023-06-16 15:49:12] epoch:16,test_acc=0.1717292132686512
[2023-06-16 15:49:12] final_acc=0.1858034816377221
[2023-06-16 15:49:17] epoch=17, train_loss, 38.58332876808727
[2023-06-16 15:49:17] test, acc=0.18797443068318018
[2023-06-16 15:49:17] epoch:17,test_acc=0.18170275514671375
[2023-06-16 15:49:17] final_acc=0.1858034816377221
[2023-06-16 15:49:22] epoch=18, train_loss, 35.08787227057801
[2023-06-16 15:49:23] test, acc=0.1963643627646824
[2023-06-16 15:49:23] epoch:18,test_acc=0.19454305690664037
[2023-06-16 15:49:23] final_acc=0.19454305690664037
[2023-06-16 15:49:28] epoch=19, train_loss, 34.263722803646004
[2023-06-16 15:49:28] test, acc=0.2023571713943268
[2023-06-16 15:49:28] epoch:19,test_acc=0.19512466956415692
[2023-06-16 15:49:28] final_acc=0.19512466956415692
[2023-06-16 15:49:33] epoch=20, train_loss, 32.17993424875667
[2023-06-16 15:49:33] test, acc=0.19316819816220535
[2023-06-16 15:49:33] epoch:20,test_acc=0.1885643985652857
[2023-06-16 15:49:33] final_acc=0.19512466956415692
[2023-06-16 15:49:39] epoch=21, train_loss, 31.064594549112044
[2023-06-16 15:49:39] test, acc=0.20195765081901718
[2023-06-16 15:49:39] epoch:21,test_acc=0.19935261796041906
[2023-06-16 15:49:39] final_acc=0.19935261796041906
[2023-06-16 15:49:44] epoch=22, train_loss, 30.71976359126667
[2023-06-16 15:49:44] test, acc=0.20455453455852976
[2023-06-16 15:49:44] epoch:22,test_acc=0.18790841928998148
[2023-06-16 15:49:44] final_acc=0.19935261796041906
[2023-06-16 15:49:50] epoch=23, train_loss, 31.414683463855294
[2023-06-16 15:49:50] test, acc=0.19916100679184978
[2023-06-16 15:49:50] epoch:23,test_acc=0.196659052608251
[2023-06-16 15:49:50] final_acc=0.19935261796041906
[2023-06-16 15:49:55] epoch=24, train_loss, 24.704943775749815
[2023-06-16 15:49:55] test, acc=0.20255693168198163
[2023-06-16 15:49:55] epoch:24,test_acc=0.19262333405422688
[2023-06-16 15:49:55] final_acc=0.19935261796041906
[2023-06-16 15:50:00] epoch=25, train_loss, 24.67993665655581
[2023-06-16 15:50:01] test, acc=0.1841789852177387
[2023-06-16 15:50:01] epoch:25,test_acc=0.1807839975728777
[2023-06-16 15:50:01] final_acc=0.19935261796041906
[2023-06-16 15:50:06] epoch=26, train_loss, 22.810415441616655
[2023-06-16 15:50:06] test, acc=0.20555333599680384
[2023-06-16 15:50:06] epoch:26,test_acc=0.19875335908863734
[2023-06-16 15:50:06] final_acc=0.19935261796041906
[2023-06-16 15:50:11] epoch=27, train_loss, 22.762050774912485
[2023-06-16 15:50:12] test, acc=0.20615261685976827
[2023-06-16 15:50:12] epoch:27,test_acc=0.19805153456275482
[2023-06-16 15:50:12] final_acc=0.19935261796041906
[2023-06-16 15:50:17] epoch=28, train_loss, 22.375728521865017
[2023-06-16 15:50:17] test, acc=0.1963643627646824
[2023-06-16 15:50:17] epoch:28,test_acc=0.19387319944823467
[2023-06-16 15:50:17] final_acc=0.19935261796041906
[2023-06-16 15:50:22] epoch=29, train_loss, 21.43336504183638
[2023-06-16 15:50:22] test, acc=0.20735117858569715
[2023-06-16 15:50:22] epoch:29,test_acc=0.19924223329818058
[2023-06-16 15:50:22] final_acc=0.19935261796041906
[2023-06-16 15:50:28] epoch=30, train_loss, 21.912741198707312
[2023-06-16 15:50:28] test, acc=0.19716340391530163
[2023-06-16 15:50:28] epoch:30,test_acc=0.1955804911203825
[2023-06-16 15:50:28] final_acc=0.19935261796041906
[2023-06-16 15:50:33] epoch=31, train_loss, 20.996734508691123
[2023-06-16 15:50:33] test, acc=0.2077506991610068
[2023-06-16 15:50:33] epoch:31,test_acc=0.1986438050753812
[2023-06-16 15:50:33] final_acc=0.19935261796041906
[2023-06-16 15:50:38] epoch=32, train_loss, 20.79276585045714
[2023-06-16 15:50:39] test, acc=0.19896124650419497
[2023-06-16 15:50:39] epoch:32,test_acc=0.19695322904592247
[2023-06-16 15:50:39] final_acc=0.19935261796041906
[2023-06-16 15:50:44] epoch=33, train_loss, 19.572899527443102
[2023-06-16 15:50:44] test, acc=0.21314422692768678
[2023-06-16 15:50:44] epoch:33,test_acc=0.21098395635500947
[2023-06-16 15:50:44] final_acc=0.21098395635500947
[2023-06-16 15:50:49] epoch=34, train_loss, 19.40587856594366
[2023-06-16 15:50:49] test, acc=0.2163403915301638
[2023-06-16 15:50:49] epoch:34,test_acc=0.21172142667434724
[2023-06-16 15:50:49] final_acc=0.21172142667434724
[2023-06-16 15:50:55] epoch=35, train_loss, 18.722662035078287
[2023-06-16 15:50:55] test, acc=0.19896124650419497
[2023-06-16 15:50:55] epoch:35,test_acc=0.19729092171441193
[2023-06-16 15:50:55] final_acc=0.21172142667434724
[2023-06-16 15:51:00] epoch=36, train_loss, 19.88295815966
[2023-06-16 15:51:00] test, acc=0.21154614462644827
[2023-06-16 15:51:00] epoch:36,test_acc=0.20705594041762457
[2023-06-16 15:51:00] final_acc=0.21172142667434724
[2023-06-16 15:51:05] epoch=37, train_loss, 19.51333509809293
[2023-06-16 15:51:06] test, acc=0.19916100679184978
[2023-06-16 15:51:06] epoch:37,test_acc=0.1994036308800365
[2023-06-16 15:51:06] final_acc=0.21172142667434724
[2023-06-16 15:51:11] epoch=38, train_loss, 18.274628264454606
[2023-06-16 15:51:11] test, acc=0.21554135037954456
[2023-06-16 15:51:11] epoch:38,test_acc=0.21190693907168806
[2023-06-16 15:51:11] final_acc=0.21190693907168806
[2023-06-16 15:51:16] epoch=39, train_loss, 17.97899468904867
[2023-06-16 15:51:17] test, acc=0.20994806232520974
[2023-06-16 15:51:17] epoch:39,test_acc=0.20442173344493475
[2023-06-16 15:51:17] final_acc=0.21190693907168806
[2023-06-16 15:51:22] epoch=40, train_loss, 15.732533917449915
[2023-06-16 15:51:22] test, acc=0.22033559728326008
[2023-06-16 15:51:22] epoch:40,test_acc=0.2166567470953274
[2023-06-16 15:51:22] final_acc=0.2166567470953274
[2023-06-16 15:51:27] epoch=41, train_loss, 15.830061282593602
[2023-06-16 15:51:27] test, acc=0.2077506991610068
[2023-06-16 15:51:27] epoch:41,test_acc=0.20593662790707482
[2023-06-16 15:51:27] final_acc=0.2166567470953274
[2023-06-16 15:51:33] epoch=42, train_loss, 16.13301001113063
[2023-06-16 15:51:33] test, acc=0.20834998002397123
[2023-06-16 15:51:33] epoch:42,test_acc=0.2037486686091421
[2023-06-16 15:51:33] final_acc=0.2166567470953274
[2023-06-16 15:51:38] epoch=43, train_loss, 14.576917329273476
[2023-06-16 15:51:38] test, acc=0.2147423092289253
[2023-06-16 15:51:38] epoch:43,test_acc=0.2083751306662247
[2023-06-16 15:51:38] final_acc=0.2166567470953274
[2023-06-16 15:51:43] epoch=44, train_loss, 13.471117199038545
[2023-06-16 15:51:44] test, acc=0.20115860966839794
[2023-06-16 15:51:44] epoch:44,test_acc=0.19777891169187228
[2023-06-16 15:51:44] final_acc=0.2166567470953274
[2023-06-16 15:51:49] epoch=45, train_loss, 12.769015016647193
[2023-06-16 15:51:49] test, acc=0.21154614462644827
[2023-06-16 15:51:49] epoch:45,test_acc=0.20414339474428722
[2023-06-16 15:51:49] final_acc=0.2166567470953274
[2023-06-16 15:51:54] epoch=46, train_loss, 10.633819702810372
[2023-06-16 15:51:55] test, acc=0.20515381542149422
[2023-06-16 15:51:55] epoch:46,test_acc=0.20493653807426665
[2023-06-16 15:51:55] final_acc=0.2166567470953274
[2023-06-16 15:52:00] epoch=47, train_loss, 11.786455787129153
[2023-06-16 15:52:00] test, acc=0.21574111066719937
[2023-06-16 15:52:00] epoch:47,test_acc=0.21356635718419215
[2023-06-16 15:52:00] final_acc=0.2166567470953274
[2023-06-16 15:52:05] epoch=48, train_loss, 13.519465567323918
[2023-06-16 15:52:05] test, acc=0.21174590491410308
[2023-06-16 15:52:05] epoch:48,test_acc=0.20705811683969774
[2023-06-16 15:52:05] final_acc=0.2166567470953274
[2023-06-16 15:52:11] epoch=49, train_loss, 10.772716590953651
[2023-06-16 15:52:11] test, acc=0.21014782261286455
[2023-06-16 15:52:11] epoch:49,test_acc=0.2064927152125225
[2023-06-16 15:52:11] final_acc=0.2166567470953274
[2023-06-16 15:52:16] epoch=0, train_loss, 14.030158595060007
[2023-06-16 15:52:16] test, acc=0.20954854174990012
[2023-06-16 15:52:16] epoch:0,test_acc=0.20549382439592617
[2023-06-16 15:52:16] final_acc=0.20549382439592617
[2023-06-16 15:52:21] epoch=1, train_loss, 20.22316681338956
[2023-06-16 15:52:22] test, acc=0.210747103475829
[2023-06-16 15:52:22] epoch:1,test_acc=0.2098975257170729
[2023-06-16 15:52:22] final_acc=0.2098975257170729
[2023-06-16 15:52:27] epoch=2, train_loss, 20.337372269493322
[2023-06-16 15:52:27] test, acc=0.21094686376348382
[2023-06-16 15:52:27] epoch:2,test_acc=0.20905562086774382
[2023-06-16 15:52:27] final_acc=0.2098975257170729
[2023-06-16 15:52:32] epoch=3, train_loss, 23.909331830164877
[2023-06-16 15:52:33] test, acc=0.21314422692768678
[2023-06-16 15:52:33] epoch:3,test_acc=0.21202839480750035
[2023-06-16 15:52:33] final_acc=0.21202839480750035
[2023-06-16 15:52:38] epoch=4, train_loss, 32.84811004967735
[2023-06-16 15:52:38] test, acc=0.21274470635237716
[2023-06-16 15:52:38] epoch:4,test_acc=0.2060542376588376
[2023-06-16 15:52:38] final_acc=0.21202839480750035
[2023-06-16 15:52:43] epoch=5, train_loss, 34.05682299947872
[2023-06-16 15:52:43] test, acc=0.21274470635237716
[2023-06-16 15:52:43] epoch:5,test_acc=0.20834219972034673
[2023-06-16 15:52:43] final_acc=0.21202839480750035
[2023-06-16 15:52:49] epoch=6, train_loss, 39.7770438668446
[2023-06-16 15:52:49] test, acc=0.2119456652017579
[2023-06-16 15:52:49] epoch:6,test_acc=0.2090384758334664
[2023-06-16 15:52:49] final_acc=0.21202839480750035
[2023-06-16 15:52:54] epoch=7, train_loss, 40.16330565583591
[2023-06-16 15:52:54] test, acc=0.2121454254894127
[2023-06-16 15:52:54] epoch:7,test_acc=0.21357481960626754
[2023-06-16 15:52:54] final_acc=0.21357481960626754
[2023-06-16 15:52:59] epoch=8, train_loss, 44.37046709218354
[2023-06-16 15:53:00] test, acc=0.20854974031162604
[2023-06-16 15:53:00] epoch:8,test_acc=0.2038665130739708
[2023-06-16 15:53:00] final_acc=0.21357481960626754
[2023-06-16 15:53:05] epoch=9, train_loss, 47.09191845171749
[2023-06-16 15:53:05] test, acc=0.20655213743507791
[2023-06-16 15:53:05] epoch:9,test_acc=0.20510878687945455
[2023-06-16 15:53:05] final_acc=0.21357481960626754
[2023-06-16 15:53:10] epoch=10, train_loss, 50.50571478822361
[2023-06-16 15:53:10] test, acc=0.20495405513383938
[2023-06-16 15:53:10] epoch:10,test_acc=0.19932785082491672
[2023-06-16 15:53:10] final_acc=0.21357481960626754
[2023-06-16 15:53:16] epoch=11, train_loss, 52.99997784154484
[2023-06-16 15:53:16] test, acc=0.20415501398322014
[2023-06-16 15:53:16] epoch:11,test_acc=0.19572717090096892
[2023-06-16 15:53:16] final_acc=0.21357481960626754
[2023-06-16 15:53:21] epoch=12, train_loss, 76.47989122326763
[2023-06-16 15:53:21] test, acc=0.2093487814622453
[2023-06-16 15:53:21] epoch:12,test_acc=0.20453411751345688
[2023-06-16 15:53:21] final_acc=0.21357481960626754
[2023-06-16 15:53:27] epoch=13, train_loss, 54.33279113342968
[2023-06-16 15:53:27] test, acc=0.2091490211745905
[2023-06-16 15:53:27] epoch:13,test_acc=0.20345716018745189
[2023-06-16 15:53:27] final_acc=0.21357481960626754
[2023-06-16 15:53:32] epoch=14, train_loss, 53.23555955719262
[2023-06-16 15:53:32] test, acc=0.20555333599680384
[2023-06-16 15:53:32] epoch:14,test_acc=0.203784199732684
[2023-06-16 15:53:32] final_acc=0.21357481960626754
[2023-06-16 15:53:37] epoch=15, train_loss, 55.43843518404629
[2023-06-16 15:53:38] test, acc=0.20195765081901718
[2023-06-16 15:53:38] epoch:15,test_acc=0.19703895876088387
[2023-06-16 15:53:38] final_acc=0.21357481960626754
[2023-06-16 15:53:43] epoch=16, train_loss, 56.41488337592957
[2023-06-16 15:53:43] test, acc=0.20735117858569715
[2023-06-16 15:53:43] epoch:16,test_acc=0.20112044281192393
[2023-06-16 15:53:43] final_acc=0.21357481960626754
[2023-06-16 15:53:48] epoch=17, train_loss, 58.602098565608166
[2023-06-16 15:53:48] test, acc=0.21114662405113863
[2023-06-16 15:53:48] epoch:17,test_acc=0.203792936439143
[2023-06-16 15:53:48] final_acc=0.21357481960626754
[2023-06-16 15:53:54] epoch=18, train_loss, 51.07036375390074
[2023-06-16 15:53:54] test, acc=0.21114662405113863
[2023-06-16 15:53:54] epoch:18,test_acc=0.2046070111381179
[2023-06-16 15:53:54] final_acc=0.21357481960626754
[2023-06-16 15:53:59] epoch=19, train_loss, 57.5323471163218
[2023-06-16 15:53:59] test, acc=0.20715141829804234
[2023-06-16 15:53:59] epoch:19,test_acc=0.19934716387322687
[2023-06-16 15:53:59] final_acc=0.21357481960626754
[2023-06-16 15:54:04] epoch=20, train_loss, 49.53731247601799
[2023-06-16 15:54:05] test, acc=0.20874950059928085
[2023-06-16 15:54:05] epoch:20,test_acc=0.20562461379212835
[2023-06-16 15:54:05] final_acc=0.21357481960626754
[2023-06-16 15:54:10] epoch=21, train_loss, 49.71967460146061
[2023-06-16 15:54:10] test, acc=0.20195765081901718
[2023-06-16 15:54:10] epoch:21,test_acc=0.19670027849575633
[2023-06-16 15:54:10] final_acc=0.21357481960626754
[2023-06-16 15:54:15] epoch=22, train_loss, 48.19107208160547
[2023-06-16 15:54:16] test, acc=0.210747103475829
[2023-06-16 15:54:16] epoch:22,test_acc=0.2059441952034251
[2023-06-16 15:54:16] final_acc=0.21357481960626754
[2023-06-16 15:54:21] epoch=23, train_loss, 45.012095718424966
[2023-06-16 15:54:21] test, acc=0.20135836995605275
[2023-06-16 15:54:21] epoch:23,test_acc=0.19564684315551578
[2023-06-16 15:54:21] final_acc=0.21357481960626754
[2023-06-16 15:54:26] epoch=24, train_loss, 41.34048358649729
[2023-06-16 15:54:26] test, acc=0.2079504594486616
[2023-06-16 15:54:26] epoch:24,test_acc=0.2004820428363256
[2023-06-16 15:54:26] final_acc=0.21357481960626754
[2023-06-16 15:54:32] epoch=25, train_loss, 39.38340442991866
[2023-06-16 15:54:32] test, acc=0.20954854174990012
[2023-06-16 15:54:32] epoch:25,test_acc=0.1971959394095608
[2023-06-16 15:54:32] final_acc=0.21357481960626754
[2023-06-16 15:54:37] epoch=26, train_loss, 41.23479403526829
[2023-06-16 15:54:37] test, acc=0.20375549340791052
[2023-06-16 15:54:37] epoch:26,test_acc=0.1978272973423447
[2023-06-16 15:54:37] final_acc=0.21357481960626754
[2023-06-16 15:54:43] epoch=27, train_loss, 42.38558298044692
[2023-06-16 15:54:43] test, acc=0.20854974031162604
[2023-06-16 15:54:43] epoch:27,test_acc=0.2002923171079177
[2023-06-16 15:54:43] final_acc=0.21357481960626754
[2023-06-16 15:54:48] epoch=28, train_loss, 41.14281239677161
[2023-06-16 15:54:48] test, acc=0.20475429484618457
[2023-06-16 15:54:48] epoch:28,test_acc=0.19811884942548044
[2023-06-16 15:54:48] final_acc=0.21357481960626754
[2023-06-16 15:54:53] epoch=29, train_loss, 53.230288255531285
[2023-06-16 15:54:54] test, acc=0.20755093887335196
[2023-06-16 15:54:54] epoch:29,test_acc=0.19995250490279892
[2023-06-16 15:54:54] final_acc=0.21357481960626754
[2023-06-16 15:54:59] epoch=30, train_loss, 47.89246582223203
[2023-06-16 15:54:59] test, acc=0.20535357570914903
[2023-06-16 15:54:59] epoch:30,test_acc=0.2066849689268666
[2023-06-16 15:54:59] final_acc=0.21357481960626754
[2023-06-16 15:55:04] epoch=31, train_loss, 46.70061466498033
[2023-06-16 15:55:05] test, acc=0.2063523771474231
[2023-06-16 15:55:05] epoch:31,test_acc=0.20585604795394175
[2023-06-16 15:55:05] final_acc=0.21357481960626754
[2023-06-16 15:55:10] epoch=32, train_loss, 47.824120381324086
[2023-06-16 15:55:10] test, acc=0.20755093887335196
[2023-06-16 15:55:10] epoch:32,test_acc=0.20440677284053765
[2023-06-16 15:55:10] final_acc=0.21357481960626754
[2023-06-16 15:55:15] epoch=33, train_loss, 41.9731230080937
[2023-06-16 15:55:15] test, acc=0.20055932880543348
[2023-06-16 15:55:15] epoch:33,test_acc=0.20023953417483228
[2023-06-16 15:55:15] final_acc=0.21357481960626754
[2023-06-16 15:55:21] epoch=34, train_loss, 49.34209469607821
[2023-06-16 15:55:21] test, acc=0.20655213743507791
[2023-06-16 15:55:21] epoch:34,test_acc=0.2041044154624458
[2023-06-16 15:55:21] final_acc=0.21357481960626754
[2023-06-16 15:55:26] epoch=35, train_loss, 33.276695424952685
[2023-06-16 15:55:26] test, acc=0.21014782261286455
[2023-06-16 15:55:26] epoch:35,test_acc=0.2077504962048305
[2023-06-16 15:55:26] final_acc=0.21357481960626754
[2023-06-16 15:55:32] epoch=36, train_loss, 38.02616040480022
[2023-06-16 15:55:32] test, acc=0.20735117858569715
[2023-06-16 15:55:32] epoch:36,test_acc=0.20965614656512382
[2023-06-16 15:55:32] final_acc=0.21357481960626754
[2023-06-16 15:55:37] epoch=37, train_loss, 52.12831018990432
[2023-06-16 15:55:37] test, acc=0.21114662405113863
[2023-06-16 15:55:37] epoch:37,test_acc=0.21140055155716614
[2023-06-16 15:55:37] final_acc=0.21357481960626754
[2023-06-16 15:55:42] epoch=38, train_loss, 38.90420127470499
[2023-06-16 15:55:43] test, acc=0.2119456652017579
[2023-06-16 15:55:43] epoch:38,test_acc=0.21290779192945086
[2023-06-16 15:55:43] final_acc=0.21357481960626754
[2023-06-16 15:55:48] epoch=39, train_loss, 31.784715209231276
[2023-06-16 15:55:48] test, acc=0.21574111066719937
[2023-06-16 15:55:48] epoch:39,test_acc=0.2165668787325928
[2023-06-16 15:55:48] final_acc=0.2165668787325928
[2023-06-16 15:55:53] epoch=40, train_loss, 35.015439162563425
[2023-06-16 15:55:54] test, acc=0.21274470635237716
[2023-06-16 15:55:54] epoch:40,test_acc=0.21008545207833507
[2023-06-16 15:55:54] final_acc=0.2165668787325928
[2023-06-16 15:55:59] epoch=41, train_loss, 33.06387828790639
[2023-06-16 15:55:59] test, acc=0.20954854174990012
[2023-06-16 15:55:59] epoch:41,test_acc=0.2098411598813971
[2023-06-16 15:55:59] final_acc=0.2165668787325928
[2023-06-16 15:56:04] epoch=42, train_loss, 34.78039805858304
[2023-06-16 15:56:04] test, acc=0.20815021973631642
[2023-06-16 15:56:04] epoch:42,test_acc=0.20462456654078487
[2023-06-16 15:56:04] final_acc=0.2165668787325928
[2023-06-16 15:56:10] epoch=43, train_loss, 37.3672585350256
[2023-06-16 15:56:10] test, acc=0.21314422692768678
[2023-06-16 15:56:10] epoch:43,test_acc=0.2126287945758112
[2023-06-16 15:56:10] final_acc=0.2165668787325928
[2023-06-16 15:56:15] epoch=44, train_loss, 36.95050950753566
[2023-06-16 15:56:15] test, acc=0.20695165801038753
[2023-06-16 15:56:15] epoch:44,test_acc=0.20409804873741716
[2023-06-16 15:56:15] final_acc=0.2165668787325928
[2023-06-16 15:56:20] epoch=45, train_loss, 41.101708668108564
[2023-06-16 15:56:21] test, acc=0.2147423092289253
[2023-06-16 15:56:21] epoch:45,test_acc=0.213323241318954
[2023-06-16 15:56:21] final_acc=0.2165668787325928
[2023-06-16 15:56:26] epoch=46, train_loss, 40.44371442324199
[2023-06-16 15:56:26] test, acc=0.2103475829005194
[2023-06-16 15:56:26] epoch:46,test_acc=0.20917606805909225
[2023-06-16 15:56:26] final_acc=0.2165668787325928
[2023-06-16 15:56:31] epoch=47, train_loss, 29.126824991703526
[2023-06-16 15:56:31] test, acc=0.2165401518178186
[2023-06-16 15:56:31] epoch:47,test_acc=0.2150035226678217
[2023-06-16 15:56:31] final_acc=0.2165668787325928
[2023-06-16 15:56:37] epoch=48, train_loss, 45.59609912994345
[2023-06-16 15:56:37] test, acc=0.21174590491410308
[2023-06-16 15:56:37] epoch:48,test_acc=0.2131067790428877
[2023-06-16 15:56:37] final_acc=0.2165668787325928
[2023-06-16 15:56:42] epoch=49, train_loss, 42.28470579311311
[2023-06-16 15:56:42] test, acc=0.21454254894127048
[2023-06-16 15:56:42] epoch:49,test_acc=0.21820139899980254
[2023-06-16 15:56:42] final_acc=0.21820139899980254
[2023-06-16 15:56:47] epoch=0, train_loss, 72.61539414631163
[2023-06-16 15:56:48] test, acc=0.21394326807830602
[2023-06-16 15:56:48] epoch:0,test_acc=0.21100282655416863
[2023-06-16 15:56:48] final_acc=0.21100282655416863
[2023-06-16 15:56:53] epoch=1, train_loss, 115.64592963514237
[2023-06-16 15:56:53] test, acc=0.2149420695165801
[2023-06-16 15:56:53] epoch:1,test_acc=0.21255769969816316
[2023-06-16 15:56:53] final_acc=0.21255769969816316
[2023-06-16 15:56:58] epoch=2, train_loss, 161.50313006270045
[2023-06-16 15:56:58] test, acc=0.21454254894127048
[2023-06-16 15:56:58] epoch:2,test_acc=0.21234292616171477
[2023-06-16 15:56:58] final_acc=0.21255769969816316
[2023-06-16 15:57:04] epoch=3, train_loss, 195.82205236377047
[2023-06-16 15:57:04] test, acc=0.2151418298042349
[2023-06-16 15:57:04] epoch:3,test_acc=0.20728176717703456
[2023-06-16 15:57:04] final_acc=0.21255769969816316
[2023-06-16 15:57:09] epoch=4, train_loss, 197.4497990958607
[2023-06-16 15:57:09] test, acc=0.2123451857770675
[2023-06-16 15:57:09] epoch:4,test_acc=0.20804336507856697
[2023-06-16 15:57:09] final_acc=0.21255769969816316
[2023-06-16 15:57:14] epoch=5, train_loss, 238.56847369404267
[2023-06-16 15:57:15] test, acc=0.20435477427087495
[2023-06-16 15:57:15] epoch:5,test_acc=0.19817170710414572
[2023-06-16 15:57:15] final_acc=0.21255769969816316
[2023-06-16 15:57:20] epoch=6, train_loss, 281.73814355527253
[2023-06-16 15:57:20] test, acc=0.21094686376348382
[2023-06-16 15:57:20] epoch:6,test_acc=0.20890915669569968
[2023-06-16 15:57:20] final_acc=0.21255769969816316
[2023-06-16 15:57:25] epoch=7, train_loss, 299.2841537371992
[2023-06-16 15:57:26] test, acc=0.20535357570914903
[2023-06-16 15:57:26] epoch:7,test_acc=0.19938045233863444
[2023-06-16 15:57:26] final_acc=0.21255769969816316
[2023-06-16 15:57:31] epoch=8, train_loss, 335.7910032424683
[2023-06-16 15:57:31] test, acc=0.21953655613264084
[2023-06-16 15:57:31] epoch:8,test_acc=0.2157240712538746
[2023-06-16 15:57:31] final_acc=0.2157240712538746
[2023-06-16 15:57:36] epoch=9, train_loss, 336.78658067989653
[2023-06-16 15:57:36] test, acc=0.20435477427087495
[2023-06-16 15:57:36] epoch:9,test_acc=0.2036901320970975
[2023-06-16 15:57:36] final_acc=0.2157240712538746
[2023-06-16 15:57:42] epoch=10, train_loss, 318.1985999646659
[2023-06-16 15:57:42] test, acc=0.20455453455852976
[2023-06-16 15:57:42] epoch:10,test_acc=0.203073017413908
[2023-06-16 15:57:42] final_acc=0.2157240712538746
[2023-06-16 15:57:47] epoch=11, train_loss, 424.76754546241636
[2023-06-16 15:57:47] test, acc=0.20715141829804234
[2023-06-16 15:57:47] epoch:11,test_acc=0.2089045607234607
[2023-06-16 15:57:47] final_acc=0.2157240712538746
[2023-06-16 15:57:52] epoch=12, train_loss, 430.9670844032361
[2023-06-16 15:57:53] test, acc=0.20954854174990012
[2023-06-16 15:57:53] epoch:12,test_acc=0.20918864154988462
[2023-06-16 15:57:53] final_acc=0.2157240712538746
[2023-06-16 15:57:58] epoch=13, train_loss, 451.0410123099915
[2023-06-16 15:57:58] test, acc=0.20395525369556533
[2023-06-16 15:57:58] epoch:13,test_acc=0.20450203640890696
[2023-06-16 15:57:58] final_acc=0.2157240712538746
[2023-06-16 15:58:03] epoch=14, train_loss, 377.6765452558621
[2023-06-16 15:58:03] test, acc=0.2177387135437475
[2023-06-16 15:58:03] epoch:14,test_acc=0.21560319746235956
[2023-06-16 15:58:03] final_acc=0.2157240712538746
[2023-06-16 15:58:09] epoch=15, train_loss, 482.6028344882563
[2023-06-16 15:58:09] test, acc=0.21394326807830602
[2023-06-16 15:58:09] epoch:15,test_acc=0.21246215688308245
[2023-06-16 15:58:09] final_acc=0.2157240712538746
[2023-06-16 15:58:14] epoch=16, train_loss, 353.8255705422106
[2023-06-16 15:58:14] test, acc=0.2091490211745905
[2023-06-16 15:58:14] epoch:16,test_acc=0.20324644994043095
[2023-06-16 15:58:14] final_acc=0.2157240712538746
[2023-06-16 15:58:19] epoch=17, train_loss, 355.32721010640785
[2023-06-16 15:58:20] test, acc=0.21094686376348382
[2023-06-16 15:58:20] epoch:17,test_acc=0.2044918321582073
[2023-06-16 15:58:20] final_acc=0.2157240712538746
[2023-06-16 15:58:25] epoch=18, train_loss, 311.3123005510519
[2023-06-16 15:58:25] test, acc=0.2151418298042349
[2023-06-16 15:58:25] epoch:18,test_acc=0.2118792102095665
[2023-06-16 15:58:25] final_acc=0.2157240712538746
[2023-06-16 15:58:30] epoch=19, train_loss, 363.79137513279534
[2023-06-16 15:58:31] test, acc=0.21174590491410308
[2023-06-16 15:58:31] epoch:19,test_acc=0.20576541958977407
[2023-06-16 15:58:31] final_acc=0.2157240712538746
[2023-06-16 15:58:36] epoch=20, train_loss, 384.92995560054965
[2023-06-16 15:58:36] test, acc=0.2137435077906512
[2023-06-16 15:58:36] epoch:20,test_acc=0.2114601013115766
[2023-06-16 15:58:36] final_acc=0.2157240712538746
[2023-06-16 15:58:41] epoch=21, train_loss, 335.19487012918
[2023-06-16 15:58:42] test, acc=0.21534159009188975
[2023-06-16 15:58:42] epoch:21,test_acc=0.2174278503713592
[2023-06-16 15:58:42] final_acc=0.2174278503713592
[2023-06-16 15:58:47] epoch=22, train_loss, 240.63162815228057
[2023-06-16 15:58:47] test, acc=0.2133439872153416
[2023-06-16 15:58:47] epoch:22,test_acc=0.2120507958102132
[2023-06-16 15:58:47] final_acc=0.2174278503713592
[2023-06-16 15:58:52] epoch=23, train_loss, 306.4211498418936
[2023-06-16 15:58:52] test, acc=0.21554135037954456
[2023-06-16 15:58:52] epoch:23,test_acc=0.2125378073434462
[2023-06-16 15:58:52] final_acc=0.2174278503713592
[2023-06-16 15:58:58] epoch=24, train_loss, 223.85528157389584
[2023-06-16 15:58:58] test, acc=0.22233320015980823
[2023-06-16 15:58:58] epoch:24,test_acc=0.22060113422269728
[2023-06-16 15:58:58] final_acc=0.22060113422269728
[2023-06-16 15:59:03] epoch=25, train_loss, 258.51578685216975
[2023-06-16 15:59:03] test, acc=0.21454254894127048
[2023-06-16 15:59:03] epoch:25,test_acc=0.21374693767911562
[2023-06-16 15:59:03] final_acc=0.22060113422269728
[2023-06-16 15:59:08] epoch=26, train_loss, 219.17866608738518
[2023-06-16 15:59:09] test, acc=0.20974830203755493
[2023-06-16 15:59:09] epoch:26,test_acc=0.2071120874546839
[2023-06-16 15:59:09] final_acc=0.22060113422269728
[2023-06-16 15:59:14] epoch=27, train_loss, 200.43366663143658
[2023-06-16 15:59:14] test, acc=0.21414302836596086
[2023-06-16 15:59:14] epoch:27,test_acc=0.2081105265889794
[2023-06-16 15:59:14] final_acc=0.22060113422269728
[2023-06-16 15:59:19] epoch=28, train_loss, 380.4500811694109
[2023-06-16 15:59:20] test, acc=0.20755093887335196
[2023-06-16 15:59:20] epoch:28,test_acc=0.2030090591870335
[2023-06-16 15:59:20] final_acc=0.22060113422269728
[2023-06-16 15:59:25] epoch=29, train_loss, 217.2819483211627
[2023-06-16 15:59:25] test, acc=0.21753895325609268
[2023-06-16 15:59:25] epoch:29,test_acc=0.21190791005868218
[2023-06-16 15:59:25] final_acc=0.22060113422269728
[2023-06-16 15:59:30] epoch=30, train_loss, 290.79449131389777
[2023-06-16 15:59:31] test, acc=0.20655213743507791
[2023-06-16 15:59:31] epoch:30,test_acc=0.2045371887043622
[2023-06-16 15:59:31] final_acc=0.22060113422269728
[2023-06-16 15:59:36] epoch=31, train_loss, 194.65220861465406
[2023-06-16 15:59:36] test, acc=0.2151418298042349
[2023-06-16 15:59:36] epoch:31,test_acc=0.21193984036294725
[2023-06-16 15:59:36] final_acc=0.22060113422269728
[2023-06-16 15:59:41] epoch=32, train_loss, 212.86903732348554
[2023-06-16 15:59:41] test, acc=0.21394326807830602
[2023-06-16 15:59:41] epoch:32,test_acc=0.2115718023322209
[2023-06-16 15:59:41] final_acc=0.22060113422269728
[2023-06-16 15:59:47] epoch=33, train_loss, 222.754194923864
[2023-06-16 15:59:47] test, acc=0.20874950059928085
[2023-06-16 15:59:47] epoch:33,test_acc=0.21059852621410569
[2023-06-16 15:59:47] final_acc=0.22060113422269728
[2023-06-16 15:59:52] epoch=34, train_loss, 226.61753868206907
[2023-06-16 15:59:52] test, acc=0.20815021973631642
[2023-06-16 15:59:52] epoch:34,test_acc=0.20509469306626577
[2023-06-16 15:59:52] final_acc=0.22060113422269728
[2023-06-16 15:59:57] epoch=35, train_loss, 273.73809833953175
[2023-06-16 15:59:58] test, acc=0.2091490211745905
[2023-06-16 15:59:58] epoch:35,test_acc=0.21150666072787822
[2023-06-16 15:59:58] final_acc=0.22060113422269728
[2023-06-16 16:00:03] epoch=36, train_loss, 307.2089594149361
[2023-06-16 16:00:03] test, acc=0.21154614462644827
[2023-06-16 16:00:03] epoch:36,test_acc=0.2099871201245726
[2023-06-16 16:00:03] final_acc=0.22060113422269728
[2023-06-16 16:00:08] epoch=37, train_loss, 225.75368014692117
[2023-06-16 16:00:09] test, acc=0.2105473431881742
[2023-06-16 16:00:09] epoch:37,test_acc=0.21189272043960808
[2023-06-16 16:00:09] final_acc=0.22060113422269728
[2023-06-16 16:00:14] epoch=38, train_loss, 345.6455096162546
[2023-06-16 16:00:14] test, acc=0.20395525369556533
[2023-06-16 16:00:14] epoch:38,test_acc=0.20305103617350134
[2023-06-16 16:00:14] final_acc=0.22060113422269728
[2023-06-16 16:00:19] epoch=39, train_loss, 268.6267740657916
[2023-06-16 16:00:19] test, acc=0.20675189772273272
[2023-06-16 16:00:19] epoch:39,test_acc=0.20775048882229194
[2023-06-16 16:00:19] final_acc=0.22060113422269728
[2023-06-16 16:00:25] epoch=40, train_loss, 269.17094540824525
[2023-06-16 16:00:25] test, acc=0.20655213743507791
[2023-06-16 16:00:25] epoch:40,test_acc=0.2073759749175932
[2023-06-16 16:00:25] final_acc=0.22060113422269728
[2023-06-16 16:00:30] epoch=41, train_loss, 246.43491624338557
[2023-06-16 16:00:30] test, acc=0.2077506991610068
[2023-06-16 16:00:30] epoch:41,test_acc=0.21409244395837126
[2023-06-16 16:00:30] final_acc=0.22060113422269728
[2023-06-16 16:00:36] epoch=42, train_loss, 228.4047536343253
[2023-06-16 16:00:36] test, acc=0.21594087095485417
[2023-06-16 16:00:36] epoch:42,test_acc=0.2191729544017126
[2023-06-16 16:00:36] final_acc=0.22060113422269728
[2023-06-16 16:00:41] epoch=43, train_loss, 214.28508000480483
[2023-06-16 16:00:41] test, acc=0.2091490211745905
[2023-06-16 16:00:41] epoch:43,test_acc=0.21337027132240008
[2023-06-16 16:00:41] final_acc=0.22060113422269728
[2023-06-16 16:00:46] epoch=44, train_loss, 283.79037091374016
[2023-06-16 16:00:47] test, acc=0.21254494606472232
[2023-06-16 16:00:47] epoch:44,test_acc=0.21585255073191334
[2023-06-16 16:00:47] final_acc=0.22060113422269728
[2023-06-16 16:00:52] epoch=45, train_loss, 221.16640184786374
[2023-06-16 16:00:52] test, acc=0.20335597283260087
[2023-06-16 16:00:52] epoch:45,test_acc=0.20989008406538412
[2023-06-16 16:00:52] final_acc=0.22060113422269728
[2023-06-16 16:00:57] epoch=46, train_loss, 337.9674435454055
[2023-06-16 16:00:57] test, acc=0.2119456652017579
[2023-06-16 16:00:57] epoch:46,test_acc=0.2159464068875363
[2023-06-16 16:00:57] final_acc=0.22060113422269728
[2023-06-16 16:01:03] epoch=47, train_loss, 343.4113454605444
[2023-06-16 16:01:03] test, acc=0.20675189772273272
[2023-06-16 16:01:03] epoch:47,test_acc=0.20853215500510697
[2023-06-16 16:01:03] final_acc=0.22060113422269728
[2023-06-16 16:01:08] epoch=48, train_loss, 292.0859537825417
[2023-06-16 16:01:08] test, acc=0.2103475829005194
[2023-06-16 16:01:08] epoch:48,test_acc=0.2146925140450396
[2023-06-16 16:01:08] final_acc=0.22060113422269728
[2023-06-16 16:01:14] epoch=49, train_loss, 222.1660837411119
[2023-06-16 16:01:14] test, acc=0.21713943268078306
[2023-06-16 16:01:14] epoch:49,test_acc=0.2214691723399652
[2023-06-16 16:01:14] final_acc=0.2214691723399652
[2023-06-16 16:01:19] epoch=0, train_loss, 374.7651901488868
[2023-06-16 16:01:19] test, acc=0.2077506991610068
[2023-06-16 16:01:19] epoch:0,test_acc=0.21169894529526942
[2023-06-16 16:01:19] final_acc=0.21169894529526942
[2023-06-16 16:01:24] epoch=1, train_loss, 657.5797087940546
[2023-06-16 16:01:25] test, acc=0.20874950059928085
[2023-06-16 16:01:25] epoch:1,test_acc=0.21179352157899184
[2023-06-16 16:01:25] final_acc=0.21179352157899184
[2023-06-16 16:01:30] epoch=2, train_loss, 576.786910961992
[2023-06-16 16:01:30] test, acc=0.20994806232520974
[2023-06-16 16:01:30] epoch:2,test_acc=0.21150315053468613
[2023-06-16 16:01:30] final_acc=0.21179352157899184
[2023-06-16 16:01:35] epoch=3, train_loss, 381.18430155306197
[2023-06-16 16:01:36] test, acc=0.20575309628445865
[2023-06-16 16:01:36] epoch:3,test_acc=0.20997758370690192
[2023-06-16 16:01:36] final_acc=0.21179352157899184
[2023-06-16 16:01:41] epoch=4, train_loss, 458.35806479164586
[2023-06-16 16:01:41] test, acc=0.20415501398322014
[2023-06-16 16:01:41] epoch:4,test_acc=0.20633985299836408
[2023-06-16 16:01:41] final_acc=0.21179352157899184
[2023-06-16 16:01:46] epoch=5, train_loss, 628.0223560272315
[2023-06-16 16:01:46] test, acc=0.20695165801038753
[2023-06-16 16:01:46] epoch:5,test_acc=0.20388804127350194
[2023-06-16 16:01:46] final_acc=0.21179352157899184
[2023-06-16 16:01:52] epoch=6, train_loss, 517.814594549112
[2023-06-16 16:01:52] test, acc=0.21154614462644827
[2023-06-16 16:01:52] epoch:6,test_acc=0.21080075792542424
[2023-06-16 16:01:52] final_acc=0.21179352157899184
[2023-06-16 16:01:57] epoch=7, train_loss, 596.872408589616
[2023-06-16 16:01:57] test, acc=0.20954854174990012
[2023-06-16 16:01:57] epoch:7,test_acc=0.20476626108709772
[2023-06-16 16:01:57] final_acc=0.21179352157899184
[2023-06-16 16:02:02] epoch=8, train_loss, 658.7097690570088
[2023-06-16 16:02:03] test, acc=0.21134638433879344
[2023-06-16 16:02:03] epoch:8,test_acc=0.20929082429952178
[2023-06-16 16:02:03] final_acc=0.21179352157899184
[2023-06-16 16:02:08] epoch=9, train_loss, 858.6184181481505
[2023-06-16 16:02:08] test, acc=0.20595285657211346
[2023-06-16 16:02:08] epoch:9,test_acc=0.20380847061877275
[2023-06-16 16:02:08] final_acc=0.21179352157899184
[2023-06-16 16:02:13] epoch=10, train_loss, 879.0294220653204
[2023-06-16 16:02:14] test, acc=0.20415501398322014
[2023-06-16 16:02:14] epoch:10,test_acc=0.20014289279146658
[2023-06-16 16:02:14] final_acc=0.21179352157899184
[2023-06-16 16:02:19] epoch=11, train_loss, 929.794109746671
[2023-06-16 16:02:19] test, acc=0.21254494606472232
[2023-06-16 16:02:19] epoch:11,test_acc=0.21349196918673777
[2023-06-16 16:02:19] final_acc=0.21349196918673777
[2023-06-16 16:02:24] epoch=12, train_loss, 941.9301568174515
[2023-06-16 16:02:24] test, acc=0.2079504594486616
[2023-06-16 16:02:24] epoch:12,test_acc=0.21314799111924326
[2023-06-16 16:02:24] final_acc=0.21349196918673777
[2023-06-16 16:02:30] epoch=13, train_loss, 1190.675276978709
[2023-06-16 16:02:30] test, acc=0.20854974031162604
[2023-06-16 16:02:30] epoch:13,test_acc=0.2110103778535939
[2023-06-16 16:02:30] final_acc=0.21349196918673777
[2023-06-16 16:02:35] epoch=14, train_loss, 1118.4915712984225
[2023-06-16 16:02:35] test, acc=0.2135437475029964
[2023-06-16 16:02:35] epoch:14,test_acc=0.21553399685282332
[2023-06-16 16:02:35] final_acc=0.21553399685282332
[2023-06-16 16:02:41] epoch=15, train_loss, 1118.261821905264
[2023-06-16 16:02:41] test, acc=0.20355573312025568
[2023-06-16 16:02:41] epoch:15,test_acc=0.20522201292819076
[2023-06-16 16:02:41] final_acc=0.21553399685282332
[2023-06-16 16:02:46] epoch=16, train_loss, 1162.9077368788064
[2023-06-16 16:02:46] test, acc=0.21673991210547344
[2023-06-16 16:02:46] epoch:16,test_acc=0.2154517954399901
[2023-06-16 16:02:46] final_acc=0.21553399685282332
[2023-06-16 16:02:51] epoch=17, train_loss, 1169.7276183302029
[2023-06-16 16:02:52] test, acc=0.2093487814622453
[2023-06-16 16:02:52] epoch:17,test_acc=0.20616799592557383
[2023-06-16 16:02:52] final_acc=0.21553399685282332
[2023-06-16 16:02:57] epoch=18, train_loss, 963.4152559030551
[2023-06-16 16:02:57] test, acc=0.2077506991610068
[2023-06-16 16:02:57] epoch:18,test_acc=0.20785240097908403
[2023-06-16 16:02:57] final_acc=0.21553399685282332
[2023-06-16 16:03:02] epoch=19, train_loss, 1050.7763912456867
[2023-06-16 16:03:03] test, acc=0.2151418298042349
[2023-06-16 16:03:03] epoch:19,test_acc=0.21411255118616473
[2023-06-16 16:03:03] final_acc=0.21553399685282332
[2023-06-16 16:03:08] epoch=20, train_loss, 868.3100909913143
[2023-06-16 16:03:08] test, acc=0.2093487814622453
[2023-06-16 16:03:08] epoch:20,test_acc=0.20783891313196934
[2023-06-16 16:03:08] final_acc=0.21553399685282332
[2023-06-16 16:03:13] epoch=21, train_loss, 846.7239675186694
[2023-06-16 16:03:13] test, acc=0.21174590491410308
[2023-06-16 16:03:13] epoch:21,test_acc=0.21204130087331058
[2023-06-16 16:03:13] final_acc=0.21553399685282332
[2023-06-16 16:03:19] epoch=22, train_loss, 828.2302608794679
[2023-06-16 16:03:19] test, acc=0.21813823411905714
[2023-06-16 16:03:19] epoch:22,test_acc=0.21644391357223974
[2023-06-16 16:03:19] final_acc=0.21644391357223974
[2023-06-16 16:03:24] epoch=23, train_loss, 760.8080208385334
[2023-06-16 16:03:24] test, acc=0.21594087095485417
[2023-06-16 16:03:24] epoch:23,test_acc=0.22098740114248935
[2023-06-16 16:03:24] final_acc=0.22098740114248935
[2023-06-16 16:03:30] epoch=24, train_loss, 675.7943727962506
[2023-06-16 16:03:30] test, acc=0.21853775469436676
[2023-06-16 16:03:30] epoch:24,test_acc=0.21898280985572346
[2023-06-16 16:03:30] final_acc=0.22098740114248935
[2023-06-16 16:03:35] epoch=25, train_loss, 712.6197037864417
[2023-06-16 16:03:35] test, acc=0.21933679584498603
[2023-06-16 16:03:35] epoch:25,test_acc=0.2201587025627385
[2023-06-16 16:03:35] final_acc=0.22098740114248935
[2023-06-16 16:03:40] epoch=26, train_loss, 732.832651936589
[2023-06-16 16:03:41] test, acc=0.21614063124250898
[2023-06-16 16:03:41] epoch:26,test_acc=0.2173852843182865
[2023-06-16 16:03:41] final_acc=0.22098740114248935
[2023-06-16 16:03:46] epoch=27, train_loss, 576.1732517035243
[2023-06-16 16:03:46] test, acc=0.2089492608869357
[2023-06-16 16:03:46] epoch:27,test_acc=0.2072134001166702
[2023-06-16 16:03:46] final_acc=0.22098740114248935
[2023-06-16 16:03:51] epoch=28, train_loss, 859.7388732716346
[2023-06-16 16:03:51] test, acc=0.2103475829005194
[2023-06-16 16:03:51] epoch:28,test_acc=0.20985375682555674
[2023-06-16 16:03:51] final_acc=0.22098740114248935
[2023-06-16 16:03:57] epoch=29, train_loss, 647.7950700753794
[2023-06-16 16:03:57] test, acc=0.21853775469436676
[2023-06-16 16:03:57] epoch:29,test_acc=0.21443220182534262
[2023-06-16 16:03:57] final_acc=0.22098740114248935
[2023-06-16 16:04:02] epoch=30, train_loss, 572.6838909307608
[2023-06-16 16:04:02] test, acc=0.2177387135437475
[2023-06-16 16:04:02] epoch:30,test_acc=0.21474062943827305
[2023-06-16 16:04:02] final_acc=0.22098740114248935
[2023-06-16 16:04:08] epoch=31, train_loss, 559.1032449643071
[2023-06-16 16:04:08] test, acc=0.21873751498202157
[2023-06-16 16:04:08] epoch:31,test_acc=0.21573414335657767
[2023-06-16 16:04:08] final_acc=0.22098740114248935
[2023-06-16 16:04:13] epoch=32, train_loss, 525.7207059037571
[2023-06-16 16:04:13] test, acc=0.2191370355573312
[2023-06-16 16:04:13] epoch:32,test_acc=0.21483960674818953
[2023-06-16 16:04:13] final_acc=0.22098740114248935
[2023-06-16 16:04:18] epoch=33, train_loss, 687.3934566997491
[2023-06-16 16:04:19] test, acc=0.21594087095485417
[2023-06-16 16:04:19] epoch:33,test_acc=0.20571907351708743
[2023-06-16 16:04:19] final_acc=0.22098740114248935
[2023-06-16 16:04:24] epoch=34, train_loss, 525.8148432234987
[2023-06-16 16:04:24] test, acc=0.22013583699560527
[2023-06-16 16:04:24] epoch:34,test_acc=0.21014740295918388
[2023-06-16 16:04:24] final_acc=0.22098740114248935
[2023-06-16 16:04:29] epoch=35, train_loss, 474.87625826509617
[2023-06-16 16:04:29] test, acc=0.21973631642029565
[2023-06-16 16:04:29] epoch:35,test_acc=0.2103358047521226
[2023-06-16 16:04:29] final_acc=0.22098740114248935
[2023-06-16 16:04:35] epoch=36, train_loss, 607.8977033231205
[2023-06-16 16:04:35] test, acc=0.21733919296843787
[2023-06-16 16:04:35] epoch:36,test_acc=0.20942637433442055
[2023-06-16 16:04:35] final_acc=0.22098740114248935
[2023-06-16 16:04:40] epoch=37, train_loss, 506.9918723791933
[2023-06-16 16:04:40] test, acc=0.21853775469436676
[2023-06-16 16:04:40] epoch:37,test_acc=0.212449046890601
[2023-06-16 16:04:40] final_acc=0.22098740114248935
[2023-06-16 16:04:46] epoch=38, train_loss, 537.0444519237969
[2023-06-16 16:04:46] test, acc=0.21793847383140233
[2023-06-16 16:04:46] epoch:38,test_acc=0.2163288368428172
[2023-06-16 16:04:46] final_acc=0.22098740114248935
[2023-06-16 16:04:51] epoch=39, train_loss, 439.4169071672824
[2023-06-16 16:04:51] test, acc=0.2191370355573312
[2023-06-16 16:04:51] epoch:39,test_acc=0.21526488170729285
[2023-06-16 16:04:51] final_acc=0.22098740114248935
[2023-06-16 16:04:56] epoch=40, train_loss, 547.1202796229159
[2023-06-16 16:04:57] test, acc=0.21873751498202157
[2023-06-16 16:04:57] epoch:40,test_acc=0.21521099046141448
[2023-06-16 16:04:57] final_acc=0.22098740114248935
[2023-06-16 16:05:02] epoch=41, train_loss, 545.426712573384
[2023-06-16 16:05:02] test, acc=0.2205353575709149
[2023-06-16 16:05:02] epoch:41,test_acc=0.2150472280663076
[2023-06-16 16:05:02] final_acc=0.22098740114248935
[2023-06-16 16:05:07] epoch=42, train_loss, 615.7572677661054
[2023-06-16 16:05:07] test, acc=0.21434278865361567
[2023-06-16 16:05:07] epoch:42,test_acc=0.20828695179229206
[2023-06-16 16:05:07] final_acc=0.22098740114248935
[2023-06-16 16:05:13] epoch=43, train_loss, 563.3656134559704
[2023-06-16 16:05:13] test, acc=0.21594087095485417
[2023-06-16 16:05:13] epoch:43,test_acc=0.212251019786943
[2023-06-16 16:05:13] final_acc=0.22098740114248935
[2023-06-16 16:05:18] epoch=44, train_loss, 608.5101057062872
[2023-06-16 16:05:18] test, acc=0.21554135037954456
[2023-06-16 16:05:18] epoch:44,test_acc=0.21412465604384862
[2023-06-16 16:05:18] final_acc=0.22098740114248935
[2023-06-16 16:05:23] epoch=45, train_loss, 573.8251219923123
[2023-06-16 16:05:24] test, acc=0.21534159009188975
[2023-06-16 16:05:24] epoch:45,test_acc=0.20946164716477203
[2023-06-16 16:05:24] final_acc=0.22098740114248935
[2023-06-16 16:05:29] epoch=46, train_loss, 1072.2702940919528
[2023-06-16 16:05:29] test, acc=0.21534159009188975
[2023-06-16 16:05:29] epoch:46,test_acc=0.20924071651193032
[2023-06-16 16:05:29] final_acc=0.22098740114248935
[2023-06-16 16:05:34] epoch=47, train_loss, 888.9228905625998
[2023-06-16 16:05:35] test, acc=0.21713943268078306
[2023-06-16 16:05:35] epoch:47,test_acc=0.21203693711068552
[2023-06-16 16:05:35] final_acc=0.22098740114248935
[2023-06-16 16:05:40] epoch=48, train_loss, 508.0748492292703
[2023-06-16 16:05:40] test, acc=0.21673991210547344
[2023-06-16 16:05:40] epoch:48,test_acc=0.21140935244005923
[2023-06-16 16:05:40] final_acc=0.22098740114248935
[2023-06-16 16:05:45] epoch=49, train_loss, 600.0503148166612
[2023-06-16 16:05:45] test, acc=0.2135437475029964
[2023-06-16 16:05:45] epoch:49,test_acc=0.20673771707908078
[2023-06-16 16:05:45] final_acc=0.22098740114248935
[2023-06-16 16:05:51] epoch=0, train_loss, 796.4909979969549
[2023-06-16 16:05:51] test, acc=0.21753895325609268
[2023-06-16 16:05:51] epoch:0,test_acc=0.20933971318485253
[2023-06-16 16:05:51] final_acc=0.20933971318485253
[2023-06-16 16:05:56] epoch=1, train_loss, 771.3337160543131
[2023-06-16 16:05:56] test, acc=0.2135437475029964
[2023-06-16 16:05:56] epoch:1,test_acc=0.2055331886468735
[2023-06-16 16:05:56] final_acc=0.20933971318485253
[2023-06-16 16:06:01] epoch=2, train_loss, 682.2667467891217
[2023-06-16 16:06:02] test, acc=0.21594087095485417
[2023-06-16 16:06:02] epoch:2,test_acc=0.20875550940449977
[2023-06-16 16:06:02] final_acc=0.20933971318485253
[2023-06-16 16:06:07] epoch=3, train_loss, 676.4320378410168
[2023-06-16 16:06:07] test, acc=0.2149420695165801
[2023-06-16 16:06:07] epoch:3,test_acc=0.20905440007249648
[2023-06-16 16:06:07] final_acc=0.20933971318485253
[2023-06-16 16:06:12] epoch=4, train_loss, 840.7119234229971
[2023-06-16 16:06:13] test, acc=0.21833799440671195
[2023-06-16 16:06:13] epoch:4,test_acc=0.21316939618790487
[2023-06-16 16:06:13] final_acc=0.21316939618790487
[2023-06-16 16:06:18] epoch=5, train_loss, 827.8790076551215
[2023-06-16 16:06:18] test, acc=0.21154614462644827
[2023-06-16 16:06:18] epoch:5,test_acc=0.20392735358069114
[2023-06-16 16:06:18] final_acc=0.21316939618790487
[2023-06-16 16:06:23] epoch=6, train_loss, 807.1316491270218
[2023-06-16 16:06:23] test, acc=0.21693967239312825
[2023-06-16 16:06:23] epoch:6,test_acc=0.2080040148966972
[2023-06-16 16:06:23] final_acc=0.21316939618790487
[2023-06-16 16:06:29] epoch=7, train_loss, 1029.286143732528
[2023-06-16 16:06:29] test, acc=0.2165401518178186
[2023-06-16 16:06:29] epoch:7,test_acc=0.20811820825797223
[2023-06-16 16:06:29] final_acc=0.21316939618790487
[2023-06-16 16:06:34] epoch=8, train_loss, 812.246825391873
[2023-06-16 16:06:34] test, acc=0.21614063124250898
[2023-06-16 16:06:34] epoch:8,test_acc=0.20619537716916617
[2023-06-16 16:06:34] final_acc=0.21316939618790487
[2023-06-16 16:06:39] epoch=9, train_loss, 1401.505635514427
[2023-06-16 16:06:40] test, acc=0.21993607670795046
[2023-06-16 16:06:40] epoch:9,test_acc=0.21440296608587883
[2023-06-16 16:06:40] final_acc=0.21440296608587883
[2023-06-16 16:06:45] epoch=10, train_loss, 971.3574052999576
[2023-06-16 16:06:45] test, acc=0.21813823411905714
[2023-06-16 16:06:45] epoch:10,test_acc=0.210741438678158
[2023-06-16 16:06:45] final_acc=0.21440296608587883
[2023-06-16 16:06:50] epoch=11, train_loss, 1229.2693149944464
[2023-06-16 16:06:51] test, acc=0.21434278865361567
[2023-06-16 16:06:51] epoch:11,test_acc=0.20939337134326
[2023-06-16 16:06:51] final_acc=0.21440296608587883
[2023-06-16 16:06:56] epoch=12, train_loss, 740.0903093136918
[2023-06-16 16:06:56] test, acc=0.21813823411905714
[2023-06-16 16:06:56] epoch:12,test_acc=0.20958043108882887
[2023-06-16 16:06:56] final_acc=0.21440296608587883
[2023-06-16 16:07:01] epoch=13, train_loss, 822.9560905675919
[2023-06-16 16:07:02] test, acc=0.21753895325609268
[2023-06-16 16:07:02] epoch:13,test_acc=0.20862054451077575
[2023-06-16 16:07:02] final_acc=0.21440296608587883
[2023-06-16 16:07:07] epoch=14, train_loss, 863.8545233875799
[2023-06-16 16:07:07] test, acc=0.21993607670795046
[2023-06-16 16:07:07] epoch:14,test_acc=0.21156575670313282
[2023-06-16 16:07:07] final_acc=0.21440296608587883
[2023-06-16 16:07:12] epoch=15, train_loss, 714.1467835057658
[2023-06-16 16:07:12] test, acc=0.2147423092289253
[2023-06-16 16:07:12] epoch:15,test_acc=0.2098995708564957
[2023-06-16 16:07:12] final_acc=0.21440296608587883
[2023-06-16 16:07:18] epoch=16, train_loss, 927.284666408746
[2023-06-16 16:07:18] test, acc=0.2163403915301638
[2023-06-16 16:07:18] epoch:16,test_acc=0.21074615102924485
[2023-06-16 16:07:18] final_acc=0.21440296608587883
[2023-06-16 16:07:23] epoch=17, train_loss, 1346.0969916882987
[2023-06-16 16:07:23] test, acc=0.2165401518178186
[2023-06-16 16:07:23] epoch:17,test_acc=0.212205831563121
[2023-06-16 16:07:23] final_acc=0.21440296608587883
[2023-06-16 16:07:29] epoch=18, train_loss, 884.6338865627496
[2023-06-16 16:07:29] test, acc=0.21534159009188975
[2023-06-16 16:07:29] epoch:18,test_acc=0.2096550528362832
[2023-06-16 16:07:29] final_acc=0.21440296608587883
[2023-06-16 16:07:34] epoch=19, train_loss, 997.4078287240416
[2023-06-16 16:07:34] test, acc=0.21733919296843787
[2023-06-16 16:07:34] epoch:19,test_acc=0.2085402714887262
[2023-06-16 16:07:34] final_acc=0.21440296608587883
[2023-06-16 16:07:39] epoch=20, train_loss, 943.4214725189696
[2023-06-16 16:07:40] test, acc=0.2119456652017579
[2023-06-16 16:07:40] epoch:20,test_acc=0.19952564305028314
[2023-06-16 16:07:40] final_acc=0.21440296608587883
[2023-06-16 16:07:45] epoch=21, train_loss, 929.6448182907349
[2023-06-16 16:07:45] test, acc=0.2147423092289253
[2023-06-16 16:07:45] epoch:21,test_acc=0.2057854329516266
[2023-06-16 16:07:45] final_acc=0.21440296608587883
[2023-06-16 16:07:50] epoch=22, train_loss, 1870.0606966353835
[2023-06-16 16:07:50] test, acc=0.21454254894127048
[2023-06-16 16:07:50] epoch:22,test_acc=0.2068615520776637
[2023-06-16 16:07:50] final_acc=0.21440296608587883
[2023-06-16 16:07:56] epoch=23, train_loss, 848.1953277100389
[2023-06-16 16:07:56] test, acc=0.21554135037954456
[2023-06-16 16:07:56] epoch:23,test_acc=0.20967154153856854
[2023-06-16 16:07:56] final_acc=0.21440296608587883
[2023-06-16 16:08:01] epoch=24, train_loss, 985.8026960574019
[2023-06-16 16:08:01] test, acc=0.21733919296843787
[2023-06-16 16:08:01] epoch:24,test_acc=0.20986620784031032
[2023-06-16 16:08:01] final_acc=0.21440296608587883
[2023-06-16 16:08:06] epoch=25, train_loss, 897.5644394749651
[2023-06-16 16:08:07] test, acc=0.21713943268078306
[2023-06-16 16:08:07] epoch:25,test_acc=0.2116872243650782
[2023-06-16 16:08:07] final_acc=0.21440296608587883
[2023-06-16 16:08:12] epoch=26, train_loss, 1044.4144681010384
[2023-06-16 16:08:12] test, acc=0.21673991210547344
[2023-06-16 16:08:12] epoch:26,test_acc=0.21135507841739226
[2023-06-16 16:08:12] final_acc=0.21440296608587883
[2023-06-16 16:08:17] epoch=27, train_loss, 855.208248053115
[2023-06-16 16:08:18] test, acc=0.2147423092289253
[2023-06-16 16:08:18] epoch:27,test_acc=0.20897512693371162
[2023-06-16 16:08:18] final_acc=0.21440296608587883
[2023-06-16 16:08:23] epoch=28, train_loss, 930.5613307770068
[2023-06-16 16:08:23] test, acc=0.21673991210547344
[2023-06-16 16:08:23] epoch:28,test_acc=0.20999289175559527
[2023-06-16 16:08:23] final_acc=0.21440296608587883
[2023-06-16 16:08:28] epoch=29, train_loss, 964.4941646588115
[2023-06-16 16:08:28] test, acc=0.21953655613264084
[2023-06-16 16:08:28] epoch:29,test_acc=0.21310371092737737
[2023-06-16 16:08:28] final_acc=0.21440296608587883
[2023-06-16 16:08:34] epoch=30, train_loss, 1219.516623402556
[2023-06-16 16:08:34] test, acc=0.21933679584498603
[2023-06-16 16:08:34] epoch:30,test_acc=0.21179040280381384
[2023-06-16 16:08:34] final_acc=0.21440296608587883
[2023-06-16 16:08:39] epoch=31, train_loss, 1000.3307025165984
[2023-06-16 16:08:39] test, acc=0.21154614462644827
[2023-06-16 16:08:39] epoch:31,test_acc=0.20633723029509551
[2023-06-16 16:08:39] final_acc=0.21440296608587883
[2023-06-16 16:08:45] epoch=32, train_loss, 983.8295504536492
[2023-06-16 16:08:45] test, acc=0.21274470635237716
[2023-06-16 16:08:45] epoch:32,test_acc=0.20772579172216882
[2023-06-16 16:08:45] final_acc=0.21440296608587883
[2023-06-16 16:08:50] epoch=33, train_loss, 1175.4677711949942
[2023-06-16 16:08:50] test, acc=0.21254494606472232
[2023-06-16 16:08:50] epoch:33,test_acc=0.20601224963510917
[2023-06-16 16:08:50] final_acc=0.21440296608587883
[2023-06-16 16:08:55] epoch=34, train_loss, 1290.1007185378394
[2023-06-16 16:08:56] test, acc=0.21853775469436676
[2023-06-16 16:08:56] epoch:34,test_acc=0.21292385148600096
[2023-06-16 16:08:56] final_acc=0.21440296608587883
[2023-06-16 16:09:01] epoch=35, train_loss, 904.8984634350664
[2023-06-16 16:09:01] test, acc=0.2133439872153416
[2023-06-16 16:09:01] epoch:35,test_acc=0.2049961502423606
[2023-06-16 16:09:01] final_acc=0.21440296608587883
[2023-06-16 16:09:06] epoch=36, train_loss, 880.0961056060304
[2023-06-16 16:09:07] test, acc=0.21454254894127048
[2023-06-16 16:09:07] epoch:36,test_acc=0.2088608642488305
[2023-06-16 16:09:07] final_acc=0.21440296608587883
[2023-06-16 16:09:12] epoch=37, train_loss, 864.2689696485623
[2023-06-16 16:09:12] test, acc=0.2149420695165801
[2023-06-16 16:09:12] epoch:37,test_acc=0.21105422756777123
[2023-06-16 16:09:12] final_acc=0.21440296608587883
[2023-06-16 16:09:17] epoch=38, train_loss, 869.6457004729932
[2023-06-16 16:09:18] test, acc=0.21454254894127048
[2023-06-16 16:09:18] epoch:38,test_acc=0.2131753417060136
[2023-06-16 16:09:18] final_acc=0.21440296608587883
[2023-06-16 16:09:23] epoch=39, train_loss, 890.8338034145368
[2023-06-16 16:09:23] test, acc=0.21414302836596086
[2023-06-16 16:09:23] epoch:39,test_acc=0.21297301679234248
[2023-06-16 16:09:23] final_acc=0.21440296608587883
[2023-06-16 16:09:28] epoch=40, train_loss, 1065.7542344845904
[2023-06-16 16:09:28] test, acc=0.21274470635237716
[2023-06-16 16:09:28] epoch:40,test_acc=0.20807315252741873
[2023-06-16 16:09:28] final_acc=0.21440296608587883
[2023-06-16 16:09:34] epoch=41, train_loss, 1189.2944881938897
[2023-06-16 16:09:34] test, acc=0.21414302836596086
[2023-06-16 16:09:34] epoch:41,test_acc=0.20938890690843218
[2023-06-16 16:09:34] final_acc=0.21440296608587883
[2023-06-16 16:09:39] epoch=42, train_loss, 1038.7870466335894
[2023-06-16 16:09:39] test, acc=0.21853775469436676
[2023-06-16 16:09:39] epoch:42,test_acc=0.2147094632615513
[2023-06-16 16:09:39] final_acc=0.2147094632615513
[2023-06-16 16:09:44] epoch=43, train_loss, 980.0421153303153
[2023-06-16 16:09:45] test, acc=0.21793847383140233
[2023-06-16 16:09:45] epoch:43,test_acc=0.2147708281950047
[2023-06-16 16:09:45] final_acc=0.2147708281950047
[2023-06-16 16:09:50] epoch=44, train_loss, 918.4867430860623
[2023-06-16 16:09:50] test, acc=0.2149420695165801
[2023-06-16 16:09:50] epoch:44,test_acc=0.2119697542158056
[2023-06-16 16:09:50] final_acc=0.2147708281950047
[2023-06-16 16:09:55] epoch=45, train_loss, 953.166514826278
[2023-06-16 16:09:55] test, acc=0.21434278865361567
[2023-06-16 16:09:55] epoch:45,test_acc=0.2129622300822162
[2023-06-16 16:09:55] final_acc=0.2147708281950047
[2023-06-16 16:10:01] epoch=46, train_loss, 1020.6840726712261
[2023-06-16 16:10:01] test, acc=0.2191370355573312
[2023-06-16 16:10:01] epoch:46,test_acc=0.2162861258115581
[2023-06-16 16:10:01] final_acc=0.2162861258115581
[2023-06-16 16:10:06] epoch=47, train_loss, 1121.6751915684904
[2023-06-16 16:10:06] test, acc=0.2149420695165801
[2023-06-16 16:10:06] epoch:47,test_acc=0.21232224240481176
[2023-06-16 16:10:06] final_acc=0.2162861258115581
[2023-06-16 16:10:11] epoch=48, train_loss, 1819.9202401158147
[2023-06-16 16:10:12] test, acc=0.21274470635237716
[2023-06-16 16:10:12] epoch:48,test_acc=0.21224068560786552
[2023-06-16 16:10:12] final_acc=0.2162861258115581
[2023-06-16 16:10:17] epoch=49, train_loss, 1647.9901462347743
[2023-06-16 16:10:17] test, acc=0.21574111066719937
[2023-06-16 16:10:17] epoch:49,test_acc=0.2161136642662592
[2023-06-16 16:10:17] final_acc=0.2162861258115581
[2023-06-16 16:10:22] epoch=0, train_loss, 6549.542591229034
[2023-06-16 16:10:22] test, acc=0.2091490211745905
[2023-06-16 16:10:22] epoch:0,test_acc=0.20551392289790554
[2023-06-16 16:10:22] final_acc=0.20551392289790554
[2023-06-16 16:10:28] epoch=1, train_loss, 19275.464210388378
[2023-06-16 16:10:28] test, acc=0.2063523771474231
[2023-06-16 16:10:28] epoch:1,test_acc=0.20546703466479005
[2023-06-16 16:10:28] final_acc=0.20551392289790554
[2023-06-16 16:10:33] epoch=2, train_loss, 29383.993603983625
[2023-06-16 16:10:33] test, acc=0.20375549340791052
[2023-06-16 16:10:33] epoch:2,test_acc=0.20118169202649633
[2023-06-16 16:10:33] final_acc=0.20551392289790554
[2023-06-16 16:10:38] epoch=3, train_loss, 37205.132197858424
[2023-06-16 16:10:39] test, acc=0.20195765081901718
[2023-06-16 16:10:39] epoch:3,test_acc=0.19676058099844215
[2023-06-16 16:10:39] final_acc=0.20551392289790554
[2023-06-16 16:10:44] epoch=4, train_loss, 39816.39766373802
[2023-06-16 16:10:44] test, acc=0.2133439872153416
[2023-06-16 16:10:44] epoch:4,test_acc=0.21045574922706617
[2023-06-16 16:10:44] final_acc=0.21045574922706617
[2023-06-16 16:10:49] epoch=5, train_loss, 47728.514994758385
[2023-06-16 16:10:49] test, acc=0.20355573312025568
[2023-06-16 16:10:49] epoch:5,test_acc=0.20243993694251258
[2023-06-16 16:10:49] final_acc=0.21045574922706617
[2023-06-16 16:10:55] epoch=6, train_loss, 61844.79418555312
[2023-06-16 16:10:55] test, acc=0.20834998002397123
[2023-06-16 16:10:55] epoch:6,test_acc=0.20709058025700644
[2023-06-16 16:10:55] final_acc=0.21045574922706617
[2023-06-16 16:11:00] epoch=7, train_loss, 46694.553607977236
[2023-06-16 16:11:00] test, acc=0.20615261685976827
[2023-06-16 16:11:00] epoch:7,test_acc=0.21130794456079655
[2023-06-16 16:11:00] final_acc=0.21130794456079655
[2023-06-16 16:11:05] epoch=8, train_loss, 38382.80134909145
[2023-06-16 16:11:06] test, acc=0.21414302836596086
[2023-06-16 16:11:06] epoch:8,test_acc=0.21213536370006086
[2023-06-16 16:11:06] final_acc=0.21213536370006086
[2023-06-16 16:11:11] epoch=9, train_loss, 41275.35696947384
[2023-06-16 16:11:11] test, acc=0.2105473431881742
[2023-06-16 16:11:11] epoch:9,test_acc=0.2123352837878595
[2023-06-16 16:11:11] final_acc=0.2123352837878595
[2023-06-16 16:11:16] epoch=10, train_loss, 63071.25174720447
[2023-06-16 16:11:16] test, acc=0.20295645225729125
[2023-06-16 16:11:16] epoch:10,test_acc=0.20366963631431853
[2023-06-16 16:11:16] final_acc=0.2123352837878595
[2023-06-16 16:11:21] epoch=11, train_loss, 48570.772208216855
[2023-06-16 16:11:22] test, acc=0.20155813024370756
[2023-06-16 16:11:22] epoch:11,test_acc=0.2014586566220844
[2023-06-16 16:11:22] final_acc=0.2123352837878595
[2023-06-16 16:11:27] epoch=12, train_loss, 42221.06718001198
[2023-06-16 16:11:27] test, acc=0.21094686376348382
[2023-06-16 16:11:27] epoch:12,test_acc=0.2098820209138319
[2023-06-16 16:11:27] final_acc=0.2123352837878595
[2023-06-16 16:11:32] epoch=13, train_loss, 32660.598561052317
[2023-06-16 16:11:32] test, acc=0.21394326807830602
[2023-06-16 16:11:32] epoch:13,test_acc=0.2117181099387206
[2023-06-16 16:11:32] final_acc=0.2123352837878595
[2023-06-16 16:11:38] epoch=14, train_loss, 32825.24731055312
[2023-06-16 16:11:38] test, acc=0.21154614462644827
[2023-06-16 16:11:38] epoch:14,test_acc=0.21250056577231063
[2023-06-16 16:11:38] final_acc=0.21250056577231063
[2023-06-16 16:11:43] epoch=15, train_loss, 33327.69608002197
[2023-06-16 16:11:43] test, acc=0.2205353575709149
[2023-06-16 16:11:43] epoch:15,test_acc=0.2193681957193904
[2023-06-16 16:11:43] final_acc=0.2193681957193904
[2023-06-16 16:11:48] epoch=16, train_loss, 28451.649897663738
[2023-06-16 16:11:49] test, acc=0.20954854174990012
[2023-06-16 16:11:49] epoch:16,test_acc=0.20830523424004896
[2023-06-16 16:11:49] final_acc=0.2193681957193904
[2023-06-16 16:11:54] epoch=17, train_loss, 24454.192783733528
[2023-06-16 16:11:54] test, acc=0.2119456652017579
[2023-06-16 16:11:54] epoch:17,test_acc=0.20940704274234778
[2023-06-16 16:11:54] final_acc=0.2193681957193904
[2023-06-16 16:11:59] epoch=18, train_loss, 24050.160574331072
[2023-06-16 16:11:59] test, acc=0.2137435077906512
[2023-06-16 16:11:59] epoch:18,test_acc=0.2121200293421035
[2023-06-16 16:11:59] final_acc=0.2193681957193904
[2023-06-16 16:12:04] epoch=19, train_loss, 26163.35926891973
[2023-06-16 16:12:05] test, acc=0.2119456652017579
[2023-06-16 16:12:05] epoch:19,test_acc=0.20742274944173503
[2023-06-16 16:12:05] final_acc=0.2193681957193904
[2023-06-16 16:12:10] epoch=20, train_loss, 28737.072147064697
[2023-06-16 16:12:10] test, acc=0.21454254894127048
[2023-06-16 16:12:10] epoch:20,test_acc=0.21541751609080753
[2023-06-16 16:12:10] final_acc=0.2193681957193904
[2023-06-16 16:12:15] epoch=21, train_loss, 26910.35677291334
[2023-06-16 16:12:15] test, acc=0.2079504594486616
[2023-06-16 16:12:15] epoch:21,test_acc=0.20640526272853282
[2023-06-16 16:12:15] final_acc=0.2193681957193904
[2023-06-16 16:12:20] epoch=22, train_loss, 26137.350102336262
[2023-06-16 16:12:21] test, acc=0.2121454254894127
[2023-06-16 16:12:21] epoch:22,test_acc=0.20999623571627485
[2023-06-16 16:12:21] final_acc=0.2193681957193904
[2023-06-16 16:12:26] epoch=23, train_loss, 27709.739903654154
[2023-06-16 16:12:26] test, acc=0.20954854174990012
[2023-06-16 16:12:26] epoch:23,test_acc=0.2063103547508387
[2023-06-16 16:12:26] final_acc=0.2193681957193904
[2023-06-16 16:12:31] epoch=24, train_loss, 29505.557327026756
[2023-06-16 16:12:31] test, acc=0.2091490211745905
[2023-06-16 16:12:31] epoch:24,test_acc=0.20676152796779768
[2023-06-16 16:12:31] final_acc=0.2193681957193904
[2023-06-16 16:12:36] epoch=25, train_loss, 26647.92302316294
[2023-06-16 16:12:37] test, acc=0.21094686376348382
[2023-06-16 16:12:37] epoch:25,test_acc=0.20939588543889692
[2023-06-16 16:12:37] final_acc=0.2193681957193904
[2023-06-16 16:12:42] epoch=26, train_loss, 26258.164826901957
[2023-06-16 16:12:42] test, acc=0.21314422692768678
[2023-06-16 16:12:42] epoch:26,test_acc=0.2064601488323215
[2023-06-16 16:12:42] final_acc=0.2193681957193904
[2023-06-16 16:12:47] epoch=27, train_loss, 27634.9477336262
[2023-06-16 16:12:47] test, acc=0.21534159009188975
[2023-06-16 16:12:47] epoch:27,test_acc=0.21075472107214935
[2023-06-16 16:12:47] final_acc=0.2193681957193904
[2023-06-16 16:12:53] epoch=28, train_loss, 23082.539786341855
[2023-06-16 16:12:53] test, acc=0.20575309628445865
[2023-06-16 16:12:53] epoch:28,test_acc=0.20394726886046227
[2023-06-16 16:12:53] final_acc=0.2193681957193904
[2023-06-16 16:12:58] epoch=29, train_loss, 27838.580271565494
[2023-06-16 16:12:58] test, acc=0.2151418298042349
[2023-06-16 16:12:58] epoch:29,test_acc=0.20925570921311132
[2023-06-16 16:12:58] final_acc=0.2193681957193904
[2023-06-16 16:13:04] epoch=30, train_loss, 28587.058805910543
[2023-06-16 16:13:04] test, acc=0.22113463843387934
[2023-06-16 16:13:04] epoch:30,test_acc=0.2156105986249197
[2023-06-16 16:13:04] final_acc=0.2193681957193904
[2023-06-16 16:13:09] epoch=31, train_loss, 29208.376354083466
[2023-06-16 16:13:09] test, acc=0.2137435077906512
[2023-06-16 16:13:09] epoch:31,test_acc=0.2091921828806181
[2023-06-16 16:13:09] final_acc=0.2193681957193904
[2023-06-16 16:13:14] epoch=32, train_loss, 30394.216453674122
[2023-06-16 16:13:15] test, acc=0.22033559728326008
[2023-06-16 16:13:15] epoch:32,test_acc=0.21493696845173743
[2023-06-16 16:13:15] final_acc=0.2193681957193904
[2023-06-16 16:13:20] epoch=33, train_loss, 30634.19762130591
[2023-06-16 16:13:20] test, acc=0.22133439872153415
[2023-06-16 16:13:20] epoch:33,test_acc=0.21677361787770416
[2023-06-16 16:13:20] final_acc=0.2193681957193904
[2023-06-16 16:13:25] epoch=34, train_loss, 24486.58843350639
[2023-06-16 16:13:25] test, acc=0.21833799440671195
[2023-06-16 16:13:25] epoch:34,test_acc=0.21738282590723051
[2023-06-16 16:13:25] final_acc=0.2193681957193904
[2023-06-16 16:13:30] epoch=35, train_loss, 24723.321923984124
[2023-06-16 16:13:31] test, acc=0.2137435077906512
[2023-06-16 16:13:31] epoch:35,test_acc=0.2127930798470659
[2023-06-16 16:13:31] final_acc=0.2193681957193904
[2023-06-16 16:13:36] epoch=36, train_loss, 25670.880748614716
[2023-06-16 16:13:36] test, acc=0.21614063124250898
[2023-06-16 16:13:36] epoch:36,test_acc=0.21524381848099403
[2023-06-16 16:13:36] final_acc=0.2193681957193904
[2023-06-16 16:13:41] epoch=37, train_loss, 32852.090455271566
[2023-06-16 16:13:41] test, acc=0.2121454254894127
[2023-06-16 16:13:41] epoch:37,test_acc=0.20927178583973674
[2023-06-16 16:13:41] final_acc=0.2193681957193904
[2023-06-16 16:13:47] epoch=38, train_loss, 33922.98801916933
[2023-06-16 16:13:47] test, acc=0.20695165801038753
[2023-06-16 16:13:47] epoch:38,test_acc=0.2067361891323265
[2023-06-16 16:13:47] final_acc=0.2193681957193904
[2023-06-16 16:13:52] epoch=39, train_loss, 45640.623377595846
[2023-06-16 16:13:52] test, acc=0.21294446664003197
[2023-06-16 16:13:52] epoch:39,test_acc=0.21258114150103657
[2023-06-16 16:13:52] final_acc=0.2193681957193904
[2023-06-16 16:13:57] epoch=40, train_loss, 33141.28709065495
[2023-06-16 16:13:57] test, acc=0.2133439872153416
[2023-06-16 16:13:57] epoch:40,test_acc=0.21339802103159328
[2023-06-16 16:13:57] final_acc=0.2193681957193904
[2023-06-16 16:14:03] epoch=41, train_loss, 28992.237769568692
[2023-06-16 16:14:03] test, acc=0.22153415900918896
[2023-06-16 16:14:03] epoch:41,test_acc=0.22099763780841894
[2023-06-16 16:14:03] final_acc=0.22099763780841894
[2023-06-16 16:14:08] epoch=42, train_loss, 34635.24259622105
[2023-06-16 16:14:08] test, acc=0.21673991210547344
[2023-06-16 16:14:08] epoch:42,test_acc=0.21730901603882652
[2023-06-16 16:14:08] final_acc=0.22099763780841894
[2023-06-16 16:14:13] epoch=43, train_loss, 33157.70930261582
[2023-06-16 16:14:14] test, acc=0.21574111066719937
[2023-06-16 16:14:14] epoch:43,test_acc=0.2133664624399823
[2023-06-16 16:14:14] final_acc=0.22099763780841894
[2023-06-16 16:14:19] epoch=44, train_loss, 28459.600963458466
[2023-06-16 16:14:19] test, acc=0.20015980823012386
[2023-06-16 16:14:19] epoch:44,test_acc=0.1995383276177691
[2023-06-16 16:14:19] final_acc=0.22099763780841894
[2023-06-16 16:14:24] epoch=45, train_loss, 63136.57129218251
[2023-06-16 16:14:24] test, acc=0.2121454254894127
[2023-06-16 16:14:24] epoch:45,test_acc=0.20836015694537613
[2023-06-16 16:14:24] final_acc=0.22099763780841894
[2023-06-16 16:14:29] epoch=46, train_loss, 29830.36334833017
[2023-06-16 16:14:30] test, acc=0.21434278865361567
[2023-06-16 16:14:30] epoch:46,test_acc=0.21303605506264595
[2023-06-16 16:14:30] final_acc=0.22099763780841894
[2023-06-16 16:14:35] epoch=47, train_loss, 43950.29879692492
[2023-06-16 16:14:35] test, acc=0.21114662405113863
[2023-06-16 16:14:35] epoch:47,test_acc=0.2121543469663802
[2023-06-16 16:14:35] final_acc=0.22099763780841894
[2023-06-16 16:14:40] epoch=48, train_loss, 34760.69591154153
[2023-06-16 16:14:40] test, acc=0.21174590491410308
[2023-06-16 16:14:40] epoch:48,test_acc=0.2104040012306736
[2023-06-16 16:14:40] final_acc=0.22099763780841894
[2023-06-16 16:14:45] epoch=49, train_loss, 26291.91553514377
[2023-06-16 16:14:46] test, acc=0.21114662405113863
[2023-06-16 16:14:46] epoch:49,test_acc=0.2083745702517838
[2023-06-16 16:14:46] final_acc=0.22099763780841894
[2023-06-16 16:14:51] epoch=0, train_loss, 36577.819139376996
[2023-06-16 16:14:51] test, acc=0.20715141829804234
[2023-06-16 16:14:51] epoch:0,test_acc=0.20374405503315227
[2023-06-16 16:14:51] final_acc=0.20374405503315227
[2023-06-16 16:14:56] epoch=1, train_loss, 52149.328998602236
[2023-06-16 16:14:56] test, acc=0.2089492608869357
[2023-06-16 16:14:56] epoch:1,test_acc=0.20425559771358395
[2023-06-16 16:14:56] final_acc=0.20425559771358395
[2023-06-16 16:15:02] epoch=2, train_loss, 55714.57023761981
[2023-06-16 16:15:02] test, acc=0.2077506991610068
[2023-06-16 16:15:02] epoch:2,test_acc=0.20157984720073857
[2023-06-16 16:15:02] final_acc=0.20425559771358395
[2023-06-16 16:15:07] epoch=3, train_loss, 114113.37584864217
[2023-06-16 16:15:07] test, acc=0.21574111066719937
[2023-06-16 16:15:07] epoch:3,test_acc=0.2115436380411154
[2023-06-16 16:15:07] final_acc=0.2115436380411154
[2023-06-16 16:15:13] epoch=4, train_loss, 73213.76372803515
[2023-06-16 16:15:13] test, acc=0.20755093887335196
[2023-06-16 16:15:13] epoch:4,test_acc=0.20688165783802562
[2023-06-16 16:15:13] final_acc=0.2115436380411154
[2023-06-16 16:15:18] epoch=5, train_loss, 88035.89947334265
[2023-06-16 16:15:18] test, acc=0.20475429484618457
[2023-06-16 16:15:18] epoch:5,test_acc=0.20361431799468174
[2023-06-16 16:15:18] final_acc=0.2115436380411154
[2023-06-16 16:15:23] epoch=6, train_loss, 93862.50686401757
[2023-06-16 16:15:23] test, acc=0.20555333599680384
[2023-06-16 16:15:23] epoch:6,test_acc=0.2030869362055932
[2023-06-16 16:15:23] final_acc=0.2115436380411154
[2023-06-16 16:15:29] epoch=7, train_loss, 124794.93006190096
[2023-06-16 16:15:29] test, acc=0.2163403915301638
[2023-06-16 16:15:29] epoch:7,test_acc=0.2103034956030187
[2023-06-16 16:15:29] final_acc=0.2115436380411154
[2023-06-16 16:15:34] epoch=8, train_loss, 135114.04353035142
[2023-06-16 16:15:34] test, acc=0.21294446664003197
[2023-06-16 16:15:34] epoch:8,test_acc=0.2112375282370757
[2023-06-16 16:15:34] final_acc=0.2115436380411154
[2023-06-16 16:15:39] epoch=9, train_loss, 137469.3668318191
[2023-06-16 16:15:40] test, acc=0.2151418298042349
[2023-06-16 16:15:40] epoch:9,test_acc=0.212398597956943
[2023-06-16 16:15:40] final_acc=0.212398597956943
[2023-06-16 16:15:45] epoch=10, train_loss, 108477.64551717252
[2023-06-16 16:15:45] test, acc=0.210747103475829
[2023-06-16 16:15:45] epoch:10,test_acc=0.21109151374641616
[2023-06-16 16:15:45] final_acc=0.212398597956943
[2023-06-16 16:15:50] epoch=11, train_loss, 97759.53129992013
[2023-06-16 16:15:50] test, acc=0.2121454254894127
[2023-06-16 16:15:50] epoch:11,test_acc=0.20919269080078912
[2023-06-16 16:15:50] final_acc=0.212398597956943
[2023-06-16 16:15:55] epoch=12, train_loss, 129984.09529752396
[2023-06-16 16:15:56] test, acc=0.2093487814622453
[2023-06-16 16:15:56] epoch:12,test_acc=0.2071140752289192
[2023-06-16 16:15:56] final_acc=0.212398597956943
[2023-06-16 16:16:01] epoch=13, train_loss, 100271.52778055111
[2023-06-16 16:16:01] test, acc=0.2063523771474231
[2023-06-16 16:16:01] epoch:13,test_acc=0.20239676464901532
[2023-06-16 16:16:01] final_acc=0.212398597956943
[2023-06-16 16:16:06] epoch=14, train_loss, 91739.56101487619
[2023-06-16 16:16:06] test, acc=0.2137435077906512
[2023-06-16 16:16:06] epoch:14,test_acc=0.214697632061928
[2023-06-16 16:16:06] final_acc=0.214697632061928
[2023-06-16 16:16:11] epoch=15, train_loss, 88246.83677210214
[2023-06-16 16:16:12] test, acc=0.2151418298042349
[2023-06-16 16:16:12] epoch:15,test_acc=0.21737853885666839
[2023-06-16 16:16:12] final_acc=0.21737853885666839
[2023-06-16 16:16:17] epoch=16, train_loss, 131508.4935977436
[2023-06-16 16:16:17] test, acc=0.21534159009188975
[2023-06-16 16:16:17] epoch:16,test_acc=0.2148894424602298
[2023-06-16 16:16:17] final_acc=0.21737853885666839
[2023-06-16 16:16:22] epoch=17, train_loss, 112493.10206170128
[2023-06-16 16:16:22] test, acc=0.21114662405113863
[2023-06-16 16:16:22] epoch:17,test_acc=0.2054702719368764
[2023-06-16 16:16:22] final_acc=0.21737853885666839
[2023-06-16 16:16:28] epoch=18, train_loss, 95986.50139776358
[2023-06-16 16:16:28] test, acc=0.20974830203755493
[2023-06-16 16:16:28] epoch:18,test_acc=0.2053053870180618
[2023-06-16 16:16:28] final_acc=0.21737853885666839
[2023-06-16 16:16:33] epoch=19, train_loss, 91297.65170726836
[2023-06-16 16:16:33] test, acc=0.20755093887335196
[2023-06-16 16:16:33] epoch:19,test_acc=0.20106875057707815
[2023-06-16 16:16:33] final_acc=0.21737853885666839
[2023-06-16 16:16:38] epoch=20, train_loss, 95671.83900758786
[2023-06-16 16:16:39] test, acc=0.2091490211745905
[2023-06-16 16:16:39] epoch:20,test_acc=0.20573850218049022
[2023-06-16 16:16:39] final_acc=0.21737853885666839
[2023-06-16 16:16:44] epoch=21, train_loss, 101444.20781749202
[2023-06-16 16:16:44] test, acc=0.21014782261286455
[2023-06-16 16:16:44] epoch:21,test_acc=0.20430998475614276
[2023-06-16 16:16:44] final_acc=0.21737853885666839
[2023-06-16 16:16:49] epoch=22, train_loss, 103685.17608077076
[2023-06-16 16:16:49] test, acc=0.21594087095485417
[2023-06-16 16:16:49] epoch:22,test_acc=0.211126319231607
[2023-06-16 16:16:49] final_acc=0.21737853885666839
[2023-06-16 16:16:55] epoch=23, train_loss, 113879.10662939298
[2023-06-16 16:16:55] test, acc=0.20974830203755493
[2023-06-16 16:16:55] epoch:23,test_acc=0.20569080587120686
[2023-06-16 16:16:55] final_acc=0.21737853885666839
[2023-06-16 16:17:00] epoch=24, train_loss, 95277.00978434505
[2023-06-16 16:17:00] test, acc=0.20994806232520974
[2023-06-16 16:17:00] epoch:24,test_acc=0.20987214292394443
[2023-06-16 16:17:00] final_acc=0.21737853885666839
[2023-06-16 16:17:05] epoch=25, train_loss, 94704.39688997604
[2023-06-16 16:17:05] test, acc=0.20735117858569715
[2023-06-16 16:17:05] epoch:25,test_acc=0.2069312795522246
[2023-06-16 16:17:05] final_acc=0.21737853885666839
[2023-06-16 16:17:11] epoch=26, train_loss, 108029.85130899935
[2023-06-16 16:17:11] test, acc=0.2119456652017579
[2023-06-16 16:17:11] epoch:26,test_acc=0.20861927289100352
[2023-06-16 16:17:11] final_acc=0.21737853885666839
[2023-06-16 16:17:16] epoch=27, train_loss, 105543.76327875399
[2023-06-16 16:17:16] test, acc=0.2119456652017579
[2023-06-16 16:17:16] epoch:27,test_acc=0.20934691937322145
[2023-06-16 16:17:16] final_acc=0.21737853885666839
[2023-06-16 16:17:21] epoch=28, train_loss, 106873.54392971245
[2023-06-16 16:17:22] test, acc=0.2135437475029964
[2023-06-16 16:17:22] epoch:28,test_acc=0.20809224387054298
[2023-06-16 16:17:22] final_acc=0.21737853885666839
[2023-06-16 16:17:27] epoch=29, train_loss, 118191.00494209265
[2023-06-16 16:17:27] test, acc=0.20755093887335196
[2023-06-16 16:17:27] epoch:29,test_acc=0.2041289041890871
[2023-06-16 16:17:27] final_acc=0.21737853885666839
[2023-06-16 16:17:32] epoch=30, train_loss, 95600.83513877795
[2023-06-16 16:17:32] test, acc=0.21094686376348382
[2023-06-16 16:17:32] epoch:30,test_acc=0.20757638048879148
[2023-06-16 16:17:32] final_acc=0.21737853885666839
[2023-06-16 16:17:37] epoch=31, train_loss, 76330.3446485623
[2023-06-16 16:17:38] test, acc=0.21454254894127048
[2023-06-16 16:17:38] epoch:31,test_acc=0.21230910756882682
[2023-06-16 16:17:38] final_acc=0.21737853885666839
[2023-06-16 16:17:43] epoch=32, train_loss, 159190.19873202874
[2023-06-16 16:17:43] test, acc=0.21314422692768678
[2023-06-16 16:17:43] epoch:32,test_acc=0.2121940287714942
[2023-06-16 16:17:43] final_acc=0.21737853885666839
[2023-06-16 16:17:48] epoch=33, train_loss, 116588.01537539937
[2023-06-16 16:17:48] test, acc=0.2121454254894127
[2023-06-16 16:17:48] epoch:33,test_acc=0.21546393458498886
[2023-06-16 16:17:48] final_acc=0.21737853885666839
[2023-06-16 16:17:53] epoch=34, train_loss, 89817.59421176118
[2023-06-16 16:17:54] test, acc=0.21094686376348382
[2023-06-16 16:17:54] epoch:34,test_acc=0.2117945164209362
[2023-06-16 16:17:54] final_acc=0.21737853885666839
[2023-06-16 16:17:59] epoch=35, train_loss, 96505.13443490415
[2023-06-16 16:17:59] test, acc=0.21833799440671195
[2023-06-16 16:17:59] epoch:35,test_acc=0.21766344889888423
[2023-06-16 16:17:59] final_acc=0.21766344889888423
[2023-06-16 16:18:04] epoch=36, train_loss, 97867.9053514377
[2023-06-16 16:18:04] test, acc=0.2163403915301638
[2023-06-16 16:18:04] epoch:36,test_acc=0.21747666864392662
[2023-06-16 16:18:04] final_acc=0.21766344889888423
[2023-06-16 16:18:10] epoch=37, train_loss, 103872.89441892972
[2023-06-16 16:18:10] test, acc=0.2119456652017579
[2023-06-16 16:18:10] epoch:37,test_acc=0.21174029668200003
[2023-06-16 16:18:10] final_acc=0.21766344889888423
[2023-06-16 16:18:15] epoch=38, train_loss, 100266.67711661341
[2023-06-16 16:18:15] test, acc=0.2123451857770675
[2023-06-16 16:18:15] epoch:38,test_acc=0.21180935295664782
[2023-06-16 16:18:15] final_acc=0.21766344889888423
[2023-06-16 16:18:20] epoch=39, train_loss, 142080.7446835064
[2023-06-16 16:18:21] test, acc=0.2165401518178186
[2023-06-16 16:18:21] epoch:39,test_acc=0.21460151655649679
[2023-06-16 16:18:21] final_acc=0.21766344889888423
[2023-06-16 16:18:26] epoch=40, train_loss, 78882.18580271566
[2023-06-16 16:18:26] test, acc=0.2119456652017579
[2023-06-16 16:18:26] epoch:40,test_acc=0.21141006672920884
[2023-06-16 16:18:26] final_acc=0.21766344889888423
[2023-06-16 16:18:31] epoch=41, train_loss, 78636.41853035144
[2023-06-16 16:18:31] test, acc=0.2163403915301638
[2023-06-16 16:18:31] epoch:41,test_acc=0.21781459631632988
[2023-06-16 16:18:31] final_acc=0.21781459631632988
[2023-06-16 16:18:36] epoch=42, train_loss, 82647.31769169329
[2023-06-16 16:18:37] test, acc=0.21594087095485417
[2023-06-16 16:18:37] epoch:42,test_acc=0.21374367243475323
[2023-06-16 16:18:37] final_acc=0.21781459631632988
[2023-06-16 16:18:42] epoch=43, train_loss, 89718.10912539937
[2023-06-16 16:18:42] test, acc=0.21454254894127048
[2023-06-16 16:18:42] epoch:43,test_acc=0.21019070454912492
[2023-06-16 16:18:42] final_acc=0.21781459631632988
[2023-06-16 16:18:47] epoch=44, train_loss, 77785.96176118212
[2023-06-16 16:18:47] test, acc=0.21294446664003197
[2023-06-16 16:18:47] epoch:44,test_acc=0.21316599301439254
[2023-06-16 16:18:47] final_acc=0.21781459631632988
[2023-06-16 16:18:52] epoch=45, train_loss, 72411.95257587859
[2023-06-16 16:18:53] test, acc=0.21274470635237716
[2023-06-16 16:18:53] epoch:45,test_acc=0.2141240592644842
[2023-06-16 16:18:53] final_acc=0.21781459631632988
[2023-06-16 16:18:58] epoch=46, train_loss, 72438.39861222045
[2023-06-16 16:18:58] test, acc=0.21174590491410308
[2023-06-16 16:18:58] epoch:46,test_acc=0.21119252675776412
[2023-06-16 16:18:58] final_acc=0.21781459631632988
[2023-06-16 16:19:03] epoch=47, train_loss, 90020.81549520767
[2023-06-16 16:19:04] test, acc=0.21154614462644827
[2023-06-16 16:19:04] epoch:47,test_acc=0.20920423397409932
[2023-06-16 16:19:04] final_acc=0.21781459631632988
[2023-06-16 16:19:09] epoch=48, train_loss, 84201.78050119808
[2023-06-16 16:19:09] test, acc=0.2119456652017579
[2023-06-16 16:19:09] epoch:48,test_acc=0.2039764021389805
[2023-06-16 16:19:09] final_acc=0.21781459631632988
[2023-06-16 16:19:14] epoch=49, train_loss, 73101.30365165735
[2023-06-16 16:19:14] test, acc=0.21793847383140233
[2023-06-16 16:19:14] epoch:49,test_acc=0.21282637014078828
[2023-06-16 16:19:14] final_acc=0.21781459631632988
