[2023-06-16 11:41:13] Namespace(n_hidden=4096, lr=0.001, batch=128)
[2023-06-16 11:41:21] epoch=0, train_loss, 1300.1280003538527
[2023-06-16 11:41:21] test, acc=0.024970035956851776
[2023-06-16 11:41:21] epoch:0,test_acc=0.024437371816064746
[2023-06-16 11:41:21] final_acc=0.024437371816064746
[2023-06-16 11:41:26] epoch=1, train_loss, 3807.042736699406
[2023-06-16 11:41:26] test, acc=0.02417099480623252
[2023-06-16 11:41:26] epoch:1,test_acc=0.024635388158549286
[2023-06-16 11:41:26] final_acc=0.024635388158549286
[2023-06-16 11:41:31] epoch=2, train_loss, 4677.715200990914
[2023-06-16 11:41:32] test, acc=0.05073911306432281
[2023-06-16 11:41:32] epoch:2,test_acc=0.05139523758442931
[2023-06-16 11:41:32] final_acc=0.05139523758442931
[2023-06-16 11:41:37] epoch=3, train_loss, 5445.918255790735
[2023-06-16 11:41:37] test, acc=0.05513383939272873
[2023-06-16 11:41:37] epoch:3,test_acc=0.049469831209837486
[2023-06-16 11:41:37] final_acc=0.05139523758442931
[2023-06-16 11:41:42] epoch=4, train_loss, 7563.296454578924
[2023-06-16 11:41:42] test, acc=0.06671993607670795
[2023-06-16 11:41:42] epoch:4,test_acc=0.06845354483625017
[2023-06-16 11:41:42] final_acc=0.06845354483625017
[2023-06-16 11:41:48] epoch=5, train_loss, 9534.77085569339
[2023-06-16 11:41:48] test, acc=0.08369956052736716
[2023-06-16 11:41:48] epoch:5,test_acc=0.0817457177301435
[2023-06-16 11:41:48] final_acc=0.0817457177301435
[2023-06-16 11:41:53] epoch=6, train_loss, 10092.194621418232
[2023-06-16 11:41:53] test, acc=0.06612065521374351
[2023-06-16 11:41:53] epoch:6,test_acc=0.0641014618139473
[2023-06-16 11:41:53] final_acc=0.0817457177301435
[2023-06-16 11:41:58] epoch=7, train_loss, 10315.401852348741
[2023-06-16 11:41:59] test, acc=0.09248901318417899
[2023-06-16 11:41:59] epoch:7,test_acc=0.08999447839193288
[2023-06-16 11:41:59] final_acc=0.08999447839193288
[2023-06-16 11:42:04] epoch=8, train_loss, 11491.364402892872
[2023-06-16 11:42:04] test, acc=0.09728326008789452
[2023-06-16 11:42:04] epoch:8,test_acc=0.09012534830984006
[2023-06-16 11:42:04] final_acc=0.09012534830984006
[2023-06-16 11:42:09] epoch=9, train_loss, 11139.401251747204
[2023-06-16 11:42:10] test, acc=0.10647223332001599
[2023-06-16 11:42:10] epoch:9,test_acc=0.10263589368047041
[2023-06-16 11:42:10] final_acc=0.10263589368047041
[2023-06-16 11:42:15] epoch=10, train_loss, 9939.593063598242
[2023-06-16 11:42:15] test, acc=0.13523771474230922
[2023-06-16 11:42:15] epoch:10,test_acc=0.12420036412672142
[2023-06-16 11:42:15] final_acc=0.12420036412672142
[2023-06-16 11:42:20] epoch=11, train_loss, 8996.858313417282
[2023-06-16 11:42:20] test, acc=0.1378345984818218
[2023-06-16 11:42:20] epoch:11,test_acc=0.13343187488671454
[2023-06-16 11:42:20] final_acc=0.13343187488671454
[2023-06-16 11:42:26] epoch=12, train_loss, 8402.540942304813
[2023-06-16 11:42:26] test, acc=0.14502596883739513
[2023-06-16 11:42:26] epoch:12,test_acc=0.14127717349882196
[2023-06-16 11:42:26] final_acc=0.14127717349882196
[2023-06-16 11:42:31] epoch=13, train_loss, 8202.069254817292
[2023-06-16 11:42:31] test, acc=0.14242908509788255
[2023-06-16 11:42:31] epoch:13,test_acc=0.14024607831419234
[2023-06-16 11:42:31] final_acc=0.14127717349882196
[2023-06-16 11:42:36] epoch=14, train_loss, 8069.418084190295
[2023-06-16 11:42:37] test, acc=0.15860966839792248
[2023-06-16 11:42:37] epoch:14,test_acc=0.15045139226419693
[2023-06-16 11:42:37] final_acc=0.15045139226419693
[2023-06-16 11:42:42] epoch=15, train_loss, 7620.782877084165
[2023-06-16 11:42:42] test, acc=0.16000799041150618
[2023-06-16 11:42:42] epoch:15,test_acc=0.1599427799035932
[2023-06-16 11:42:42] final_acc=0.1599427799035932
[2023-06-16 11:42:47] epoch=16, train_loss, 7299.500373620956
[2023-06-16 11:42:48] test, acc=0.1490211745904914
[2023-06-16 11:42:48] epoch:16,test_acc=0.14823514824905368
[2023-06-16 11:42:48] final_acc=0.1599427799035932
[2023-06-16 11:42:53] epoch=17, train_loss, 6074.294374313598
[2023-06-16 11:42:53] test, acc=0.16939672393128247
[2023-06-16 11:42:53] epoch:17,test_acc=0.16056214372206304
[2023-06-16 11:42:53] final_acc=0.16056214372206304
[2023-06-16 11:42:58] epoch=18, train_loss, 5585.20512492512
[2023-06-16 11:42:58] test, acc=0.17538953256092688
[2023-06-16 11:42:58] epoch:18,test_acc=0.1720943676048175
[2023-06-16 11:42:58] final_acc=0.1720943676048175
[2023-06-16 11:43:04] epoch=19, train_loss, 5666.991606008512
[2023-06-16 11:43:04] test, acc=0.17159408709548543
[2023-06-16 11:43:04] epoch:19,test_acc=0.1748458529942379
[2023-06-16 11:43:04] final_acc=0.1748458529942379
[2023-06-16 11:43:09] epoch=20, train_loss, 4852.972799770368
[2023-06-16 11:43:09] test, acc=0.1825809029165002
[2023-06-16 11:43:09] epoch:20,test_acc=0.17406099445154077
[2023-06-16 11:43:09] final_acc=0.1748458529942379
[2023-06-16 11:43:14] epoch=21, train_loss, 5588.187150949107
[2023-06-16 11:43:15] test, acc=0.17718737514982022
[2023-06-16 11:43:15] epoch:21,test_acc=0.16886101501632084
[2023-06-16 11:43:15] final_acc=0.1748458529942379
[2023-06-16 11:43:20] epoch=22, train_loss, 5600.080864757014
[2023-06-16 11:43:20] test, acc=0.1823811426288454
[2023-06-16 11:43:20] epoch:22,test_acc=0.17724738718830768
[2023-06-16 11:43:20] final_acc=0.17724738718830768
[2023-06-16 11:43:25] epoch=23, train_loss, 5305.509304253819
[2023-06-16 11:43:25] test, acc=0.1855773072313224
[2023-06-16 11:43:25] epoch:23,test_acc=0.17487234335521754
[2023-06-16 11:43:25] final_acc=0.17724738718830768
[2023-06-16 11:43:31] epoch=24, train_loss, 5052.681080583567
[2023-06-16 11:43:31] test, acc=0.19157011586096684
[2023-06-16 11:43:31] epoch:24,test_acc=0.18398798824551355
[2023-06-16 11:43:31] final_acc=0.18398798824551355
[2023-06-16 11:43:36] epoch=25, train_loss, 4477.90786733414
[2023-06-16 11:43:36] test, acc=0.17638833399920095
[2023-06-16 11:43:36] epoch:25,test_acc=0.16992326296559052
[2023-06-16 11:43:36] final_acc=0.18398798824551355
[2023-06-16 11:43:41] epoch=26, train_loss, 3358.0063850963456
[2023-06-16 11:43:42] test, acc=0.19896124650419497
[2023-06-16 11:43:42] epoch:26,test_acc=0.18956521617242064
[2023-06-16 11:43:42] final_acc=0.18956521617242064
[2023-06-16 11:43:47] epoch=27, train_loss, 3321.3031087759587
[2023-06-16 11:43:47] test, acc=0.18717538953256094
[2023-06-16 11:43:47] epoch:27,test_acc=0.1804719834207284
[2023-06-16 11:43:47] final_acc=0.18956521617242064
[2023-06-16 11:43:52] epoch=28, train_loss, 3113.96434766873
[2023-06-16 11:43:52] test, acc=0.19057131442269276
[2023-06-16 11:43:52] epoch:28,test_acc=0.18651480677102913
[2023-06-16 11:43:52] final_acc=0.18956521617242064
[2023-06-16 11:43:57] epoch=29, train_loss, 3051.6069839038787
[2023-06-16 11:43:58] test, acc=0.18957251298441868
[2023-06-16 11:43:58] epoch:29,test_acc=0.18254831340262398
[2023-06-16 11:43:58] final_acc=0.18956521617242064
[2023-06-16 11:44:03] epoch=30, train_loss, 2742.5889471377045
[2023-06-16 11:44:03] test, acc=0.20615261685976827
[2023-06-16 11:44:03] epoch:30,test_acc=0.19832039223402126
[2023-06-16 11:44:03] final_acc=0.19832039223402126
[2023-06-16 11:44:08] epoch=31, train_loss, 2751.662354295627
[2023-06-16 11:44:08] test, acc=0.20255693168198163
[2023-06-16 11:44:08] epoch:31,test_acc=0.19814729455614083
[2023-06-16 11:44:08] final_acc=0.19832039223402126
[2023-06-16 11:44:14] epoch=32, train_loss, 2603.1430145361173
[2023-06-16 11:44:14] test, acc=0.20135836995605275
[2023-06-16 11:44:14] epoch:32,test_acc=0.19780092701057808
[2023-06-16 11:44:14] final_acc=0.19832039223402126
[2023-06-16 11:44:19] epoch=33, train_loss, 2409.860028836674
[2023-06-16 11:44:19] test, acc=0.20435477427087495
[2023-06-16 11:44:19] epoch:33,test_acc=0.1967483008762579
[2023-06-16 11:44:19] final_acc=0.19832039223402126
[2023-06-16 11:44:24] epoch=34, train_loss, 2479.162167485149
[2023-06-16 11:44:25] test, acc=0.1949660407510987
[2023-06-16 11:44:25] epoch:34,test_acc=0.1856976190346438
[2023-06-16 11:44:25] final_acc=0.19832039223402126
[2023-06-16 11:44:30] epoch=35, train_loss, 2437.513198803789
[2023-06-16 11:44:30] test, acc=0.1965641230523372
[2023-06-16 11:44:30] epoch:35,test_acc=0.19189993185942525
[2023-06-16 11:44:30] final_acc=0.19832039223402126
[2023-06-16 11:44:35] epoch=36, train_loss, 2250.1512677372452
[2023-06-16 11:44:35] test, acc=0.20455453455852976
[2023-06-16 11:44:35] epoch:36,test_acc=0.1997728080817865
[2023-06-16 11:44:35] final_acc=0.1997728080817865
[2023-06-16 11:44:40] epoch=37, train_loss, 2004.18323046407
[2023-06-16 11:44:41] test, acc=0.20415501398322014
[2023-06-16 11:44:41] epoch:37,test_acc=0.1965634730477805
[2023-06-16 11:44:41] final_acc=0.1997728080817865
[2023-06-16 11:44:46] epoch=38, train_loss, 1821.0825616513578
[2023-06-16 11:44:46] test, acc=0.20475429484618457
[2023-06-16 11:44:46] epoch:38,test_acc=0.1913762189154956
[2023-06-16 11:44:46] final_acc=0.1997728080817865
[2023-06-16 11:44:51] epoch=39, train_loss, 1819.6815850498576
[2023-06-16 11:44:51] test, acc=0.19776268477826608
[2023-06-16 11:44:51] epoch:39,test_acc=0.18995473370524338
[2023-06-16 11:44:51] final_acc=0.1997728080817865
[2023-06-16 11:44:57] epoch=40, train_loss, 2469.2523088059106
[2023-06-16 11:44:57] test, acc=0.20335597283260087
[2023-06-16 11:44:57] epoch:40,test_acc=0.19014714037316383
[2023-06-16 11:44:57] final_acc=0.1997728080817865
[2023-06-16 11:45:02] epoch=41, train_loss, 2007.034515283359
[2023-06-16 11:45:02] test, acc=0.20575309628445865
[2023-06-16 11:45:02] epoch:41,test_acc=0.18976356440307196
[2023-06-16 11:45:02] final_acc=0.1997728080817865
[2023-06-16 11:45:07] epoch=42, train_loss, 1700.5172518160396
[2023-06-16 11:45:08] test, acc=0.21014782261286455
[2023-06-16 11:45:08] epoch:42,test_acc=0.20495913859610973
[2023-06-16 11:45:08] final_acc=0.20495913859610973
[2023-06-16 11:45:13] epoch=43, train_loss, 1650.662253480369
[2023-06-16 11:45:13] test, acc=0.20755093887335196
[2023-06-16 11:45:13] epoch:43,test_acc=0.1997104792669634
[2023-06-16 11:45:13] final_acc=0.20495913859610973
[2023-06-16 11:45:18] epoch=44, train_loss, 1860.6883876422723
[2023-06-16 11:45:18] test, acc=0.20375549340791052
[2023-06-16 11:45:18] epoch:44,test_acc=0.19566825165419663
[2023-06-16 11:45:18] final_acc=0.20495913859610973
[2023-06-16 11:45:24] epoch=45, train_loss, 1808.1983958478934
[2023-06-16 11:45:24] test, acc=0.2091490211745905
[2023-06-16 11:45:24] epoch:45,test_acc=0.19834639679271437
[2023-06-16 11:45:24] final_acc=0.20495913859610973
[2023-06-16 11:45:29] epoch=46, train_loss, 1493.1231605602911
[2023-06-16 11:45:29] test, acc=0.1979624450659209
[2023-06-16 11:45:29] epoch:46,test_acc=0.18526087608016212
[2023-06-16 11:45:29] final_acc=0.20495913859610973
[2023-06-16 11:45:34] epoch=47, train_loss, 1551.7777444760259
[2023-06-16 11:45:34] test, acc=0.2079504594486616
[2023-06-16 11:45:34] epoch:47,test_acc=0.19851067614584772
[2023-06-16 11:45:34] final_acc=0.20495913859610973
[2023-06-16 11:45:40] epoch=48, train_loss, 1131.7227108501397
[2023-06-16 11:45:40] test, acc=0.21114662405113863
[2023-06-16 11:45:40] epoch:48,test_acc=0.19723933016694706
[2023-06-16 11:45:40] final_acc=0.20495913859610973
[2023-06-16 11:45:45] epoch=49, train_loss, 1372.6324018289488
[2023-06-16 11:45:45] test, acc=0.2093487814622453
[2023-06-16 11:45:45] epoch:49,test_acc=0.2004647609369426
[2023-06-16 11:45:45] final_acc=0.20495913859610973
[2023-06-16 11:45:50] epoch=50, train_loss, 1280.5047104320588
[2023-06-16 11:45:51] test, acc=0.20854974031162604
[2023-06-16 11:45:51] epoch:50,test_acc=0.20420112006112784
[2023-06-16 11:45:51] final_acc=0.20495913859610973
[2023-06-16 11:45:56] epoch=51, train_loss, 1010.1137184411192
[2023-06-16 11:45:56] test, acc=0.20655213743507791
[2023-06-16 11:45:56] epoch:51,test_acc=0.20016560305295053
[2023-06-16 11:45:56] final_acc=0.20495913859610973
[2023-06-16 11:46:01] epoch=52, train_loss, 957.0136379449132
[2023-06-16 11:46:01] test, acc=0.2103475829005194
[2023-06-16 11:46:01] epoch:52,test_acc=0.20699427818398958
[2023-06-16 11:46:01] final_acc=0.20699427818398958
[2023-06-16 11:46:06] epoch=53, train_loss, 981.4629499061277
[2023-06-16 11:46:07] test, acc=0.20435477427087495
[2023-06-16 11:46:07] epoch:53,test_acc=0.19982887902290133
[2023-06-16 11:46:07] final_acc=0.20699427818398958
[2023-06-16 11:46:12] epoch=54, train_loss, 1114.3092901455327
[2023-06-16 11:46:12] test, acc=0.2091490211745905
[2023-06-16 11:46:12] epoch:54,test_acc=0.203931544407987
[2023-06-16 11:46:12] final_acc=0.20699427818398958
[2023-06-16 11:46:17] epoch=55, train_loss, 799.5220805890264
[2023-06-16 11:46:17] test, acc=0.2191370355573312
[2023-06-16 11:46:17] epoch:55,test_acc=0.21558086030174756
[2023-06-16 11:46:17] final_acc=0.21558086030174756
[2023-06-16 11:46:23] epoch=56, train_loss, 972.1115596880928
[2023-06-16 11:46:23] test, acc=0.21254494606472232
[2023-06-16 11:46:23] epoch:56,test_acc=0.2100105050910459
[2023-06-16 11:46:23] final_acc=0.21558086030174756
[2023-06-16 11:46:28] epoch=57, train_loss, 959.9889736968232
[2023-06-16 11:46:28] test, acc=0.2163403915301638
[2023-06-16 11:46:28] epoch:57,test_acc=0.21411817737261152
[2023-06-16 11:46:28] final_acc=0.21558086030174756
[2023-06-16 11:46:33] epoch=58, train_loss, 788.1308188148962
[2023-06-16 11:46:33] test, acc=0.22153415900918896
[2023-06-16 11:46:33] epoch:58,test_acc=0.21531204530939885
[2023-06-16 11:46:33] final_acc=0.21558086030174756
[2023-06-16 11:46:39] epoch=59, train_loss, 731.1854282171962
[2023-06-16 11:46:39] test, acc=0.21294446664003197
[2023-06-16 11:46:39] epoch:59,test_acc=0.2092530481381
[2023-06-16 11:46:39] final_acc=0.21558086030174756
[2023-06-16 11:46:44] epoch=60, train_loss, 923.4423110675507
[2023-06-16 11:46:44] test, acc=0.21594087095485417
[2023-06-16 11:46:44] epoch:60,test_acc=0.21097382342862261
[2023-06-16 11:46:44] final_acc=0.21558086030174756
[2023-06-16 11:46:49] epoch=61, train_loss, 683.7469747622554
[2023-06-16 11:46:50] test, acc=0.22213343987215342
[2023-06-16 11:46:50] epoch:61,test_acc=0.21485874278116784
[2023-06-16 11:46:50] final_acc=0.21558086030174756
[2023-06-16 11:46:55] epoch=62, train_loss, 773.5313736303165
[2023-06-16 11:46:55] test, acc=0.2149420695165801
[2023-06-16 11:46:55] epoch:62,test_acc=0.20751061834633378
[2023-06-16 11:46:55] final_acc=0.21558086030174756
[2023-06-16 11:47:00] epoch=63, train_loss, 775.7061077276358
[2023-06-16 11:47:00] test, acc=0.2165401518178186
[2023-06-16 11:47:00] epoch:63,test_acc=0.21524648726947956
[2023-06-16 11:47:00] final_acc=0.21558086030174756
[2023-06-16 11:47:05] epoch=64, train_loss, 660.757990382945
[2023-06-16 11:47:06] test, acc=0.21554135037954456
[2023-06-16 11:47:06] epoch:64,test_acc=0.2155689763368683
[2023-06-16 11:47:06] final_acc=0.21558086030174756
[2023-06-16 11:47:11] epoch=65, train_loss, 776.5977397102137
[2023-06-16 11:47:11] test, acc=0.21733919296843787
[2023-06-16 11:47:11] epoch:65,test_acc=0.21244777544892632
[2023-06-16 11:47:11] final_acc=0.21558086030174756
[2023-06-16 11:47:16] epoch=66, train_loss, 818.4288801979333
[2023-06-16 11:47:16] test, acc=0.2135437475029964
[2023-06-16 11:47:16] epoch:66,test_acc=0.20943161407223773
[2023-06-16 11:47:16] final_acc=0.21558086030174756
[2023-06-16 11:47:22] epoch=67, train_loss, 742.1123403482163
[2023-06-16 11:47:22] test, acc=0.2151418298042349
[2023-06-16 11:47:22] epoch:67,test_acc=0.205492085761351
[2023-06-16 11:47:22] final_acc=0.21558086030174756
[2023-06-16 11:47:27] epoch=68, train_loss, 957.6146770635733
[2023-06-16 11:47:27] test, acc=0.21534159009188975
[2023-06-16 11:47:27] epoch:68,test_acc=0.20839441786190022
[2023-06-16 11:47:27] final_acc=0.21558086030174756
[2023-06-16 11:47:32] epoch=69, train_loss, 938.4564090034071
[2023-06-16 11:47:32] test, acc=0.21873751498202157
[2023-06-16 11:47:32] epoch:69,test_acc=0.20945594926091843
[2023-06-16 11:47:32] final_acc=0.21558086030174756
[2023-06-16 11:47:38] epoch=70, train_loss, 829.2837248488356
[2023-06-16 11:47:38] test, acc=0.21014782261286455
[2023-06-16 11:47:38] epoch:70,test_acc=0.20410370777953424
[2023-06-16 11:47:38] final_acc=0.21558086030174756
[2023-06-16 11:47:43] epoch=71, train_loss, 580.3621221670328
[2023-06-16 11:47:43] test, acc=0.21673991210547344
[2023-06-16 11:47:43] epoch:71,test_acc=0.2135376390128741
[2023-06-16 11:47:43] final_acc=0.21558086030174756
[2023-06-16 11:47:48] epoch=72, train_loss, 651.8529844436401
[2023-06-16 11:47:49] test, acc=0.21693967239312825
[2023-06-16 11:47:49] epoch:72,test_acc=0.21412160118080878
[2023-06-16 11:47:49] final_acc=0.21558086030174756
[2023-06-16 11:47:54] epoch=73, train_loss, 648.6404440395368
[2023-06-16 11:47:54] test, acc=0.21314422692768678
[2023-06-16 11:47:54] epoch:73,test_acc=0.2086524817878252
[2023-06-16 11:47:54] final_acc=0.21558086030174756
[2023-06-16 11:47:59] epoch=74, train_loss, 690.8651137306287
[2023-06-16 11:47:59] test, acc=0.21014782261286455
[2023-06-16 11:47:59] epoch:74,test_acc=0.20431713273743077
[2023-06-16 11:47:59] final_acc=0.21558086030174756
[2023-06-16 11:48:05] epoch=75, train_loss, 665.7915413463459
[2023-06-16 11:48:05] test, acc=0.21314422692768678
[2023-06-16 11:48:05] epoch:75,test_acc=0.20606486508495778
[2023-06-16 11:48:05] final_acc=0.21558086030174756
[2023-06-16 11:48:10] epoch=76, train_loss, 1136.9746631951377
[2023-06-16 11:48:10] test, acc=0.20715141829804234
[2023-06-16 11:48:10] epoch:76,test_acc=0.20421551322217035
[2023-06-16 11:48:10] final_acc=0.21558086030174756
[2023-06-16 11:48:15] epoch=77, train_loss, 644.5494178065096
[2023-06-16 11:48:15] test, acc=0.21094686376348382
[2023-06-16 11:48:15] epoch:77,test_acc=0.20505796754383296
[2023-06-16 11:48:15] final_acc=0.21558086030174756
[2023-06-16 11:48:21] epoch=78, train_loss, 1315.4996330090605
[2023-06-16 11:48:21] test, acc=0.21134638433879344
[2023-06-16 11:48:21] epoch:78,test_acc=0.2099938863055701
[2023-06-16 11:48:21] final_acc=0.21558086030174756
[2023-06-16 11:48:26] epoch=79, train_loss, 615.1235710738404
[2023-06-16 11:48:26] test, acc=0.20854974031162604
[2023-06-16 11:48:26] epoch:79,test_acc=0.20575588295950994
[2023-06-16 11:48:26] final_acc=0.21558086030174756
[2023-06-16 11:48:31] epoch=80, train_loss, 630.807618747504
[2023-06-16 11:48:32] test, acc=0.21294446664003197
[2023-06-16 11:48:32] epoch:80,test_acc=0.21232185761358952
[2023-06-16 11:48:32] final_acc=0.21558086030174756
[2023-06-16 11:48:37] epoch=81, train_loss, 1194.2930108701078
[2023-06-16 11:48:37] test, acc=0.2137435077906512
[2023-06-16 11:48:37] epoch:81,test_acc=0.21031989924951028
[2023-06-16 11:48:37] final_acc=0.21558086030174756
[2023-06-16 11:48:42] epoch=82, train_loss, 688.4220561554638
[2023-06-16 11:48:42] test, acc=0.2119456652017579
[2023-06-16 11:48:42] epoch:82,test_acc=0.20554970241493997
[2023-06-16 11:48:42] final_acc=0.21558086030174756
[2023-06-16 11:48:47] epoch=83, train_loss, 798.9238729751148
[2023-06-16 11:48:48] test, acc=0.21134638433879344
[2023-06-16 11:48:48] epoch:83,test_acc=0.20635400629950276
[2023-06-16 11:48:48] final_acc=0.21558086030174756
[2023-06-16 11:48:53] epoch=84, train_loss, 702.077879299371
[2023-06-16 11:48:53] test, acc=0.20615261685976827
[2023-06-16 11:48:53] epoch:84,test_acc=0.20408166479576834
[2023-06-16 11:48:53] final_acc=0.21558086030174756
[2023-06-16 11:48:58] epoch=85, train_loss, 694.8212173023163
[2023-06-16 11:48:58] test, acc=0.20834998002397123
[2023-06-16 11:48:58] epoch:85,test_acc=0.2064186427413755
[2023-06-16 11:48:58] final_acc=0.21558086030174756
[2023-06-16 11:49:04] epoch=86, train_loss, 813.2142070733701
[2023-06-16 11:49:04] test, acc=0.20715141829804234
[2023-06-16 11:49:04] epoch:86,test_acc=0.20170032351968645
[2023-06-16 11:49:04] final_acc=0.21558086030174756
[2023-06-16 11:49:09] epoch=87, train_loss, 703.9154633835863
[2023-06-16 11:49:09] test, acc=0.21094686376348382
[2023-06-16 11:49:09] epoch:87,test_acc=0.20041721919241823
[2023-06-16 11:49:09] final_acc=0.21558086030174756
[2023-06-16 11:49:14] epoch=88, train_loss, 686.6850651262667
[2023-06-16 11:49:15] test, acc=0.21114662405113863
[2023-06-16 11:49:15] epoch:88,test_acc=0.2047860475843223
[2023-06-16 11:49:15] final_acc=0.21558086030174756
[2023-06-16 11:49:20] epoch=89, train_loss, 730.6198554031303
[2023-06-16 11:49:20] test, acc=0.20994806232520974
[2023-06-16 11:49:20] epoch:89,test_acc=0.2046083483820511
[2023-06-16 11:49:20] final_acc=0.21558086030174756
[2023-06-16 11:49:25] epoch=90, train_loss, 1018.2540780454398
[2023-06-16 11:49:25] test, acc=0.20595285657211346
[2023-06-16 11:49:25] epoch:90,test_acc=0.20106616102214608
[2023-06-16 11:49:25] final_acc=0.21558086030174756
[2023-06-16 11:49:30] epoch=91, train_loss, 753.5677314733925
[2023-06-16 11:49:31] test, acc=0.20455453455852976
[2023-06-16 11:49:31] epoch:91,test_acc=0.1994681512487212
[2023-06-16 11:49:31] final_acc=0.21558086030174756
[2023-06-16 11:49:36] epoch=92, train_loss, 825.6483579397964
[2023-06-16 11:49:36] test, acc=0.20575309628445865
[2023-06-16 11:49:36] epoch:92,test_acc=0.19865639577338173
[2023-06-16 11:49:36] final_acc=0.21558086030174756
[2023-06-16 11:49:41] epoch=93, train_loss, 750.1298309423672
[2023-06-16 11:49:42] test, acc=0.20655213743507791
[2023-06-16 11:49:42] epoch:93,test_acc=0.2010170895272604
[2023-06-16 11:49:42] final_acc=0.21558086030174756
[2023-06-16 11:49:47] epoch=94, train_loss, 725.324833586574
[2023-06-16 11:49:47] test, acc=0.20974830203755493
[2023-06-16 11:49:47] epoch:94,test_acc=0.2055102409172329
[2023-06-16 11:49:47] final_acc=0.21558086030174756
[2023-06-16 11:49:52] epoch=95, train_loss, 1201.1144329229483
[2023-06-16 11:49:52] test, acc=0.2105473431881742
[2023-06-16 11:49:52] epoch:95,test_acc=0.2036338884431422
[2023-06-16 11:49:52] final_acc=0.21558086030174756
[2023-06-16 11:49:58] epoch=96, train_loss, 733.6902986471646
[2023-06-16 11:49:58] test, acc=0.20994806232520974
[2023-06-16 11:49:58] epoch:96,test_acc=0.20412904400116821
[2023-06-16 11:49:58] final_acc=0.21558086030174756
[2023-06-16 11:50:03] epoch=97, train_loss, 1023.5503618039352
[2023-06-16 11:50:03] test, acc=0.210747103475829
[2023-06-16 11:50:03] epoch:97,test_acc=0.2070818722819266
[2023-06-16 11:50:03] final_acc=0.21558086030174756
[2023-06-16 11:50:09] epoch=98, train_loss, 673.2307916708266
[2023-06-16 11:50:09] test, acc=0.20874950059928085
[2023-06-16 11:50:09] epoch:98,test_acc=0.20443650281699086
[2023-06-16 11:50:09] final_acc=0.21558086030174756
[2023-06-16 11:50:14] epoch=99, train_loss, 740.4103287279415
[2023-06-16 11:50:14] test, acc=0.2123451857770675
[2023-06-16 11:50:14] epoch:99,test_acc=0.20831339067159785
[2023-06-16 11:50:14] final_acc=0.21558086030174756
