[2023-06-16 14:22:22] Namespace(n_hidden=4096, lr=0.001, batch=128)
[2023-06-16 14:22:31] epoch=0, train_loss, 22.806104382767845
[2023-06-16 14:22:31] test, acc=0.009188973232121454
[2023-06-16 14:22:31] epoch:0,test_acc=0.007712024603194203
[2023-06-16 14:22:31] final_acc=0.007712024603194203
[2023-06-16 14:22:36] epoch=1, train_loss, 24.489523010132032
[2023-06-16 14:22:36] test, acc=0.06612065521374351
[2023-06-16 14:22:36] epoch:1,test_acc=0.06836974897465442
[2023-06-16 14:22:36] final_acc=0.06836974897465442
[2023-06-16 14:22:41] epoch=2, train_loss, 27.042114379687813
[2023-06-16 14:22:42] test, acc=0.07850579304834199
[2023-06-16 14:22:42] epoch:2,test_acc=0.07856787274688734
[2023-06-16 14:22:42] final_acc=0.07856787274688734
[2023-06-16 14:22:47] epoch=3, train_loss, 28.841516010296612
[2023-06-16 14:22:47] test, acc=0.0703156212544946
[2023-06-16 14:22:47] epoch:3,test_acc=0.07725455813082763
[2023-06-16 14:22:47] final_acc=0.07856787274688734
[2023-06-16 14:22:52] epoch=4, train_loss, 28.889198059472033
[2023-06-16 14:22:52] test, acc=0.09908110267678785
[2023-06-16 14:22:52] epoch:4,test_acc=0.1027275295627399
[2023-06-16 14:22:52] final_acc=0.1027275295627399
[2023-06-16 14:22:58] epoch=5, train_loss, 29.074398750695178
[2023-06-16 14:22:58] test, acc=0.10447463044346784
[2023-06-16 14:22:58] epoch:5,test_acc=0.1031684977483164
[2023-06-16 14:22:58] final_acc=0.1031684977483164
[2023-06-16 14:23:03] epoch=6, train_loss, 28.8373770119664
[2023-06-16 14:23:03] test, acc=0.11546144626448263
[2023-06-16 14:23:03] epoch:6,test_acc=0.11590259906847182
[2023-06-16 14:23:03] final_acc=0.11590259906847182
[2023-06-16 14:23:08] epoch=7, train_loss, 28.297313482997517
[2023-06-16 14:23:09] test, acc=0.12564922093487815
[2023-06-16 14:23:09] epoch:7,test_acc=0.1281807063853517
[2023-06-16 14:23:09] final_acc=0.1281807063853517
[2023-06-16 14:23:14] epoch=8, train_loss, 27.32890718508833
[2023-06-16 14:23:14] test, acc=0.1348381941669996
[2023-06-16 14:23:14] epoch:8,test_acc=0.13074321308763204
[2023-06-16 14:23:14] final_acc=0.13074321308763204
[2023-06-16 14:23:19] epoch=9, train_loss, 27.363762439630282
[2023-06-16 14:23:19] test, acc=0.13943268078306031
[2023-06-16 14:23:19] epoch:9,test_acc=0.1336869896638242
[2023-06-16 14:23:19] final_acc=0.1336869896638242
[2023-06-16 14:23:25] epoch=10, train_loss, 27.31759978102419
[2023-06-16 14:23:25] test, acc=0.14562524970035956
[2023-06-16 14:23:25] epoch:10,test_acc=0.1460294520660962
[2023-06-16 14:23:25] final_acc=0.1460294520660962
[2023-06-16 14:23:30] epoch=11, train_loss, 26.825543572727483
[2023-06-16 14:23:30] test, acc=0.1518178186176588
[2023-06-16 14:23:30] epoch:11,test_acc=0.14469617382407868
[2023-06-16 14:23:30] final_acc=0.1460294520660962
[2023-06-16 14:23:35] epoch=12, train_loss, 26.48743660838459
[2023-06-16 14:23:36] test, acc=0.15960846983619656
[2023-06-16 14:23:36] epoch:12,test_acc=0.15459062401930726
[2023-06-16 14:23:36] final_acc=0.15459062401930726
[2023-06-16 14:23:41] epoch=13, train_loss, 26.676452536171617
[2023-06-16 14:23:41] test, acc=0.1642029564522573
[2023-06-16 14:23:41] epoch:13,test_acc=0.15699238770460017
[2023-06-16 14:23:41] final_acc=0.15699238770460017
[2023-06-16 14:23:46] epoch=14, train_loss, 26.787085257399198
[2023-06-16 14:23:47] test, acc=0.16799840191769877
[2023-06-16 14:23:47] epoch:14,test_acc=0.16920099611192782
[2023-06-16 14:23:47] final_acc=0.16920099611192782
[2023-06-16 14:23:52] epoch=15, train_loss, 27.17847716998749
[2023-06-16 14:23:52] test, acc=0.15840990811026767
[2023-06-16 14:23:52] epoch:15,test_acc=0.15435178815225165
[2023-06-16 14:23:52] final_acc=0.16920099611192782
[2023-06-16 14:23:57] epoch=16, train_loss, 27.110210275497682
[2023-06-16 14:23:58] test, acc=0.17239312824610467
[2023-06-16 14:23:58] epoch:16,test_acc=0.17286265421483282
[2023-06-16 14:23:58] final_acc=0.17286265421483282
[2023-06-16 14:24:03] epoch=17, train_loss, 26.403714915814874
[2023-06-16 14:24:03] test, acc=0.17219336795844986
[2023-06-16 14:24:03] epoch:17,test_acc=0.1688595330329099
[2023-06-16 14:24:03] final_acc=0.17286265421483282
[2023-06-16 14:24:08] epoch=18, train_loss, 25.98043136093944
[2023-06-16 14:24:08] test, acc=0.17538953256092688
[2023-06-16 14:24:08] epoch:18,test_acc=0.16995889002288334
[2023-06-16 14:24:08] final_acc=0.17286265421483282
[2023-06-16 14:24:14] epoch=19, train_loss, 25.75381026595545
[2023-06-16 14:24:14] test, acc=0.17439073112265283
[2023-06-16 14:24:14] epoch:19,test_acc=0.16577459534102984
[2023-06-16 14:24:14] final_acc=0.17286265421483282
