[2023-06-16 13:15:04] Namespace(n_hidden=4096, lr=0.001, batch=128)
[2023-06-16 13:15:13] epoch=0, train_loss, 316.88248208384164
[2023-06-16 13:15:14] test, acc=0.001997602876548142
[2023-06-16 13:15:14] epoch:0,test_acc=0.002897866690823374
[2023-06-16 13:15:14] final_acc=0.002897866690823374
[2023-06-16 13:15:19] epoch=1, train_loss, 591.105417562369
[2023-06-16 13:15:20] test, acc=0.012984418697562925
[2023-06-16 13:15:20] epoch:1,test_acc=0.011225696611188322
[2023-06-16 13:15:20] final_acc=0.011225696611188322
[2023-06-16 13:15:25] epoch=2, train_loss, 859.8745692438972
[2023-06-16 13:15:25] test, acc=0.00019976028765481422
[2023-06-16 13:15:25] epoch:2,test_acc=0.0008357641319836313
[2023-06-16 13:15:25] final_acc=0.011225696611188322
[2023-06-16 13:15:31] epoch=3, train_loss, 1032.6336190220647
[2023-06-16 13:15:31] test, acc=0.002796644027167399
[2023-06-16 13:15:31] epoch:3,test_acc=0.002345653632299778
[2023-06-16 13:15:31] final_acc=0.011225696611188322
[2023-06-16 13:15:37] epoch=4, train_loss, 1197.7692001391524
[2023-06-16 13:15:37] test, acc=0.0011985617259288853
[2023-06-16 13:15:37] epoch:4,test_acc=0.0015435786419549214
[2023-06-16 13:15:37] final_acc=0.011225696611188322
[2023-06-16 13:15:43] epoch=5, train_loss, 1272.9193331684928
[2023-06-16 13:15:43] test, acc=0.0075908909308829405
[2023-06-16 13:15:43] epoch:5,test_acc=0.006330253386878248
[2023-06-16 13:15:43] final_acc=0.011225696611188322
[2023-06-16 13:15:49] epoch=6, train_loss, 1362.6820920511557
[2023-06-16 13:15:49] test, acc=0.0007990411506192569
[2023-06-16 13:15:49] epoch:6,test_acc=0.0005066919259981065
[2023-06-16 13:15:49] final_acc=0.011225696611188322
[2023-06-16 13:15:55] epoch=7, train_loss, 1365.3227726262978
[2023-06-16 13:15:55] test, acc=0.014782261286456252
[2023-06-16 13:15:55] epoch:7,test_acc=0.015305268250229782
[2023-06-16 13:15:55] final_acc=0.015305268250229782
[2023-06-16 13:16:00] epoch=8, train_loss, 1438.0535305620383
[2023-06-16 13:16:01] test, acc=0.0051937674790251695
[2023-06-16 13:16:01] epoch:8,test_acc=0.006684745579752525
[2023-06-16 13:16:01] final_acc=0.015305268250229782
[2023-06-16 13:16:06] epoch=9, train_loss, 1469.3784189437524
[2023-06-16 13:16:07] test, acc=0.000998801438274071
[2023-06-16 13:16:07] epoch:9,test_acc=0.0014648313136790042
[2023-06-16 13:16:07] final_acc=0.015305268250229782
[2023-06-16 13:16:12] epoch=10, train_loss, 1502.7158470275683
[2023-06-16 13:16:12] test, acc=0.0021973631642029563
[2023-06-16 13:16:12] epoch:10,test_acc=0.0017353789368247119
[2023-06-16 13:16:12] final_acc=0.015305268250229782
[2023-06-16 13:16:18] epoch=11, train_loss, 1511.704140952601
[2023-06-16 13:16:18] test, acc=0.0025968837395125848
[2023-06-16 13:16:18] epoch:11,test_acc=0.003736432596392348
[2023-06-16 13:16:18] final_acc=0.015305268250229782
[2023-06-16 13:16:24] epoch=12, train_loss, 1536.2201826686676
[2023-06-16 13:16:24] test, acc=0.0025968837395125848
[2023-06-16 13:16:24] epoch:12,test_acc=0.0020730531267755797
[2023-06-16 13:16:24] final_acc=0.015305268250229782
[2023-06-16 13:16:30] epoch=13, train_loss, 1555.696074951952
[2023-06-16 13:16:30] test, acc=0.001997602876548142
[2023-06-16 13:16:30] epoch:13,test_acc=0.002073449130286187
[2023-06-16 13:16:30] final_acc=0.015305268250229782
[2023-06-16 13:16:36] epoch=14, train_loss, 1546.5121645211411
[2023-06-16 13:16:36] test, acc=0.005593288054334798
[2023-06-16 13:16:36] epoch:14,test_acc=0.00666333753696641
[2023-06-16 13:16:36] final_acc=0.015305268250229782
[2023-06-16 13:16:42] epoch=15, train_loss, 1549.553596862208
[2023-06-16 13:16:42] test, acc=0.001997602876548142
[2023-06-16 13:16:42] epoch:15,test_acc=0.0031772021166082643
[2023-06-16 13:16:42] final_acc=0.015305268250229782
[2023-06-16 13:16:48] epoch=16, train_loss, 1539.4204826964358
[2023-06-16 13:16:48] test, acc=0.003995205753096284
[2023-06-16 13:16:48] epoch:16,test_acc=0.0056407990202643815
[2023-06-16 13:16:48] final_acc=0.015305268250229782
[2023-06-16 13:16:54] epoch=17, train_loss, 1452.4399583712934
[2023-06-16 13:16:54] test, acc=0.01178585697163404
[2023-06-16 13:16:54] epoch:17,test_acc=0.014998892635170315
[2023-06-16 13:16:54] final_acc=0.015305268250229782
[2023-06-16 13:17:00] epoch=18, train_loss, 1426.7609250979683
[2023-06-16 13:17:00] test, acc=0.0025968837395125848
[2023-06-16 13:17:00] epoch:18,test_acc=0.004156460087486199
[2023-06-16 13:17:00] final_acc=0.015305268250229782
[2023-06-16 13:17:06] epoch=19, train_loss, 1368.6436993778705
[2023-06-16 13:17:06] test, acc=0.015381542149420694
[2023-06-16 13:17:06] epoch:19,test_acc=0.017339209474486687
[2023-06-16 13:17:06] final_acc=0.017339209474486687
[2023-06-16 13:17:12] epoch=20, train_loss, 1344.0654852626424
[2023-06-16 13:17:12] test, acc=0.008389932081502197
[2023-06-16 13:17:12] epoch:20,test_acc=0.010583580854578011
[2023-06-16 13:17:12] final_acc=0.017339209474486687
[2023-06-16 13:17:18] epoch=21, train_loss, 1333.987448792869
[2023-06-16 13:17:18] test, acc=0.010986815821014783
[2023-06-16 13:17:18] epoch:21,test_acc=0.012761761591451162
[2023-06-16 13:17:18] final_acc=0.017339209474486687
[2023-06-16 13:17:24] epoch=22, train_loss, 1339.6795410546251
[2023-06-16 13:17:24] test, acc=0.009388733519776269
[2023-06-16 13:17:24] epoch:22,test_acc=0.012396717283170934
[2023-06-16 13:17:24] final_acc=0.017339209474486687
[2023-06-16 13:17:30] epoch=23, train_loss, 1288.365512055711
[2023-06-16 13:17:30] test, acc=0.018577706751897724
[2023-06-16 13:17:30] epoch:23,test_acc=0.021299515478111437
[2023-06-16 13:17:30] final_acc=0.021299515478111437
[2023-06-16 13:17:36] epoch=24, train_loss, 1216.3600245466628
[2023-06-16 13:17:36] test, acc=0.0067918497802636835
[2023-06-16 13:17:36] epoch:24,test_acc=0.009507240703627393
[2023-06-16 13:17:36] final_acc=0.021299515478111437
[2023-06-16 13:17:42] epoch=25, train_loss, 1169.4418444161217
[2023-06-16 13:17:42] test, acc=0.007391130643228126
[2023-06-16 13:17:42] epoch:25,test_acc=0.009693352852333761
[2023-06-16 13:17:42] final_acc=0.021299515478111437
[2023-06-16 13:17:48] epoch=26, train_loss, 1177.0453500960962
[2023-06-16 13:17:48] test, acc=0.003595685177786656
[2023-06-16 13:17:48] epoch:26,test_acc=0.005211510103880383
[2023-06-16 13:17:48] final_acc=0.021299515478111437
[2023-06-16 13:17:54] epoch=27, train_loss, 1116.495407348243
[2023-06-16 13:17:54] test, acc=0.018577706751897724
[2023-06-16 13:17:54] epoch:27,test_acc=0.01949831609597647
[2023-06-16 13:17:54] final_acc=0.021299515478111437
[2023-06-16 13:18:00] epoch=28, train_loss, 1076.7503008857702
[2023-06-16 13:18:00] test, acc=0.007391130643228126
[2023-06-16 13:18:00] epoch:28,test_acc=0.00980630885271351
[2023-06-16 13:18:00] final_acc=0.021299515478111437
[2023-06-16 13:18:05] epoch=29, train_loss, 1043.6851217739118
[2023-06-16 13:18:06] test, acc=0.0043947263284059125
[2023-06-16 13:18:06] epoch:29,test_acc=0.007301592664194926
[2023-06-16 13:18:06] final_acc=0.021299515478111437
[2023-06-16 13:18:11] epoch=30, train_loss, 1009.4162569381177
[2023-06-16 13:18:12] test, acc=0.0025968837395125848
[2023-06-16 13:18:12] epoch:30,test_acc=0.004456651372011169
[2023-06-16 13:18:12] final_acc=0.021299515478111437
[2023-06-16 13:18:17] epoch=31, train_loss, 932.9300960260458
[2023-06-16 13:18:18] test, acc=0.011985617259288853
[2023-06-16 13:18:18] epoch:31,test_acc=0.018557688215769315
[2023-06-16 13:18:18] final_acc=0.021299515478111437
[2023-06-16 13:18:23] epoch=32, train_loss, 915.9330583761295
[2023-06-16 13:18:24] test, acc=0.013983220135836995
[2023-06-16 13:18:24] epoch:32,test_acc=0.01850848178666142
[2023-06-16 13:18:24] final_acc=0.021299515478111437
[2023-06-16 13:18:29] epoch=33, train_loss, 915.9943973431572
[2023-06-16 13:18:30] test, acc=0.011386336396324411
[2023-06-16 13:18:30] epoch:33,test_acc=0.014256972608161778
[2023-06-16 13:18:30] final_acc=0.021299515478111437
[2023-06-16 13:18:35] epoch=34, train_loss, 856.3256771587335
[2023-06-16 13:18:36] test, acc=0.006991610067918498
[2023-06-16 13:18:36] epoch:34,test_acc=0.010830512683902376
[2023-06-16 13:18:36] final_acc=0.021299515478111437
[2023-06-16 13:18:41] epoch=35, train_loss, 822.7450121797311
[2023-06-16 13:18:42] test, acc=0.005393527766679984
[2023-06-16 13:18:42] epoch:35,test_acc=0.006845803676290975
[2023-06-16 13:18:42] final_acc=0.021299515478111437
[2023-06-16 13:18:47] epoch=36, train_loss, 787.7544486438885
[2023-06-16 13:18:48] test, acc=0.008789452656811825
[2023-06-16 13:18:48] epoch:36,test_acc=0.012675429415494873
[2023-06-16 13:18:48] final_acc=0.021299515478111437
[2023-06-16 13:18:53] epoch=37, train_loss, 748.7041041950067
[2023-06-16 13:18:54] test, acc=0.017379145025968837
[2023-06-16 13:18:54] epoch:37,test_acc=0.0208959362515534
[2023-06-16 13:18:54] final_acc=0.021299515478111437
[2023-06-16 13:18:59] epoch=38, train_loss, 730.1384255893695
[2023-06-16 13:19:00] test, acc=0.004594486616060727
[2023-06-16 13:19:00] epoch:38,test_acc=0.00617123950667638
[2023-06-16 13:19:00] final_acc=0.021299515478111437
[2023-06-16 13:19:05] epoch=39, train_loss, 670.9227980348629
[2023-06-16 13:19:06] test, acc=0.00898921294446664
[2023-06-16 13:19:06] epoch:39,test_acc=0.011564154349155064
[2023-06-16 13:19:06] final_acc=0.021299515478111437
[2023-06-16 13:19:11] epoch=40, train_loss, 618.4234936991438
[2023-06-16 13:19:12] test, acc=0.010587295245705154
[2023-06-16 13:19:12] epoch:40,test_acc=0.014234687071518473
[2023-06-16 13:19:12] final_acc=0.021299515478111437
[2023-06-16 13:19:17] epoch=41, train_loss, 618.8335842827257
[2023-06-16 13:19:18] test, acc=0.014982021574111066
[2023-06-16 13:19:18] epoch:41,test_acc=0.018268438894406307
[2023-06-16 13:19:18] final_acc=0.021299515478111437
[2023-06-16 13:19:23] epoch=42, train_loss, 574.7737941071629
[2023-06-16 13:19:24] test, acc=0.006392329204954055
[2023-06-16 13:19:24] epoch:42,test_acc=0.009450138381174273
[2023-06-16 13:19:24] final_acc=0.021299515478111437
[2023-06-16 13:19:29] epoch=43, train_loss, 536.2960470766305
[2023-06-16 13:19:30] test, acc=0.0075908909308829405
[2023-06-16 13:19:30] epoch:43,test_acc=0.011785997619377122
[2023-06-16 13:19:30] final_acc=0.021299515478111437
[2023-06-16 13:19:35] epoch=44, train_loss, 477.8850747007912
[2023-06-16 13:19:36] test, acc=0.010787055533359968
[2023-06-16 13:19:36] epoch:44,test_acc=0.015939890243008955
[2023-06-16 13:19:36] final_acc=0.021299515478111437
[2023-06-16 13:19:41] epoch=45, train_loss, 431.23900375122463
[2023-06-16 13:19:41] test, acc=0.010587295245705154
[2023-06-16 13:19:41] epoch:45,test_acc=0.014387584450903088
[2023-06-16 13:19:41] final_acc=0.021299515478111437
[2023-06-16 13:19:47] epoch=46, train_loss, 448.4253528826534
[2023-06-16 13:19:47] test, acc=0.007790651218537755
[2023-06-16 13:19:47] epoch:46,test_acc=0.012360683348800484
[2023-06-16 13:19:47] final_acc=0.021299515478111437
[2023-06-16 13:19:53] epoch=47, train_loss, 432.83644459879815
[2023-06-16 13:19:53] test, acc=0.007191370355573312
[2023-06-16 13:19:53] epoch:47,test_acc=0.01004976277417095
[2023-06-16 13:19:53] final_acc=0.021299515478111437
[2023-06-16 13:19:59] epoch=48, train_loss, 406.3747530074927
[2023-06-16 13:19:59] test, acc=0.01178585697163404
[2023-06-16 13:19:59] epoch:48,test_acc=0.013757681195585264
[2023-06-16 13:19:59] final_acc=0.021299515478111437
[2023-06-16 13:20:05] epoch=49, train_loss, 373.84213885712546
[2023-06-16 13:20:05] test, acc=0.012584898122253297
[2023-06-16 13:20:05] epoch:49,test_acc=0.01928779640490066
[2023-06-16 13:20:05] final_acc=0.021299515478111437
[2023-06-16 13:20:11] epoch=50, train_loss, 353.6834319239607
[2023-06-16 13:20:11] test, acc=0.0067918497802636835
[2023-06-16 13:20:11] epoch:50,test_acc=0.010563315405516627
[2023-06-16 13:20:11] final_acc=0.021299515478111437
[2023-06-16 13:20:17] epoch=51, train_loss, 327.23851539684944
[2023-06-16 13:20:17] test, acc=0.011386336396324411
[2023-06-16 13:20:17] epoch:51,test_acc=0.014020523239924237
[2023-06-16 13:20:17] final_acc=0.021299515478111437
[2023-06-16 13:20:23] epoch=52, train_loss, 286.72991170669894
[2023-06-16 13:20:23] test, acc=0.00898921294446664
[2023-06-16 13:20:23] epoch:52,test_acc=0.012129362538051348
[2023-06-16 13:20:23] final_acc=0.021299515478111437
[2023-06-16 13:20:29] epoch=53, train_loss, 259.11643937449105
[2023-06-16 13:20:29] test, acc=0.008589692369157012
[2023-06-16 13:20:29] epoch:53,test_acc=0.010352727457148318
[2023-06-16 13:20:29] final_acc=0.021299515478111437
[2023-06-16 13:20:35] epoch=54, train_loss, 244.51881086940583
[2023-06-16 13:20:35] test, acc=0.011186576108669596
[2023-06-16 13:20:35] epoch:54,test_acc=0.014730923441969482
[2023-06-16 13:20:35] final_acc=0.021299515478111437
[2023-06-16 13:20:41] epoch=55, train_loss, 228.97525160914412
[2023-06-16 13:20:41] test, acc=0.010187774670395526
[2023-06-16 13:20:41] epoch:55,test_acc=0.015192818174685888
[2023-06-16 13:20:41] final_acc=0.021299515478111437
[2023-06-16 13:20:47] epoch=56, train_loss, 221.82032853879105
[2023-06-16 13:20:47] test, acc=0.010787055533359968
[2023-06-16 13:20:47] epoch:56,test_acc=0.016628357267225148
[2023-06-16 13:20:47] final_acc=0.021299515478111437
[2023-06-16 13:20:53] epoch=57, train_loss, 209.9565743028927
[2023-06-16 13:20:53] test, acc=0.00898921294446664
[2023-06-16 13:20:53] epoch:57,test_acc=0.012691469342464984
[2023-06-16 13:20:53] final_acc=0.021299515478111437
[2023-06-16 13:20:59] epoch=58, train_loss, 193.27759931034174
[2023-06-16 13:20:59] test, acc=0.008789452656811825
[2023-06-16 13:20:59] epoch:58,test_acc=0.0121932097518028
[2023-06-16 13:20:59] final_acc=0.021299515478111437
[2023-06-16 13:21:05] epoch=59, train_loss, 171.5568376973795
[2023-06-16 13:21:05] test, acc=0.010787055533359968
[2023-06-16 13:21:05] epoch:59,test_acc=0.015221696632983542
[2023-06-16 13:21:05] final_acc=0.021299515478111437
[2023-06-16 13:21:11] epoch=60, train_loss, 156.7047885980088
[2023-06-16 13:21:11] test, acc=0.014582500998801439
[2023-06-16 13:21:11] epoch:60,test_acc=0.02000108884106361
[2023-06-16 13:21:11] final_acc=0.021299515478111437
[2023-06-16 13:21:17] epoch=61, train_loss, 151.93428450879958
[2023-06-16 13:21:17] test, acc=0.009788254095085897
[2023-06-16 13:21:17] epoch:61,test_acc=0.013959780881570794
[2023-06-16 13:21:17] final_acc=0.021299515478111437
[2023-06-16 13:21:23] epoch=62, train_loss, 137.8075559999996
[2023-06-16 13:21:23] test, acc=0.008589692369157012
[2023-06-16 13:21:23] epoch:62,test_acc=0.011508580918413207
[2023-06-16 13:21:23] final_acc=0.021299515478111437
[2023-06-16 13:21:29] epoch=63, train_loss, 124.7582892411814
[2023-06-16 13:21:29] test, acc=0.011186576108669596
[2023-06-16 13:21:29] epoch:63,test_acc=0.01616978796831962
[2023-06-16 13:21:29] final_acc=0.021299515478111437
[2023-06-16 13:21:35] epoch=64, train_loss, 121.8371509942003
[2023-06-16 13:21:35] test, acc=0.010187774670395526
[2023-06-16 13:21:35] epoch:64,test_acc=0.014697268417316667
[2023-06-16 13:21:35] final_acc=0.021299515478111437
[2023-06-16 13:21:41] epoch=65, train_loss, 116.08147844186607
[2023-06-16 13:21:41] test, acc=0.011386336396324411
[2023-06-16 13:21:41] epoch:65,test_acc=0.016076912845762466
[2023-06-16 13:21:41] final_acc=0.021299515478111437
[2023-06-16 13:21:47] epoch=66, train_loss, 106.13231255832953
[2023-06-16 13:21:47] test, acc=0.00898921294446664
[2023-06-16 13:21:47] epoch:66,test_acc=0.013557462583640382
[2023-06-16 13:21:47] final_acc=0.021299515478111437
[2023-06-16 13:21:53] epoch=67, train_loss, 96.97181048713172
[2023-06-16 13:21:53] test, acc=0.011186576108669596
[2023-06-16 13:21:53] epoch:67,test_acc=0.014867530675914212
[2023-06-16 13:21:53] final_acc=0.021299515478111437
[2023-06-16 13:21:59] epoch=68, train_loss, 90.0892661448104
[2023-06-16 13:21:59] test, acc=0.011386336396324411
[2023-06-16 13:21:59] epoch:68,test_acc=0.014939250585460872
[2023-06-16 13:21:59] final_acc=0.021299515478111437
[2023-06-16 13:22:05] epoch=69, train_loss, 81.09855913278012
[2023-06-16 13:22:05] test, acc=0.008190171793847383
[2023-06-16 13:22:05] epoch:69,test_acc=0.010814634119233887
[2023-06-16 13:22:05] final_acc=0.021299515478111437
[2023-06-16 13:22:10] epoch=70, train_loss, 74.34350249104607
[2023-06-16 13:22:11] test, acc=0.009588493807431082
[2023-06-16 13:22:11] epoch:70,test_acc=0.01217775283584238
[2023-06-16 13:22:11] final_acc=0.021299515478111437
[2023-06-16 13:22:16] epoch=71, train_loss, 71.96403547864372
[2023-06-16 13:22:17] test, acc=0.009788254095085897
[2023-06-16 13:22:17] epoch:71,test_acc=0.011975397287300618
[2023-06-16 13:22:17] final_acc=0.021299515478111437
[2023-06-16 13:22:22] epoch=72, train_loss, 64.82136259863552
[2023-06-16 13:22:23] test, acc=0.010187774670395526
[2023-06-16 13:22:23] epoch:72,test_acc=0.01269545484602127
[2023-06-16 13:22:23] final_acc=0.021299515478111437
[2023-06-16 13:22:28] epoch=73, train_loss, 59.44669612528036
[2023-06-16 13:22:29] test, acc=0.010986815821014783
[2023-06-16 13:22:29] epoch:73,test_acc=0.013602501764313135
[2023-06-16 13:22:29] final_acc=0.021299515478111437
[2023-06-16 13:22:34] epoch=74, train_loss, 56.67782215312266
[2023-06-16 13:22:35] test, acc=0.009388733519776269
[2023-06-16 13:22:35] epoch:74,test_acc=0.011938792099827731
[2023-06-16 13:22:35] final_acc=0.021299515478111437
[2023-06-16 13:22:40] epoch=75, train_loss, 56.342288922578
[2023-06-16 13:22:41] test, acc=0.008589692369157012
[2023-06-16 13:22:41] epoch:75,test_acc=0.010992589615367747
[2023-06-16 13:22:41] final_acc=0.021299515478111437
[2023-06-16 13:22:46] epoch=76, train_loss, 55.358089229169366
[2023-06-16 13:22:47] test, acc=0.009388733519776269
[2023-06-16 13:22:47] epoch:76,test_acc=0.011451494748392552
[2023-06-16 13:22:47] final_acc=0.021299515478111437
[2023-06-16 13:22:52] epoch=77, train_loss, 50.62738726466608
[2023-06-16 13:22:53] test, acc=0.007790651218537755
[2023-06-16 13:22:53] epoch:77,test_acc=0.010011301329578332
[2023-06-16 13:22:53] final_acc=0.021299515478111437
[2023-06-16 13:22:58] epoch=78, train_loss, 49.12084843403996
[2023-06-16 13:22:59] test, acc=0.00898921294446664
[2023-06-16 13:22:59] epoch:78,test_acc=0.01151394217949802
[2023-06-16 13:22:59] final_acc=0.021299515478111437
[2023-06-16 13:23:04] epoch=79, train_loss, 46.83140351087712
[2023-06-16 13:23:04] test, acc=0.009388733519776269
[2023-06-16 13:23:04] epoch:79,test_acc=0.012354387044679165
[2023-06-16 13:23:04] final_acc=0.021299515478111437
[2023-06-16 13:23:10] epoch=80, train_loss, 44.48044410738321
[2023-06-16 13:23:10] test, acc=0.007990411506192568
[2023-06-16 13:23:10] epoch:80,test_acc=0.010330106021262676
[2023-06-16 13:23:10] final_acc=0.021299515478111437
[2023-06-16 13:23:16] epoch=81, train_loss, 42.50476140964526
[2023-06-16 13:23:16] test, acc=0.008389932081502197
[2023-06-16 13:23:16] epoch:81,test_acc=0.01174404738694514
[2023-06-16 13:23:16] final_acc=0.021299515478111437
[2023-06-16 13:23:22] epoch=82, train_loss, 41.1847016483831
[2023-06-16 13:23:22] test, acc=0.008789452656811825
[2023-06-16 13:23:22] epoch:82,test_acc=0.011657474651416373
[2023-06-16 13:23:22] final_acc=0.021299515478111437
[2023-06-16 13:23:28] epoch=83, train_loss, 39.66471261528734
[2023-06-16 13:23:28] test, acc=0.008589692369157012
[2023-06-16 13:23:28] epoch:83,test_acc=0.012146965565995899
[2023-06-16 13:23:28] final_acc=0.021299515478111437
[2023-06-16 13:23:34] epoch=84, train_loss, 37.74345997830454
[2023-06-16 13:23:34] test, acc=0.008389932081502197
[2023-06-16 13:23:34] epoch:84,test_acc=0.011018833979114545
[2023-06-16 13:23:34] final_acc=0.021299515478111437
[2023-06-16 13:23:40] epoch=85, train_loss, 36.54050804988835
[2023-06-16 13:23:40] test, acc=0.008589692369157012
[2023-06-16 13:23:40] epoch:85,test_acc=0.011951461603848648
[2023-06-16 13:23:40] final_acc=0.021299515478111437
[2023-06-16 13:23:46] epoch=86, train_loss, 35.43651732976047
[2023-06-16 13:23:46] test, acc=0.007790651218537755
[2023-06-16 13:23:46] epoch:86,test_acc=0.010683259778189003
[2023-06-16 13:23:46] final_acc=0.021299515478111437
[2023-06-16 13:23:52] epoch=87, train_loss, 33.70072969361045
[2023-06-16 13:23:52] test, acc=0.006991610067918498
[2023-06-16 13:23:52] epoch:87,test_acc=0.009313118732188793
[2023-06-16 13:23:52] final_acc=0.021299515478111437
[2023-06-16 13:23:58] epoch=88, train_loss, 32.53370341972802
[2023-06-16 13:23:58] test, acc=0.007790651218537755
[2023-06-16 13:23:58] epoch:88,test_acc=0.010972391355939446
[2023-06-16 13:23:58] final_acc=0.021299515478111437
[2023-06-16 13:24:04] epoch=89, train_loss, 31.544830155734438
[2023-06-16 13:24:04] test, acc=0.008589692369157012
[2023-06-16 13:24:04] epoch:89,test_acc=0.01178146091187858
[2023-06-16 13:24:04] final_acc=0.021299515478111437
[2023-06-16 13:24:10] epoch=90, train_loss, 31.00161078519905
[2023-06-16 13:24:10] test, acc=0.007990411506192568
[2023-06-16 13:24:10] epoch:90,test_acc=0.010972582563735482
[2023-06-16 13:24:10] final_acc=0.021299515478111437
[2023-06-16 13:24:15] epoch=91, train_loss, 33.03865078927134
[2023-06-16 13:24:16] test, acc=0.007191370355573312
[2023-06-16 13:24:16] epoch:91,test_acc=0.008674358255482248
[2023-06-16 13:24:16] final_acc=0.021299515478111437
[2023-06-16 13:24:21] epoch=92, train_loss, 29.534698834482093
[2023-06-16 13:24:22] test, acc=0.007790651218537755
[2023-06-16 13:24:22] epoch:92,test_acc=0.009175927926370045
[2023-06-16 13:24:22] final_acc=0.021299515478111437
[2023-06-16 13:24:27] epoch=93, train_loss, 28.481582699873197
[2023-06-16 13:24:28] test, acc=0.008789452656811825
[2023-06-16 13:24:28] epoch:93,test_acc=0.010288641575283813
[2023-06-16 13:24:28] final_acc=0.021299515478111437
[2023-06-16 13:24:33] epoch=94, train_loss, 27.868272051548423
[2023-06-16 13:24:34] test, acc=0.00898921294446664
[2023-06-16 13:24:34] epoch:94,test_acc=0.010746424769526888
[2023-06-16 13:24:34] final_acc=0.021299515478111437
[2023-06-16 13:24:39] epoch=95, train_loss, 27.101623318446713
[2023-06-16 13:24:40] test, acc=0.009788254095085897
[2023-06-16 13:24:40] epoch:95,test_acc=0.011833112876413046
[2023-06-16 13:24:40] final_acc=0.021299515478111437
[2023-06-16 13:24:45] epoch=96, train_loss, 26.420872120811534
[2023-06-16 13:24:46] test, acc=0.00898921294446664
[2023-06-16 13:24:46] epoch:96,test_acc=0.01153591457187449
[2023-06-16 13:24:46] final_acc=0.021299515478111437
[2023-06-16 13:24:51] epoch=97, train_loss, 25.67251600863061
[2023-06-16 13:24:52] test, acc=0.00998801438274071
[2023-06-16 13:24:52] epoch:97,test_acc=0.012469705868067801
[2023-06-16 13:24:52] final_acc=0.021299515478111437
[2023-06-16 13:24:57] epoch=98, train_loss, 25.037416917322496
[2023-06-16 13:24:58] test, acc=0.008789452656811825
[2023-06-16 13:24:58] epoch:98,test_acc=0.01103424989746406
[2023-06-16 13:24:58] final_acc=0.021299515478111437
[2023-06-16 13:25:03] epoch=99, train_loss, 24.568141814486047
[2023-06-16 13:25:04] test, acc=0.008389932081502197
[2023-06-16 13:25:04] epoch:99,test_acc=0.010275470191889294
[2023-06-16 13:25:04] final_acc=0.021299515478111437
